{"/Users/oliver/OliverRepo/workspaces/work/projects/vtwo-ops/app/src/App.jsx": {"path":"/Users/oliver/OliverRepo/workspaces/work/projects/vtwo-ops/app/src/App.jsx","statementMap":{"0":{"start":{"line":14,"column":2},"end":{"line":30,"column":4}}},"fnMap":{"0":{"name":"App","decl":{"start":{"line":13,"column":9},"end":{"line":13,"column":12}},"loc":{"start":{"line":13,"column":15},"end":{"line":31,"column":1}},"line":13}},"branchMap":{},"s":{"0":0},"f":{"0":0},"b":{}}
,"/Users/oliver/OliverRepo/workspaces/work/projects/vtwo-ops/app/src/components/KanbanBoard.jsx": {"path":"/Users/oliver/OliverRepo/workspaces/work/projects/vtwo-ops/app/src/components/KanbanBoard.jsx","statementMap":{"0":{"start":{"line":8,"column":15},"end":{"line":8,"column":70}},"1":{"start":{"line":17,"column":50},"end":{"line":17,"column":64}},"2":{"start":{"line":18,"column":50},"end":{"line":18,"column":64}},"3":{"start":{"line":23,"column":31},"end":{"line":28,"column":3}},"4":{"start":{"line":25,"column":6},"end":{"line":25,"column":57}},"5":{"start":{"line":25,"column":38},"end":{"line":25,"column":55}},"6":{"start":{"line":33,"column":26},"end":{"line":37,"column":8}},"7":{"start":{"line":34,"column":4},"end":{"line":34,"column":37}},"8":{"start":{"line":35,"column":4},"end":{"line":35,"column":31}},"9":{"start":{"line":36,"column":4},"end":{"line":36,"column":42}},"10":{"start":{"line":42,"column":25},"end":{"line":44,"column":8}},"11":{"start":{"line":49,"column":21},"end":{"line":62,"column":3}},"12":{"start":{"line":51,"column":6},"end":{"line":51,"column":57}},"13":{"start":{"line":51,"column":50},"end":{"line":51,"column":57}},"14":{"start":{"line":54,"column":6},"end":{"line":56,"column":7}},"15":{"start":{"line":55,"column":8},"end":{"line":55,"column":52}},"16":{"start":{"line":58,"column":6},"end":{"line":58,"column":32}},"17":{"start":{"line":59,"column":6},"end":{"line":59,"column":32}},"18":{"start":{"line":64,"column":2},"end":{"line":73,"column":3}},"19":{"start":{"line":65,"column":4},"end":{"line":72,"column":6}},"20":{"start":{"line":76,"column":2},"end":{"line":113,"column":3}},"21":{"start":{"line":77,"column":4},"end":{"line":112,"column":6}},"22":{"start":{"line":81,"column":12},"end":{"line":81,"column":58}},"23":{"start":{"line":82,"column":34},"end":{"line":82,"column":61}},"24":{"start":{"line":84,"column":10},"end":{"line":109,"column":12}},"25":{"start":{"line":91,"column":18},"end":{"line":105,"column":24}},"26":{"start":{"line":93,"column":35},"end":{"line":93,"column":65}},"27":{"start":{"line":116,"column":2},"end":{"line":132,"column":4}},"28":{"start":{"line":120,"column":10},"end":{"line":128,"column":12}}},"fnMap":{"0":{"name":"KanbanBoard","decl":{"start":{"line":10,"column":24},"end":{"line":10,"column":35}},"loc":{"start":{"line":16,"column":3},"end":{"line":133,"column":1}},"line":16},"1":{"name":"(anonymous_1)","decl":{"start":{"line":24,"column":4},"end":{"line":24,"column":5}},"loc":{"start":{"line":24,"column":15},"end":{"line":26,"column":5}},"line":24},"2":{"name":"(anonymous_2)","decl":{"start":{"line":25,"column":31},"end":{"line":25,"column":32}},"loc":{"start":{"line":25,"column":38},"end":{"line":25,"column":55}},"line":25},"3":{"name":"(anonymous_3)","decl":{"start":{"line":33,"column":38},"end":{"line":33,"column":39}},"loc":{"start":{"line":33,"column":65},"end":{"line":37,"column":3}},"line":33},"4":{"name":"(anonymous_4)","decl":{"start":{"line":42,"column":37},"end":{"line":42,"column":38}},"loc":{"start":{"line":42,"column":48},"end":{"line":44,"column":3}},"line":42},"5":{"name":"(anonymous_5)","decl":{"start":{"line":50,"column":4},"end":{"line":50,"column":5}},"loc":{"start":{"line":50,"column":18},"end":{"line":60,"column":5}},"line":50},"6":{"name":"(anonymous_6)","decl":{"start":{"line":79,"column":20},"end":{"line":79,"column":21}},"loc":{"start":{"line":79,"column":31},"end":{"line":110,"column":9}},"line":79},"7":{"name":"(anonymous_7)","decl":{"start":{"line":90,"column":37},"end":{"line":90,"column":38}},"loc":{"start":{"line":91,"column":18},"end":{"line":105,"column":24}},"line":91},"8":{"name":"(anonymous_8)","decl":{"start":{"line":93,"column":29},"end":{"line":93,"column":30}},"loc":{"start":{"line":93,"column":35},"end":{"line":93,"column":65}},"line":93},"9":{"name":"(anonymous_9)","decl":{"start":{"line":119,"column":20},"end":{"line":119,"column":21}},"loc":{"start":{"line":120,"column":10},"end":{"line":128,"column":12}},"line":120}},"branchMap":{"0":{"loc":{"start":{"line":11,"column":2},"end":{"line":11,"column":17}},"type":"default-arg","locations":[{"start":{"line":11,"column":15},"end":{"line":11,"column":17}}],"line":11},"1":{"loc":{"start":{"line":14,"column":2},"end":{"line":14,"column":19}},"type":"default-arg","locations":[{"start":{"line":14,"column":14},"end":{"line":14,"column":19}}],"line":14},"2":{"loc":{"start":{"line":15,"column":2},"end":{"line":15,"column":18}},"type":"default-arg","locations":[{"start":{"line":15,"column":13},"end":{"line":15,"column":18}}],"line":15},"3":{"loc":{"start":{"line":51,"column":6},"end":{"line":51,"column":57}},"type":"if","locations":[{"start":{"line":51,"column":6},"end":{"line":51,"column":57}},{"start":{},"end":{}}],"line":51},"4":{"loc":{"start":{"line":51,"column":10},"end":{"line":51,"column":48}},"type":"binary-expr","locations":[{"start":{"line":51,"column":10},"end":{"line":51,"column":27}},{"start":{"line":51,"column":31},"end":{"line":51,"column":48}}],"line":51},"5":{"loc":{"start":{"line":54,"column":6},"end":{"line":56,"column":7}},"type":"if","locations":[{"start":{"line":54,"column":6},"end":{"line":56,"column":7}},{"start":{},"end":{}}],"line":54},"6":{"loc":{"start":{"line":64,"column":2},"end":{"line":73,"column":3}},"type":"if","locations":[{"start":{"line":64,"column":2},"end":{"line":73,"column":3}},{"start":{},"end":{}}],"line":64},"7":{"loc":{"start":{"line":76,"column":2},"end":{"line":113,"column":3}},"type":"if","locations":[{"start":{"line":76,"column":2},"end":{"line":113,"column":3}},{"start":{},"end":{}}],"line":76}},"s":{"0":1,"1":11,"2":11,"3":11,"4":50,"5":120,"6":11,"7":1,"8":1,"9":1,"10":11,"11":11,"12":0,"13":0,"14":0,"15":0,"16":0,"17":0,"18":11,"19":1,"20":10,"21":1,"22":5,"23":5,"24":5,"25":3,"26":0,"27":9,"28":45},"f":{"0":11,"1":50,"2":120,"3":1,"4":0,"5":0,"6":5,"7":3,"8":0,"9":45},"b":{"0":[0],"1":[9],"2":[0],"3":[0,0],"4":[0,0],"5":[0,0],"6":[1,10],"7":[1,9]},"_coverageSchema":"1a1c01bbd47fc00a2c39e90264f33305004495a9","hash":"f6901e329fc379bf88cd6eaae07d044b4ef8008f"}
,"/Users/oliver/OliverRepo/workspaces/work/projects/vtwo-ops/app/src/components/KanbanColumn.jsx": {"path":"/Users/oliver/OliverRepo/workspaces/work/projects/vtwo-ops/app/src/components/KanbanColumn.jsx","statementMap":{"0":{"start":{"line":6,"column":20},"end":{"line":37,"column":1}},"1":{"start":{"line":47,"column":17},"end":{"line":47,"column":58}},"2":{"start":{"line":48,"column":16},"end":{"line":48,"column":33}},"3":{"start":{"line":50,"column":25},"end":{"line":53,"column":3}},"4":{"start":{"line":51,"column":4},"end":{"line":51,"column":23}},"5":{"start":{"line":52,"column":4},"end":{"line":52,"column":24}},"6":{"start":{"line":55,"column":21},"end":{"line":58,"column":3}},"7":{"start":{"line":56,"column":4},"end":{"line":56,"column":23}},"8":{"start":{"line":57,"column":4},"end":{"line":57,"column":20}},"9":{"start":{"line":60,"column":2},"end":{"line":162,"column":4}},"10":{"start":{"line":99,"column":12},"end":{"line":157,"column":18}},"11":{"start":{"line":102,"column":34},"end":{"line":102,"column":71}},"12":{"start":{"line":103,"column":29},"end":{"line":103,"column":59}},"13":{"start":{"line":166,"column":17},"end":{"line":170,"column":3}},"14":{"start":{"line":171,"column":2},"end":{"line":171,"column":55}}},"fnMap":{"0":{"name":"KanbanColumn","decl":{"start":{"line":39,"column":24},"end":{"line":39,"column":36}},"loc":{"start":{"line":46,"column":3},"end":{"line":163,"column":1}},"line":46},"1":{"name":"(anonymous_1)","decl":{"start":{"line":50,"column":25},"end":{"line":50,"column":26}},"loc":{"start":{"line":50,"column":32},"end":{"line":53,"column":3}},"line":50},"2":{"name":"(anonymous_2)","decl":{"start":{"line":55,"column":21},"end":{"line":55,"column":22}},"loc":{"start":{"line":55,"column":28},"end":{"line":58,"column":3}},"line":55},"3":{"name":"(anonymous_3)","decl":{"start":{"line":98,"column":25},"end":{"line":98,"column":26}},"loc":{"start":{"line":99,"column":12},"end":{"line":157,"column":18}},"line":99},"4":{"name":"(anonymous_4)","decl":{"start":{"line":102,"column":27},"end":{"line":102,"column":28}},"loc":{"start":{"line":102,"column":34},"end":{"line":102,"column":71}},"line":102},"5":{"name":"(anonymous_5)","decl":{"start":{"line":103,"column":23},"end":{"line":103,"column":24}},"loc":{"start":{"line":103,"column":29},"end":{"line":103,"column":59}},"line":103},"6":{"name":"getStatusBadgeColor","decl":{"start":{"line":165,"column":9},"end":{"line":165,"column":28}},"loc":{"start":{"line":165,"column":37},"end":{"line":172,"column":1}},"line":165}},"branchMap":{"0":{"loc":{"start":{"line":41,"column":2},"end":{"line":41,"column":17}},"type":"default-arg","locations":[{"start":{"line":41,"column":15},"end":{"line":41,"column":17}}],"line":41},"1":{"loc":{"start":{"line":47,"column":17},"end":{"line":47,"column":58}},"type":"binary-expr","locations":[{"start":{"line":47,"column":17},"end":{"line":47,"column":35}},{"start":{"line":47,"column":39},"end":{"line":47,"column":58}}],"line":47},"2":{"loc":{"start":{"line":78,"column":9},"end":{"line":159,"column":9}},"type":"cond-expr","locations":[{"start":{"line":79,"column":10},"end":{"line":96,"column":16}},{"start":{"line":98,"column":10},"end":{"line":158,"column":12}}],"line":78},"3":{"loc":{"start":{"line":135,"column":17},"end":{"line":145,"column":17}},"type":"binary-expr","locations":[{"start":{"line":135,"column":17},"end":{"line":135,"column":33}},{"start":{"line":136,"column":18},"end":{"line":144,"column":24}}],"line":135},"4":{"loc":{"start":{"line":148,"column":17},"end":{"line":155,"column":17}},"type":"binary-expr","locations":[{"start":{"line":148,"column":17},"end":{"line":148,"column":36}},{"start":{"line":149,"column":18},"end":{"line":154,"column":24}}],"line":148},"5":{"loc":{"start":{"line":171,"column":9},"end":{"line":171,"column":54}},"type":"binary-expr","locations":[{"start":{"line":171,"column":9},"end":{"line":171,"column":23}},{"start":{"line":171,"column":27},"end":{"line":171,"column":54}}],"line":171}},"s":{"0":2,"1":65,"2":65,"3":65,"4":0,"5":0,"6":65,"7":0,"8":0,"9":65,"10":57,"11":2,"12":2,"13":57,"14":57},"f":{"0":65,"1":0,"2":0,"3":57,"4":2,"5":2,"6":57},"b":{"0":[0],"1":[65,0],"2":[26,39],"3":[57,57],"4":[57,25],"5":[57,0]},"_coverageSchema":"1a1c01bbd47fc00a2c39e90264f33305004495a9","hash":"5553e424669a8649b7bd22eafef4588d5bd5b2d5"}
,"/Users/oliver/OliverRepo/workspaces/work/projects/vtwo-ops/app/src/components/RightPanel.jsx": {"path":"/Users/oliver/OliverRepo/workspaces/work/projects/vtwo-ops/app/src/components/RightPanel.jsx","statementMap":{"0":{"start":{"line":2,"column":2},"end":{"line":41,"column":4}}},"fnMap":{"0":{"name":"RightPanel","decl":{"start":{"line":1,"column":24},"end":{"line":1,"column":34}},"loc":{"start":{"line":1,"column":56},"end":{"line":42,"column":1}},"line":1}},"branchMap":{"0":{"loc":{"start":{"line":5,"column":7},"end":{"line":10,"column":7}},"type":"binary-expr","locations":[{"start":{"line":5,"column":7},"end":{"line":5,"column":13}},{"start":{"line":6,"column":8},"end":{"line":9,"column":10}}],"line":5},"1":{"loc":{"start":{"line":15,"column":10},"end":{"line":15,"column":55}},"type":"cond-expr","locations":[{"start":{"line":15,"column":19},"end":{"line":15,"column":34}},{"start":{"line":15,"column":37},"end":{"line":15,"column":55}}],"line":15},"2":{"loc":{"start":{"line":18,"column":9},"end":{"line":38,"column":16}},"type":"cond-expr","locations":[{"start":{"line":19,"column":10},"end":{"line":37,"column":13}},{"start":{"line":38,"column":12},"end":{"line":38,"column":16}}],"line":18}},"s":{"0":0},"f":{"0":0},"b":{"0":[0,0],"1":[0,0],"2":[0,0]}}
,"/Users/oliver/OliverRepo/workspaces/work/projects/vtwo-ops/app/src/components/Sidebar.jsx": {"path":"/Users/oliver/OliverRepo/workspaces/work/projects/vtwo-ops/app/src/components/Sidebar.jsx","statementMap":{"0":{"start":{"line":4,"column":19},"end":{"line":4,"column":32}},"1":{"start":{"line":6,"column":19},"end":{"line":6,"column":99}},"2":{"start":{"line":6,"column":29},"end":{"line":6,"column":99}},"3":{"start":{"line":8,"column":20},"end":{"line":38,"column":3}},"4":{"start":{"line":40,"column":2},"end":{"line":87,"column":4}},"5":{"start":{"line":54,"column":10},"end":{"line":75,"column":16}},"6":{"start":{"line":60,"column":16},"end":{"line":72,"column":21}}},"fnMap":{"0":{"name":"Sidebar","decl":{"start":{"line":3,"column":24},"end":{"line":3,"column":31}},"loc":{"start":{"line":3,"column":44},"end":{"line":88,"column":1}},"line":3},"1":{"name":"(anonymous_1)","decl":{"start":{"line":6,"column":19},"end":{"line":6,"column":20}},"loc":{"start":{"line":6,"column":29},"end":{"line":6,"column":99}},"line":6},"2":{"name":"(anonymous_2)","decl":{"start":{"line":53,"column":23},"end":{"line":53,"column":24}},"loc":{"start":{"line":54,"column":10},"end":{"line":75,"column":16}},"line":54},"3":{"name":"(anonymous_3)","decl":{"start":{"line":59,"column":31},"end":{"line":59,"column":32}},"loc":{"start":{"line":60,"column":16},"end":{"line":72,"column":21}},"line":60}},"branchMap":{"0":{"loc":{"start":{"line":6,"column":29},"end":{"line":6,"column":99}},"type":"binary-expr","locations":[{"start":{"line":6,"column":29},"end":{"line":6,"column":55}},{"start":{"line":6,"column":59},"end":{"line":6,"column":99}}],"line":6},"1":{"loc":{"start":{"line":43,"column":8},"end":{"line":43,"column":54}},"type":"cond-expr","locations":[{"start":{"line":43,"column":17},"end":{"line":43,"column":32}},{"start":{"line":43,"column":35},"end":{"line":43,"column":54}}],"line":43},"2":{"loc":{"start":{"line":64,"column":22},"end":{"line":66,"column":59}},"type":"cond-expr","locations":[{"start":{"line":65,"column":26},"end":{"line":65,"column":69}},{"start":{"line":66,"column":26},"end":{"line":66,"column":59}}],"line":64}},"s":{"0":0,"1":0,"2":0,"3":0,"4":0,"5":0,"6":0},"f":{"0":0,"1":0,"2":0,"3":0},"b":{"0":[0,0],"1":[0,0],"2":[0,0]}}
,"/Users/oliver/OliverRepo/workspaces/work/projects/vtwo-ops/app/src/components/TopBar.jsx": {"path":"/Users/oliver/OliverRepo/workspaces/work/projects/vtwo-ops/app/src/components/TopBar.jsx","statementMap":{"0":{"start":{"line":2,"column":2},"end":{"line":37,"column":4}}},"fnMap":{"0":{"name":"TopBar","decl":{"start":{"line":1,"column":24},"end":{"line":1,"column":30}},"loc":{"start":{"line":1,"column":48},"end":{"line":38,"column":1}},"line":1}},"branchMap":{},"s":{"0":0},"f":{"0":0},"b":{}}
,"/Users/oliver/OliverRepo/workspaces/work/projects/vtwo-ops/app/src/components/common/Badge.jsx": {"path":"/Users/oliver/OliverRepo/workspaces/work/projects/vtwo-ops/app/src/components/common/Badge.jsx","statementMap":{"0":{"start":{"line":6,"column":25},"end":{"line":13,"column":3}},"1":{"start":{"line":15,"column":22},"end":{"line":19,"column":3}},"2":{"start":{"line":21,"column":2},"end":{"line":25,"column":4}}},"fnMap":{"0":{"name":"Badge","decl":{"start":{"line":5,"column":24},"end":{"line":5,"column":29}},"loc":{"start":{"line":5,"column":78},"end":{"line":26,"column":1}},"line":5}},"branchMap":{"0":{"loc":{"start":{"line":5,"column":42},"end":{"line":5,"column":61}},"type":"default-arg","locations":[{"start":{"line":5,"column":52},"end":{"line":5,"column":61}}],"line":5},"1":{"loc":{"start":{"line":5,"column":63},"end":{"line":5,"column":74}},"type":"default-arg","locations":[{"start":{"line":5,"column":70},"end":{"line":5,"column":74}}],"line":5}},"s":{"0":0,"1":0,"2":0},"f":{"0":0},"b":{"0":[0],"1":[0]}}
,"/Users/oliver/OliverRepo/workspaces/work/projects/vtwo-ops/app/src/components/common/ProgressBar.jsx": {"path":"/Users/oliver/OliverRepo/workspaces/work/projects/vtwo-ops/app/src/components/common/ProgressBar.jsx","statementMap":{"0":{"start":{"line":6,"column":21},"end":{"line":6,"column":74}},"1":{"start":{"line":8,"column":24},"end":{"line":12,"column":3}},"2":{"start":{"line":14,"column":2},"end":{"line":32,"column":4}}},"fnMap":{"0":{"name":"ProgressBar","decl":{"start":{"line":5,"column":24},"end":{"line":5,"column":35}},"loc":{"start":{"line":5,"column":85},"end":{"line":33,"column":1}},"line":5}},"branchMap":{"0":{"loc":{"start":{"line":5,"column":56},"end":{"line":5,"column":68}},"type":"default-arg","locations":[{"start":{"line":5,"column":64},"end":{"line":5,"column":68}}],"line":5},"1":{"loc":{"start":{"line":5,"column":70},"end":{"line":5,"column":81}},"type":"default-arg","locations":[{"start":{"line":5,"column":77},"end":{"line":5,"column":81}}],"line":5},"2":{"loc":{"start":{"line":6,"column":21},"end":{"line":6,"column":74}},"type":"cond-expr","locations":[{"start":{"line":6,"column":33},"end":{"line":6,"column":70}},{"start":{"line":6,"column":73},"end":{"line":6,"column":74}}],"line":6},"3":{"loc":{"start":{"line":16,"column":7},"end":{"line":21,"column":7}},"type":"binary-expr","locations":[{"start":{"line":16,"column":7},"end":{"line":16,"column":12}},{"start":{"line":17,"column":8},"end":{"line":20,"column":14}}],"line":16},"4":{"loc":{"start":{"line":28,"column":7},"end":{"line":30,"column":7}},"type":"binary-expr","locations":[{"start":{"line":28,"column":7},"end":{"line":28,"column":12}},{"start":{"line":29,"column":8},"end":{"line":29,"column":81}}],"line":28}},"s":{"0":0,"1":0,"2":0},"f":{"0":0},"b":{"0":[0],"1":[0],"2":[0,0],"3":[0,0],"4":[0,0]}}
,"/Users/oliver/OliverRepo/workspaces/work/projects/vtwo-ops/app/src/components/common/Timeline.jsx": {"path":"/Users/oliver/OliverRepo/workspaces/work/projects/vtwo-ops/app/src/components/common/Timeline.jsx","statementMap":{"0":{"start":{"line":6,"column":2},"end":{"line":12,"column":3}},"1":{"start":{"line":7,"column":4},"end":{"line":11,"column":6}},"2":{"start":{"line":14,"column":2},"end":{"line":45,"column":4}},"3":{"start":{"line":17,"column":8},"end":{"line":42,"column":14}}},"fnMap":{"0":{"name":"Timeline","decl":{"start":{"line":5,"column":24},"end":{"line":5,"column":32}},"loc":{"start":{"line":5,"column":54},"end":{"line":46,"column":1}},"line":5},"1":{"name":"(anonymous_1)","decl":{"start":{"line":16,"column":22},"end":{"line":16,"column":23}},"loc":{"start":{"line":17,"column":8},"end":{"line":42,"column":14}},"line":17}},"branchMap":{"0":{"loc":{"start":{"line":5,"column":35},"end":{"line":5,"column":50}},"type":"default-arg","locations":[{"start":{"line":5,"column":48},"end":{"line":5,"column":50}}],"line":5},"1":{"loc":{"start":{"line":6,"column":2},"end":{"line":12,"column":3}},"type":"if","locations":[{"start":{"line":6,"column":2},"end":{"line":12,"column":3}},{"start":{},"end":{}}],"line":6},"2":{"loc":{"start":{"line":17,"column":18},"end":{"line":17,"column":36}},"type":"binary-expr","locations":[{"start":{"line":17,"column":18},"end":{"line":17,"column":29}},{"start":{"line":17,"column":33},"end":{"line":17,"column":36}}],"line":17},"3":{"loc":{"start":{"line":21,"column":13},"end":{"line":23,"column":13}},"type":"binary-expr","locations":[{"start":{"line":21,"column":13},"end":{"line":21,"column":40}},{"start":{"line":22,"column":14},"end":{"line":22,"column":62}}],"line":21},"4":{"loc":{"start":{"line":29,"column":13},"end":{"line":31,"column":13}},"type":"binary-expr","locations":[{"start":{"line":29,"column":13},"end":{"line":29,"column":33}},{"start":{"line":30,"column":14},"end":{"line":30,"column":83}}],"line":29},"5":{"loc":{"start":{"line":33,"column":15},"end":{"line":39,"column":33}},"type":"cond-expr","locations":[{"start":{"line":33,"column":36},"end":{"line":39,"column":16}},{"start":{"line":39,"column":19},"end":{"line":39,"column":33}}],"line":33}},"s":{"0":0,"1":0,"2":0,"3":0},"f":{"0":0,"1":0},"b":{"0":[0],"1":[0,0],"2":[0,0],"3":[0,0],"4":[0,0],"5":[0,0]}}
,"/Users/oliver/OliverRepo/workspaces/work/projects/vtwo-ops/app/src/components/forms/ResumeUploadForm.jsx": {"path":"/Users/oliver/OliverRepo/workspaces/work/projects/vtwo-ops/app/src/components/forms/ResumeUploadForm.jsx","statementMap":{"0":{"start":{"line":8,"column":38},"end":{"line":8,"column":53}},"1":{"start":{"line":9,"column":40},"end":{"line":9,"column":55}},"2":{"start":{"line":10,"column":34},"end":{"line":10,"column":45}},"3":{"start":{"line":11,"column":28},"end":{"line":11,"column":42}},"4":{"start":{"line":12,"column":32},"end":{"line":12,"column":47}},"5":{"start":{"line":14,"column":24},"end":{"line":14,"column":40}},"6":{"start":{"line":15,"column":25},"end":{"line":15,"column":119}},"7":{"start":{"line":16,"column":30},"end":{"line":16,"column":47}},"8":{"start":{"line":18,"column":23},"end":{"line":26,"column":3}},"9":{"start":{"line":19,"column":4},"end":{"line":21,"column":5}},"10":{"start":{"line":19,"column":80},"end":{"line":19,"column":103}},"11":{"start":{"line":20,"column":6},"end":{"line":20,"column":52}},"12":{"start":{"line":22,"column":4},"end":{"line":24,"column":5}},"13":{"start":{"line":23,"column":6},"end":{"line":23,"column":48}},"14":{"start":{"line":25,"column":4},"end":{"line":25,"column":16}},"15":{"start":{"line":28,"column":21},"end":{"line":73,"column":3}},"16":{"start":{"line":29,"column":28},"end":{"line":29,"column":46}},"17":{"start":{"line":30,"column":4},"end":{"line":33,"column":5}},"18":{"start":{"line":31,"column":6},"end":{"line":31,"column":32}},"19":{"start":{"line":32,"column":6},"end":{"line":32,"column":13}},"20":{"start":{"line":35,"column":4},"end":{"line":35,"column":19}},"21":{"start":{"line":36,"column":4},"end":{"line":36,"column":25}},"22":{"start":{"line":37,"column":4},"end":{"line":37,"column":19}},"23":{"start":{"line":38,"column":4},"end":{"line":38,"column":22}},"24":{"start":{"line":40,"column":4},"end":{"line":72,"column":5}},"25":{"start":{"line":42,"column":31},"end":{"line":47,"column":13}},"26":{"start":{"line":43,"column":8},"end":{"line":46,"column":11}},"27":{"start":{"line":44,"column":23},"end":{"line":44,"column":48}},"28":{"start":{"line":45,"column":10},"end":{"line":45,"column":39}},"29":{"start":{"line":50,"column":6},"end":{"line":50,"column":62}},"30":{"start":{"line":50,"column":35},"end":{"line":50,"column":60}},"31":{"start":{"line":51,"column":6},"end":{"line":51,"column":38}},"32":{"start":{"line":52,"column":6},"end":{"line":52,"column":23}},"33":{"start":{"line":55,"column":6},"end":{"line":61,"column":9}},"34":{"start":{"line":63,"column":6},"end":{"line":63,"column":23}},"35":{"start":{"line":64,"column":6},"end":{"line":67,"column":14}},"36":{"start":{"line":65,"column":8},"end":{"line":65,"column":30}},"37":{"start":{"line":66,"column":8},"end":{"line":66,"column":23}},"38":{"start":{"line":69,"column":6},"end":{"line":69,"column":51}},"39":{"start":{"line":70,"column":6},"end":{"line":70,"column":28}},"40":{"start":{"line":71,"column":6},"end":{"line":71,"column":21}},"41":{"start":{"line":75,"column":25},"end":{"line":78,"column":3}},"42":{"start":{"line":76,"column":4},"end":{"line":76,"column":23}},"43":{"start":{"line":77,"column":4},"end":{"line":77,"column":24}},"44":{"start":{"line":80,"column":26},"end":{"line":82,"column":3}},"45":{"start":{"line":81,"column":4},"end":{"line":81,"column":25}},"46":{"start":{"line":84,"column":21},"end":{"line":91,"column":3}},"47":{"start":{"line":85,"column":4},"end":{"line":85,"column":23}},"48":{"start":{"line":86,"column":4},"end":{"line":86,"column":25}},"49":{"start":{"line":87,"column":18},"end":{"line":87,"column":38}},"50":{"start":{"line":88,"column":4},"end":{"line":90,"column":5}},"51":{"start":{"line":89,"column":6},"end":{"line":89,"column":27}},"52":{"start":{"line":93,"column":26},"end":{"line":97,"column":3}},"53":{"start":{"line":94,"column":4},"end":{"line":96,"column":5}},"54":{"start":{"line":95,"column":6},"end":{"line":95,"column":36}},"55":{"start":{"line":99,"column":2},"end":{"line":192,"column":4}},"56":{"start":{"line":176,"column":14},"end":{"line":176,"column":32}},"57":{"start":{"line":177,"column":14},"end":{"line":177,"column":29}}},"fnMap":{"0":{"name":"ResumeUploadForm","decl":{"start":{"line":7,"column":24},"end":{"line":7,"column":40}},"loc":{"start":{"line":7,"column":65},"end":{"line":193,"column":1}},"line":7},"1":{"name":"(anonymous_1)","decl":{"start":{"line":18,"column":23},"end":{"line":18,"column":24}},"loc":{"start":{"line":18,"column":33},"end":{"line":26,"column":3}},"line":18},"2":{"name":"(anonymous_2)","decl":{"start":{"line":19,"column":73},"end":{"line":19,"column":74}},"loc":{"start":{"line":19,"column":80},"end":{"line":19,"column":103}},"line":19},"3":{"name":"(anonymous_3)","decl":{"start":{"line":28,"column":21},"end":{"line":28,"column":22}},"loc":{"start":{"line":28,"column":37},"end":{"line":73,"column":3}},"line":28},"4":{"name":"(anonymous_4)","decl":{"start":{"line":42,"column":43},"end":{"line":42,"column":44}},"loc":{"start":{"line":42,"column":49},"end":{"line":47,"column":7}},"line":42},"5":{"name":"(anonymous_5)","decl":{"start":{"line":43,"column":20},"end":{"line":43,"column":21}},"loc":{"start":{"line":43,"column":28},"end":{"line":46,"column":9}},"line":43},"6":{"name":"(anonymous_6)","decl":{"start":{"line":50,"column":24},"end":{"line":50,"column":25}},"loc":{"start":{"line":50,"column":35},"end":{"line":50,"column":60}},"line":50},"7":{"name":"(anonymous_7)","decl":{"start":{"line":64,"column":17},"end":{"line":64,"column":18}},"loc":{"start":{"line":64,"column":23},"end":{"line":67,"column":7}},"line":64},"8":{"name":"(anonymous_8)","decl":{"start":{"line":75,"column":25},"end":{"line":75,"column":26}},"loc":{"start":{"line":75,"column":32},"end":{"line":78,"column":3}},"line":75},"9":{"name":"(anonymous_9)","decl":{"start":{"line":80,"column":26},"end":{"line":80,"column":27}},"loc":{"start":{"line":80,"column":32},"end":{"line":82,"column":3}},"line":80},"10":{"name":"(anonymous_10)","decl":{"start":{"line":84,"column":21},"end":{"line":84,"column":22}},"loc":{"start":{"line":84,"column":28},"end":{"line":91,"column":3}},"line":84},"11":{"name":"(anonymous_11)","decl":{"start":{"line":93,"column":26},"end":{"line":93,"column":27}},"loc":{"start":{"line":93,"column":33},"end":{"line":97,"column":3}},"line":93},"12":{"name":"(anonymous_12)","decl":{"start":{"line":175,"column":21},"end":{"line":175,"column":22}},"loc":{"start":{"line":175,"column":27},"end":{"line":178,"column":13}},"line":175}},"branchMap":{"0":{"loc":{"start":{"line":19,"column":4},"end":{"line":21,"column":5}},"type":"if","locations":[{"start":{"line":19,"column":4},"end":{"line":21,"column":5}},{"start":{},"end":{}}],"line":19},"1":{"loc":{"start":{"line":19,"column":8},"end":{"line":19,"column":104}},"type":"binary-expr","locations":[{"start":{"line":19,"column":8},"end":{"line":19,"column":43}},{"start":{"line":19,"column":47},"end":{"line":19,"column":104}}],"line":19},"2":{"loc":{"start":{"line":22,"column":4},"end":{"line":24,"column":5}},"type":"if","locations":[{"start":{"line":22,"column":4},"end":{"line":24,"column":5}},{"start":{},"end":{}}],"line":22},"3":{"loc":{"start":{"line":30,"column":4},"end":{"line":33,"column":5}},"type":"if","locations":[{"start":{"line":30,"column":4},"end":{"line":33,"column":5}},{"start":{},"end":{}}],"line":30},"4":{"loc":{"start":{"line":45,"column":17},"end":{"line":45,"column":38}},"type":"cond-expr","locations":[{"start":{"line":45,"column":29},"end":{"line":45,"column":31}},{"start":{"line":45,"column":34},"end":{"line":45,"column":38}}],"line":45},"5":{"loc":{"start":{"line":88,"column":4},"end":{"line":90,"column":5}},"type":"if","locations":[{"start":{"line":88,"column":4},"end":{"line":90,"column":5}},{"start":{},"end":{}}],"line":88},"6":{"loc":{"start":{"line":94,"column":4},"end":{"line":96,"column":5}},"type":"if","locations":[{"start":{"line":94,"column":4},"end":{"line":96,"column":5}},{"start":{},"end":{}}],"line":94},"7":{"loc":{"start":{"line":94,"column":8},"end":{"line":94,"column":51}},"type":"binary-expr","locations":[{"start":{"line":94,"column":8},"end":{"line":94,"column":22}},{"start":{"line":94,"column":26},"end":{"line":94,"column":51}}],"line":94},"8":{"loc":{"start":{"line":108,"column":12},"end":{"line":108,"column":90}},"type":"cond-expr","locations":[{"start":{"line":108,"column":25},"end":{"line":108,"column":57}},{"start":{"line":108,"column":60},"end":{"line":108,"column":90}}],"line":108},"9":{"loc":{"start":{"line":109,"column":12},"end":{"line":109,"column":76}},"type":"cond-expr","locations":[{"start":{"line":109,"column":26},"end":{"line":109,"column":57}},{"start":{"line":109,"column":60},"end":{"line":109,"column":76}}],"line":109},"10":{"loc":{"start":{"line":112,"column":9},"end":{"line":134,"column":9}},"type":"binary-expr","locations":[{"start":{"line":112,"column":9},"end":{"line":112,"column":21}},{"start":{"line":112,"column":25},"end":{"line":112,"column":33}},{"start":{"line":113,"column":10},"end":{"line":133,"column":13}}],"line":112},"11":{"loc":{"start":{"line":136,"column":9},"end":{"line":142,"column":9}},"type":"binary-expr","locations":[{"start":{"line":136,"column":9},"end":{"line":136,"column":20}},{"start":{"line":137,"column":10},"end":{"line":141,"column":16}}],"line":136},"12":{"loc":{"start":{"line":144,"column":9},"end":{"line":151,"column":9}},"type":"binary-expr","locations":[{"start":{"line":144,"column":9},"end":{"line":144,"column":16}},{"start":{"line":145,"column":10},"end":{"line":150,"column":16}}],"line":144},"13":{"loc":{"start":{"line":155,"column":7},"end":{"line":162,"column":7}},"type":"binary-expr","locations":[{"start":{"line":155,"column":7},"end":{"line":155,"column":18}},{"start":{"line":155,"column":22},"end":{"line":155,"column":34}},{"start":{"line":156,"column":8},"end":{"line":161,"column":14}}],"line":155},"14":{"loc":{"start":{"line":165,"column":7},"end":{"line":169,"column":7}},"type":"binary-expr","locations":[{"start":{"line":165,"column":7},"end":{"line":165,"column":12}},{"start":{"line":166,"column":8},"end":{"line":168,"column":14}}],"line":165},"15":{"loc":{"start":{"line":172,"column":7},"end":{"line":190,"column":7}},"type":"binary-expr","locations":[{"start":{"line":172,"column":7},"end":{"line":172,"column":14}},{"start":{"line":173,"column":8},"end":{"line":189,"column":14}}],"line":172}},"s":{"0":0,"1":0,"2":0,"3":0,"4":0,"5":0,"6":0,"7":0,"8":0,"9":0,"10":0,"11":0,"12":0,"13":0,"14":0,"15":0,"16":0,"17":0,"18":0,"19":0,"20":0,"21":0,"22":0,"23":0,"24":0,"25":0,"26":0,"27":0,"28":0,"29":0,"30":0,"31":0,"32":0,"33":0,"34":0,"35":0,"36":0,"37":0,"38":0,"39":0,"40":0,"41":0,"42":0,"43":0,"44":0,"45":0,"46":0,"47":0,"48":0,"49":0,"50":0,"51":0,"52":0,"53":0,"54":0,"55":0,"56":0,"57":0},"f":{"0":0,"1":0,"2":0,"3":0,"4":0,"5":0,"6":0,"7":0,"8":0,"9":0,"10":0,"11":0,"12":0},"b":{"0":[0,0],"1":[0,0],"2":[0,0],"3":[0,0],"4":[0,0],"5":[0,0],"6":[0,0],"7":[0,0],"8":[0,0],"9":[0,0],"10":[0,0,0],"11":[0,0],"12":[0,0],"13":[0,0,0],"14":[0,0],"15":[0,0]}}
,"/Users/oliver/OliverRepo/workspaces/work/projects/vtwo-ops/app/src/components/modals/AddCandidateModal.jsx": {"path":"/Users/oliver/OliverRepo/workspaces/work/projects/vtwo-ops/app/src/components/modals/AddCandidateModal.jsx","statementMap":{"0":{"start":{"line":14,"column":34},"end":{"line":21,"column":4}},"1":{"start":{"line":23,"column":50},"end":{"line":23,"column":65}},"2":{"start":{"line":24,"column":28},"end":{"line":24,"column":42}},"3":{"start":{"line":26,"column":23},"end":{"line":30,"column":3}},"4":{"start":{"line":27,"column":28},"end":{"line":27,"column":36}},"5":{"start":{"line":28,"column":4},"end":{"line":28,"column":56}},"6":{"start":{"line":28,"column":27},"end":{"line":28,"column":53}},"7":{"start":{"line":29,"column":4},"end":{"line":29,"column":19}},"8":{"start":{"line":32,"column":29},"end":{"line":38,"column":3}},"9":{"start":{"line":33,"column":4},"end":{"line":36,"column":8}},"10":{"start":{"line":33,"column":27},"end":{"line":36,"column":5}},"11":{"start":{"line":37,"column":4},"end":{"line":37,"column":31}},"12":{"start":{"line":40,"column":23},"end":{"line":73,"column":3}},"13":{"start":{"line":41,"column":4},"end":{"line":41,"column":23}},"14":{"start":{"line":42,"column":4},"end":{"line":42,"column":19}},"15":{"start":{"line":45,"column":4},"end":{"line":48,"column":5}},"16":{"start":{"line":46,"column":6},"end":{"line":46,"column":35}},"17":{"start":{"line":47,"column":6},"end":{"line":47,"column":13}},"18":{"start":{"line":49,"column":4},"end":{"line":52,"column":5}},"19":{"start":{"line":50,"column":6},"end":{"line":50,"column":36}},"20":{"start":{"line":51,"column":6},"end":{"line":51,"column":13}},"21":{"start":{"line":53,"column":4},"end":{"line":56,"column":5}},"22":{"start":{"line":54,"column":6},"end":{"line":54,"column":35}},"23":{"start":{"line":55,"column":6},"end":{"line":55,"column":13}},"24":{"start":{"line":58,"column":4},"end":{"line":72,"column":5}},"25":{"start":{"line":59,"column":6},"end":{"line":59,"column":31}},"26":{"start":{"line":61,"column":6},"end":{"line":68,"column":9}},"27":{"start":{"line":69,"column":6},"end":{"line":69,"column":16}},"28":{"start":{"line":71,"column":6},"end":{"line":71,"column":60}},"29":{"start":{"line":75,"column":2},"end":{"line":75,"column":27}},"30":{"start":{"line":75,"column":15},"end":{"line":75,"column":27}},"31":{"start":{"line":77,"column":2},"end":{"line":213,"column":4}},"32":{"start":{"line":175,"column":33},"end":{"line":175,"column":58}},"33":{"start":{"line":187,"column":34},"end":{"line":187,"column":60}}},"fnMap":{"0":{"name":"AddCandidateModal","decl":{"start":{"line":8,"column":24},"end":{"line":8,"column":41}},"loc":{"start":{"line":13,"column":3},"end":{"line":214,"column":1}},"line":13},"1":{"name":"(anonymous_1)","decl":{"start":{"line":26,"column":23},"end":{"line":26,"column":24}},"loc":{"start":{"line":26,"column":30},"end":{"line":30,"column":3}},"line":26},"2":{"name":"(anonymous_2)","decl":{"start":{"line":28,"column":16},"end":{"line":28,"column":17}},"loc":{"start":{"line":28,"column":27},"end":{"line":28,"column":53}},"line":28},"3":{"name":"(anonymous_3)","decl":{"start":{"line":32,"column":29},"end":{"line":32,"column":30}},"loc":{"start":{"line":32,"column":43},"end":{"line":38,"column":3}},"line":32},"4":{"name":"(anonymous_4)","decl":{"start":{"line":33,"column":16},"end":{"line":33,"column":17}},"loc":{"start":{"line":33,"column":27},"end":{"line":36,"column":5}},"line":33},"5":{"name":"(anonymous_5)","decl":{"start":{"line":40,"column":23},"end":{"line":40,"column":24}},"loc":{"start":{"line":40,"column":36},"end":{"line":73,"column":3}},"line":40},"6":{"name":"(anonymous_6)","decl":{"start":{"line":175,"column":27},"end":{"line":175,"column":28}},"loc":{"start":{"line":175,"column":33},"end":{"line":175,"column":58}},"line":175},"7":{"name":"(anonymous_7)","decl":{"start":{"line":187,"column":28},"end":{"line":187,"column":29}},"loc":{"start":{"line":187,"column":34},"end":{"line":187,"column":60}},"line":187}},"branchMap":{"0":{"loc":{"start":{"line":12,"column":2},"end":{"line":12,"column":22}},"type":"default-arg","locations":[{"start":{"line":12,"column":17},"end":{"line":12,"column":22}}],"line":12},"1":{"loc":{"start":{"line":45,"column":4},"end":{"line":48,"column":5}},"type":"if","locations":[{"start":{"line":45,"column":4},"end":{"line":48,"column":5}},{"start":{},"end":{}}],"line":45},"2":{"loc":{"start":{"line":49,"column":4},"end":{"line":52,"column":5}},"type":"if","locations":[{"start":{"line":49,"column":4},"end":{"line":52,"column":5}},{"start":{},"end":{}}],"line":49},"3":{"loc":{"start":{"line":53,"column":4},"end":{"line":56,"column":5}},"type":"if","locations":[{"start":{"line":53,"column":4},"end":{"line":56,"column":5}},{"start":{},"end":{}}],"line":53},"4":{"loc":{"start":{"line":71,"column":15},"end":{"line":71,"column":58}},"type":"binary-expr","locations":[{"start":{"line":71,"column":15},"end":{"line":71,"column":26}},{"start":{"line":71,"column":30},"end":{"line":71,"column":58}}],"line":71},"5":{"loc":{"start":{"line":75,"column":2},"end":{"line":75,"column":27}},"type":"if","locations":[{"start":{"line":75,"column":2},"end":{"line":75,"column":27}},{"start":{},"end":{}}],"line":75},"6":{"loc":{"start":{"line":116,"column":13},"end":{"line":120,"column":13}},"type":"binary-expr","locations":[{"start":{"line":116,"column":13},"end":{"line":116,"column":18}},{"start":{"line":117,"column":14},"end":{"line":119,"column":20}}],"line":116},"7":{"loc":{"start":{"line":172,"column":15},"end":{"line":189,"column":15}},"type":"cond-expr","locations":[{"start":{"line":173,"column":16},"end":{"line":183,"column":25}},{"start":{"line":185,"column":16},"end":{"line":188,"column":18}}],"line":172},"8":{"loc":{"start":{"line":177,"column":20},"end":{"line":179,"column":72}},"type":"cond-expr","locations":[{"start":{"line":178,"column":24},"end":{"line":178,"column":72}},{"start":{"line":179,"column":24},"end":{"line":179,"column":72}}],"line":177},"9":{"loc":{"start":{"line":182,"column":19},"end":{"line":182,"column":77}},"type":"cond-expr","locations":[{"start":{"line":182,"column":40},"end":{"line":182,"column":59}},{"start":{"line":182,"column":62},"end":{"line":182,"column":77}}],"line":182},"10":{"loc":{"start":{"line":206,"column":17},"end":{"line":206,"column":61}},"type":"cond-expr","locations":[{"start":{"line":206,"column":32},"end":{"line":206,"column":43}},{"start":{"line":206,"column":46},"end":{"line":206,"column":61}}],"line":206}},"s":{"0":142,"1":142,"2":142,"3":142,"4":123,"5":123,"6":123,"7":123,"8":142,"9":1,"10":1,"11":1,"12":142,"13":5,"14":5,"15":5,"16":2,"17":2,"18":3,"19":0,"20":0,"21":3,"22":0,"23":0,"24":3,"25":3,"26":2,"27":2,"28":1,"29":142,"30":1,"31":141,"32":1,"33":0},"f":{"0":142,"1":123,"2":123,"3":1,"4":1,"5":5,"6":1,"7":0},"b":{"0":[141],"1":[2,3],"2":[0,3],"3":[0,3],"4":[1,0],"5":[1,141],"6":[141,3],"7":[140,1],"8":[1,139],"9":[1,139],"10":[1,140]},"_coverageSchema":"1a1c01bbd47fc00a2c39e90264f33305004495a9","hash":"ef2d9958ef3d25c4e1366582b0e06f6a1f9b160c"}
,"/Users/oliver/OliverRepo/workspaces/work/projects/vtwo-ops/app/src/components/modals/PromoteModal.jsx": {"path":"/Users/oliver/OliverRepo/workspaces/work/projects/vtwo-ops/app/src/components/modals/PromoteModal.jsx","statementMap":{"0":{"start":{"line":8,"column":34},"end":{"line":12,"column":4}},"1":{"start":{"line":14,"column":30},"end":{"line":14,"column":42}},"2":{"start":{"line":16,"column":22},"end":{"line":16,"column":100}},"3":{"start":{"line":18,"column":23},"end":{"line":25,"column":3}},"4":{"start":{"line":19,"column":22},"end":{"line":19,"column":24}},"5":{"start":{"line":20,"column":4},"end":{"line":20,"column":70}},"6":{"start":{"line":20,"column":32},"end":{"line":20,"column":70}},"7":{"start":{"line":21,"column":4},"end":{"line":21,"column":78}},"8":{"start":{"line":21,"column":30},"end":{"line":21,"column":78}},"9":{"start":{"line":22,"column":4},"end":{"line":22,"column":76}},"10":{"start":{"line":22,"column":29},"end":{"line":22,"column":76}},"11":{"start":{"line":23,"column":4},"end":{"line":23,"column":25}},"12":{"start":{"line":24,"column":4},"end":{"line":24,"column":47}},"13":{"start":{"line":27,"column":23},"end":{"line":36,"column":3}},"14":{"start":{"line":28,"column":4},"end":{"line":28,"column":23}},"15":{"start":{"line":29,"column":4},"end":{"line":35,"column":5}},"16":{"start":{"line":30,"column":6},"end":{"line":34,"column":9}},"17":{"start":{"line":38,"column":23},"end":{"line":44,"column":3}},"18":{"start":{"line":39,"column":28},"end":{"line":39,"column":36}},"19":{"start":{"line":40,"column":4},"end":{"line":40,"column":54}},"20":{"start":{"line":40,"column":25},"end":{"line":40,"column":51}},"21":{"start":{"line":41,"column":4},"end":{"line":43,"column":5}},"22":{"start":{"line":42,"column":6},"end":{"line":42,"column":51}},"23":{"start":{"line":42,"column":25},"end":{"line":42,"column":48}},"24":{"start":{"line":46,"column":2},"end":{"line":145,"column":4}},"25":{"start":{"line":97,"column":16},"end":{"line":97,"column":63}}},"fnMap":{"0":{"name":"PromoteModal","decl":{"start":{"line":7,"column":24},"end":{"line":7,"column":36}},"loc":{"start":{"line":7,"column":73},"end":{"line":146,"column":1}},"line":7},"1":{"name":"(anonymous_1)","decl":{"start":{"line":18,"column":23},"end":{"line":18,"column":24}},"loc":{"start":{"line":18,"column":29},"end":{"line":25,"column":3}},"line":18},"2":{"name":"(anonymous_2)","decl":{"start":{"line":27,"column":23},"end":{"line":27,"column":24}},"loc":{"start":{"line":27,"column":30},"end":{"line":36,"column":3}},"line":27},"3":{"name":"(anonymous_3)","decl":{"start":{"line":38,"column":23},"end":{"line":38,"column":24}},"loc":{"start":{"line":38,"column":30},"end":{"line":44,"column":3}},"line":38},"4":{"name":"(anonymous_4)","decl":{"start":{"line":40,"column":16},"end":{"line":40,"column":17}},"loc":{"start":{"line":40,"column":25},"end":{"line":40,"column":51}},"line":40},"5":{"name":"(anonymous_5)","decl":{"start":{"line":42,"column":16},"end":{"line":42,"column":17}},"loc":{"start":{"line":42,"column":25},"end":{"line":42,"column":48}},"line":42},"6":{"name":"(anonymous_6)","decl":{"start":{"line":96,"column":31},"end":{"line":96,"column":32}},"loc":{"start":{"line":97,"column":16},"end":{"line":97,"column":63}},"line":97}},"branchMap":{"0":{"loc":{"start":{"line":20,"column":4},"end":{"line":20,"column":70}},"type":"if","locations":[{"start":{"line":20,"column":4},"end":{"line":20,"column":70}},{"start":{},"end":{}}],"line":20},"1":{"loc":{"start":{"line":21,"column":4},"end":{"line":21,"column":78}},"type":"if","locations":[{"start":{"line":21,"column":4},"end":{"line":21,"column":78}},{"start":{},"end":{}}],"line":21},"2":{"loc":{"start":{"line":22,"column":4},"end":{"line":22,"column":76}},"type":"if","locations":[{"start":{"line":22,"column":4},"end":{"line":22,"column":76}},{"start":{},"end":{}}],"line":22},"3":{"loc":{"start":{"line":29,"column":4},"end":{"line":35,"column":5}},"type":"if","locations":[{"start":{"line":29,"column":4},"end":{"line":35,"column":5}},{"start":{},"end":{}}],"line":29},"4":{"loc":{"start":{"line":41,"column":4},"end":{"line":43,"column":5}},"type":"if","locations":[{"start":{"line":41,"column":4},"end":{"line":43,"column":5}},{"start":{},"end":{}}],"line":41},"5":{"loc":{"start":{"line":71,"column":18},"end":{"line":71,"column":89}},"type":"cond-expr","locations":[{"start":{"line":71,"column":33},"end":{"line":71,"column":59}},{"start":{"line":71,"column":62},"end":{"line":71,"column":89}}],"line":71},"6":{"loc":{"start":{"line":75,"column":13},"end":{"line":77,"column":13}},"type":"binary-expr","locations":[{"start":{"line":75,"column":13},"end":{"line":75,"column":25}},{"start":{"line":76,"column":14},"end":{"line":76,"column":73}}],"line":75},"7":{"loc":{"start":{"line":91,"column":18},"end":{"line":91,"column":94}},"type":"cond-expr","locations":[{"start":{"line":91,"column":38},"end":{"line":91,"column":64}},{"start":{"line":91,"column":67},"end":{"line":91,"column":94}}],"line":91},"8":{"loc":{"start":{"line":100,"column":13},"end":{"line":102,"column":13}},"type":"binary-expr","locations":[{"start":{"line":100,"column":13},"end":{"line":100,"column":30}},{"start":{"line":101,"column":14},"end":{"line":101,"column":78}}],"line":100},"9":{"loc":{"start":{"line":117,"column":18},"end":{"line":117,"column":93}},"type":"cond-expr","locations":[{"start":{"line":117,"column":37},"end":{"line":117,"column":63}},{"start":{"line":117,"column":66},"end":{"line":117,"column":93}}],"line":117},"10":{"loc":{"start":{"line":121,"column":13},"end":{"line":123,"column":13}},"type":"binary-expr","locations":[{"start":{"line":121,"column":13},"end":{"line":121,"column":29}},{"start":{"line":122,"column":14},"end":{"line":122,"column":77}}],"line":121}},"s":{"0":0,"1":0,"2":0,"3":0,"4":0,"5":0,"6":0,"7":0,"8":0,"9":0,"10":0,"11":0,"12":0,"13":0,"14":0,"15":0,"16":0,"17":0,"18":0,"19":0,"20":0,"21":0,"22":0,"23":0,"24":0,"25":0},"f":{"0":0,"1":0,"2":0,"3":0,"4":0,"5":0,"6":0},"b":{"0":[0,0],"1":[0,0],"2":[0,0],"3":[0,0],"4":[0,0],"5":[0,0],"6":[0,0],"7":[0,0],"8":[0,0],"9":[0,0],"10":[0,0]}}
,"/Users/oliver/OliverRepo/workspaces/work/projects/vtwo-ops/app/src/components/panels/CandidateDetailPanel.jsx": {"path":"/Users/oliver/OliverRepo/workspaces/work/projects/vtwo-ops/app/src/components/panels/CandidateDetailPanel.jsx","statementMap":{"0":{"start":{"line":12,"column":36},"end":{"line":12,"column":56}},"1":{"start":{"line":13,"column":36},"end":{"line":13,"column":51}},"2":{"start":{"line":14,"column":50},"end":{"line":14,"column":65}},"3":{"start":{"line":15,"column":50},"end":{"line":15,"column":65}},"4":{"start":{"line":16,"column":34},"end":{"line":24,"column":4}},"5":{"start":{"line":26,"column":23},"end":{"line":43,"column":4}},"6":{"start":{"line":46,"column":2},"end":{"line":60,"column":26}},"7":{"start":{"line":47,"column":4},"end":{"line":59,"column":5}},"8":{"start":{"line":48,"column":6},"end":{"line":56,"column":9}},"9":{"start":{"line":57,"column":6},"end":{"line":57,"column":26}},"10":{"start":{"line":58,"column":6},"end":{"line":58,"column":31}},"11":{"start":{"line":62,"column":23},"end":{"line":65,"column":3}},"12":{"start":{"line":63,"column":28},"end":{"line":63,"column":36}},"13":{"start":{"line":64,"column":4},"end":{"line":64,"column":54}},"14":{"start":{"line":64,"column":25},"end":{"line":64,"column":51}},"15":{"start":{"line":67,"column":21},"end":{"line":70,"column":3}},"16":{"start":{"line":69,"column":4},"end":{"line":69,"column":24}},"17":{"start":{"line":72,"column":24},"end":{"line":77,"column":3}},"18":{"start":{"line":74,"column":4},"end":{"line":74,"column":53}},"19":{"start":{"line":75,"column":4},"end":{"line":75,"column":31}},"20":{"start":{"line":76,"column":4},"end":{"line":76,"column":14}},"21":{"start":{"line":79,"column":29},"end":{"line":86,"column":3}},"22":{"start":{"line":81,"column":4},"end":{"line":84,"column":8}},"23":{"start":{"line":81,"column":25},"end":{"line":84,"column":5}},"24":{"start":{"line":85,"column":4},"end":{"line":85,"column":31}},"25":{"start":{"line":88,"column":2},"end":{"line":88,"column":41}},"26":{"start":{"line":88,"column":29},"end":{"line":88,"column":41}},"27":{"start":{"line":90,"column":27},"end":{"line":97,"column":3}},"28":{"start":{"line":91,"column":21},"end":{"line":95,"column":5}},"29":{"start":{"line":96,"column":4},"end":{"line":96,"column":41}},"30":{"start":{"line":99,"column":2},"end":{"line":373,"column":4}},"31":{"start":{"line":136,"column":12},"end":{"line":148,"column":21}},"32":{"start":{"line":138,"column":29},"end":{"line":138,"column":46}},"33":{"start":{"line":190,"column":37},"end":{"line":190,"column":55}},"34":{"start":{"line":196,"column":37},"end":{"line":196,"column":62}},"35":{"start":{"line":296,"column":37},"end":{"line":296,"column":56}},"36":{"start":{"line":328,"column":35},"end":{"line":328,"column":60}},"37":{"start":{"line":338,"column":37},"end":{"line":338,"column":62}},"38":{"start":{"line":346,"column":38},"end":{"line":346,"column":64}},"39":{"start":{"line":369,"column":26},"end":{"line":369,"column":52}}},"fnMap":{"0":{"name":"CandidateDetailPanel","decl":{"start":{"line":11,"column":24},"end":{"line":11,"column":44}},"loc":{"start":{"line":11,"column":77},"end":{"line":374,"column":1}},"line":11},"1":{"name":"(anonymous_1)","decl":{"start":{"line":46,"column":12},"end":{"line":46,"column":13}},"loc":{"start":{"line":46,"column":18},"end":{"line":60,"column":3}},"line":46},"2":{"name":"(anonymous_2)","decl":{"start":{"line":62,"column":23},"end":{"line":62,"column":24}},"loc":{"start":{"line":62,"column":30},"end":{"line":65,"column":3}},"line":62},"3":{"name":"(anonymous_3)","decl":{"start":{"line":64,"column":16},"end":{"line":64,"column":17}},"loc":{"start":{"line":64,"column":25},"end":{"line":64,"column":51}},"line":64},"4":{"name":"(anonymous_4)","decl":{"start":{"line":67,"column":21},"end":{"line":67,"column":22}},"loc":{"start":{"line":67,"column":27},"end":{"line":70,"column":3}},"line":67},"5":{"name":"(anonymous_5)","decl":{"start":{"line":72,"column":24},"end":{"line":72,"column":25}},"loc":{"start":{"line":72,"column":43},"end":{"line":77,"column":3}},"line":72},"6":{"name":"(anonymous_6)","decl":{"start":{"line":79,"column":29},"end":{"line":79,"column":30}},"loc":{"start":{"line":79,"column":43},"end":{"line":86,"column":3}},"line":79},"7":{"name":"(anonymous_7)","decl":{"start":{"line":81,"column":16},"end":{"line":81,"column":17}},"loc":{"start":{"line":81,"column":25},"end":{"line":84,"column":5}},"line":81},"8":{"name":"(anonymous_8)","decl":{"start":{"line":90,"column":27},"end":{"line":90,"column":28}},"loc":{"start":{"line":90,"column":39},"end":{"line":97,"column":3}},"line":90},"9":{"name":"(anonymous_9)","decl":{"start":{"line":135,"column":49},"end":{"line":135,"column":50}},"loc":{"start":{"line":136,"column":12},"end":{"line":148,"column":21}},"line":136},"10":{"name":"(anonymous_10)","decl":{"start":{"line":138,"column":23},"end":{"line":138,"column":24}},"loc":{"start":{"line":138,"column":29},"end":{"line":138,"column":46}},"line":138},"11":{"name":"(anonymous_11)","decl":{"start":{"line":190,"column":31},"end":{"line":190,"column":32}},"loc":{"start":{"line":190,"column":37},"end":{"line":190,"column":55}},"line":190},"12":{"name":"(anonymous_12)","decl":{"start":{"line":196,"column":31},"end":{"line":196,"column":32}},"loc":{"start":{"line":196,"column":37},"end":{"line":196,"column":62}},"line":196},"13":{"name":"(anonymous_13)","decl":{"start":{"line":296,"column":31},"end":{"line":296,"column":32}},"loc":{"start":{"line":296,"column":37},"end":{"line":296,"column":56}},"line":296},"14":{"name":"(anonymous_14)","decl":{"start":{"line":328,"column":29},"end":{"line":328,"column":30}},"loc":{"start":{"line":328,"column":35},"end":{"line":328,"column":60}},"line":328},"15":{"name":"(anonymous_15)","decl":{"start":{"line":338,"column":31},"end":{"line":338,"column":32}},"loc":{"start":{"line":338,"column":37},"end":{"line":338,"column":62}},"line":338},"16":{"name":"(anonymous_16)","decl":{"start":{"line":346,"column":32},"end":{"line":346,"column":33}},"loc":{"start":{"line":346,"column":38},"end":{"line":346,"column":64}},"line":346},"17":{"name":"(anonymous_17)","decl":{"start":{"line":369,"column":20},"end":{"line":369,"column":21}},"loc":{"start":{"line":369,"column":26},"end":{"line":369,"column":52}},"line":369}},"branchMap":{"0":{"loc":{"start":{"line":47,"column":4},"end":{"line":59,"column":5}},"type":"if","locations":[{"start":{"line":47,"column":4},"end":{"line":59,"column":5}},{"start":{},"end":{}}],"line":47},"1":{"loc":{"start":{"line":49,"column":14},"end":{"line":49,"column":34}},"type":"binary-expr","locations":[{"start":{"line":49,"column":14},"end":{"line":49,"column":28}},{"start":{"line":49,"column":32},"end":{"line":49,"column":34}}],"line":49},"2":{"loc":{"start":{"line":50,"column":15},"end":{"line":50,"column":36}},"type":"binary-expr","locations":[{"start":{"line":50,"column":15},"end":{"line":50,"column":30}},{"start":{"line":50,"column":34},"end":{"line":50,"column":36}}],"line":50},"3":{"loc":{"start":{"line":51,"column":14},"end":{"line":51,"column":34}},"type":"binary-expr","locations":[{"start":{"line":51,"column":14},"end":{"line":51,"column":28}},{"start":{"line":51,"column":32},"end":{"line":51,"column":34}}],"line":51},"4":{"loc":{"start":{"line":52,"column":15},"end":{"line":52,"column":43}},"type":"binary-expr","locations":[{"start":{"line":52,"column":15},"end":{"line":52,"column":30}},{"start":{"line":52,"column":34},"end":{"line":52,"column":43}}],"line":52},"5":{"loc":{"start":{"line":53,"column":16},"end":{"line":53,"column":44}},"type":"binary-expr","locations":[{"start":{"line":53,"column":16},"end":{"line":53,"column":32}},{"start":{"line":53,"column":36},"end":{"line":53,"column":44}}],"line":53},"6":{"loc":{"start":{"line":54,"column":15},"end":{"line":54,"column":36}},"type":"binary-expr","locations":[{"start":{"line":54,"column":15},"end":{"line":54,"column":30}},{"start":{"line":54,"column":34},"end":{"line":54,"column":36}}],"line":54},"7":{"loc":{"start":{"line":55,"column":19},"end":{"line":55,"column":44}},"type":"binary-expr","locations":[{"start":{"line":55,"column":19},"end":{"line":55,"column":38}},{"start":{"line":55,"column":42},"end":{"line":55,"column":44}}],"line":55},"8":{"loc":{"start":{"line":88,"column":2},"end":{"line":88,"column":41}},"type":"if","locations":[{"start":{"line":88,"column":2},"end":{"line":88,"column":41}},{"start":{},"end":{}}],"line":88},"9":{"loc":{"start":{"line":88,"column":6},"end":{"line":88,"column":27}},"type":"binary-expr","locations":[{"start":{"line":88,"column":6},"end":{"line":88,"column":13}},{"start":{"line":88,"column":17},"end":{"line":88,"column":27}}],"line":88},"10":{"loc":{"start":{"line":96,"column":11},"end":{"line":96,"column":40}},"type":"binary-expr","locations":[{"start":{"line":96,"column":11},"end":{"line":96,"column":27}},{"start":{"line":96,"column":31},"end":{"line":96,"column":40}}],"line":96},"11":{"loc":{"start":{"line":141,"column":18},"end":{"line":143,"column":76}},"type":"cond-expr","locations":[{"start":{"line":142,"column":20},"end":{"line":142,"column":55}},{"start":{"line":143,"column":20},"end":{"line":143,"column":76}}],"line":141},"12":{"loc":{"start":{"line":155,"column":11},"end":{"line":305,"column":11}},"type":"binary-expr","locations":[{"start":{"line":155,"column":11},"end":{"line":155,"column":35}},{"start":{"line":156,"column":12},"end":{"line":304,"column":18}}],"line":155},"13":{"loc":{"start":{"line":157,"column":15},"end":{"line":303,"column":15}},"type":"cond-expr","locations":[{"start":{"line":158,"column":16},"end":{"line":212,"column":19}},{"start":{"line":214,"column":16},"end":{"line":302,"column":19}}],"line":157},"14":{"loc":{"start":{"line":183,"column":53},"end":{"line":183,"column":74}},"type":"binary-expr","locations":[{"start":{"line":183,"column":53},"end":{"line":183,"column":67}},{"start":{"line":183,"column":71},"end":{"line":183,"column":74}}],"line":183},"15":{"loc":{"start":{"line":308,"column":11},"end":{"line":352,"column":11}},"type":"binary-expr","locations":[{"start":{"line":308,"column":11},"end":{"line":308,"column":33}},{"start":{"line":309,"column":12},"end":{"line":351,"column":18}}],"line":308},"16":{"loc":{"start":{"line":310,"column":15},"end":{"line":350,"column":15}},"type":"cond-expr","locations":[{"start":{"line":311,"column":16},"end":{"line":333,"column":19}},{"start":{"line":335,"column":16},"end":{"line":349,"column":19}}],"line":310},"17":{"loc":{"start":{"line":336,"column":19},"end":{"line":348,"column":19}},"type":"cond-expr","locations":[{"start":{"line":337,"column":20},"end":{"line":342,"column":29}},{"start":{"line":344,"column":20},"end":{"line":347,"column":22}}],"line":336},"18":{"loc":{"start":{"line":355,"column":11},"end":{"line":360,"column":11}},"type":"binary-expr","locations":[{"start":{"line":355,"column":11},"end":{"line":355,"column":34}},{"start":{"line":356,"column":12},"end":{"line":359,"column":18}}],"line":355},"19":{"loc":{"start":{"line":365,"column":7},"end":{"line":371,"column":7}},"type":"binary-expr","locations":[{"start":{"line":365,"column":7},"end":{"line":365,"column":23}},{"start":{"line":366,"column":8},"end":{"line":370,"column":10}}],"line":365}},"s":{"0":0,"1":0,"2":0,"3":0,"4":0,"5":0,"6":0,"7":0,"8":0,"9":0,"10":0,"11":0,"12":0,"13":0,"14":0,"15":0,"16":0,"17":0,"18":0,"19":0,"20":0,"21":0,"22":0,"23":0,"24":0,"25":0,"26":0,"27":0,"28":0,"29":0,"30":0,"31":0,"32":0,"33":0,"34":0,"35":0,"36":0,"37":0,"38":0,"39":0},"f":{"0":0,"1":0,"2":0,"3":0,"4":0,"5":0,"6":0,"7":0,"8":0,"9":0,"10":0,"11":0,"12":0,"13":0,"14":0,"15":0,"16":0,"17":0},"b":{"0":[0,0],"1":[0,0],"2":[0,0],"3":[0,0],"4":[0,0],"5":[0,0],"6":[0,0],"7":[0,0],"8":[0,0],"9":[0,0],"10":[0,0],"11":[0,0],"12":[0,0],"13":[0,0],"14":[0,0],"15":[0,0],"16":[0,0],"17":[0,0],"18":[0,0],"19":[0,0]}}
,"/Users/oliver/OliverRepo/workspaces/work/projects/vtwo-ops/app/src/components/panels/EmployeeDetailPanel.jsx": {"path":"/Users/oliver/OliverRepo/workspaces/work/projects/vtwo-ops/app/src/components/panels/EmployeeDetailPanel.jsx","statementMap":{"0":{"start":{"line":11,"column":36},"end":{"line":11,"column":56}},"1":{"start":{"line":12,"column":36},"end":{"line":12,"column":51}},"2":{"start":{"line":13,"column":34},"end":{"line":21,"column":4}},"3":{"start":{"line":23,"column":23},"end":{"line":44,"column":4}},"4":{"start":{"line":46,"column":28},"end":{"line":79,"column":4}},"5":{"start":{"line":81,"column":20},"end":{"line":98,"column":4}},"6":{"start":{"line":100,"column":22},"end":{"line":100,"column":100}},"7":{"start":{"line":103,"column":2},"end":{"line":117,"column":25}},"8":{"start":{"line":104,"column":4},"end":{"line":116,"column":5}},"9":{"start":{"line":105,"column":6},"end":{"line":113,"column":9}},"10":{"start":{"line":114,"column":6},"end":{"line":114,"column":26}},"11":{"start":{"line":115,"column":6},"end":{"line":115,"column":31}},"12":{"start":{"line":119,"column":23},"end":{"line":122,"column":3}},"13":{"start":{"line":120,"column":28},"end":{"line":120,"column":36}},"14":{"start":{"line":121,"column":4},"end":{"line":121,"column":54}},"15":{"start":{"line":121,"column":25},"end":{"line":121,"column":51}},"16":{"start":{"line":124,"column":21},"end":{"line":127,"column":3}},"17":{"start":{"line":126,"column":4},"end":{"line":126,"column":24}},"18":{"start":{"line":129,"column":33},"end":{"line":132,"column":3}},"19":{"start":{"line":131,"column":4},"end":{"line":131,"column":47}},"20":{"start":{"line":134,"column":2},"end":{"line":134,"column":40}},"21":{"start":{"line":134,"column":28},"end":{"line":134,"column":40}},"22":{"start":{"line":136,"column":25},"end":{"line":136,"column":78}},"23":{"start":{"line":136,"column":56},"end":{"line":136,"column":70}},"24":{"start":{"line":137,"column":21},"end":{"line":137,"column":43}},"25":{"start":{"line":139,"column":2},"end":{"line":439,"column":4}},"26":{"start":{"line":176,"column":12},"end":{"line":188,"column":21}},"27":{"start":{"line":178,"column":29},"end":{"line":178,"column":46}},"28":{"start":{"line":236,"column":37},"end":{"line":236,"column":55}},"29":{"start":{"line":297,"column":26},"end":{"line":297,"column":73}},"30":{"start":{"line":323,"column":37},"end":{"line":323,"column":56}},"31":{"start":{"line":348,"column":20},"end":{"line":382,"column":26}},"32":{"start":{"line":362,"column":42},"end":{"line":362,"column":73}},"33":{"start":{"line":395,"column":39},"end":{"line":395,"column":60}},"34":{"start":{"line":396,"column":20},"end":{"line":405,"column":26}},"35":{"start":{"line":410,"column":33},"end":{"line":410,"column":54}},"36":{"start":{"line":414,"column":41},"end":{"line":414,"column":62}},"37":{"start":{"line":415,"column":22},"end":{"line":421,"column":28}}},"fnMap":{"0":{"name":"EmployeeDetailPanel","decl":{"start":{"line":10,"column":24},"end":{"line":10,"column":43}},"loc":{"start":{"line":10,"column":75},"end":{"line":440,"column":1}},"line":10},"1":{"name":"(anonymous_1)","decl":{"start":{"line":103,"column":12},"end":{"line":103,"column":13}},"loc":{"start":{"line":103,"column":18},"end":{"line":117,"column":3}},"line":103},"2":{"name":"(anonymous_2)","decl":{"start":{"line":119,"column":23},"end":{"line":119,"column":24}},"loc":{"start":{"line":119,"column":30},"end":{"line":122,"column":3}},"line":119},"3":{"name":"(anonymous_3)","decl":{"start":{"line":121,"column":16},"end":{"line":121,"column":17}},"loc":{"start":{"line":121,"column":25},"end":{"line":121,"column":51}},"line":121},"4":{"name":"(anonymous_4)","decl":{"start":{"line":124,"column":21},"end":{"line":124,"column":22}},"loc":{"start":{"line":124,"column":27},"end":{"line":127,"column":3}},"line":124},"5":{"name":"(anonymous_5)","decl":{"start":{"line":129,"column":33},"end":{"line":129,"column":34}},"loc":{"start":{"line":129,"column":45},"end":{"line":132,"column":3}},"line":129},"6":{"name":"(anonymous_6)","decl":{"start":{"line":136,"column":48},"end":{"line":136,"column":49}},"loc":{"start":{"line":136,"column":56},"end":{"line":136,"column":70}},"line":136},"7":{"name":"(anonymous_7)","decl":{"start":{"line":175,"column":64},"end":{"line":175,"column":65}},"loc":{"start":{"line":176,"column":12},"end":{"line":188,"column":21}},"line":176},"8":{"name":"(anonymous_8)","decl":{"start":{"line":178,"column":23},"end":{"line":178,"column":24}},"loc":{"start":{"line":178,"column":29},"end":{"line":178,"column":46}},"line":178},"9":{"name":"(anonymous_9)","decl":{"start":{"line":236,"column":31},"end":{"line":236,"column":32}},"loc":{"start":{"line":236,"column":37},"end":{"line":236,"column":55}},"line":236},"10":{"name":"(anonymous_10)","decl":{"start":{"line":296,"column":41},"end":{"line":296,"column":42}},"loc":{"start":{"line":297,"column":26},"end":{"line":297,"column":73}},"line":297},"11":{"name":"(anonymous_11)","decl":{"start":{"line":323,"column":31},"end":{"line":323,"column":32}},"loc":{"start":{"line":323,"column":37},"end":{"line":323,"column":56}},"line":323},"12":{"name":"(anonymous_12)","decl":{"start":{"line":347,"column":39},"end":{"line":347,"column":40}},"loc":{"start":{"line":348,"column":20},"end":{"line":382,"column":26}},"line":348},"13":{"name":"(anonymous_13)","decl":{"start":{"line":362,"column":36},"end":{"line":362,"column":37}},"loc":{"start":{"line":362,"column":42},"end":{"line":362,"column":73}},"line":362},"14":{"name":"(anonymous_14)","decl":{"start":{"line":395,"column":34},"end":{"line":395,"column":35}},"loc":{"start":{"line":395,"column":39},"end":{"line":395,"column":60}},"line":395},"15":{"name":"(anonymous_15)","decl":{"start":{"line":395,"column":66},"end":{"line":395,"column":67}},"loc":{"start":{"line":396,"column":20},"end":{"line":405,"column":26}},"line":396},"16":{"name":"(anonymous_16)","decl":{"start":{"line":410,"column":28},"end":{"line":410,"column":29}},"loc":{"start":{"line":410,"column":33},"end":{"line":410,"column":54}},"line":410},"17":{"name":"(anonymous_17)","decl":{"start":{"line":414,"column":36},"end":{"line":414,"column":37}},"loc":{"start":{"line":414,"column":41},"end":{"line":414,"column":62}},"line":414},"18":{"name":"(anonymous_18)","decl":{"start":{"line":414,"column":68},"end":{"line":414,"column":69}},"loc":{"start":{"line":415,"column":22},"end":{"line":421,"column":28}},"line":415}},"branchMap":{"0":{"loc":{"start":{"line":104,"column":4},"end":{"line":116,"column":5}},"type":"if","locations":[{"start":{"line":104,"column":4},"end":{"line":116,"column":5}},{"start":{},"end":{}}],"line":104},"1":{"loc":{"start":{"line":106,"column":14},"end":{"line":106,"column":33}},"type":"binary-expr","locations":[{"start":{"line":106,"column":14},"end":{"line":106,"column":27}},{"start":{"line":106,"column":31},"end":{"line":106,"column":33}}],"line":106},"2":{"loc":{"start":{"line":107,"column":15},"end":{"line":107,"column":35}},"type":"binary-expr","locations":[{"start":{"line":107,"column":15},"end":{"line":107,"column":29}},{"start":{"line":107,"column":33},"end":{"line":107,"column":35}}],"line":107},"3":{"loc":{"start":{"line":108,"column":15},"end":{"line":108,"column":35}},"type":"binary-expr","locations":[{"start":{"line":108,"column":15},"end":{"line":108,"column":29}},{"start":{"line":108,"column":33},"end":{"line":108,"column":35}}],"line":108},"4":{"loc":{"start":{"line":109,"column":20},"end":{"line":109,"column":45}},"type":"binary-expr","locations":[{"start":{"line":109,"column":20},"end":{"line":109,"column":39}},{"start":{"line":109,"column":43},"end":{"line":109,"column":45}}],"line":109},"5":{"loc":{"start":{"line":110,"column":19},"end":{"line":110,"column":43}},"type":"binary-expr","locations":[{"start":{"line":110,"column":19},"end":{"line":110,"column":37}},{"start":{"line":110,"column":41},"end":{"line":110,"column":43}}],"line":110},"6":{"loc":{"start":{"line":111,"column":16},"end":{"line":111,"column":43}},"type":"binary-expr","locations":[{"start":{"line":111,"column":16},"end":{"line":111,"column":31}},{"start":{"line":111,"column":35},"end":{"line":111,"column":43}}],"line":111},"7":{"loc":{"start":{"line":112,"column":17},"end":{"line":112,"column":39}},"type":"binary-expr","locations":[{"start":{"line":112,"column":17},"end":{"line":112,"column":33}},{"start":{"line":112,"column":37},"end":{"line":112,"column":39}}],"line":112},"8":{"loc":{"start":{"line":134,"column":2},"end":{"line":134,"column":40}},"type":"if","locations":[{"start":{"line":134,"column":2},"end":{"line":134,"column":40}},{"start":{},"end":{}}],"line":134},"9":{"loc":{"start":{"line":134,"column":6},"end":{"line":134,"column":26}},"type":"binary-expr","locations":[{"start":{"line":134,"column":6},"end":{"line":134,"column":13}},{"start":{"line":134,"column":17},"end":{"line":134,"column":26}}],"line":134},"10":{"loc":{"start":{"line":156,"column":32},"end":{"line":156,"column":84}},"type":"cond-expr","locations":[{"start":{"line":156,"column":63},"end":{"line":156,"column":71}},{"start":{"line":156,"column":74},"end":{"line":156,"column":84}}],"line":156},"11":{"loc":{"start":{"line":181,"column":18},"end":{"line":183,"column":76}},"type":"cond-expr","locations":[{"start":{"line":182,"column":20},"end":{"line":182,"column":55}},{"start":{"line":183,"column":20},"end":{"line":183,"column":76}}],"line":181},"12":{"loc":{"start":{"line":195,"column":11},"end":{"line":332,"column":11}},"type":"binary-expr","locations":[{"start":{"line":195,"column":11},"end":{"line":195,"column":35}},{"start":{"line":196,"column":12},"end":{"line":331,"column":18}}],"line":195},"13":{"loc":{"start":{"line":197,"column":15},"end":{"line":330,"column":15}},"type":"cond-expr","locations":[{"start":{"line":198,"column":16},"end":{"line":252,"column":19}},{"start":{"line":254,"column":16},"end":{"line":329,"column":19}}],"line":197},"14":{"loc":{"start":{"line":220,"column":25},"end":{"line":220,"column":101}},"type":"cond-expr","locations":[{"start":{"line":220,"column":46},"end":{"line":220,"column":95}},{"start":{"line":220,"column":98},"end":{"line":220,"column":101}}],"line":220},"15":{"loc":{"start":{"line":225,"column":53},"end":{"line":225,"column":76}},"type":"binary-expr","locations":[{"start":{"line":225,"column":53},"end":{"line":225,"column":69}},{"start":{"line":225,"column":73},"end":{"line":225,"column":76}}],"line":225},"16":{"loc":{"start":{"line":335,"column":11},"end":{"line":387,"column":11}},"type":"binary-expr","locations":[{"start":{"line":335,"column":11},"end":{"line":335,"column":37}},{"start":{"line":336,"column":12},"end":{"line":386,"column":18}}],"line":335},"17":{"loc":{"start":{"line":352,"column":26},"end":{"line":354,"column":58}},"type":"cond-expr","locations":[{"start":{"line":353,"column":28},"end":{"line":353,"column":58}},{"start":{"line":354,"column":28},"end":{"line":354,"column":58}}],"line":352},"18":{"loc":{"start":{"line":366,"column":63},"end":{"line":366,"column":128}},"type":"cond-expr","locations":[{"start":{"line":366,"column":80},"end":{"line":366,"column":109}},{"start":{"line":366,"column":112},"end":{"line":366,"column":128}}],"line":366},"19":{"loc":{"start":{"line":373,"column":54},"end":{"line":373,"column":91}},"type":"cond-expr","locations":[{"start":{"line":373,"column":71},"end":{"line":373,"column":79}},{"start":{"line":373,"column":82},"end":{"line":373,"column":91}}],"line":373},"20":{"loc":{"start":{"line":374,"column":31},"end":{"line":374,"column":66}},"type":"cond-expr","locations":[{"start":{"line":374,"column":48},"end":{"line":374,"column":54}},{"start":{"line":374,"column":57},"end":{"line":374,"column":66}}],"line":374},"21":{"loc":{"start":{"line":377,"column":27},"end":{"line":379,"column":27}},"type":"binary-expr","locations":[{"start":{"line":377,"column":27},"end":{"line":377,"column":37}},{"start":{"line":378,"column":28},"end":{"line":378,"column":87}}],"line":377},"22":{"loc":{"start":{"line":390,"column":11},"end":{"line":427,"column":11}},"type":"binary-expr","locations":[{"start":{"line":390,"column":11},"end":{"line":390,"column":34}},{"start":{"line":391,"column":12},"end":{"line":426,"column":18}}],"line":390},"23":{"loc":{"start":{"line":410,"column":15},"end":{"line":425,"column":15}},"type":"binary-expr","locations":[{"start":{"line":410,"column":15},"end":{"line":410,"column":55}},{"start":{"line":411,"column":16},"end":{"line":424,"column":22}}],"line":410},"24":{"loc":{"start":{"line":419,"column":37},"end":{"line":419,"column":121}},"type":"cond-expr","locations":[{"start":{"line":419,"column":59},"end":{"line":419,"column":109}},{"start":{"line":419,"column":112},"end":{"line":419,"column":121}}],"line":419},"25":{"loc":{"start":{"line":430,"column":11},"end":{"line":435,"column":11}},"type":"binary-expr","locations":[{"start":{"line":430,"column":11},"end":{"line":430,"column":34}},{"start":{"line":431,"column":12},"end":{"line":434,"column":18}}],"line":430}},"s":{"0":0,"1":0,"2":0,"3":0,"4":0,"5":0,"6":0,"7":0,"8":0,"9":0,"10":0,"11":0,"12":0,"13":0,"14":0,"15":0,"16":0,"17":0,"18":0,"19":0,"20":0,"21":0,"22":0,"23":0,"24":0,"25":0,"26":0,"27":0,"28":0,"29":0,"30":0,"31":0,"32":0,"33":0,"34":0,"35":0,"36":0,"37":0},"f":{"0":0,"1":0,"2":0,"3":0,"4":0,"5":0,"6":0,"7":0,"8":0,"9":0,"10":0,"11":0,"12":0,"13":0,"14":0,"15":0,"16":0,"17":0,"18":0},"b":{"0":[0,0],"1":[0,0],"2":[0,0],"3":[0,0],"4":[0,0],"5":[0,0],"6":[0,0],"7":[0,0],"8":[0,0],"9":[0,0],"10":[0,0],"11":[0,0],"12":[0,0],"13":[0,0],"14":[0,0],"15":[0,0],"16":[0,0],"17":[0,0],"18":[0,0],"19":[0,0],"20":[0,0],"21":[0,0],"22":[0,0],"23":[0,0],"24":[0,0],"25":[0,0]}}
,"/Users/oliver/OliverRepo/workspaces/work/projects/vtwo-ops/app/src/hooks/useCandidates.js": {"path":"/Users/oliver/OliverRepo/workspaces/work/projects/vtwo-ops/app/src/hooks/useCandidates.js","statementMap":{"0":{"start":{"line":8,"column":38},"end":{"line":8,"column":50}},"1":{"start":{"line":9,"column":32},"end":{"line":9,"column":47}},"2":{"start":{"line":10,"column":28},"end":{"line":10,"column":42}},"3":{"start":{"line":16,"column":26},"end":{"line":44,"column":8}},"4":{"start":{"line":17,"column":4},"end":{"line":43,"column":5}},"5":{"start":{"line":18,"column":6},"end":{"line":18,"column":23}},"6":{"start":{"line":19,"column":6},"end":{"line":19,"column":21}},"7":{"start":{"line":21,"column":21},"end":{"line":21,"column":42}},"8":{"start":{"line":22,"column":6},"end":{"line":22,"column":63}},"9":{"start":{"line":22,"column":25},"end":{"line":22,"column":63}},"10":{"start":{"line":23,"column":6},"end":{"line":23,"column":66}},"11":{"start":{"line":23,"column":26},"end":{"line":23,"column":66}},"12":{"start":{"line":24,"column":6},"end":{"line":24,"column":74}},"13":{"start":{"line":24,"column":30},"end":{"line":24,"column":74}},"14":{"start":{"line":26,"column":18},"end":{"line":26,"column":56}},"15":{"start":{"line":27,"column":23},"end":{"line":27,"column":39}},"16":{"start":{"line":29,"column":6},"end":{"line":31,"column":7}},"17":{"start":{"line":30,"column":8},"end":{"line":30,"column":74}},"18":{"start":{"line":33,"column":19},"end":{"line":33,"column":40}},"19":{"start":{"line":34,"column":6},"end":{"line":34,"column":77}},"20":{"start":{"line":35,"column":6},"end":{"line":35,"column":18}},"21":{"start":{"line":37,"column":22},"end":{"line":37,"column":65}},"22":{"start":{"line":38,"column":6},"end":{"line":38,"column":24}},"23":{"start":{"line":39,"column":6},"end":{"line":39,"column":24}},"24":{"start":{"line":40,"column":6},"end":{"line":40,"column":16}},"25":{"start":{"line":42,"column":6},"end":{"line":42,"column":24}},"26":{"start":{"line":50,"column":26},"end":{"line":75,"column":8}},"27":{"start":{"line":51,"column":4},"end":{"line":74,"column":5}},"28":{"start":{"line":52,"column":6},"end":{"line":52,"column":21}},"29":{"start":{"line":54,"column":23},"end":{"line":58,"column":8}},"30":{"start":{"line":60,"column":6},"end":{"line":63,"column":7}},"31":{"start":{"line":61,"column":26},"end":{"line":61,"column":65}},"32":{"start":{"line":61,"column":61},"end":{"line":61,"column":63}},"33":{"start":{"line":62,"column":8},"end":{"line":62,"column":95}},"34":{"start":{"line":65,"column":27},"end":{"line":65,"column":48}},"35":{"start":{"line":68,"column":6},"end":{"line":68,"column":74}},"36":{"start":{"line":68,"column":28},"end":{"line":68,"column":72}},"37":{"start":{"line":69,"column":6},"end":{"line":69,"column":26}},"38":{"start":{"line":71,"column":22},"end":{"line":71,"column":65}},"39":{"start":{"line":72,"column":6},"end":{"line":72,"column":24}},"40":{"start":{"line":73,"column":6},"end":{"line":73,"column":16}},"41":{"start":{"line":82,"column":26},"end":{"line":109,"column":8}},"42":{"start":{"line":83,"column":4},"end":{"line":108,"column":5}},"43":{"start":{"line":84,"column":6},"end":{"line":84,"column":21}},"44":{"start":{"line":86,"column":23},"end":{"line":90,"column":8}},"45":{"start":{"line":92,"column":6},"end":{"line":95,"column":7}},"46":{"start":{"line":93,"column":26},"end":{"line":93,"column":65}},"47":{"start":{"line":93,"column":61},"end":{"line":93,"column":63}},"48":{"start":{"line":94,"column":8},"end":{"line":94,"column":95}},"49":{"start":{"line":97,"column":22},"end":{"line":97,"column":43}},"50":{"start":{"line":100,"column":6},"end":{"line":102,"column":8}},"51":{"start":{"line":101,"column":8},"end":{"line":101,"column":63}},"52":{"start":{"line":101,"column":23},"end":{"line":101,"column":61}},"53":{"start":{"line":103,"column":6},"end":{"line":103,"column":21}},"54":{"start":{"line":105,"column":22},"end":{"line":105,"column":65}},"55":{"start":{"line":106,"column":6},"end":{"line":106,"column":24}},"56":{"start":{"line":107,"column":6},"end":{"line":107,"column":16}},"57":{"start":{"line":115,"column":26},"end":{"line":135,"column":8}},"58":{"start":{"line":116,"column":4},"end":{"line":134,"column":5}},"59":{"start":{"line":117,"column":6},"end":{"line":117,"column":21}},"60":{"start":{"line":119,"column":23},"end":{"line":121,"column":8}},"61":{"start":{"line":123,"column":6},"end":{"line":125,"column":7}},"62":{"start":{"line":124,"column":8},"end":{"line":124,"column":74}},"63":{"start":{"line":128,"column":6},"end":{"line":128,"column":59}},"64":{"start":{"line":128,"column":28},"end":{"line":128,"column":57}},"65":{"start":{"line":128,"column":45},"end":{"line":128,"column":56}},"66":{"start":{"line":129,"column":6},"end":{"line":129,"column":18}},"67":{"start":{"line":131,"column":22},"end":{"line":131,"column":65}},"68":{"start":{"line":132,"column":6},"end":{"line":132,"column":24}},"69":{"start":{"line":133,"column":6},"end":{"line":133,"column":16}},"70":{"start":{"line":141,"column":31},"end":{"line":150,"column":18}},"71":{"start":{"line":142,"column":19},"end":{"line":142,"column":74}},"72":{"start":{"line":143,"column":20},"end":{"line":143,"column":22}},"73":{"start":{"line":145,"column":4},"end":{"line":147,"column":7}},"74":{"start":{"line":146,"column":6},"end":{"line":146,"column":65}},"75":{"start":{"line":146,"column":46},"end":{"line":146,"column":63}},"76":{"start":{"line":149,"column":4},"end":{"line":149,"column":19}},"77":{"start":{"line":156,"column":26},"end":{"line":165,"column":18}},"78":{"start":{"line":157,"column":19},"end":{"line":157,"column":74}},"79":{"start":{"line":158,"column":19},"end":{"line":158,"column":21}},"80":{"start":{"line":160,"column":4},"end":{"line":162,"column":7}},"81":{"start":{"line":161,"column":6},"end":{"line":161,"column":71}},"82":{"start":{"line":161,"column":45},"end":{"line":161,"column":62}},"83":{"start":{"line":164,"column":4},"end":{"line":164,"column":18}},"84":{"start":{"line":171,"column":27},"end":{"line":173,"column":18}},"85":{"start":{"line":172,"column":4},"end":{"line":172,"column":40}},"86":{"start":{"line":175,"column":2},"end":{"line":187,"column":4}}},"fnMap":{"0":{"name":"useCandidates","decl":{"start":{"line":7,"column":16},"end":{"line":7,"column":29}},"loc":{"start":{"line":7,"column":32},"end":{"line":188,"column":1}},"line":7},"1":{"name":"(anonymous_1)","decl":{"start":{"line":16,"column":38},"end":{"line":16,"column":39}},"loc":{"start":{"line":16,"column":62},"end":{"line":44,"column":3}},"line":16},"2":{"name":"(anonymous_2)","decl":{"start":{"line":50,"column":38},"end":{"line":50,"column":39}},"loc":{"start":{"line":50,"column":63},"end":{"line":75,"column":3}},"line":50},"3":{"name":"(anonymous_3)","decl":{"start":{"line":61,"column":54},"end":{"line":61,"column":55}},"loc":{"start":{"line":61,"column":61},"end":{"line":61,"column":63}},"line":61},"4":{"name":"(anonymous_4)","decl":{"start":{"line":68,"column":20},"end":{"line":68,"column":21}},"loc":{"start":{"line":68,"column":28},"end":{"line":68,"column":72}},"line":68},"5":{"name":"(anonymous_5)","decl":{"start":{"line":82,"column":38},"end":{"line":82,"column":39}},"loc":{"start":{"line":82,"column":61},"end":{"line":109,"column":3}},"line":82},"6":{"name":"(anonymous_6)","decl":{"start":{"line":93,"column":54},"end":{"line":93,"column":55}},"loc":{"start":{"line":93,"column":61},"end":{"line":93,"column":63}},"line":93},"7":{"name":"(anonymous_7)","decl":{"start":{"line":100,"column":20},"end":{"line":100,"column":21}},"loc":{"start":{"line":101,"column":8},"end":{"line":101,"column":63}},"line":101},"8":{"name":"(anonymous_8)","decl":{"start":{"line":101,"column":17},"end":{"line":101,"column":18}},"loc":{"start":{"line":101,"column":23},"end":{"line":101,"column":61}},"line":101},"9":{"name":"(anonymous_9)","decl":{"start":{"line":115,"column":38},"end":{"line":115,"column":39}},"loc":{"start":{"line":115,"column":52},"end":{"line":135,"column":3}},"line":115},"10":{"name":"(anonymous_10)","decl":{"start":{"line":128,"column":20},"end":{"line":128,"column":21}},"loc":{"start":{"line":128,"column":28},"end":{"line":128,"column":57}},"line":128},"11":{"name":"(anonymous_11)","decl":{"start":{"line":128,"column":40},"end":{"line":128,"column":41}},"loc":{"start":{"line":128,"column":45},"end":{"line":128,"column":56}},"line":128},"12":{"name":"(anonymous_12)","decl":{"start":{"line":141,"column":43},"end":{"line":141,"column":44}},"loc":{"start":{"line":141,"column":49},"end":{"line":150,"column":3}},"line":141},"13":{"name":"(anonymous_13)","decl":{"start":{"line":145,"column":19},"end":{"line":145,"column":20}},"loc":{"start":{"line":145,"column":28},"end":{"line":147,"column":5}},"line":145},"14":{"name":"(anonymous_14)","decl":{"start":{"line":146,"column":41},"end":{"line":146,"column":42}},"loc":{"start":{"line":146,"column":46},"end":{"line":146,"column":63}},"line":146},"15":{"name":"(anonymous_15)","decl":{"start":{"line":156,"column":38},"end":{"line":156,"column":39}},"loc":{"start":{"line":156,"column":44},"end":{"line":165,"column":3}},"line":156},"16":{"name":"(anonymous_16)","decl":{"start":{"line":160,"column":19},"end":{"line":160,"column":20}},"loc":{"start":{"line":160,"column":28},"end":{"line":162,"column":5}},"line":160},"17":{"name":"(anonymous_17)","decl":{"start":{"line":161,"column":40},"end":{"line":161,"column":41}},"loc":{"start":{"line":161,"column":45},"end":{"line":161,"column":62}},"line":161},"18":{"name":"(anonymous_18)","decl":{"start":{"line":171,"column":39},"end":{"line":171,"column":40}},"loc":{"start":{"line":171,"column":54},"end":{"line":173,"column":3}},"line":171}},"branchMap":{"0":{"loc":{"start":{"line":16,"column":45},"end":{"line":16,"column":57}},"type":"default-arg","locations":[{"start":{"line":16,"column":55},"end":{"line":16,"column":57}}],"line":16},"1":{"loc":{"start":{"line":22,"column":6},"end":{"line":22,"column":63}},"type":"if","locations":[{"start":{"line":22,"column":6},"end":{"line":22,"column":63}},{"start":{},"end":{}}],"line":22},"2":{"loc":{"
[...]
{"line":31,"column":7}},{"start":{},"end":{}}],"line":29},"5":{"loc":{"start":{"line":34,"column":20},"end":{"line":34,"column":75}},"type":"cond-expr","locations":[{"start":{"line":34,"column":53},"end":{"line":34,"column":68}},{"start":{"line":34,"column":71},"end":{"line":34,"column":75}}],"line":34},"6":{"loc":{"start":{"line":37,"column":22},"end":{"line":37,"column":65}},"type":"binary-expr","locations":[{"start":{"line":37,"column":22},"end":{"line":37,"column":33}},{"start":{"line":37,"column":37},"end":{"line":37,"column":65}}],"line":37},"7":{"loc":{"start":{"line":60,"column":6},"end":{"line":63,"column":7}},"type":"if","locations":[{"start":{"line":60,"column":6},"end":{"line":63,"column":7}},{"start":{},"end":{}}],"line":60},"8":{"loc":{"start":{"line":62,"column":24},"end":{"line":62,"column":93}},"type":"binary-expr","locations":[{"start":{"line":62,"column":24},"end":{"line":62,"column":41}},{"start":{"line":62,"column":45},"end":{"line":62,"column":93}}],"line":62},"9":{"loc":{"start":{"line":68,"column":38},"end":{"line":68,"column":71}},"type":"binary-expr","locations":[{"start":{"line":68,"column":38},"end":{"line":68,"column":55}},{"start":{"line":68,"column":59},"end":{"line":68,"column":71}}],"line":68},"10":{"loc":{"start":{"line":71,"column":22},"end":{"line":71,"column":65}},"type":"binary-expr","locations":[{"start":{"line":71,"column":22},"end":{"line":71,"column":33}},{"start":{"line":71,"column":37},"end":{"line":71,"column":65}}],"line":71},"11":{"loc":{"start":{"line":92,"column":6},"end":{"line":95,"column":7}},"type":"if","locations":[{"start":{"line":92,"column":6},"end":{"line":95,"column":7}},{"start":{},"end":{}}],"line":92},"12":{"loc":{"start":{"line":94,"column":24},"end":{"line":94,"column":93}},"type":"binary-expr","locations":[{"start":{"line":94,"column":24},"end":{"line":94,"column":41}},{"start":{"line":94,"column":45},"end":{"line":94,"column":93}}],"line":94},"13":{"loc":{"start":{"line":101,"column":23},"end":{"line":101,"column":61}},"type":"cond-expr","locations":[{"start":{"line":101,"column":37},"end":{"line":101,"column":57}},{"start":{"line":101,"column":60},"end":{"line":101,"column":61}}],"line":101},"14":{"loc":{"start":{"line":105,"column":22},"end":{"line":105,"column":65}},"type":"binary-expr","locations":[{"start":{"line":105,"column":22},"end":{"line":105,"column":33}},{"start":{"line":105,"column":37},"end":{"line":105,"column":65}}],"line":105},"15":{"loc":{"start":{"line":123,"column":6},"end":{"line":125,"column":7}},"type":"if","locations":[{"start":{"line":123,"column":6},"end":{"line":125,"column":7}},{"start":{},"end":{}}],"line":123},"16":{"loc":{"start":{"line":131,"column":22},"end":{"line":131,"column":65}},"type":"binary-expr","locations":[{"start":{"line":131,"column":22},"end":{"line":131,"column":33}},{"start":{"line":131,"column":37},"end":{"line":131,"column":65}}],"line":131}},"s":{"0":26,"1":26,"2":26,"3":26,"4":3,"5":3,"6":3,"7":3,"8":3,"9":1,"10":3,"11":0,"12":3,"13":0,"14":3,"15":3,"16":3,"17":1,"18":2,"19":2,"20":2,"21":1,"22":1,"23":1,"24":1,"25":3,"26":26,"27":2,"28":2,"29":2,"30":2,"31":1,"32":0,"33":1,"34":1,"35":1,"36":1,"37":1,"38":1,"39":1,"40":1,"41":26,"42":2,"43":2,"44":2,"45":2,"46":1,"47":0,"48":0,"49":1,"50":1,"51":1,"52":3,"53":1,"54":1,"55":1,"56":1,"57":26,"58":2,"59":2,"60":2,"61":2,"62":1,"63":1,"64":1,"65":3,"66":1,"67":1,"68":1,"69":1,"70":26,"71":1,"72":1,"73":1,"74":5,"75":15,"76":1,"77":26,"78":1,"79":1,"80":1,"81":5,"82":15,"83":1,"84":26,"85":1,"86":26},"f":{"0":26,"1":3,"2":2,"3":0,"4":1,"5":2,"6":0,"7":1,"8":3,"9":2,"10":1,"11":3,"12":1,"13":5,"14":15,"15":1,"16":5,"17":15,"18":1},"b":{"0":[2],"1":[1,2],"2":[0,3],"3":[0,3],"4":[1,2],"5":[2,0],"6":[1,0],"7":[1,1],"8":[1,0],"9":[1,0],"10":[1,0],"11":[1,1],"12":[0,0],"13":[1,2],"14":[1,0],"15":[1,1],"16":[1,0]},"_coverageSchema":"1a1c01bbd47fc00a2c39e90264f33305004495a9","hash":"2d98c35b5f5b6140c8b1257fb60624ec8b0edc29"}
,"/Users/oliver/OliverRepo/workspaces/work/projects/vtwo-ops/app/src/hooks/useFetch.js": {"path":"/Users/oliver/OliverRepo/workspaces/work/projects/vtwo-ops/app/src/hooks/useFetch.js","statementMap":{"0":{"start":{"line":8,"column":26},"end":{"line":8,"column":40}},"1":{"start":{"line":9,"column":32},"end":{"line":9,"column":46}},"2":{"start":{"line":10,"column":28},"end":{"line":10,"column":42}},"3":{"start":{"line":12,"column":2},"end":{"line":37,"column":21}},"4":{"start":{"line":13,"column":4},"end":{"line":16,"column":5}},"5":{"start":{"line":14,"column":6},"end":{"line":14,"column":24}},"6":{"start":{"line":15,"column":6},"end":{"line":15,"column":13}},"7":{"start":{"line":18,"column":22},"end":{"line":34,"column":5}},"8":{"start":{"line":19,"column":6},"end":{"line":33,"column":7}},"9":{"start":{"line":20,"column":8},"end":{"line":20,"column":25}},"10":{"start":{"line":21,"column":25},"end":{"line":21,"column":50}},"11":{"start":{"line":22,"column":8},"end":{"line":24,"column":9}},"12":{"start":{"line":23,"column":10},"end":{"line":23,"column":59}},"13":{"start":{"line":25,"column":23},"end":{"line":25,"column":44}},"14":{"start":{"line":26,"column":8},"end":{"line":26,"column":24}},"15":{"start":{"line":27,"column":8},"end":{"line":27,"column":23}},"16":{"start":{"line":29,"column":8},"end":{"line":29,"column":30}},"17":{"start":{"line":30,"column":8},"end":{"line":30,"column":22}},"18":{"start":{"line":32,"column":8},"end":{"line":32,"column":26}},"19":{"start":{"line":36,"column":4},"end":{"line":36,"column":16}},"20":{"start":{"line":39,"column":2},"end":{"line":39,"column":34}}},"fnMap":{"0":{"name":"useFetch","decl":{"start":{"line":7,"column":16},"end":{"line":7,"column":24}},"loc":{"start":{"line":7,"column":44},"end":{"line":40,"column":1}},"line":7},"1":{"name":"(anonymous_1)","decl":{"start":{"line":12,"column":12},"end":{"line":12,"column":13}},"loc":{"start":{"line":12,"column":18},"end":{"line":37,"column":3}},"line":12},"2":{"name":"(anonymous_2)","decl":{"start":{"line":18,"column":22},"end":{"line":18,"column":23}},"loc":{"start":{"line":18,"column":34},"end":{"line":34,"column":5}},"line":18}},"branchMap":{"0":{"loc":{"start":{"line":7,"column":30},"end":{"line":7,"column":42}},"type":"default-arg","locations":[{"start":{"line":7,"column":40},"end":{"line":7,"column":42}}],"line":7},"1":{"loc":{"start":{"line":13,"column":4},"end":{"line":16,"column":5}},"type":"if","locations":[{"start":{"line":13,"column":4},"end":{"line":16,"column":5}},{"start":{},"end":{}}],"line":13},"2":{"loc":{"start":{"line":22,"column":8},"end":{"line":24,"column":9}},"type":"if","locations":[{"start":{"line":22,"column":8},"end":{"line":24,"column":9}},{"start":{},"end":{}}],"line":22}},"s":{"0":0,"1":0,"2":0,"3":0,"4":0,"5":0,"6":0,"7":0,"8":0,"9":0,"10":0,"11":0,"12":0,"13":0,"14":0,"15":0,"16":0,"17":0,"18":0,"19":0,"20":0},"f":{"0":0,"1":0,"2":0},"b":{"0":[0],"1":[0,0],"2":[0,0]}}
,"/Users/oliver/OliverRepo/workspaces/work/projects/vtwo-ops/app/src/layouts/SidebarLayout.jsx": {"path":"/Users/oliver/OliverRepo/workspaces/work/projects/vtwo-ops/app/src/layouts/SidebarLayout.jsx","statementMap":{"0":{"start":{"line":7,"column":40},"end":{"line":7,"column":54}},"1":{"start":{"line":8,"column":46},"end":{"line":8,"column":60}},"2":{"start":{"line":10,"column":2},"end":{"line":29,"column":4}},"3":{"start":{"line":18,"column":35},"end":{"line":18,"column":63}},"4":{"start":{"line":27,"column":57},"end":{"line":27,"column":80}}},"fnMap":{"0":{"name":"SidebarLayout","decl":{"start":{"line":6,"column":24},"end":{"line":6,"column":37}},"loc":{"start":{"line":6,"column":52},"end":{"line":30,"column":1}},"line":6},"1":{"name":"(anonymous_1)","decl":{"start":{"line":18,"column":29},"end":{"line":18,"column":30}},"loc":{"start":{"line":18,"column":35},"end":{"line":18,"column":63}},"line":18},"2":{"name":"(anonymous_2)","decl":{"start":{"line":27,"column":51},"end":{"line":27,"column":52}},"loc":{"start":{"line":27,"column":57},"end":{"line":27,"column":80}},"line":27}},"branchMap":{},"s":{"0":0,"1":0,"2":0,"3":0,"4":0},"f":{"0":0,"1":0,"2":0},"b":{}}
,"/Users/oliver/OliverRepo/workspaces/work/projects/vtwo-ops/app/src/pages/Dashboard.jsx": {"path":"/Users/oliver/OliverRepo/workspaces/work/projects/vtwo-ops/app/src/pages/Dashboard.jsx","statementMap":{"0":{"start":{"line":2,"column":2},"end":{"line":35,"column":4}},"1":{"start":{"line":14,"column":10},"end":{"line":21,"column":16}}},"fnMap":{"0":{"name":"Dashboard","decl":{"start":{"line":1,"column":24},"end":{"line":1,"column":33}},"loc":{"start":{"line":1,"column":36},"end":{"line":36,"column":1}},"line":1},"1":{"name":"(anonymous_1)","decl":{"start":{"line":13,"column":14},"end":{"line":13,"column":15}},"loc":{"start":{"line":14,"column":10},"end":{"line":21,"column":16}},"line":14}},"branchMap":{},"s":{"0":0,"1":0},"f":{"0":0,"1":0},"b":{}}
,"/Users/oliver/OliverRepo/workspaces/work/projects/vtwo-ops/app/src/pages/Reports.jsx": {"path":"/Users/oliver/OliverRepo/workspaces/work/projects/vtwo-ops/app/src/pages/Reports.jsx","statementMap":{"0":{"start":{"line":2,"column":2},"end":{"line":21,"column":4}},"1":{"start":{"line":14,"column":10},"end":{"line":17,"column":16}}},"fnMap":{"0":{"name":"Reports","decl":{"start":{"line":1,"column":24},"end":{"line":1,"column":31}},"loc":{"start":{"line":1,"column":34},"end":{"line":22,"column":1}},"line":1},"1":{"name":"(anonymous_1)","decl":{"start":{"line":13,"column":14},"end":{"line":13,"column":15}},"loc":{"start":{"line":14,"column":10},"end":{"line":17,"column":16}},"line":14}},"branchMap":{},"s":{"0":0,"1":0},"f":{"0":0,"1":0},"b":{}}
,"/Users/oliver/OliverRepo/workspaces/work/projects/vtwo-ops/app/src/pages/Settings.jsx": {"path":"/Users/oliver/OliverRepo/workspaces/work/projects/vtwo-ops/app/src/pages/Settings.jsx","statementMap":{"0":{"start":{"line":2,"column":2},"end":{"line":38,"column":4}}},"fnMap":{"0":{"name":"Settings","decl":{"start":{"line":1,"column":24},"end":{"line":1,"column":32}},"loc":{"start":{"line":1,"column":35},"end":{"line":39,"column":1}},"line":1}},"branchMap":{},"s":{"0":0},"f":{"0":0},"b":{}}
,"/Users/oliver/OliverRepo/workspaces/work/projects/vtwo-ops/app/src/pages/devices/Assignments.jsx": {"path":"/Users/oliver/OliverRepo/workspaces/work/projects/vtwo-ops/app/src/pages/devices/Assignments.jsx","statementMap":{"0":{"start":{"line":2,"column":2},"end":{"line":27,"column":4}}},"fnMap":{"0":{"name":"Assignments","decl":{"start":{"line":1,"column":24},"end":{"line":1,"column":35}},"loc":{"start":{"line":1,"column":38},"end":{"line":28,"column":1}},"line":1}},"branchMap":{},"s":{"0":0},"f":{"0":0},"b":{}}
,"/Users/oliver/OliverRepo/workspaces/work/projects/vtwo-ops/app/src/pages/devices/Inventory.jsx": {"path":"/Users/oliver/OliverRepo/workspaces/work/projects/vtwo-ops/app/src/pages/devices/Inventory.jsx","statementMap":{"0":{"start":{"line":2,"column":2},"end":{"line":28,"column":4}}},"fnMap":{"0":{"name":"Inventory","decl":{"start":{"line":1,"column":24},"end":{"line":1,"column":33}},"loc":{"start":{"line":1,"column":36},"end":{"line":29,"column":1}},"line":1}},"branchMap":{},"s":{"0":0},"f":{"0":0},"b":{}}
,"/Users/oliver/OliverRepo/workspaces/work/projects/vtwo-ops/app/src/pages/people/Directory.jsx": {"path":"/Users/oliver/OliverRepo/workspaces/work/projects/vtwo-ops/app/src/pages/people/Directory.jsx","statementMap":{"0":{"start":{"line":2,"column":2},"end":{"line":27,"column":4}}},"fnMap":{"0":{"name":"Directory","decl":{"start":{"line":1,"column":24},"end":{"line":1,"column":33}},"loc":{"start":{"line":1,"column":36},"end":{"line":28,"column":1}},"line":1}},"branchMap":{},"s":{"0":0},"f":{"0":0},"b":{}}
,"/Users/oliver/OliverRepo/workspaces/work/projects/vtwo-ops/app/src/pages/people/Hiring.jsx": {"path":"/Users/oliver/OliverRepo/workspaces/work/projects/vtwo-ops/app/src/pages/people/Hiring.jsx","statementMap":{"0":{"start":{"line":15,"column":6},"end":{"line":15,"column":21}},"1":{"start":{"line":17,"column":52},"end":{"line":17,"column":66}},"2":{"start":{"line":18,"column":42},"end":{"line":18,"column":57}},"3":{"start":{"line":19,"column":38},"end":{"line":19,"column":50}},"4":{"start":{"line":20,"column":42},"end":{"line":20,"column":57}},"5":{"start":{"line":21,"column":34},"end":{"line":21,"column":49}},"6":{"start":{"line":24,"column":2},"end":{"line":34,"column":9}},"7":{"start":{"line":25,"column":27},"end":{"line":31,"column":5}},"8":{"start":{"line":26,"column":6},"end":{"line":30,"column":7}},"9":{"start":{"line":27,"column":8},"end":{"line":27,"column":46}},"10":{"start":{"line":29,"column":8},"end":{"line":29,"column":57}},"11":{"start":{"line":33,"column":4},"end":{"line":33,"column":21}},"12":{"start":{"line":37,"column":2},"end":{"line":46,"column":9}},"13":{"start":{"line":38,"column":25},"end":{"line":40,"column":5}},"14":{"start":{"line":39,"column":6},"end":{"line":39,"column":44}},"15":{"start":{"line":42,"column":4},"end":{"line":42,"column":52}},"16":{"start":{"line":43,"column":4},"end":{"line":43,"column":19}},"17":{"start":{"line":45,"column":4},"end":{"line":45,"column":68}},"18":{"start":{"line":45,"column":17},"end":{"line":45,"column":67}},"19":{"start":{"line":51,"column":23},"end":{"line":58,"column":3}},"20":{"start":{"line":52,"column":4},"end":{"line":52,"column":24}},"21":{"start":{"line":53,"column":4},"end":{"line":57,"column":5}},"22":{"start":{"line":54,"column":6},"end":{"line":54,"column":50}},"23":{"start":{"line":56,"column":6},"end":{"line":56,"column":43}},"24":{"start":{"line":63,"column":28},"end":{"line":69,"column":3}},"25":{"start":{"line":64,"column":4},"end":{"line":68,"column":5}},"26":{"start":{"line":65,"column":6},"end":{"line":65,"column":62}},"27":{"start":{"line":67,"column":6},"end":{"line":67,"column":52}},"28":{"start":{"line":74,"column":29},"end":{"line":85,"column":3}},"29":{"start":{"line":75,"column":4},"end":{"line":75,"column":26}},"30":{"start":{"line":76,"column":4},"end":{"line":84,"column":5}},"31":{"start":{"line":77,"column":6},"end":{"line":77,"column":38}},"32":{"start":{"line":78,"column":6},"end":{"line":78,"column":29}},"33":{"start":{"line":80,"column":6},"end":{"line":80,"column":56}},"34":{"start":{"line":81,"column":6},"end":{"line":81,"column":16}},"35":{"start":{"line":83,"column":6},"end":{"line":83,"column":29}},"36":{"start":{"line":90,"column":29},"end":{"line":97,"column":16}},"37":{"start":{"line":93,"column":10},"end":{"line":95,"column":65}},"38":{"start":{"line":99,"column":2},"end":{"line":190,"column":4}},"39":{"start":{"line":112,"column":27},"end":{"line":112,"column":48}},"40":{"start":{"line":151,"column":29},"end":{"line":151,"column":57}},"41":{"start":{"line":179,"column":23},"end":{"line":179,"column":49}},"42":{"start":{"line":185,"column":23},"end":{"line":185,"column":45}}},"fnMap":{"0":{"name":"Hiring","decl":{"start":{"line":7,"column":24},"end":{"line":7,"column":30}},"loc":{"start":{"line":7,"column":33},"end":{"line":191,"column":1}},"line":7},"1":{"name":"(anonymous_1)","decl":{"start":{"line":24,"column":12},"end":{"line":24,"column":13}},"loc":{"start":{"line":24,"column":18},"end":{"line":34,"column":3}},"line":24},"2":{"name":"(anonymous_2)","decl":{"start":{"line":25,"column":27},"end":{"line":25,"column":28}},"loc":{"start":{"line":25,"column":39},"end":{"line":31,"column":5}},"line":25},"3":{"name":"(anonymous_3)","decl":{"start":{"line":37,"column":12},"end":{"line":37,"column":13}},"loc":{"start":{"line":37,"column":18},"end":{"line":46,"column":3}},"line":37},"4":{"name":"(anonymous_4)","decl":{"start":{"line":38,"column":25},"end":{"line":38,"column":26}},"loc":{"start":{"line":38,"column":31},"end":{"line":40,"column":5}},"line":38},"5":{"name":"(anonymous_5)","decl":{"start":{"line":45,"column":11},"end":{"line":45,"column":12}},"loc":{"start":{"line":45,"column":17},"end":{"line":45,"column":67}},"line":45},"6":{"name":"(anonymous_6)","decl":{"start":{"line":51,"column":23},"end":{"line":51,"column":24}},"loc":{"start":{"line":51,"column":39},"end":{"line":58,"column":3}},"line":51},"7":{"name":"(anonymous_7)","decl":{"start":{"line":63,"column":28},"end":{"line":63,"column":29}},"loc":{"start":{"line":63,"column":61},"end":{"line":69,"column":3}},"line":63},"8":{"name":"(anonymous_8)","decl":{"start":{"line":74,"column":29},"end":{"line":74,"column":30}},"loc":{"start":{"line":74,"column":49},"end":{"line":85,"column":3}},"line":74},"9":{"name":"(anonymous_9)","decl":{"start":{"line":92,"column":8},"end":{"line":92,"column":9}},"loc":{"start":{"line":93,"column":10},"end":{"line":95,"column":65}},"line":93},"10":{"name":"(anonymous_10)","decl":{"start":{"line":112,"column":21},"end":{"line":112,"column":22}},"loc":{"start":{"line":112,"column":27},"end":{"line":112,"column":48}},"line":112},"11":{"name":"(anonymous_11)","decl":{"start":{"line":151,"column":22},"end":{"line":151,"column":23}},"loc":{"start":{"line":151,"column":29},"end":{"line":151,"column":57}},"line":151},"12":{"name":"(anonymous_12)","decl":{"start":{"line":179,"column":17},"end":{"line":179,"column":18}},"loc":{"start":{"line":179,"column":23},"end":{"line":179,"column":49}},"line":179},"13":{"name":"(anonymous_13)","decl":{"start":{"line":185,"column":17},"end":{"line":185,"column":18}},"loc":{"start":{"line":185,"column":23},"end":{"line":185,"column":45}},"line":185}},"branchMap":{"0":{"loc":{"start":{"line":90,"column":29},"end":{"line":97,"column":16}},"type":"cond-expr","locations":[{"start":{"line":91,"column":6},"end":{"line":96,"column":7}},{"start":{"line":97,"column":6},"end":{"line":97,"column":16}}],"line":90},"1":{"loc":{"start":{"line":93,"column":10},"end":{"line":95,"column":65}},"type":"binary-expr","locations":[{"start":{"line":93,"column":10},"end":{"line":93,"column":65}},{"start":{"line":94,"column":10},"end":{"line":94,"column":66}},{"start":{"line":95,"column":10},"end":{"line":95,"column":65}}],"line":93},"2":{"loc":{"start":{"line":108,"column":15},"end":{"line":108,"column":56}},"type":"binary-expr","locations":[{"start":{"line":108,"column":15},"end":{"line":108,"column":25}},{"start":{"line":108,"column":29},"end":{"line":108,"column":56}}],"line":108},"3":{"loc":{"start":{"line":158,"column":7},"end":{"line":162,"column":7}},"type":"binary-expr","locations":[{"start":{"line":158,"column":7},"end":{"line":158,"column":12}},{"start":{"line":159,"column":8},"end":{"line":161,"column":14}}],"line":158}},"s":{"0":36,"1":36,"2":35,"3":35,"4":35,"5":35,"6":35,"7":13,"8":13,"9":13,"10":0,"11":13,"12":35,"13":13,"14":13,"15":13,"16":13,"17":13,"18":13,"19":35,"20":5,"21":5,"22":5,"23":0,"24":35,"25":0,"26":0,"27":0,"28":35,"29":1,"30":1,"31":1,"32":1,"33":0,"34":0,"35":1,"36":35,"37":6,"38":35,"39":3,"40":5,"41":1,"42":1},"f":{"0":36,"1":13,"2":13,"3":13,"4":13,"5":13,"6":5,"7":0,"8":1,"9":6,"10":3,"11":5,"12":1,"13":1},"b":{"0":[6,29],"1":[6,0,0],"2":[35,6],"3":[35,1]},"_coverageSchema":"1a1c01bbd47fc00a2c39e90264f33305004495a9","hash":"0e1991140d0cbf35673abbd9934700a42437f209"}
,"/Users/oliver/OliverRepo/workspaces/work/projects/vtwo-ops/app/src/pages/people/Offboarding.jsx": {"path":"/Users/oliver/OliverRepo/workspaces/work/projects/vtwo-ops/app/src/pages/people/Offboarding.jsx","statementMap":{"0":{"start":{"line":2,"column":2},"end":{"line":15,"column":4}}},"fnMap":{"0":{"name":"Offboarding","decl":{"start":{"line":1,"column":24},"end":{"line":1,"column":35}},"loc":{"start":{"line":1,"column":38},"end":{"line":16,"column":1}},"line":1}},"branchMap":{},"s":{"0":0},"f":{"0":0},"b":{}}
,"/Users/oliver/OliverRepo/workspaces/work/projects/vtwo-ops/app/src/pages/people/Onboarding.jsx": {"path":"/Users/oliver/OliverRepo/workspaces/work/projects/vtwo-ops/app/src/pages/people/Onboarding.jsx","statementMap":{"0":{"start":{"line":2,"column":2},"end":{"line":15,"column":4}}},"fnMap":{"0":{"name":"Onboarding","decl":{"start":{"line":1,"column":24},"end":{"line":1,"column":34}},"loc":{"start":{"line":1,"column":37},"end":{"line":16,"column":1}},"line":1}},"branchMap":{},"s":{"0":0},"f":{"0":0},"b":{}}
}
