{"/Users/oliver/OliverRepo/workspaces/work/projects/vtwo-ops/app/src/App.jsx": {"path":"/Users/oliver/OliverRepo/workspaces/work/projects/vtwo-ops/app/src/App.jsx","statementMap":{"0":{"start":{"line":20,"column":2},"end":{"line":42,"column":4}}},"fnMap":{"0":{"name":"App","decl":{"start":{"line":19,"column":9},"end":{"line":19,"column":12}},"loc":{"start":{"line":19,"column":15},"end":{"line":43,"column":1}},"line":19}},"branchMap":{},"s":{"0":0},"f":{"0":0},"b":{}}
,"/Users/oliver/OliverRepo/workspaces/work/projects/vtwo-ops/app/src/__tests__/pages/Dashboard.test.jsx": {"path":"/Users/oliver/OliverRepo/workspaces/work/projects/vtwo-ops/app/src/__tests__/pages/Dashboard.test.jsx","statementMap":{"0":{"start":{"line":8,"column":0},"end":{"line":10,"column":4}},"1":{"start":{"line":8,"column":46},"end":{"line":10,"column":1}},"2":{"start":{"line":13,"column":0},"end":{"line":48,"column":3}},"3":{"start":{"line":14,"column":2},"end":{"line":47,"column":4}},"4":{"start":{"line":21,"column":4},"end":{"line":46,"column":6}},"5":{"start":{"line":28,"column":14},"end":{"line":30,"column":20}},"6":{"start":{"line":52,"column":0},"end":{"line":260,"column":3}},"7":{"start":{"line":53,"column":25},"end":{"line":70,"column":3}},"8":{"start":{"line":72,"column":2},"end":{"line":74,"column":5}},"9":{"start":{"line":73,"column":4},"end":{"line":73,"column":25}},"10":{"start":{"line":76,"column":2},"end":{"line":90,"column":5}},"11":{"start":{"line":77,"column":4},"end":{"line":84,"column":7}},"12":{"start":{"line":86,"column":4},"end":{"line":86,"column":26}},"13":{"start":{"line":88,"column":4},"end":{"line":88,"column":62}},"14":{"start":{"line":89,"column":4},"end":{"line":89,"column":73}},"15":{"start":{"line":92,"column":2},"end":{"line":108,"column":5}},"16":{"start":{"line":93,"column":4},"end":{"line":100,"column":7}},"17":{"start":{"line":102,"column":4},"end":{"line":102,"column":26}},"18":{"start":{"line":104,"column":4},"end":{"line":104,"column":62}},"19":{"start":{"line":105,"column":4},"end":{"line":105,"column":63}},"20":{"start":{"line":106,"column":4},"end":{"line":106,"column":60}},"21":{"start":{"line":107,"column":4},"end":{"line":107,"column":63}},"22":{"start":{"line":110,"column":2},"end":{"line":123,"column":5}},"23":{"start":{"line":111,"column":4},"end":{"line":118,"column":7}},"24":{"start":{"line":120,"column":4},"end":{"line":120,"column":26}},"25":{"start":{"line":122,"column":4},"end":{"line":122,"column":68}},"26":{"start":{"line":125,"column":2},"end":{"line":139,"column":5}},"27":{"start":{"line":126,"column":32},"end":{"line":126,"column":41}},"28":{"start":{"line":127,"column":4},"end":{"line":134,"column":7}},"29":{"start":{"line":136,"column":4},"end":{"line":136,"column":26}},"30":{"start":{"line":138,"column":4},"end":{"line":138,"column":68}},"31":{"start":{"line":141,"column":2},"end":{"line":157,"column":5}},"32":{"start":{"line":142,"column":4},"end":{"line":149,"column":7}},"33":{"start":{"line":151,"column":4},"end":{"line":151,"column":26}},"34":{"start":{"line":153,"column":4},"end":{"line":153,"column":65}},"35":{"start":{"line":154,"column":4},"end":{"line":154,"column":65}},"36":{"start":{"line":155,"column":4},"end":{"line":155,"column":72}},"37":{"start":{"line":156,"column":4},"end":{"line":156,"column":75}},"38":{"start":{"line":159,"column":2},"end":{"line":172,"column":5}},"39":{"start":{"line":160,"column":4},"end":{"line":167,"column":7}},"40":{"start":{"line":169,"column":4},"end":{"line":169,"column":26}},"41":{"start":{"line":171,"column":4},"end":{"line":171,"column":74}},"42":{"start":{"line":174,"column":2},"end":{"line":188,"column":5}},"43":{"start":{"line":175,"column":25},"end":{"line":175,"column":53}},"44":{"start":{"line":176,"column":4},"end":{"line":183,"column":7}},"45":{"start":{"line":185,"column":4},"end":{"line":185,"column":26}},"46":{"start":{"line":187,"column":4},"end":{"line":187,"column":75}},"47":{"start":{"line":190,"column":2},"end":{"line":207,"column":5}},"48":{"start":{"line":191,"column":25},"end":{"line":191,"column":34}},"49":{"start":{"line":192,"column":4},"end":{"line":199,"column":7}},"50":{"start":{"line":201,"column":4},"end":{"line":201,"column":26}},"51":{"start":{"line":203,"column":27},"end":{"line":203,"column":65}},"52":{"start":{"line":204,"column":4},"end":{"line":204,"column":36}},"53":{"start":{"line":206,"column":4},"end":{"line":206,"column":61}},"54":{"start":{"line":209,"column":2},"end":{"line":226,"column":5}},"55":{"start":{"line":210,"column":4},"end":{"line":217,"column":7}},"56":{"start":{"line":219,"column":4},"end":{"line":219,"column":26}},"57":{"start":{"line":221,"column":4},"end":{"line":221,"column":67}},"58":{"start":{"line":222,"column":4},"end":{"line":222,"column":79}},"59":{"start":{"line":223,"column":4},"end":{"line":223,"column":75}},"60":{"start":{"line":224,"column":4},"end":{"line":224,"column":67}},"61":{"start":{"line":225,"column":4},"end":{"line":225,"column":73}},"62":{"start":{"line":228,"column":2},"end":{"line":244,"column":5}},"63":{"start":{"line":229,"column":4},"end":{"line":236,"column":7}},"64":{"start":{"line":238,"column":26},"end":{"line":238,"column":47}},"65":{"start":{"line":241,"column":20},"end":{"line":241,"column":39}},"66":{"start":{"line":242,"column":4},"end":{"line":242,"column":45}},"67":{"start":{"line":243,"column":4},"end":{"line":243,"column":38}},"68":{"start":{"line":246,"column":2},"end":{"line":259,"column":5}},"69":{"start":{"line":247,"column":4},"end":{"line":254,"column":7}},"70":{"start":{"line":256,"column":4},"end":{"line":256,"column":26}},"71":{"start":{"line":258,"column":4},"end":{"line":258,"column":66}}},"fnMap":{"0":{"name":"(anonymous_0)","decl":{"start":{"line":8,"column":39},"end":{"line":8,"column":40}},"loc":{"start":{"line":8,"column":46},"end":{"line":10,"column":1}},"line":8},"1":{"name":"(anonymous_1)","decl":{"start":{"line":13,"column":43},"end":{"line":13,"column":44}},"loc":{"start":{"line":13,"column":49},"end":{"line":48,"column":1}},"line":13},"2":{"name":"MockActivityFeed","decl":{"start":{"line":14,"column":18},"end":{"line":14,"column":34}},"loc":{"start":{"line":20,"column":5},"end":{"line":47,"column":3}},"line":20},"3":{"name":"(anonymous_3)","decl":{"start":{"line":27,"column":28},"end":{"line":27,"column":29}},"loc":{"start":{"line":28,"column":14},"end":{"line":30,"column":20}},"line":28},"4":{"name":"(anonymous_4)","decl":{"start":{"line":52,"column":27},"end":{"line":52,"column":28}},"loc":{"start":{"line":52,"column":33},"end":{"line":260,"column":1}},"line":52},"5":{"name":"(anonymous_5)","decl":{"start":{"line":72,"column":13},"end":{"line":72,"column":14}},"loc":{"start":{"line":72,"column":19},"end":{"line":74,"column":3}},"line":72},"6":{"name":"(anonymous_6)","decl":{"start":{"line":76,"column":35},"end":{"line":76,"column":36}},"loc":{"start":{"line":76,"column":41},"end":{"line":90,"column":3}},"line":76},"7":{"name":"(anonymous_7)","decl":{"start":{"line":92,"column":31},"end":{"line":92,"column":32}},"loc":{"start":{"line":92,"column":37},"end":{"line":108,"column":3}},"line":92},"8":{"name":"(anonymous_8)","decl":{"start":{"line":110,"column":39},"end":{"line":110,"column":40}},"loc":{"start":{"line":110,"column":45},"end":{"line":123,"column":3}},"line":110},"9":{"name":"(anonymous_9)","decl":{"start":{"line":125,"column":38},"end":{"line":125,"column":39}},"loc":{"start":{"line":125,"column":44},"end":{"line":139,"column":3}},"line":125},"10":{"name":"(anonymous_10)","decl":{"start":{"line":141,"column":38},"end":{"line":141,"column":39}},"loc":{"start":{"line":141,"column":44},"end":{"line":157,"column":3}},"line":141},"11":{"name":"(anonymous_11)","decl":{"start":{"line":159,"column":47},"end":{"line":159,"column":48}},"loc":{"start":{"line":159,"column":53},"end":{"line":172,"column":3}},"line":159},"12":{"name":"(anonymous_12)","decl":{"start":{"line":174,"column":48},"end":{"line":174,"column":49}},"loc":{"start":{"line":174,"column":54},"end":{"line":188,"column":3}},"line":174},"13":{"name":"(anonymous_13)","decl":{"start":{"line":190,"column":28},"end":{"line":190,"column":29}},"loc":{"start":{"line":190,"column":34},"end":{"line":207,"column":3}},"line":190},"14":{"name":"(anonymous_14)","decl":{"start":{"line":209,"column":36},"end":{"line":209,"column":37}},"loc":{"start":{"line":209,"column":42},"end":{"line":226,"column":3}},"line":209},"15":{"name":"(anonymous_15)","decl":{"start":{"line":228,"column":54},"end":{"line":228,"column":55}},"loc":{"start":{"line":228,"column":60},"end":{"line":244,"column":3}},"line":228},"16":{"name":"(anonymous_16)","decl":{"start":{"line":246,"column":56},"end":{"line":246,"column":57}},"loc":{"start":{"line":246,"column":62},"end":{"line":259,"column":3}},"line":246}},"branchMap":{"0":{"loc":{"start":{"line":23,"column":9},"end":{"line":23,"column":52}},"type":"binary-expr","locations":[{"start":{"line":23,"column":9},"end":{"line":23,"column":16}},{"start":{"line":23,"column":20},"end":{"line":23,"column":52}}],"line":23},"1":{"loc":{"start":{"line":24,"column":9},"end":{"line":24,"column":43}},"type":"binary-expr","locations":[{"start":{"line":24,"column":9},"end":{"line":24,"column":14}},{"start":{"line":24,"column":18},"end":{"line":24,"column":43}}],"line":24},"2":{"loc":{"start":{"line":25,"column":9},"end":{"line":33,"column":9}},"type":"binary-expr","locations":[{"start":{"line":25,"column":9},"end":{"line":25,"column":30}},{"start":{"line":26,"column":10},"end":{"line":32,"column":16}}],"line":25},"3":{"loc":{"start":{"line":34,"column":9},"end":{"line":36,"column":9}},"type":"binary-expr","locations":[{"start":{"line":34,"column":9},"end":{"line":34,"column":17}},{"start":{"line":34,"column":21},"end":{"line":34,"column":44}},{"start":{"line":34,"column":48},"end":{"line":34,"column":54}},{"start":{"line":35,"column":10},"end":{"line":35,"column":34}}],"line":34},"4":{"loc":{"start":{"line":37,"column":9},"end":{"line":44,"column":9}},"type":"binary-expr","locations":[{"start":{"line":37,"column":9},"end":{"line":37,"column":16}},{"start":{"line":38,"column":10},"end":{"line":43,"column":19}}],"line":37}},"s":{"0":0,"1":0,"2":0,"3":0,"4":0,"5":0,"6":0,"7":0,"8":0,"9":0,"10":0,"11":0,"12":0,"13":0,"14":0,"15":0,"16":0,"17":0,"18":0,"19":0,"20":0,"21":0,"22":0,"23":0,"24":0,"25":0,"26":0,"27":0,"28":0,"29":0,"30":0,"31":0,"32":0,"33":0,"34":0,"35":0,"36":0,"37":0,"38":0,"39":0,"40":0,"41":0,"42":0,"43":0,"44":0,"45":0,"46":0,"47":0,"48":0,"49":0,"50":0,"51":0,"52":0,"53":0,"54":0,"55":0,"56":0,"57":0,"58":0,"59":0,"60":0,"61":0,"62":0,"63":0,"64":0,"65":0,"66":0,"67":0,"68":0,"69":0,"70":0,"71":0},"f":{"0":0,"1":0,"2":0,"3":0,"4":0,"5":0,"6":0,"7":0,"8":0,"9":0,"10":0,"11":0,"12":0,"13":0,"14":0,"15":0,"16":0},"b":{"0":[0,0],"1":[0,0],"2":[0,0],"3":[0,0,0,0],"4":[0,0]}}
,"/Users/oliver/OliverRepo/workspaces/work/projects/vtwo-ops/app/src/__tests__/pages/Directory.test.jsx": {"path":"/Users/oliver/OliverRepo/workspaces/work/projects/vtwo-ops/app/src/__tests__/pages/Directory.test.jsx","statementMap":{"0":{"start":{"line":9,"column":0},"end":{"line":11,"column":4}},"1":{"start":{"line":9,"column":45},"end":{"line":11,"column":1}},"2":{"start":{"line":13,"column":0},"end":{"line":23,"column":3}},"3":{"start":{"line":14,"column":2},"end":{"line":22,"column":4}},"4":{"start":{"line":15,"column":4},"end":{"line":15,"column":29}},"5":{"start":{"line":15,"column":17},"end":{"line":15,"column":29}},"6":{"start":{"line":16,"column":4},"end":{"line":21,"column":6}},"7":{"start":{"line":27,"column":0},"end":{"line":429,"column":3}},"8":{"start":{"line":28,"column":24},"end":{"line":59,"column":3}},"9":{"start":{"line":61,"column":29},"end":{"line":61,"column":38}},"10":{"start":{"line":62,"column":30},"end":{"line":67,"column":4}},"11":{"start":{"line":63,"column":4},"end":{"line":66,"column":6}},"12":{"start":{"line":64,"column":6},"end":{"line":65,"column":56}},"13":{"start":{"line":68,"column":33},"end":{"line":70,"column":4}},"14":{"start":{"line":69,"column":4},"end":{"line":69,"column":83}},"15":{"start":{"line":69,"column":44},"end":{"line":69,"column":65}},"16":{"start":{"line":71,"column":29},"end":{"line":73,"column":4}},"17":{"start":{"line":72,"column":4},"end":{"line":72,"column":83}},"18":{"start":{"line":72,"column":46},"end":{"line":72,"column":65}},"19":{"start":{"line":74,"column":29},"end":{"line":74,"column":80}},"20":{"start":{"line":74,"column":43},"end":{"line":74,"column":79}},"21":{"start":{"line":75,"column":35},"end":{"line":79,"column":5}},"22":{"start":{"line":75,"column":50},"end":{"line":79,"column":3}},"23":{"start":{"line":81,"column":2},"end":{"line":100,"column":5}},"24":{"start":{"line":82,"column":4},"end":{"line":82,"column":25}},"25":{"start":{"line":83,"column":4},"end":{"line":99,"column":7}},"26":{"start":{"line":102,"column":2},"end":{"line":105,"column":5}},"27":{"start":{"line":103,"column":4},"end":{"line":103,"column":26}},"28":{"start":{"line":104,"column":4},"end":{"line":104,"column":71}},"29":{"start":{"line":107,"column":2},"end":{"line":110,"column":5}},"30":{"start":{"line":108,"column":4},"end":{"line":108,"column":26}},"31":{"start":{"line":109,"column":4},"end":{"line":109,"column":69}},"32":{"start":{"line":112,"column":2},"end":{"line":115,"column":5}},"33":{"start":{"line":113,"column":4},"end":{"line":113,"column":26}},"34":{"start":{"line":114,"column":4},"end":{"line":114,"column":50}},"35":{"start":{"line":117,"column":2},"end":{"line":124,"column":5}},"36":{"start":{"line":118,"column":4},"end":{"line":118,"column":26}},"37":{"start":{"line":120,"column":4},"end":{"line":120,"column":61}},"38":{"start":{"line":121,"column":4},"end":{"line":121,"column":69}},"39":{"start":{"line":122,"column":4},"end":{"line":122,"column":68}},"40":{"start":{"line":123,"column":4},"end":{"line":123,"column":68}},"41":{"start":{"line":126,"column":2},"end":{"line":135,"column":5}},"42":{"start":{"line":127,"column":4},"end":{"line":127,"column":26}},"43":{"start":{"line":129,"column":4},"end":{"line":129,"column":57}},"44":{"start":{"line":130,"column":4},"end":{"line":130,"column":58}},"45":{"start":{"line":131,"column":4},"end":{"line":131,"column":58}},"46":{"start":{"line":132,"column":4},"end":{"line":132,"column":63}},"47":{"start":{"line":133,"column":4},"end":{"line":133,"column":59}},"48":{"start":{"line":134,"column":4},"end":{"line":134,"column":63}},"49":{"start":{"line":137,"column":2},"end":{"line":148,"column":5}},"50":{"start":{"line":138,"column":17},"end":{"line":138,"column":34}},"51":{"start":{"line":139,"column":4},"end":{"line":139,"column":26}},"52":{"start":{"line":141,"column":17},"end":{"line":141,"column":48}},"53":{"start":{"line":142,"column":4},"end":{"line":142,"column":30}},"54":{"start":{"line":145,"column":24},"end":{"line":145,"column":58}},"55":{"start":{"line":146,"column":4},"end":{"line":146,"column":44}},"56":{"start":{"line":147,"column":4},"end":{"line":147,"column":54}},"57":{"start":{"line":150,"column":2},"end":{"line":164,"column":5}},"58":{"start":{"line":151,"column":17},"end":{"line":151,"column":34}},"59":{"start":{"line":152,"column":4},"end":{"line":152,"column":26}},"60":{"start":{"line":154,"column":17},"end":{"line":154,"column":48}},"61":{"start":{"line":155,"column":4},"end":{"line":155,"column":30}},"62":{"start":{"line":157,"column":24},"end":{"line":157,"column":55}},"63":{"start":{"line":158,"column":4},"end":{"line":158,"column":34}},"64":{"start":{"line":161,"column":4},"end":{"line":163,"column":7}},"65":{"start":{"line":162,"column":6},"end":{"line":162,"column":75}},"66":{"start":{"line":166,"column":2},"end":{"line":201,"column":5}},"67":{"start":{"line":167,"column":17},"end":{"line":167,"column":34}},"68":{"start":{"line":168,"column":4},"end":{"line":174,"column":7}},"69":{"start":{"line":169,"column":6},"end":{"line":169,"column":38}},"70":{"start":{"line":169,"column":17},"end":{"line":169,"column":38}},"71":{"start":{"line":170,"column":6},"end":{"line":173,"column":8}},"72":{"start":{"line":171,"column":8},"end":{"line":172,"column":58}},"73":{"start":{"line":176,"column":4},"end":{"line":192,"column":7}},"74":{"start":{"line":194,"column":4},"end":{"line":194,"column":26}},"75":{"start":{"line":196,"column":24},"end":{"line":196,"column":78}},"76":{"start":{"line":197,"column":4},"end":{"line":197,"column":41}},"77":{"start":{"line":200,"column":4},"end":{"line":200,"column":61}},"78":{"start":{"line":203,"column":2},"end":{"line":218,"column":5}},"79":{"start":{"line":204,"column":17},"end":{"line":204,"column":34}},"80":{"start":{"line":205,"column":4},"end":{"line":208,"column":7}},"81":{"start":{"line":206,"column":6},"end":{"line":206,"column":38}},"82":{"start":{"line":206,"column":17},"end":{"line":206,"column":38}},"83":{"start":{"line":207,"column":6},"end":{"line":207,"column":62}},"84":{"start":{"line":207,"column":39},"end":{"line":207,"column":60}},"85":{"start":{"line":210,"column":4},"end":{"line":210,"column":26}},"86":{"start":{"line":212,"column":23},"end":{"line":212,"column":66}},"87":{"start":{"line":213,"column":4},"end":{"line":213,"column":56}},"88":{"start":{"line":216,"column":4},"end":{"line":216,"column":61}},"89":{"start":{"line":217,"column":4},"end":{"line":217,"column":69}},"90":{"start":{"line":220,"column":2},"end":{"line":226,"column":5}},"91":{"start":{"line":221,"column":4},"end":{"line":221,"column":26}},"92":{"start":{"line":223,"column":4},"end":{"line":223,"column":70}},"93":{"start":{"line":224,"column":4},"end":{"line":224,"column":66}},"94":{"start":{"line":225,"column":4},"end":{"line":225,"column":65}},"95":{"start":{"line":228,"column":2},"end":{"line":242,"column":5}},"96":{"start":{"line":229,"column":17},"end":{"line":229,"column":34}},"97":{"start":{"line":230,"column":4},"end":{"line":233,"column":7}},"98":{"start":{"line":231,"column":6},"end":{"line":231,"column":40}},"99":{"start":{"line":231,"column":19},"end":{"line":231,"column":40}},"100":{"start":{"line":232,"column":6},"end":{"line":232,"column":60}},"101":{"start":{"line":232,"column":39},"end":{"line":232,"column":58}},"102":{"start":{"line":235,"column":4},"end":{"line":235,"column":26}},"103":{"start":{"line":237,"column":25},"end":{"line":237,"column":65}},"104":{"start":{"line":238,"column":4},"end":{"line":238,"column":57}},"105":{"start":{"line":241,"column":4},"end":{"line":241,"column":66}},"106":{"start":{"line":244,"column":2},"end":{"line":252,"column":5}},"107":{"start":{"line":245,"column":4},"end":{"line":245,"column":26}},"108":{"start":{"line":247,"column":25},"end":{"line":247,"column":54}},"109":{"start":{"line":248,"column":4},"end":{"line":248,"column":51}},"110":{"start":{"line":250,"column":29},"end":{"line":250,"column":62}},"111":{"start":{"line":251,"column":4},"end":{"line":251,"column":55}},"112":{"start":{"line":254,"column":2},"end":{"line":259,"column":5}},"113":{"start":{"line":255,"column":4},"end":{"line":255,"column":26}},"114":{"start":{"line":258,"column":4},"end":{"line":258,"column":82}},"115":{"start":{"line":261,"column":2},"end":{"line":282,"column":5}},"116":{"start":{"line":262,"column":4},"end":{"line":278,"column":7}},"117":{"start":{"line":280,"column":4},"end":{"line":280,"column":26}},"118":{"start":{"line":281,"column":4},"end":{"line":281,"column":73}},"119":{"start":{"line":284,"column":2},"end":{"line":305,"column":5}},"120":{"start":{"line":285,"column":4},"end":{"line":301,"column":7}},"121":{"start":{"line":303,"column":4},"end":{"line":303,"column":26}},"122":{"start":{"line":304,"column":4},"end":{"line":304,"column":77}},"123":{"start":{"line":307,"column":2},"end":{"line":328,"column":5}},"124":{"start":{"line":308,"column":4},"end":{"line":324,"column":7}},"125":{"start":{"line":313,"column":29},"end":{"line":313,"column":31}},"126":{"start":{"line":314,"column":32},"end":{"line":314,"column":34}},"127":{"start":{"line":315,"column":28},"end":{"line":315,"column":30}},"128":{"start":{"line":316,"column":28},"end":{"line":316,"column":30}},"129":{"start":{"line":317,"column":35},"end":{"line":317,"column":37}},"130":{"start":{"line":326,"column":4},"end":{"line":326,"column":26}},"131":{"start":{"line":327,"column":4},"end":{"line":327,"column":71}},"132":{"start":{"line":330,"column":2},"end":{"line":358,"column":5}},"133":{"start":{"line":331,"column":17},"end":{"line":331,"column":34}},"134":{"start":{"line":332,"column":4},"end":{"line":332,"column":44}},"135":{"start":{"line":334,"column":4},"end":{"line":350,"column":7}},"136":{"start":{"line":352,"column":4},"end":{"line":352,"column":26}},"137":{"start":{"line":354,"column":24},"end":{"line":354,"column":78}},"138":{"start":{"line":355,"column":4},"end":{"line":355,"column":43}},"139":{"start":{"line":357,"column":4},"end":{"line":357,"column":84}},"140":{"start":{"line":360,"column":2},"end":{"line":366,"column":5}},"141":{"start":{"line":361,"column":4},"end":{"line":361,"column":26}},"142":{"start":{"line":363,"column":4},"end":{"line":363,"column":69}},"143":{"start":{"line":364,"column":4},"end":{"line":364,"column":69}},"144":{"start":{"line":365,"column":4},"end":{"line":365,"column":70}},"145":{"start":{"line":368,"column":2},"end":{"line":374,"column":5}},"146":{"start":{"line":369,"column":4},"end":{"line":369,"column":26}},"147":{"start":{"line":371,"column":4},"end":{"line":371,"column":68}},"148":{"start":{"line":372,"column":4},"end":{"line":372,"column":68}},"149":{"start":{"line":373,"column":4},"end":{"line":373,"column":61}},"150":{"start":{"line":376,"column":2},"end":{"line":382,"column":5}},"151":{"start":{"line":377,"column":4},"end":{"line":377,"column":26}},"152":{"start":{"line":379,"column":4},"end":{"line":379,"column":64}},"153":{"start":{"line":380,"column":4},"end":{"line":380,"column":60}},"154":{"start":{"line":381,"column":4},"end":{"line":381,"column":59}},"155":{"start":{"line":384,"column":2},"end":{"line":391,"column":5}},"156":{"start":{"line":386,"column":4},"end":{"line":386,"column":28}},"157":{"start":{"line":387,"column":4},"end":{"line":387,"column":26}},"158":{"start":{"line":390,"column":4},"end":{"line":390,"column":71}},"159":{"start":{"line":393,"column":2},"end":{"line":428,"column":5}},"160":{"start":{"line":394,"column":17},"end":{"line":394,"column":34}},"161":{"start":{"line":395,"column":25},"end":{"line":395,"column":46}},"162":{"start":{"line":397,"column":4},"end":{"line":397,"column":69}},"163":{"start":{"line":400,"column":4},"end":{"line":400,"column":63}},"164":{"start":{"line":401,"column":4},"end":{"line":417,"column":7}},"165":{"start":{"line":419,"column":4},"end":{"line":419,"column":28}},"166":{"start":{"line":421,"column":23},"end":{"line":421,"column":66}},"167":{"start":{"line":422,"column":4},"end":{"line":422,"column":56}},"168":{"start":{"line":425,"column":4},"end":{"line":427,"column":7}},"169":{"start":{"line":426,"column":6},"end":{"line":426,"column":77}}},"fnMap":{"0":{"name":"(anonymous_0)","decl":{"start":{"line":9,"column":38},"end":{"line":9,"column":39}},"loc":{"start":{"line":9,"column":45},"end":{"line":11,"column":1}},"line":9},"1":{"name":"(anonymous_1)","decl":{"start":{"line":13,"column":57},"end":{"line":13,"column":58}},"loc":{"start":{"line":13,"column":63},"end":{"line":23,"column":1}},"line":13},"2":{"name":"MockDetailPanel","decl":{"start":{"line":14,"column":18},"end":{"line":14,"column":33}},"loc":{"start":{"line":14,"column":65},"end":{"line":22,"column":3}},"line":14},"3":{"name":"(anonymous_3)","decl":{"start":{"line":27,"column":27},"end":{"line":27,"column":28}},"loc":{"start":{"line":27,"column":33},"end":{"line":429,"column":1}},"line":27},"4":{"name":"(anonymous_4)","decl":{"start":{"line":62,"column":38},"end":{"line":62,"column":39}},"loc":{"start":{"line":62,"column":48},"end":{"line":67,"column":3}},"line":62},"5":{"name":"(anonymous_5)","decl":{"start":{"line":63,"column":32},"end":{"line":63,"column":33}},"loc":{"start":{"line":64,"column":6},"end":{"line":65,"column":56}},"line":64},"6":{"name":"(anonymous_6)","decl":{"start":{"line":68,"column":41},"end":{"line":68,"column":42}},"loc":{"start":{"line":68,"column":51},"end":{"line":70,"column":3}},"line":68},"7":{"name":"(anonymous_7)","decl":{"start":{"line":69,"column":39},"end":{"line":69,"column":40}},"loc":{"start":{"line":69,"column":44},"end":{"line":69,"column":65}},"line":69},"8":{"name":"(anonymous_8)","decl":{"start":{"line":71,"column":37},"end":{"line":71,"column":38}},"loc":{"start":{"line":71,"column":49},"end":{"line":73,"column":3}},"line":71},"9":{"name":"(anonymous_9)","decl":{"start":{"line":72,"column":41},"end":{"line":72,"column":42}},"loc":{"start":{"line":72,"column":46},"end":{"line":72,"column":65}},"line":72},"10":{"name":"(anonymous_10)","decl":{"start":{"line":74,"column":37},"end":{"line":74,"column":38}},"loc":{"start":{"line":74,"column":43},"end":{"line":74,"column":79}},"line":74},"11":{"name":"(anonymous_11)","decl":{"start":{"line":75,"column":43},"end":{"line":75,"column":44}},"loc":{"start":{"line":75,"column":50},"end":{"line":79,"column":3}},"line":75},"12":{"name":"(anonymous_12)","decl":{"start":{"line":81,"column":13},"end":{"line":81,"column":14}},"loc":{"start":{"line":81,"column":19},"end":{"line":100,"column":3}},"line":81},"13":{"name":"(anonymous_13)","decl":{"start":{"line":102,"column":39},"end":{"line":102,"column":40}},"loc":{"start":{"line":102,"column":45},"end":{"line":105,"column":3}},"line":102},"14":{"name":"(anonymous_14)","decl":{"start":{"line":107,"column":34},"end":{"line":107,"column":35}},"loc":{"start":{"line":107,"column":40},"end":{"line":110,"column":3}},"line":107},"15":{"name":"(anonymous_15)","decl":{"start":{"line":112,"column":37},"end":{"line":112,"column":38}},"loc":{"start":{"line":112,"column":43},"end":{"line":115,"column":3}},"line":112},"16":{"name":"(anonymous_16)","decl":{"start":{"line":117,"column":43},"end":{"line":117,"column":44}},"loc":{"start":{"line":117,"column":49},"end":{"line":124,"column":3}},"line":117},"17":{"name":"(anonymous_17)","decl":{"start":{"line":126,"column":37},"end":{"line":126,"column":38}},"loc":{"start":{"line":126,"column":43},"end":{"line":135,"column":3}},"line":126},"18":{"name":"(anonymous_18)","decl":{"start":{"line":137,"column":58},"end":{"line":137,"column":59}},"loc":{"start":{"line":137,"column":70},"end":{"line":148,"column":3}},"line":137},"19":{"name":"(anonymous_19)","decl":{"start":{"line":150,"column":59},"end":{"line":150,"column":60}},"loc":{"start":{"line":150,"column":71},"end":{"line":164,"column":3}},"line":150},"20":{"name":"(anonymous_20)","decl":{"start":{"line":161,"column":18},"end":{"line":161,"column":19}},"loc":{"start":{"line":161,"column":24},"end":{"line":163,"column":5}},"line":161},"21":{"name":"(anonymous_21)","decl":{"start":{"line":166,"column":50},"end":{"line":166,"column":51}},"loc":{"start":{"line":166,"column":62},"end":{"line":201,"column":3}},"line":166},"22":{"name":"(anonymous_22)","decl":{"start":{"line":168,"column":43},"end":{"line":168,"column":44}},"loc":{"start":{"line":168,"column":53},"end":{"line":174,"column":5}},"line":168},"23":{"name":"(anonymous_23)","decl":{"start":{"line":170,"column":34},"end":{"line":170,"column":35}},"loc":{"start":{"line":171,"column":8},"end":{"line":172,"column":58}},"line":171},"24":{"name":"(anonymous_24)","decl":{"start":{"line":203,"column":42},"end":{"line":203,"column":43}},"loc":{"start":{"line":203,"column":54},"end":{"line":218,"column":3}},"line":203},"25":{"name":"(anonymous_25)","decl":{"start":{"line":205,"column":46},"end":{"line":205,"column":47}},"loc":{"start":{"line":205,"column":56},"end":{"line":208,"column":5}},"line":205},"26":{"name":"(anonymous_26)","decl":{"start":{"line":207,"column":34},"end":{"line":207,"column":35}},"loc":{"start":{"line":207,"column":39},"end":{"line":207,"column":60}},"line":207},"27":{"name":"(anonymous_27)","decl":{"start":{"line":220,"column":48},"end":{"line":220,"column":49}},"loc":{"start":{"line":220,"column":54},"end":{"line":226,"column":3}},"line":220},"28":{"name":"(anonymous_28)","decl":{"start":{"line":228,"column":38},"end":{"line":228,"column":39}},"loc":{"start":{"line":228,"column":50},"end":{"line":242,"column":3}},"line":228},"29":{"name":"(anonymous_29)","decl":{"start":{"line":230,"column":42},"end":{"line":230,"column":43}},"loc":{"start":{"line":230,"column":54},"end":{"line":233,"column":5}},"line":230},"30":{"name":"(anonymous_30)","decl":{"start":{"line":232,"column":34},"end":{"line":232,"column":35}},"loc":{"start":{"line":232,"column":39},"end":{"line":232,"column":58}},"line":232},"31":{"name":"(anonymous_31)","decl":{"start":{"line":244,"column":53},"end":{"line":244,"column":54}},"loc":{"start":{"line":244,"column":59},"end":{"line":252,"column":3}},"line":244},"32":{"name":"(anonymous_32)","decl":{"start":{"line":254,"column":41},"end":{"line":254,"column":42}},"loc":{"start":{"line":254,"column":47},"end":{"line":259,"column":3}},"line":254},"33":{"name":"(anonymous_33)","decl":{"start":{"line":261,"column":32},"end":{"line":261,"column":33}},"loc":{"start":{"line":261,"column":38},"end":{"line":282,"column":3}},"line":261},"34":{"name":"(anonymous_34)","decl":{"start":{"line":284,"column":41},"end":{"line":284,"column":42}},"loc":{"start":{"line":284,"column":47},"end":{"line":305,"column":3}},"line":284},"35":{"name":"(anonymous_35)","decl":{"start":{"line":307,"column":49},"end":{"line":307,"column":50}},"loc":{"start":{"line":307,"column":55},"end":{"line":328,"column":3}},"line":307},"36":{"name":"(anonymous_36)","decl":{"start":{"line":313,"column":23},"end":{"line":313,"column":24}},"loc":{"start":{"line":313,"column":29},"end":{"line":313,"column":31}},"line":313},"37":{"name":"(anonymous_37)","decl":{"start":{"line":314,"column":26},"end":{"line":314,"column":27}},"loc":{"start":{"line":314,"column":32},"end":{"line":314,"column":34}},"line":314},"38":{"name":"(anonymous_38)","decl":{"start":{"line":315,"column":22},"end":{"line":315,"column":23}},"loc":{"start":{"line":315,"column":28},"end":{"line":315,"column":30}},"line":315},"39":{"name":"(anonymous_39)","decl":{"start":{"line":316,"column":22},"end":{"line":316,"column":23}},"loc":{"start":{"line":316,"column":28},"end":{"line":316,"column":30}},"line":316},"40":{"name":"(anonymous_40)","decl":{"start":{"line":317,"column":28},"end":{"line":317,"column":29}},"loc":{"start":{"line":317,"column":35},"end":{"line":317,"column":37}},"line":317},"41":{"name":"(anonymous_41)","decl":{"start":{"line":330,"column":66},"end":{"line":330,"column":67}},"loc":{"start":{"line":330,"column":78},"end":{"line":358,"column":3}},"line":330},"42":{"name":"(anonymous_42)","decl":{"start":{"line":360,"column":44},"end":{"line":360,"column":45}},"loc":{"start":{"line":360,"column":50},"end":{"line":366,"column":3}},"line":360},"43":{"name":"(anonymous_43)","decl":{"start":{"line":368,"column":44},"end":{"line":368,"column":45}},"loc":{"start":{"line":368,"column":50},"end":{"line":374,"column":3}},"line":368},"44":{"name":"(anonymous_44)","decl":{"start":{"line":376,"column":49},"end":{"line":376,"column":50}},"loc":{"start":{"line":376,"column":55},"end":{"line":382,"column":3}},"line":376},"45":{"name":"(anonymous_45)","decl":{"start":{"line":384,"column":40},"end":{"line":384,"column":41}},"loc":{"start":{"line":384,"column":46},"end":{"line":391,"column":3}},"line":384},"46":{"name":"(anonymous_46)","decl":{"start":{"line":393,"column":53},"end":{"line":393,"column":54}},"loc":{"start":{"line":393,"column":65},"end":{"line":428,"column":3}},"line":393},"47":{"name":"(anonymous_47)","decl":{"start":{"line":425,"column":18},"end":{"line":425,"column":19}},"loc":{"start":{"line":425,"column":24},"end":{"line":427,"column":5}},"line":425}},"branchMap":{"0":{"loc":{"start":{"line":15,"column":4},"end":{"line":15,"column":29}},"type":"if","locations":[{"start":{"line":15,"column":4},"end":{"line":15,"column":29}},{"start":{},"end":{}}],"line":15},"1":{"loc":{"start":{"line":64,"column":6},"end":{"line":65,"column":56}},"type":"binary-expr","locations":[{"start":{"line":64,"column":6},"end":{"line":64,"column":55}},{"start":{"line":65,"column":6},"end":{"line":65,"column":56}}],"line":64},"2":{"loc":{"start":{"line":69,"column":11},"end":{"line":69,"column":82}},"type":"cond-expr","locations":[{"start":{"line":69,"column":18},"end":{"line":69,"column":66}},{"start":{"line":69,"column":69},"end":{"line":69,"column":82}}],"line":69},"3":{"loc":{"start":{"line":72,"column":11},"end":{"line":72,"column":82}},"type":"cond-expr","locations":[{"start":{"line":72,"column":20},"end":{"line":72,"column":66}},{"start":{"line":72,"column":69},"end":{"line":72,"column":82}}],"line":72},"4":{"loc":{"start":{"line":169,"column":6},"end":{"line":169,"column":38}},"type":"if","locations":[{"start":{"line":169,"column":6},"end":{"line":169,"column":38}},{"start":{},"end":{}}],"line":169},"5":{"loc":{"start":{"line":171,"column":8},"end":{"line":172,"column":58}},"type":"binary-expr","locations":[{"start":{"line":171,"column":8},"end":{"line":171,"column":57}},{"start":{"line":172,"column":8},"end":{"line":172,"column":58}}],"line":171},"6":{"loc":{"start":{"line":206,"column":6},"end":{"line":206,"column":38}},"type":"if","locations":[{"start":{"line":206,"column":6},"end":{"line":206,"column":38}},{"start":{},"end":{}}],"line":206},"7":{"loc":{"start":{"line":231,"column":6},"end":{"line":231,"column":40}},"type":"if","locations":[{"start":{"line":231,"column":6},"end":{"line":231,"column":40}},{"start":{},"end":{}}],"line":231}},"s":{"0":0,"1":0,"2":0,"3":0,"4":0,"5":0,"6":0,"7":0,"8":0,"9":0,"10":0,"11":0,"12":0,"13":0,"14":0,"15":0,"16":0,"17":0,"18":0,"19":0,"20":0,"21":0,"22":0,"23":0,"24":0,"25":0,"26":0,"27":0,"28":0,"29":0,"30":0,"31":0,"32":0,"33":0,"34":0,"35":0,"36":0,"37":0,"38":0,"39":0,"40":0,"41":0,"42":0,"43":0,"44":0,"45":0,"46":0,"47":0,"48":0,"49":0,"50":0,"51":0,"52":0,"53":0,"54":0,"55":0,"56":0,"57":0,"58":0,"59":0,"60":0,"61":0,"62":0,"63":0,"64":0,"65":0,"66":0,"67":0,"68":0,"69":0,"70":0,"71":0,"72":0,"73":0,"74":0,"75":0,"76":0,"77":0,"78":0,"79":0,"80":0,"81":0,"82":0,"83":0,"84":0,"85":0,"86":0,"87":0,"88":0,"89":0,"90":0,"91":0,"92":0,"93":0,"94":0,"95":0,"96":0,"97":0,"98":0,"99":0,"100":0,"101":0,"102":0,"103":0,"104":0,"105":0,"106":0,"107":0,"108":0,"109":0,"110":0,"111":0,"112":0,"113":0,"114":0,"115":0,"116":0,"117":0,"118":0,"119":0,"120":0,"121":0,"122":0,"123":0,"124":0,"125":0,"126":0,"127":0,"128":0,"129":0,"130":0,"131":0,"132":0,"133":0,"134":0,"135":0,"136":0,"137":0,"138":0,"139":0,"140":0,"141":0,"142":0,"143":0,"144":0,"145":0,"146":0,"147":0,"148":0,"149":0,"150":0,"151":0,"152":0,"153":0,"154":0,"155":0,"156":0,"157":0,"158":0,"159":0,"160":0,"161":0,"162":0,"163":0,"164":0,"165":0,"166":0,"167":0,"168":0,"169":0},"f":{"0":0,"1":0,"2":0,"3":0,"4":0,"5":0,"6":0,"7":0,"8":0,"9":0,"10":0,"11":0,"12":0,"13":0,"14":0,"15":0,"16":0,"17":0,"18":0,"19":0,"20":0,"21":0,"22":0,"23":0,"24":0,"25":0,"26":0,"27":0,"28":0,"29":0,"30":0,"31":0,"32":0,"33":0,"34":0,"35":0,"36":0,"37":0,"38":0,"39":0,"40":0,"41":0,"42":0,"43":0,"44":0,"45":0,"46":0,"47":0},"b":{"0":[0,0],"1":[0,0],"2":[0,0],"3":[0,0],"4":[0,0],"5":[0,0],"6":[0,0],"7":[0,0]}}
,"/Users/oliver/OliverRepo/workspaces/work/projects/vtwo-ops/app/src/__tests__/pages/admin/CustomFields.test.jsx": {"path":"/Users/oliver/OliverRepo/workspaces/work/projects/vtwo-ops/app/src/__tests__/pages/admin/CustomFields.test.jsx","statementMap":{"0":{"start":{"line":8,"column":0},"end":{"line":10,"column":4}},"1":{"start":{"line":8,"column":44},"end":{"line":10,"column":1}},"2":{"start":{"line":14,"column":0},"end":{"line":289,"column":3}},"3":{"start":{"line":15,"column":21},"end":{"line":36,"column":3}},"4":{"start":{"line":38,"column":2},"end":{"line":48,"column":5}},"5":{"start":{"line":39,"column":4},"end":{"line":39,"column":25}},"6":{"start":{"line":40,"column":4},"end":{"line":47,"column":7}},"7":{"start":{"line":50,"column":2},"end":{"line":55,"column":5}},"8":{"start":{"line":51,"column":4},"end":{"line":51,"column":29}},"9":{"start":{"line":53,"column":4},"end":{"line":53,"column":66}},"10":{"start":{"line":54,"column":4},"end":{"line":54,"column":73}},"11":{"start":{"line":57,"column":2},"end":{"line":64,"column":5}},"12":{"start":{"line":58,"column":4},"end":{"line":58,"column":29}},"13":{"start":{"line":60,"column":4},"end":{"line":63,"column":7}},"14":{"start":{"line":61,"column":6},"end":{"line":61,"column":66}},"15":{"start":{"line":62,"column":6},"end":{"line":62,"column":67}},"16":{"start":{"line":66,"column":2},"end":{"line":72,"column":5}},"17":{"start":{"line":67,"column":4},"end":{"line":67,"column":29}},"18":{"start":{"line":69,"column":22},"end":{"line":69,"column":60}},"19":{"start":{"line":70,"column":4},"end":{"line":70,"column":42}},"20":{"start":{"line":71,"column":4},"end":{"line":71,"column":41}},"21":{"start":{"line":74,"column":2},"end":{"line":83,"column":5}},"22":{"start":{"line":75,"column":4},"end":{"line":75,"column":29}},"23":{"start":{"line":77,"column":22},"end":{"line":77,"column":60}},"24":{"start":{"line":78,"column":4},"end":{"line":78,"column":31}},"25":{"start":{"line":80,"column":4},"end":{"line":82,"column":7}},"26":{"start":{"line":81,"column":6},"end":{"line":81,"column":74}},"27":{"start":{"line":85,"column":2},"end":{"line":92,"column":5}},"28":{"start":{"line":86,"column":4},"end":{"line":86,"column":29}},"29":{"start":{"line":88,"column":4},"end":{"line":91,"column":7}},"30":{"start":{"line":89,"column":6},"end":{"line":89,"column":61}},"31":{"start":{"line":90,"column":6},"end":{"line":90,"column":63}},"32":{"start":{"line":94,"column":2},"end":{"line":101,"column":5}},"33":{"start":{"line":95,"column":4},"end":{"line":95,"column":29}},"34":{"start":{"line":97,"column":4},"end":{"line":100,"column":7}},"35":{"start":{"line":98,"column":28},"end":{"line":98,"column":54}},"36":{"start":{"line":99,"column":6},"end":{"line":99,"column":54}},"37":{"start":{"line":103,"column":2},"end":{"line":112,"column":5}},"38":{"start":{"line":104,"column":4},"end":{"line":104,"column":29}},"39":{"start":{"line":106,"column":4},"end":{"line":111,"column":7}},"40":{"start":{"line":107,"column":26},"end":{"line":107,"column":53}},"41":{"start":{"line":108,"column":28},"end":{"line":108,"column":57}},"42":{"start":{"line":109,"column":6},"end":{"line":109,"column":57}},"43":{"start":{"line":110,"column":6},"end":{"line":110,"column":59}},"44":{"start":{"line":114,"column":2},"end":{"line":133,"column":5}},"45":{"start":{"line":115,"column":23},"end":{"line":115,"column":65}},"46":{"start":{"line":116,"column":4},"end":{"line":123,"column":7}},"47":{"start":{"line":125,"column":4},"end":{"line":125,"column":29}},"48":{"start":{"line":127,"column":22},"end":{"line":127,"column":60}},"49":{"start":{"line":128,"column":4},"end":{"line":128,"column":31}},"50":{"start":{"line":130,"column":4},"end":{"line":132,"column":7}},"51":{"start":{"line":131,"column":6},"end":{"line":131,"column":74}},"52":{"start":{"line":135,"column":2},"end":{"line":183,"column":5}},"53":{"start":{"line":136,"column":4},"end":{"line":150,"column":7}},"54":{"start":{"line":137,"column":6},"end":{"line":137,"column":31}},"55":{"start":{"line":139,"column":6},"end":{"line":141,"column":9}},"56":{"start":{"line":140,"column":8},"end":{"line":140,"column":68}},"57":{"start":{"line":143,"column":26},"end":{"line":143,"column":80}},"58":{"start":{"line":144,"column":6},"end":{"line":144,"column":69}},"59":{"start":{"line":146,"column":6},"end":{"line":149,"column":9}},"60":{"start":{"line":147,"column":8},"end":{"line":147,"column":68}},"61":{"start":{"line":148,"column":8},"end":{"line":148,"column":77}},"62":{"start":{"line":152,"column":4},"end":{"line":166,"column":7}},"63":{"start":{"line":153,"column":6},"end":{"line":153,"column":31}},"64":{"start":{"line":155,"column":6},"end":{"line":157,"column":9}},"65":{"start":{"line":156,"column":8},"end":{"line":156,"column":68}},"66":{"start":{"line":159,"column":25},"end":{"line":159,"column":62}},"67":{"start":{"line":160,"column":6},"end":{"line":160,"column":66}},"68":{"start":{"line":163,"column":6},"end":{"line":165,"column":9}},"69":{"start":{"line":164,"column":8},"end":{"line":164,"column":85}},"70":{"start":{"line":168,"column":4},"end":{"line":182,"column":7}},"71":{"start":{"line":169,"column":6},"end":{"line":169,"column":31}},"72":{"start":{"line":171,"column":6},"end":{"line":173,"column":9}},"73":{"start":{"line":172,"column":8},"end":{"line":172,"column":68}},"74":{"start":{"line":175,"column":27},"end":{"line":175,"column":67}},"75":{"start":{"line":176,"column":6},"end":{"line":176,"column":73}},"76":{"start":{"line":178,"column":6},"end":{"line":181,"column":9}},"77":{"start":{"line":179,"column":8},"end":{"line":179,"column":71}},"78":{"start":{"line":180,"column":8},"end":{"line":180,"column":74}},"79":{"start":{"line":185,"column":2},"end":{"line":200,"column":5}},"80":{"start":{"line":186,"column":4},"end":{"line":199,"column":7}},"81":{"start":{"line":187,"column":6},"end":{"line":187,"column":31}},"82":{"start":{"line":189,"column":6},"end":{"line":191,"column":9}},"83":{"start":{"line":190,"column":8},"end":{"line":190,"column":68}},"84":{"start":{"line":193,"column":26},"end":{"line":193,"column":53}},"85":{"start":{"line":194,"column":6},"end":{"line":194,"column":38}},"86":{"start":{"line":196,"column":6},"end":{"line":198,"column":9}},"87":{"start":{"line":197,"column":8},"end":{"line":197,"column":74}},"88":{"start":{"line":202,"column":2},"end":{"line":254,"column":5}},"89":{"start":{"line":203,"column":4},"end":{"line":228,"column":7}},"90":{"start":{"line":204,"column":25},"end":{"line":204,"column":71}},"91":{"start":{"line":205,"column":6},"end":{"line":212,"column":9}},"92":{"start":{"line":214,"column":6},"end":{"line":214,"column":31}},"93":{"start":{"line":216,"column":6},"end":{"line":218,"column":9}},"94":{"start":{"line":217,"column":8},"end":{"line":217,"column":68}},"95":{"start":{"line":220,"column":6},"end":{"line":220,"column":43}},"96":{"start":{"line":220,"column":37},"end":{"line":220,"column":41}},"97":{"start":{"line":222,"column":28},"end":{"line":222,"column":57}},"98":{"start":{"line":223,"column":6},"end":{"line":223,"column":40}},"99":{"start":{"line":225,"column":6},"end":{"line":227,"column":9}},"100":{"start":{"line":226,"column":8},"end":{"line":226,"column":53}},"101":{"start":{"line":230,"column":4},"end":{"line":253,"column":7}},"102":{"start":{"line":231,"column":25},"end":{"line":231,"column":34}},"103":{"start":{"line":232,"column":6},"end":{"line":239,"column":9}},"104":{"start":{"line":241,"column":6},"end":{"line":241,"column":31}},"105":{"start":{"line":243,"column":6},"end":{"line":245,"column":9}},"106":{"start":{"line":244,"column":8},"end":{"line":244,"column":68}},"107":{"start":{"line":247,"column":6},"end":{"line":247,"column":44}},"108":{"start":{"line":247,"column":37},"end":{"line":247,"column":42}},"109":{"start":{"line":249,"column":28},"end":{"line":249,"column":57}},"110":{"start":{"line":250,"column":6},"end":{"line":250,"column":40}},"111":{"start":{"line":252,"column":6},"end":{"line":252,"column":48}},"112":{"start":{"line":256,"column":2},"end":{"line":271,"column":5}},"113":{"start":{"line":257,"column":4},"end":{"line":264,"column":7}},"114":{"start":{"line":266,"column":4},"end":{"line":266,"column":29}},"115":{"start":{"line":268,"column":4},"end":{"line":270,"column":7}},"116":{"start":{"line":269,"column":6},"end":{"line":269,"column":75}},"117":{"start":{"line":273,"column":2},"end":{"line":288,"column":5}},"118":{"start":{"line":274,"column":4},"end":{"line":281,"column":7}},"119":{"start":{"line":283,"column":4},"end":{"line":283,"column":29}},"120":{"start":{"line":285,"column":4},"end":{"line":287,"column":7}},"121":{"start":{"line":286,"column":6},"end":{"line":286,"column":75}}},"fnMap":{"0":{"name":"(anonymous_0)","decl":{"start":{"line":8,"column":37},"end":{"line":8,"column":38}},"loc":{"start":{"line":8,"column":44},"end":{"line":10,"column":1}},"line":8},"1":{"name":"(anonymous_1)","decl":{"start":{"line":14,"column":30},"end":{"line":14,"column":31}},"loc":{"start":{"line":14,"column":36},"end":{"line":289,"column":1}},"line":14},"2":{"name":"(anonymous_2)","decl":{"start":{"line":38,"column":13},"end":{"line":38,"column":14}},"loc":{"start":{"line":38,"column":19},"end":{"line":48,"column":3}},"line":38},"3":{"name":"(anonymous_3)","decl":{"start":{"line":50,"column":45},"end":{"line":50,"column":46}},"loc":{"start":{"line":50,"column":57},"end":{"line":55,"column":3}},"line":50},"4":{"name":"(anonymous_4)","decl":{"start":{"line":57,"column":43},"end":{"line":57,"column":44}},"loc":{"start":{"line":57,"column":55},"end":{"line":64,"column":3}},"line":57},"5":{"name":"(anonymous_5)","decl":{"start":{"line":60,"column":18},"end":{"line":60,"column":19}},"loc":{"start":{"line":60,"column":24},"end":{"line":63,"column":5}},"line":60},"6":{"name":"(anonymous_6)","decl":{"start":{"line":66,"column":42},"end":{"line":66,"column":43}},"loc":{"start":{"line":66,"column":54},"end":{"line":72,"column":3}},"line":66},"7":{"name":"(anonymous_7)","decl":{"start":{"line":74,"column":46},"end":{"line":74,"column":47}},"loc":{"start":{"line":74,"column":58},"end":{"line":83,"column":3}},"line":74},"8":{"name":"(anonymous_8)","decl":{"start":{"line":80,"column":18},"end":{"line":80,"column":19}},"loc":{"start":{"line":80,"column":24},"end":{"line":82,"column":5}},"line":80},"9":{"name":"(anonymous_9)","decl":{"start":{"line":85,"column":48},"end":{"line":85,"column":49}},"loc":{"start":{"line":85,"column":60},"end":{"line":92,"column":3}},"line":85},"10":{"name":"(anonymous_10)","decl":{"start":{"line":88,"column":18},"end":{"line":88,"column":19}},"loc":{"start":{"line":88,"column":24},"end":{"line":91,"column":5}},"line":88},"11":{"name":"(anonymous_11)","decl":{"start":{"line":94,"column":32},"end":{"line":94,"column":33}},"loc":{"start":{"line":94,"column":44},"end":{"line":101,"column":3}},"line":94},"12":{"name":"(anonymous_12)","decl":{"start":{"line":97,"column":18},"end":{"line":97,"column":19}},"loc":{"start":{"line":97,"column":24},"end":{"line":100,"column":5}},"line":97},"13":{"name":"(anonymous_13)","decl":{"start":{"line":103,"column":58},"end":{"line":103,"column":59}},"loc":{"start":{"line":103,"column":70},"end":{"line":112,"column":3}},"line":103},"14":{"name":"(anonymous_14)","decl":{"start":{"line":106,"column":18},"end":{"line":106,"column":19}},"loc":{"start":{"line":106,"column":24},"end":{"line":111,"column":5}},"line":106},"15":{"name":"(anonymous_15)","decl":{"start":{"line":114,"column":57},"end":{"line":114,"column":58}},"loc":{"start":{"line":114,"column":69},"end":{"line":133,"column":3}},"line":114},"16":{"name":"(anonymous_16)","decl":{"start":{"line":130,"column":18},"end":{"line":130,"column":19}},"loc":{"start":{"line":130,"column":24},"end":{"line":132,"column":5}},"line":130},"17":{"name":"(anonymous_17)","decl":{"start":{"line":135,"column":24},"end":{"line":135,"column":25}},"loc":{"start":{"line":135,"column":30},"end":{"line":183,"column":3}},"line":135},"18":{"name":"(anonymous_18)","decl":{"start":{"line":136,"column":42},"end":{"line":136,"column":43}},"loc":{"start":{"line":136,"column":54},"end":{"line":150,"column":5}},"line":136},"19":{"name":"(anonymous_19)","decl":{"start":{"line":139,"column":20},"end":{"line":139,"column":21}},"loc":{"start":{"line":139,"column":26},"end":{"line":141,"column":7}},"line":139},"20":{"name":"(anonymous_20)","decl":{"start":{"line":146,"column":20},"end":{"line":146,"column":21}},"loc":{"start":{"line":146,"column":26},"end":{"line":149,"column":7}},"line":146},"21":{"name":"(anonymous_21)","decl":{"start":{"line":152,"column":35},"end":{"line":152,"column":36}},"loc":{"start":{"line":152,"column":47},"end":{"line":166,"column":5}},"line":152},"22":{"name":"(anonymous_22)","decl":{"start":{"line":155,"column":20},"end":{"line":155,"column":21}},"loc":{"start":{"line":155,"column":26},"end":{"line":157,"column":7}},"line":155},"23":{"name":"(anonymous_23)","decl":{"start":{"line":163,"column":20},"end":{"line":163,"column":21}},"loc":{"start":{"line":163,"column":26},"end":{"line":165,"column":7}},"line":163},"24":{"name":"(anonymous_24)","decl":{"start":{"line":168,"column":42},"end":{"line":168,"column":43}},"loc":{"start":{"line":168,"column":54},"end":{"line":182,"column":5}},"line":168},"25":{"name":"(anonymous_25)","decl":{"start":{"line":171,"column":20},"end":{"line":171,"column":21}},"loc":{"start":{"line":171,"column":26},"end":{"line":173,"column":7}},"line":171},"26":{"name":"(anonymous_26)","decl":{"start":{"line":178,"column":20},"end":{"line":178,"column":21}},"loc":{"start":{"line":178,"column":26},"end":{"line":181,"column":7}},"line":178},"27":{"name":"(anonymous_27)","decl":{"start":{"line":185,"column":33},"end":{"line":185,"column":34}},"loc":{"start":{"line":185,"column":39},"end":{"line":200,"column":3}},"line":185},"28":{"name":"(anonymous_28)","decl":{"start":{"line":186,"column":58},"end":{"line":186,"column":59}},"loc":{"start":{"line":186,"column":70},"end":{"line":199,"column":5}},"line":186},"29":{"name":"(anonymous_29)","decl":{"start":{"line":189,"column":20},"end":{"line":189,"column":21}},"loc":{"start":{"line":189,"column":26},"end":{"line":191,"column":7}},"line":189},"30":{"name":"(anonymous_30)","decl":{"start":{"line":196,"column":20},"end":{"line":196,"column":21}},"loc":{"start":{"line":196,"column":26},"end":{"line":198,"column":7}},"line":196},"31":{"name":"(anonymous_31)","decl":{"start":{"line":202,"column":35},"end":{"line":202,"column":36}},"loc":{"start":{"line":202,"column":41},"end":{"line":254,"column":3}},"line":202},"32":{"name":"(anonymous_32)","decl":{"start":{"line":203,"column":70},"end":{"line":203,"column":71}},"loc":{"start":{"line":203,"column":82},"end":{"line":228,"column":5}},"line":203},"33":{"name":"(anonymous_33)","decl":{"start":{"line":216,"column":20},"end":{"line":216,"column":21}},"loc":{"start":{"line":216,"column":26},"end":{"line":218,"column":7}},"line":216},"34":{"name":"(anonymous_34)","decl":{"start":{"line":220,"column":31},"end":{"line":220,"column":32}},"loc":{"start":{"line":220,"column":37},"end":{"line":220,"column":41}},"line":220},"35":{"name":"(anonymous_35)","decl":{"start":{"line":225,"column":20},"end":{"line":225,"column":21}},"loc":{"start":{"line":225,"column":26},"end":{"line":227,"column":7}},"line":225},"36":{"name":"(anonymous_36)","decl":{"start":{"line":230,"column":57},"end":{"line":230,"column":58}},"loc":{"start":{"line":230,"column":69},"end":{"line":253,"column":5}},"line":230},"37":{"name":"(anonymous_37)","decl":{"start":{"line":243,"column":20},"end":{"line":243,"column":21}},"loc":{"start":{"line":243,"column":26},"end":{"line":245,"column":7}},"line":243},"38":{"name":"(anonymous_38)","decl":{"start":{"line":247,"column":31},"end":{"line":247,"column":32}},"loc":{"start":{"line":247,"column":37},"end":{"line":247,"column":42}},"line":247},"39":{"name":"(anonymous_39)","decl":{"start":{"line":256,"column":49},"end":{"line":256,"column":50}},"loc":{"start":{"line":256,"column":61},"end":{"line":271,"column":3}},"line":256},"40":{"name":"(anonymous_40)","decl":{"start":{"line":268,"column":18},"end":{"line":268,"column":19}},"loc":{"start":{"line":268,"column":24},"end":{"line":270,"column":5}},"line":268},"41":{"name":"(anonymous_41)","decl":{"start":{"line":273,"column":49},"end":{"line":273,"column":50}},"loc":{"start":{"line":273,"column":61},"end":{"line":288,"column":3}},"line":273},"42":{"name":"(anonymous_42)","decl":{"start":{"line":285,"column":18},"end":{"line":285,"column":19}},"loc":{"start":{"line":285,"column":24},"end":{"line":287,"column":5}},"line":285}},"branchMap":{},"s":{"0":0,"1":0,"2":0,"3":0,"4":0,"5":0,"6":0,"7":0,"8":0,"9":0,"10":0,"11":0,"12":0,"13":0,"14":0,"15":0,"16":0,"17":0,"18":0,"19":0,"20":0,"21":0,"22":0,"23":0,"24":0,"25":0,"26":0,"27":0,"28":0,"29":0,"30":0,"31":0,"32":0,"33":0,"34":0,"35":0,"36":0,"37":0,"38":0,"39":0,"40":0,"41":0,"42":0,"43":0,"44":0,"45":0,"46":0,"47":0,"48":0,"49":0,"50":0,"51":0,"52":0,"53":0,"54":0,"55":0,"56":0,"57":0,"58":0,"59":0,"60":0,"61":0,"62":0,"63":0,"64":0,"65":0,"66":0,"67":0,"68":0,"69":0,"70":0,"71":0,"72":0,"73":0,"74":0,"75":0,"76":0,"77":0,"78":0,"79":0,"80":0,"81":0,"82":0,"83":0,"84":0,"85":0,"86":0,"87":0,"88":0,"89":0,"90":0,"91":0,"92":0,"93":0,"94":0,"95":0,"96":0,"97":0,"98":0,"99":0,"100":0,"101":0,"102":0,"103":0,"104":0,"105":0,"106":0,"107":0,"108":0,"109":0,"110":0,"111":0,"112":0,"113":0,"114":0,"115":0,"116":0,"117":0,"118":0,"119":0,"120":0,"121":0},"f":{"0":0,"1":0,"2":0,"3":0,"4":0,"5":0,"6":0,"7":0,"8":0,"9":0,"10":0,"11":0,"12":0,"13":0,"14":0,"15":0,"16":0,"17":0,"18":0,"19":0,"20":0,"21":0,"22":0,"23":0,"24":0,"25":0,"26":0,"27":0,"28":0,"29":0,"30":0,"31":0,"32":0,"33":0,"34":0,"35":0,"36":0,"37":0,"38":0,"39":0,"40":0,"41":0,"42":0},"b":{}}
,"/Users/oliver/OliverRepo/workspaces/work/projects/vtwo-ops/app/src/__tests__/pages/admin/FeatureRequests.test.jsx": {"path":"/Users/oliver/OliverRepo/workspaces/work/projects/vtwo-ops/app/src/__tests__/pages/admin/FeatureRequests.test.jsx","statementMap":{"0":{"start":{"line":8,"column":0},"end":{"line":10,"column":4}},"1":{"start":{"line":8,"column":44},"end":{"line":10,"column":1}},"2":{"start":{"line":14,"column":0},"end":{"line":318,"column":3}},"3":{"start":{"line":15,"column":23},"end":{"line":52,"column":3}},"4":{"start":{"line":54,"column":2},"end":{"line":62,"column":5}},"5":{"start":{"line":55,"column":4},"end":{"line":55,"column":25}},"6":{"start":{"line":56,"column":4},"end":{"line":61,"column":7}},"7":{"start":{"line":64,"column":2},"end":{"line":69,"column":5}},"8":{"start":{"line":65,"column":4},"end":{"line":65,"column":32}},"9":{"start":{"line":67,"column":4},"end":{"line":67,"column":69}},"10":{"start":{"line":68,"column":4},"end":{"line":68,"column":86}},"11":{"start":{"line":71,"column":2},"end":{"line":78,"column":5}},"12":{"start":{"line":72,"column":4},"end":{"line":72,"column":32}},"13":{"start":{"line":74,"column":4},"end":{"line":77,"column":7}},"14":{"start":{"line":75,"column":6},"end":{"line":75,"column":71}},"15":{"start":{"line":76,"column":6},"end":{"line":76,"column":80}},"16":{"start":{"line":80,"column":2},"end":{"line":113,"column":5}},"17":{"start":{"line":81,"column":4},"end":{"line":92,"column":7}},"18":{"start":{"line":82,"column":6},"end":{"line":82,"column":34}},"19":{"start":{"line":84,"column":6},"end":{"line":91,"column":9}},"20":{"start":{"line":85,"column":8},"end":{"line":85,"column":66}},"21":{"start":{"line":86,"column":8},"end":{"line":86,"column":66}},"22":{"start":{"line":87,"column":8},"end":{"line":87,"column":69}},"23":{"start":{"line":88,"column":8},"end":{"line":88,"column":64}},"24":{"start":{"line":89,"column":8},"end":{"line":89,"column":65}},"25":{"start":{"line":90,"column":8},"end":{"line":90,"column":65}},"26":{"start":{"line":94,"column":4},"end":{"line":102,"column":7}},"27":{"start":{"line":95,"column":6},"end":{"line":95,"column":34}},"28":{"start":{"line":97,"column":6},"end":{"line":101,"column":9}},"29":{"start":{"line":99,"column":23},"end":{"line":99,"column":51}},"30":{"start":{"line":100,"column":8},"end":{"line":100,"column":49}},"31":{"start":{"line":104,"column":4},"end":{"line":112,"column":7}},"32":{"start":{"line":105,"column":6},"end":{"line":105,"column":34}},"33":{"start":{"line":107,"column":6},"end":{"line":111,"column":9}},"34":{"start":{"line":108,"column":8},"end":{"line":108,"column":73}},"35":{"start":{"line":109,"column":8},"end":{"line":109,"column":82}},"36":{"start":{"line":110,"column":8},"end":{"line":110,"column":74}},"37":{"start":{"line":115,"column":2},"end":{"line":147,"column":5}},"38":{"start":{"line":116,"column":4},"end":{"line":123,"column":7}},"39":{"start":{"line":117,"column":6},"end":{"line":117,"column":34}},"40":{"start":{"line":119,"column":6},"end":{"line":122,"column":9}},"41":{"start":{"line":120,"column":8},"end":{"line":120,"column":73}},"42":{"start":{"line":121,"column":8},"end":{"line":121,"column":97}},"43":{"start":{"line":125,"column":4},"end":{"line":131,"column":7}},"44":{"start":{"line":126,"column":6},"end":{"line":126,"column":34}},"45":{"start":{"line":128,"column":6},"end":{"line":130,"column":9}},"46":{"start":{"line":129,"column":8},"end":{"line":129,"column":65}},"47":{"start":{"line":133,"column":4},"end":{"line":146,"column":7}},"48":{"start":{"line":134,"column":6},"end":{"line":134,"column":34}},"49":{"start":{"line":136,"column":6},"end":{"line":138,"column":9}},"50":{"start":{"line":137,"column":8},"end":{"line":137,"column":73}},"51":{"start":{"line":140,"column":19},"end":{"line":140,"column":55}},"52":{"start":{"line":141,"column":6},"end":{"line":141,"column":28}},"53":{"start":{"line":143,"column":6},"end":{"line":145,"column":9}},"54":{"start":{"line":144,"column":8},"end":{"line":144,"column":97}},"55":{"start":{"line":149,"column":2},"end":{"line":296,"column":5}},"56":{"start":{"line":150,"column":4},"end":{"line":164,"column":7}},"57":{"start":{"line":151,"column":6},"end":{"line":151,"column":34}},"58":{"start":{"line":153,"column":6},"end":{"line":155,"column":9}},"59":{"start":{"line":154,"column":8},"end":{"line":154,"column":73}},"60":{"start":{"line":157,"column":19},"end":{"line":157,"column":55}},"61":{"start":{"line":158,"column":6},"end":{"line":158,"column":28}},"62":{"start":{"line":160,"column":6},"end":{"line":163,"column":9}},"63":{"start":{"line":161,"column":8},"end":{"line":161,"column":97}},"64":{"start":{"line":162,"column":8},"end":{"line":162,"column":69}},"65":{"start":{"line":166,"column":4},"end":{"line":180,"column":7}},"66":{"start":{"line":167,"column":6},"end":{"line":167,"column":34}},"67":{"start":{"line":169,"column":6},"end":{"line":171,"column":9}},"68":{"start":{"line":170,"column":8},"end":{"line":170,"column":73}},"69":{"start":{"line":173,"column":19},"end":{"line":173,"column":55}},"70":{"start":{"line":174,"column":6},"end":{"line":174,"column":28}},"71":{"start":{"line":176,"column":6},"end":{"line":179,"column":9}},"72":{"start":{"line":177,"column":8},"end":{"line":177,"column":83}},"73":{"start":{"line":178,"column":8},"end":{"line":178,"column":87}},"74":{"start":{"line":182,"column":4},"end":{"line":210,"column":7}},"75":{"start":{"line":183,"column":25},"end":{"line":183,"column":69}},"76":{"start":{"line":184,"column":6},"end":{"line":189,"column":9}},"77":{"start":{"line":191,"column":6},"end":{"line":191,"column":34}},"78":{"start":{"line":193,"column":6},"end":{"line":195,"column":9}},"79":{"start":{"line":194,"column":8},"end":{"line":194,"column":73}},"80":{"start":{"line":197,"column":19},"end":{"line":197,"column":55}},"81":{"start":{"line":198,"column":6},"end":{"line":198,"column":28}},"82":{"start":{"line":200,"column":6},"end":{"line":202,"column":9}},"83":{"start":{"line":201,"column":8},"end":{"line":201,"column":74}},"84":{"start":{"line":204,"column":27},"end":{"line":204,"column":64}},"85":{"start":{"line":205,"column":6},"end":{"line":205,"column":73}},"86":{"start":{"line":207,"column":6},"end":{"line":209,"column":9}},"87":{"start":{"line":208,"column":8},"end":{"line":208,"column":78}},"88":{"start":{"line":212,"column":4},"end":{"line":243,"column":7}},"89":{"start":{"line":213,"column":25},"end":{"line":213,"column":69}},"90":{"start":{"line":214,"column":6},"end":{"line":219,"column":9}},"91":{"start":{"line":221,"column":6},"end":{"line":221,"column":34}},"92":{"start":{"line":223,"column":6},"end":{"line":225,"column":9}},"93":{"start":{"line":224,"column":8},"end":{"line":224,"column":73}},"94":{"start":{"line":227,"column":19},"end":{"line":227,"column":55}},"95":{"start":{"line":228,"column":6},"end":{"line":228,"column":28}},"96":{"start":{"line":230,"column":6},"end":{"line":232,"column":9}},"97":{"start":{"line":231,"column":8},"end":{"line":231,"column":79}},"98":{"start":{"line":234,"column":25},"end":{"line":234,"column":67}},"99":{"start":{"line":235,"column":24},"end":{"line":235,"column":53}},"100":{"start":{"line":237,"column":6},"end":{"line":237,"column":64}},"101":{"start":{"line":238,"column":6},"end":{"line":238,"column":33}},"102":{"start":{"line":240,"column":6},"end":{"line":242,"column":9}},"103":{"start":{"line":241,"column":8},"end":{"line":241,"column":77}},"104":{"start":{"line":245,"column":4},"end":{"line":265,"column":7}},"105":{"start":{"line":246,"column":6},"end":{"line":246,"column":34}},"106":{"start":{"line":248,"column":6},"end":{"line":250,"column":9}},"107":{"start":{"line":249,"column":8},"end":{"line":249,"column":73}},"108":{"start":{"line":252,"column":19},"end":{"line":252,"column":55}},"109":{"start":{"line":253,"column":6},"end":{"line":253,"column":28}},"110":{"start":{"line":255,"column":6},"end":{"line":257,"column":9}},"111":{"start":{"line":256,"column":8},"end":{"line":256,"column":97}},"112":{"start":{"line":259,"column":27},"end":{"line":259,"column":55}},"113":{"start":{"line":260,"column":6},"end":{"line":260,"column":39}},"114":{"start":{"line":262,"column":6},"end":{"line":264,"column":9}},"115":{"start":{"line":263,"column":8},"end":{"line":263,"column":103}},"116":{"start":{"line":267,"column":4},"end":{"line":280,"column":7}},"117":{"start":{"line":268,"column":6},"end":{"line":268,"column":34}},"118":{"start":{"line":270,"column":6},"end":{"line":272,"column":9}},"119":{"start":{"line":271,"column":8},"end":{"line":271,"column":73}},"120":{"start":{"line":274,"column":19},"end":{"line":274,"column":55}},"121":{"start":{"line":275,"column":6},"end":{"line":275,"column":28}},"122":{"start":{"line":277,"column":6},"end":{"line":279,"column":9}},"123":{"start":{"line":278,"column":8},"end":{"line":278,"column":65}},"124":{"start":{"line":282,"column":4},"end":{"line":295,"column":7}},"125":{"start":{"line":283,"column":6},"end":{"line":283,"column":34}},"126":{"start":{"line":285,"column":6},"end":{"line":287,"column":9}},"127":{"start":{"line":286,"column":8},"end":{"line":286,"column":74}},"128":{"start":{"line":289,"column":19},"end":{"line":289,"column":56}},"129":{"start":{"line":290,"column":6},"end":{"line":290,"column":28}},"130":{"start":{"line":292,"column":6},"end":{"line":294,"column":9}},"131":{"start":{"line":293,"column":8},"end":{"line":293,"column":67}},"132":{"start":{"line":298,"column":2},"end":{"line":311,"column":5}},"133":{"start":{"line":299,"column":4},"end":{"line":304,"column":7}},"134":{"start":{"line":306,"column":4},"end":{"line":306,"column":32}},"135":{"start":{"line":308,"column":4},"end":{"line":310,"column":7}},"136":{"start":{"line":309,"column":6},"end":{"line":309,"column":77}},"137":{"start":{"line":313,"column":2},"end":{"line":317,"column":5}},"138":{"start":{"line":314,"column":4},"end":{"line":314,"column":32}},"139":{"start":{"line":316,"column":4},"end":{"line":316,"column":64}}},"fnMap":{"0":{"name":"(anonymous_0)","decl":{"start":{"line":8,"column":37},"end":{"line":8,"column":38}},"loc":{"start":{"line":8,"column":44},"end":{"line":10,"column":1}},"line":8},"1":{"name":"(anonymous_1)","decl":{"start":{"line":14,"column":33},"end":{"line":14,"column":34}},"loc":{"start":{"line":14,"column":39},"end":{"line":318,"column":1}},"line":14},"2":{"name":"(anonymous_2)","decl":{"start":{"line":54,"column":13},"end":{"line":54,"column":14}},"loc":{"start":{"line":54,"column":19},"end":{"line":62,"column":3}},"line":54},"3":{"name":"(anonymous_3)","decl":{"start":{"line":64,"column":45},"end":{"line":64,"column":46}},"loc":{"start":{"line":64,"column":57},"end":{"line":69,"column":3}},"line":64},"4":{"name":"(anonymous_4)","decl":{"start":{"line":71,"column":38},"end":{"line":71,"column":39}},"loc":{"start":{"line":71,"column":50},"end":{"line":78,"column":3}},"line":71},"5":{"name":"(anonymous_5)","decl":{"start":{"line":74,"column":18},"end":{"line":74,"column":19}},"loc":{"start":{"line":74,"column":24},"end":{"line":77,"column":5}},"line":74},"6":{"name":"(anonymous_6)","decl":{"start":{"line":80,"column":27},"end":{"line":80,"column":28}},"loc":{"start":{"line":80,"column":33},"end":{"line":113,"column":3}},"line":80},"7":{"name":"(anonymous_7)","decl":{"start":{"line":81,"column":39},"end":{"line":81,"column":40}},"loc":{"start":{"line":81,"column":51},"end":{"line":92,"column":5}},"line":81},"8":{"name":"(anonymous_8)","decl":{"start":{"line":84,"column":20},"end":{"line":84,"column":21}},"loc":{"start":{"line":84,"column":26},"end":{"line":91,"column":7}},"line":84},"9":{"name":"(anonymous_9)","decl":{"start":{"line":94,"column":51},"end":{"line":94,"column":52}},"loc":{"start":{"line":94,"column":63},"end":{"line":102,"column":5}},"line":94},"10":{"name":"(anonymous_10)","decl":{"start":{"line":97,"column":20},"end":{"line":97,"column":21}},"loc":{"start":{"line":97,"column":26},"end":{"line":101,"column":7}},"line":97},"11":{"name":"(anonymous_11)","decl":{"start":{"line":104,"column":38},"end":{"line":104,"column":39}},"loc":{"start":{"line":104,"column":50},"end":{"line":112,"column":5}},"line":104},"12":{"name":"(anonymous_12)","decl":{"start":{"line":107,"column":20},"end":{"line":107,"column":21}},"loc":{"start":{"line":107,"column":26},"end":{"line":111,"column":7}},"line":107},"13":{"name":"(anonymous_13)","decl":{"start":{"line":115,"column":27},"end":{"line":115,"column":28}},"loc":{"start":{"line":115,"column":33},"end":{"line":147,"column":3}},"line":115},"14":{"name":"(anonymous_14)","decl":{"start":{"line":116,"column":60},"end":{"line":116,"column":61}},"loc":{"start":{"line":116,"column":72},"end":{"line":123,"column":5}},"line":116},"15":{"name":"(anonymous_15)","decl":{"start":{"line":119,"column":20},"end":{"line":119,"column":21}},"loc":{"start":{"line":119,"column":26},"end":{"line":122,"column":7}},"line":119},"16":{"name":"(anonymous_16)","decl":{"start":{"line":125,"column":45},"end":{"line":125,"column":46}},"loc":{"start":{"line":125,"column":57},"end":{"line":131,"column":5}},"line":125},"17":{"name":"(anonymous_17)","decl":{"start":{"line":128,"column":20},"end":{"line":128,"column":21}},"loc":{"start":{"line":128,"column":26},"end":{"line":130,"column":7}},"line":128},"18":{"name":"(anonymous_18)","decl":{"start":{"line":133,"column":49},"end":{"line":133,"column":50}},"loc":{"start":{"line":133,"column":61},"end":{"line":146,"column":5}},"line":133},"19":{"name":"(anonymous_19)","decl":{"start":{"line":136,"column":20},"end":{"line":136,"column":21}},"loc":{"start":{"line":136,"column":26},"end":{"line":138,"column":7}},"line":136},"20":{"name":"(anonymous_20)","decl":{"start":{"line":143,"column":20},"end":{"line":143,"column":21}},"loc":{"start":{"line":143,"column":26},"end":{"line":145,"column":7}},"line":143},"21":{"name":"(anonymous_21)","decl":{"start":{"line":149,"column":27},"end":{"line":149,"column":28}},"loc":{"start":{"line":149,"column":33},"end":{"line":296,"column":3}},"line":149},"22":{"name":"(anonymous_22)","decl":{"start":{"line":150,"column":46},"end":{"line":150,"column":47}},"loc":{"start":{"line":150,"column":58},"end":{"line":164,"column":5}},"line":150},"23":{"name":"(anonymous_23)","decl":{"start":{"line":153,"column":20},"end":{"line":153,"column":21}},"loc":{"start":{"line":153,"column":26},"end":{"line":155,"column":7}},"line":153},"24":{"name":"(anonymous_24)","decl":{"start":{"line":160,"column":20},"end":{"line":160,"column":21}},"loc":{"start":{"line":160,"column":26},"end":{"line":163,"column":7}},"line":160},"25":{"name":"(anonymous_25)","decl":{"start":{"line":166,"column":58},"end":{"line":166,"column":59}},"loc":{"start":{"line":166,"column":70},"end":{"line":180,"column":5}},"line":166},"26":{"name":"(anonymous_26)","decl":{"start":{"line":169,"column":20},"end":{"line":169,"column":21}},"loc":{"start":{"line":169,"column":26},"end":{"line":171,"column":7}},"line":169},"27":{"name":"(anonymous_27)","decl":{"start":{"line":176,"column":20},"end":{"line":176,"column":21}},"loc":{"start":{"line":176,"column":26},"end":{"line":179,"column":7}},"line":176},"28":{"name":"(anonymous_28)","decl":{"start":{"line":182,"column":44},"end":{"line":182,"column":45}},"loc":{"start":{"line":182,"column":56},"end":{"line":210,"column":5}},"line":182},"29":{"name":"(anonymous_29)","decl":{"start":{"line":193,"column":20},"end":{"line":193,"column":21}},"loc":{"start":{"line":193,"column":26},"end":{"line":195,"column":7}},"line":193},"30":{"name":"(anonymous_30)","decl":{"start":{"line":200,"column":20},"end":{"line":200,"column":21}},"loc":{"start":{"line":200,"column":26},"end":{"line":202,"column":7}},"line":200},"31":{"name":"(anonymous_31)","decl":{"start":{"line":207,"column":20},"end":{"line":207,"column":21}},"loc":{"start":{"line":207,"column":26},"end":{"line":209,"column":7}},"line":207},"32":{"name":"(anonymous_32)","decl":{"start":{"line":212,"column":43},"end":{"line":212,"column":44}},"loc":{"start":{"line":212,"column":55},"end":{"line":243,"column":5}},"line":212},"33":{"name":"(anonymous_33)","decl":{"start":{"line":223,"column":20},"end":{"line":223,"column":21}},"loc":{"start":{"line":223,"column":26},"end":{"line":225,"column":7}},"line":223},"34":{"name":"(anonymous_34)","decl":{"start":{"line":230,"column":20},"end":{"line":230,"column":21}},"loc":{"start":{"line":230,"column":26},"end":{"line":232,"column":7}},"line":230},"35":{"name":"(anonymous_35)","decl":{"start":{"line":240,"column":20},"end":{"line":240,"column":21}},"loc":{"start":{"line":240,"column":26},"end":{"line":242,"column":7}},"line":240},"36":{"name":"(anonymous_36)","decl":{"start":{"line":245,"column":51},"end":{"line":245,"column":52}},"loc":{"start":{"line":245,"column":63},"end":{"line":265,"column":5}},"line":245},"37":{"name":"(anonymous_37)","decl":{"start":{"line":248,"column":20},"end":{"line":248,"column":21}},"loc":{"start":{"line":248,"column":26},"end":{"line":250,"column":7}},"line":248},"38":{"name":"(anonymous_38)","decl":{"start":{"line":255,"column":20},"end":{"line":255,"column":21}},"loc":{"start":{"line":255,"column":26},"end":{"line":257,"column":7}},"line":255},"39":{"name":"(anonymous_39)","decl":{"start":{"line":262,"column":20},"end":{"line":262,"column":21}},"loc":{"start":{"line":262,"column":26},"end":{"line":264,"column":7}},"line":262},"40":{"name":"(anonymous_40)","decl":{"start":{"line":267,"column":42},"end":{"line":267,"column":43}},"loc":{"start":{"line":267,"column":54},"end":{"line":280,"column":5}},"line":267},"41":{"name":"(anonymous_41)","decl":{"start":{"line":270,"column":20},"end":{"line":270,"column":21}},"loc":{"start":{"line":270,"column":26},"end":{"line":272,"column":7}},"line":270},"42":{"name":"(anonymous_42)","decl":{"start":{"line":277,"column":20},"end":{"line":277,"column":21}},"loc":{"start":{"line":277,"column":26},"end":{"line":279,"column":7}},"line":277},"43":{"name":"(anonymous_43)","decl":{"start":{"line":282,"column":58},"end":{"line":282,"column":59}},"loc":{"start":{"line":282,"column":70},"end":{"line":295,"column":5}},"line":282},"44":{"name":"(anonymous_44)","decl":{"start":{"line":285,"column":20},"end":{"line":285,"column":21}},"loc":{"start":{"line":285,"column":26},"end":{"line":287,"column":7}},"line":285},"45":{"name":"(anonymous_45)","decl":{"start":{"line":292,"column":20},"end":{"line":292,"column":21}},"loc":{"start":{"line":292,"column":26},"end":{"line":294,"column":7}},"line":292},"46":{"name":"(anonymous_46)","decl":{"start":{"line":298,"column":46},"end":{"line":298,"column":47}},"loc":{"start":{"line":298,"column":58},"end":{"line":311,"column":3}},"line":298},"47":{"name":"(anonymous_47)","decl":{"start":{"line":308,"column":18},"end":{"line":308,"column":19}},"loc":{"start":{"line":308,"column":24},"end":{"line":310,"column":5}},"line":308},"48":{"name":"(anonymous_48)","decl":{"start":{"line":313,"column":33},"end":{"line":313,"column":34}},"loc":{"start":{"line":313,"column":45},"end":{"line":317,"column":3}},"line":313}},"branchMap":{},"s":{"0":0,"1":0,"2":0,"3":0,"4":0,"5":0,"6":0,"7":0,"8":0,"9":0,"10":0,"11":0,"12":0,"13":0,"14":0,"15":0,"16":0,"17":0,"18":0,"19":0,"20":0,"21":0,"22":0,"23":0,"24":0,"25":0,"26":0,"27":0,"28":0,"29":0,"30":0,"31":0,"32":0,"33":0,"34":0,"35":0,"36":0,"37":0,"38":0,"39":0,"40":0,"41":0,"42":0,"43":0,"44":0,"45":0,"46":0,"47":0,"48":0,"49":0,"50":0,"51":0,"52":0,"53":0,"54":0,"55":0,"56":0,"57":0,"58":0,"59":0,"60":0,"61":0,"62":0,"63":0,"64":0,"65":0,"66":0,"67":0,"68":0,"69":0,"70":0,"71":0,"72":0,"73":0,"74":0,"75":0,"76":0,"77":0,"78":0,"79":0,"80":0,"81":0,"82":0,"83":0,"84":0,"85":0,"86":0,"87":0,"88":0,"89":0,"90":0,"91":0,"92":0,"93":0,"94":0,"95":0,"96":0,"97":0,"98":0,"99":0,"100":0,"101":0,"102":0,"103":0,"104":0,"105":0,"106":0,"107":0,"108":0,"109":0,"110":0,"111":0,"112":0,"113":0,"114":0,"115":0,"116":0,"117":0,"118":0,"119":0,"120":0,"121":0,"122":0,"123":0,"124":0,"125":0,"126":0,"127":0,"128":0,"129":0,"130":0,"131":0,"132":0,"133":0,"134":0,"135":0,"136":0,"137":0,"138":0,"139":0},"f":{"0":0,"1":0,"2":0,"3":0,"4":0,"5":0,"6":0,"7":0,"8":0,"9":0,"10":0,"11":0,"12":0,"13":0,"14":0,"15":0,"16":0,"17":0,"18":0,"19":0,"20":0,"21":0,"22":0,"23":0,"24":0,"25":0,"26":0,"27":0,"28":0,"29":0,"30":0,"31":0,"32":0,"33":0,"34":0,"35":0,"36":0,"37":0,"38":0,"39":0,"40":0,"41":0,"42":0,"43":0,"44":0,"45":0,"46":0,"47":0,"48":0},"b":{}}
,"/Users/oliver/OliverRepo/workspaces/work/projects/vtwo-ops/app/src/__tests__/pages/admin/Health.test.jsx": {"path":"/Users/oliver/OliverRepo/workspaces/work/projects/vtwo-ops/app/src/__tests__/pages/admin/Health.test.jsx","statementMap":{"0":{"start":{"line":8,"column":0},"end":{"line":10,"column":4}},"1":{"start":{"line":8,"column":44},"end":{"line":10,"column":1}},"2":{"start":{"line":14,"column":0},"end":{"line":336,"column":3}},"3":{"start":{"line":15,"column":21},"end":{"line":40,"column":3}},"4":{"start":{"line":42,"column":2},"end":{"line":50,"column":5}},"5":{"start":{"line":43,"column":4},"end":{"line":43,"column":25}},"6":{"start":{"line":44,"column":4},"end":{"line":44,"column":25}},"7":{"start":{"line":45,"column":4},"end":{"line":49,"column":7}},"8":{"start":{"line":52,"column":2},"end":{"line":54,"column":5}},"9":{"start":{"line":53,"column":4},"end":{"line":53,"column":25}},"10":{"start":{"line":56,"column":2},"end":{"line":61,"column":5}},"11":{"start":{"line":57,"column":4},"end":{"line":57,"column":23}},"12":{"start":{"line":59,"column":4},"end":{"line":59,"column":66}},"13":{"start":{"line":60,"column":4},"end":{"line":60,"column":74}},"14":{"start":{"line":63,"column":2},"end":{"line":70,"column":5}},"15":{"start":{"line":64,"column":4},"end":{"line":64,"column":23}},"16":{"start":{"line":66,"column":4},"end":{"line":69,"column":7}},"17":{"start":{"line":67,"column":6},"end":{"line":67,"column":62}},"18":{"start":{"line":68,"column":6},"end":{"line":68,"column":59}},"19":{"start":{"line":72,"column":2},"end":{"line":114,"column":5}},"20":{"start":{"line":73,"column":4},"end":{"line":80,"column":7}},"21":{"start":{"line":74,"column":6},"end":{"line":74,"column":25}},"22":{"start":{"line":76,"column":6},"end":{"line":79,"column":9}},"23":{"start":{"line":77,"column":8},"end":{"line":77,"column":67}},"24":{"start":{"line":78,"column":8},"end":{"line":78,"column":64}},"25":{"start":{"line":82,"column":4},"end":{"line":88,"column":7}},"26":{"start":{"line":83,"column":6},"end":{"line":83,"column":25}},"27":{"start":{"line":85,"column":6},"end":{"line":87,"column":9}},"28":{"start":{"line":86,"column":8},"end":{"line":86,"column":65}},"29":{"start":{"line":90,"column":4},"end":{"line":97,"column":7}},"30":{"start":{"line":91,"column":6},"end":{"line":91,"column":25}},"31":{"start":{"line":93,"column":6},"end":{"line":96,"column":9}},"32":{"start":{"line":94,"column":8},"end":{"line":94,"column":61}},"33":{"start":{"line":95,"column":8},"end":{"line":95,"column":61}},"34":{"start":{"line":99,"column":4},"end":{"line":113,"column":7}},"35":{"start":{"line":100,"column":6},"end":{"line":106,"column":9}},"36":{"start":{"line":108,"column":6},"end":{"line":108,"column":25}},"37":{"start":{"line":110,"column":6},"end":{"line":112,"column":9}},"38":{"start":{"line":111,"column":8},"end":{"line":111,"column":66}},"39":{"start":{"line":116,"column":2},"end":{"line":152,"column":5}},"40":{"start":{"line":117,"column":4},"end":{"line":124,"column":7}},"41":{"start":{"line":118,"column":6},"end":{"line":118,"column":25}},"42":{"start":{"line":120,"column":6},"end":{"line":123,"column":9}},"43":{"start":{"line":121,"column":8},"end":{"line":121,"column":73}},"44":{"start":{"line":122,"column":8},"end":{"line":122,"column":60}},"45":{"start":{"line":126,"column":4},"end":{"line":133,"column":7}},"46":{"start":{"line":127,"column":6},"end":{"line":127,"column":25}},"47":{"start":{"line":129,"column":6},"end":{"line":132,"column":9}},"48":{"start":{"line":130,"column":8},"end":{"line":130,"column":72}},"49":{"start":{"line":131,"column":8},"end":{"line":131,"column":59}},"50":{"start":{"line":135,"column":4},"end":{"line":142,"column":7}},"51":{"start":{"line":136,"column":6},"end":{"line":136,"column":25}},"52":{"start":{"line":138,"column":6},"end":{"line":141,"column":9}},"53":{"start":{"line":139,"column":8},"end":{"line":139,"column":70}},"54":{"start":{"line":140,"column":8},"end":{"line":140,"column":60}},"55":{"start":{"line":144,"column":4},"end":{"line":151,"column":7}},"56":{"start":{"line":145,"column":6},"end":{"line":145,"column":25}},"57":{"start":{"line":147,"column":6},"end":{"line":150,"column":9}},"58":{"start":{"line":148,"column":8},"end":{"line":148,"column":70}},"59":{"start":{"line":149,"column":8},"end":{"line":149,"column":58}},"60":{"start":{"line":154,"column":2},"end":{"line":190,"column":5}},"61":{"start":{"line":155,"column":4},"end":{"line":162,"column":7}},"62":{"start":{"line":156,"column":6},"end":{"line":156,"column":25}},"63":{"start":{"line":158,"column":6},"end":{"line":161,"column":9}},"64":{"start":{"line":159,"column":8},"end":{"line":159,"column":74}},"65":{"start":{"line":160,"column":8},"end":{"line":160,"column":61}},"66":{"start":{"line":164,"column":4},"end":{"line":171,"column":7}},"67":{"start":{"line":165,"column":6},"end":{"line":165,"column":25}},"68":{"start":{"line":167,"column":6},"end":{"line":170,"column":9}},"69":{"start":{"line":168,"column":8},"end":{"line":168,"column":76}},"70":{"start":{"line":169,"column":8},"end":{"line":169,"column":61}},"71":{"start":{"line":173,"column":4},"end":{"line":180,"column":7}},"72":{"start":{"line":174,"column":6},"end":{"line":174,"column":25}},"73":{"start":{"line":176,"column":6},"end":{"line":179,"column":9}},"74":{"start":{"line":177,"column":8},"end":{"line":177,"column":63}},"75":{"start":{"line":178,"column":8},"end":{"line":178,"column":62}},"76":{"start":{"line":182,"column":4},"end":{"line":189,"column":7}},"77":{"start":{"line":183,"column":6},"end":{"line":183,"column":25}},"78":{"start":{"line":185,"column":6},"end":{"line":188,"column":9}},"79":{"start":{"line":186,"column":29},"end":{"line":186,"column":81}},"80":{"start":{"line":187,"column":8},"end":{"line":187,"column":55}},"81":{"start":{"line":192,"column":2},"end":{"line":234,"column":5}},"82":{"start":{"line":193,"column":4},"end":{"line":199,"column":7}},"83":{"start":{"line":194,"column":6},"end":{"line":194,"column":25}},"84":{"start":{"line":196,"column":6},"end":{"line":198,"column":9}},"85":{"start":{"line":197,"column":8},"end":{"line":197,"column":74}},"86":{"start":{"line":201,"column":4},"end":{"line":208,"column":7}},"87":{"start":{"line":202,"column":6},"end":{"line":202,"column":25}},"88":{"start":{"line":204,"column":6},"end":{"line":207,"column":9}},"89":{"start":{"line":205,"column":8},"end":{"line":205,"column":76}},"90":{"start":
[...]
":64}},"19":{"start":{"line":34,"column":8},"end":{"line":34,"column":42}},"20":{"start":{"line":35,"column":8},"end":{"line":35,"column":42}},"21":{"start":{"line":36,"column":8},"end":{"line":36,"column":23}},"22":{"start":{"line":38,"column":8},"end":{"line":38,"column":30}},"23":{"start":{"line":39,"column":8},"end":{"line":39,"column":25}},"24":{"start":{"line":41,"column":8},"end":{"line":41,"column":26}},"25":{"start":{"line":45,"column":4},"end":{"line":45,"column":15}},"26":{"start":{"line":49,"column":2},"end":{"line":85,"column":25}},"27":{"start":{"line":50,"column":4},"end":{"line":54,"column":5}},"28":{"start":{"line":51,"column":6},"end":{"line":51,"column":33}},"29":{"start":{"line":52,"column":6},"end":{"line":52,"column":24}},"30":{"start":{"line":53,"column":6},"end":{"line":53,"column":13}},"31":{"start":{"line":56,"column":26},"end":{"line":82,"column":5}},"32":{"start":{"line":57,"column":6},"end":{"line":81,"column":7}},"33":{"start":{"line":59,"column":20},"end":{"line":59,"column":84}},"34":{"start":{"line":60,"column":8},"end":{"line":60,"column":65}},"35":{"start":{"line":60,"column":21},"end":{"line":60,"column":65}},"36":{"start":{"line":61,"column":37},"end":{"line":61,"column":53}},"37":{"start":{"line":63,"column":8},"end":{"line":77,"column":9}},"38":{"start":{"line":64,"column":28},"end":{"line":64,"column":41}},"39":{"start":{"line":65,"column":25},"end":{"line":65,"column":63}},"40":{"start":{"line":66,"column":10},"end":{"line":66,"column":39}},"41":{"start":{"line":69,"column":30},"end":{"line":71,"column":11}},"42":{"start":{"line":72,"column":41},"end":{"line":72,"column":65}},"43":{"start":{"line":73,"column":10},"end":{"line":73,"column":36}},"44":{"start":{"line":75,"column":10},"end":{"line":75,"column":37}},"45":{"start":{"line":76,"column":10},"end":{"line":76,"column":28}},"46":{"start":{"line":79,"column":8},"end":{"line":79,"column":35}},"47":{"start":{"line":80,"column":8},"end":{"line":80,"column":26}},"48":{"start":{"line":84,"column":4},"end":{"line":84,"column":20}},"49":{"start":{"line":88,"column":29},"end":{"line":105,"column":3}},"50":{"start":{"line":89,"column":4},"end":{"line":89,"column":35}},"51":{"start":{"line":89,"column":28},"end":{"line":89,"column":35}},"52":{"start":{"line":91,"column":4},"end":{"line":104,"column":5}},"53":{"start":{"line":92,"column":6},"end":{"line":92,"column":75}},"54":{"start":{"line":94,"column":21},"end":{"line":94,"column":67}},"55":{"start":{"line":95,"column":6},"end":{"line":95,"column":35}},"56":{"start":{"line":97,"column":26},"end":{"line":99,"column":7}},"57":{"start":{"line":100,"column":37},"end":{"line":100,"column":61}},"58":{"start":{"line":101,"column":6},"end":{"line":101,"column":32}},"59":{"start":{"line":103,"column":6},"end":{"line":103,"column":58}},"60":{"start":{"line":108,"column":28},"end":{"line":118,"column":4}},"61":{"start":{"line":110,"column":6},"end":{"line":111,"column":63}},"62":{"start":{"line":113,"column":4},"end":{"line":113,"column":53}},"63":{"start":{"line":113,"column":32},"end":{"line":113,"column":53}},"64":{"start":{"line":114,"column":4},"end":{"line":114,"column":102}},"65":{"start":{"line":114,"column":35},"end":{"line":114,"column":102}},"66":{"start":{"line":115,"column":4},"end":{"line":116,"column":59}},"67":{"start":{"line":116,"column":6},"end":{"line":116,"column":59}},"68":{"start":{"line":117,"column":4},"end":{"line":117,"column":25}},"69":{"start":{"line":121,"column":28},"end":{"line":148,"column":3}},"70":{"start":{"line":122,"column":4},"end":{"line":122,"column":26}},"71":{"start":{"line":122,"column":16},"end":{"line":122,"column":26}},"72":{"start":{"line":124,"column":19},"end":{"line":130,"column":5}},"73":{"start":{"line":132,"column":16},"end":{"line":132,"column":26}},"74":{"start":{"line":134,"column":4},"end":{"line":145,"column":7}},"75":{"start":{"line":135,"column":22},"end":{"line":135,"column":44}},"76":{"start":{"line":136,"column":26},"end":{"line":138,"column":7}},"77":{"start":{"line":140,"column":6},"end":{"line":144,"column":39}},"78":{"start":{"line":140,"column":28},"end":{"line":140,"column":59}},"79":{"start":{"line":141,"column":11},"end":{"line":144,"column":39}},"80":{"start":{"line":141,"column":33},"end":{"line":141,"column":60}},"81":{"start":{"line":142,"column":11},"end":{"line":144,"column":39}},"82":{"start":{"line":142,"column":33},"end":{"line":142,"column":61}},"83":{"start":{"line":143,"column":11},"end":{"line":144,"column":39}},"84":{"start":{"line":143,"column":34},"end":{"line":143,"column":62}},"85":{"start":{"line":144,"column":11},"end":{"line":144,"column":39}},"86":{"start":{"line":147,"column":4},"end":{"line":147,"column":18}},"87":{"start":{"line":150,"column":17},"end":{"line":150,"column":84}},"88":{"start":{"line":152,"column":2},"end":{"line":409,"column":4}},"89":{"start":{"line":191,"column":35},"end":{"line":191,"column":64}},"90":{"start":{"line":199,"column":33},"end":{"line":199,"column":64}},"91":{"start":{"line":217,"column":20},"end":{"line":246,"column":29}},"92":{"start":{"line":219,"column":37},"end":{"line":219,"column":61}},"93":{"start":{"line":289,"column":39},"end":{"line":289,"column":76}},"94":{"start":{"line":294,"column":24},"end":{"line":296,"column":33}},"95":{"start":{"line":301,"column":24},"end":{"line":317,"column":25}},"96":{"start":{"line":302,"column":26},"end":{"line":316,"column":27}},"97":{"start":{"line":303,"column":28},"end":{"line":310,"column":31}},"98":{"start":{"line":311,"column":28},"end":{"line":311,"column":54}},"99":{"start":{"line":312,"column":28},"end":{"line":312,"column":54}},"100":{"start":{"line":313,"column":28},"end":{"line":313,"column":66}},"101":{"start":{"line":315,"column":28},"end":{"line":315,"column":77}},"102":{"start":{"line":334,"column":22},"end":{"line":370,"column":28}},"103":{"start":{"line":341,"column":42},"end":{"line":341,"column":69}},"104":{"start":{"line":395,"column":20},"end":{"line":400,"column":22}},"105":{"start":{"line":398,"column":52},"end":{"line":398,"column":63}}},"fnMap":{"0":{"name":"Onboarding","decl":{"start":{"line":7,"column":24},"end":{"line":7,"column":34}},"loc":{"start":{"line":7,"column":37},"end":{"line":410,"column":1}},"line":7},"1":{"name":"(anonymous_1)","decl":{"start":{"line":23,"column":12},"end":{"line":23,"column":13}},"loc":{"start":{"line":23,"column":18},"end":{"line":46,"column":3}},"line":23},"2":{"name":"(anonymous_2)","decl":{"start":{"line":24,"column":21},"end":{"line":24,"column":22}},"loc":{"start":{"line":24,"column":33},"end":{"line":43,"column":5}},"line":24},"3":{"name":"(anonymous_3)","decl":{"start":{"line":49,"column":12},"end":{"line":49,"column":13}},"loc":{"start":{"line":49,"column":18},"end":{"line":85,"column":3}},"line":49},"4":{"name":"(anonymous_4)","decl":{"start":{"line":56,"column":26},"end":{"line":56,"column":27}},"loc":{"start":{"line":56,"column":38},"end":{"line":82,"column":5}},"line":56},"5":{"name":"(anonymous_5)","decl":{"start":{"line":88,"column":29},"end":{"line":88,"column":30}},"loc":{"start":{"line":88,"column":47},"end":{"line":105,"column":3}},"line":88},"6":{"name":"(anonymous_6)","decl":{"start":{"line":108,"column":45},"end":{"line":108,"column":46}},"loc":{"start":{"line":108,"column":54},"end":{"line":118,"column":3}},"line":108},"7":{"name":"(anonymous_7)","decl":{"start":{"line":121,"column":28},"end":{"line":121,"column":29}},"loc":{"start":{"line":121,"column":39},"end":{"line":148,"column":3}},"line":121},"8":{"name":"(anonymous_8)","decl":{"start":{"line":134,"column":18},"end":{"line":134,"column":19}},"loc":{"start":{"line":134,"column":28},"end":{"line":145,"column":5}},"line":134},"9":{"name":"(anonymous_9)","decl":{"start":{"line":191,"column":28},"end":{"line":191,"column":29}},"loc":{"start":{"line":191,"column":35},"end":{"line":191,"column":64}},"line":191},"10":{"name":"(anonymous_10)","decl":{"start":{"line":199,"column":26},"end":{"line":199,"column":27}},"loc":{"start":{"line":199,"column":33},"end":{"line":199,"column":64}},"line":199},"11":{"name":"(anonymous_11)","decl":{"start":{"line":216,"column":41},"end":{"line":216,"column":42}},"loc":{"start":{"line":217,"column":20},"end":{"line":246,"column":29}},"line":217},"12":{"name":"(anonymous_12)","decl":{"start":{"line":219,"column":31},"end":{"line":219,"column":32}},"loc":{"start":{"line":219,"column":37},"end":{"line":219,"column":61}},"line":219},"13":{"name":"(anonymous_13)","decl":{"start":{"line":289,"column":32},"end":{"line":289,"column":33}},"loc":{"start":{"line":289,"column":39},"end":{"line":289,"column":76}},"line":289},"14":{"name":"(anonymous_14)","decl":{"start":{"line":293,"column":37},"end":{"line":293,"column":38}},"loc":{"start":{"line":294,"column":24},"end":{"line":296,"column":33}},"line":294},"15":{"name":"(anonymous_15)","decl":{"start":{"line":300,"column":31},"end":{"line":300,"column":32}},"loc":{"start":{"line":300,"column":43},"end":{"line":318,"column":23}},"line":300},"16":{"name":"(anonymous_16)","decl":{"start":{"line":333,"column":48},"end":{"line":333,"column":49}},"loc":{"start":{"line":334,"column":22},"end":{"line":370,"column":28}},"line":334},"17":{"name":"(anonymous_17)","decl":{"start":{"line":341,"column":36},"end":{"line":341,"column":37}},"loc":{"start":{"line":341,"column":42},"end":{"line":341,"column":69}},"line":341},"18":{"name":"(anonymous_18)","decl":{"start":{"line":394,"column":46},"end":{"line":394,"column":47}},"loc":{"start":{"line":395,"column":20},"end":{"line":400,"column":22}},"line":395},"19":{"name":"(anonymous_19)","decl":{"start":{"line":398,"column":45},"end":{"line":398,"column":46}},"loc":{"start":{"line":398,"column":52},"end":{"line":398,"column":63}},"line":398}},"branchMap":{"0":{"loc":{"start":{"line":32,"column":8},"end":{"line":32,"column":73}},"type":"if","locations":[{"start":{"line":32,"column":8},"end":{"line":32,"column":73}},{"start":{},"end":{}}],"line":32},"1":{"loc":{"start":{"line":34,"column":21},"end":{"line":34,"column":40}},"type":"binary-expr","locations":[{"start":{"line":34,"column":21},"end":{"line":34,"column":34}},{"start":{"line":34,"column":38},"end":{"line":34,"column":40}}],"line":34},"2":{"loc":{"start":{"line":35,"column":21},"end":{"line":35,"column":40}},"type":"binary-expr","locations":[{"start":{"line":35,"column":21},"end":{"line":35,"column":34}},{"start":{"line":35,"column":38},"end":{"line":35,"column":40}}],"line":35},"3":{"loc":{"start":{"line":50,"column":4},"end":{"line":54,"column":5}},"type":"if","locations":[{"start":{"line":50,"column":4},"end":{"line":54,"column":5}},{"start":{},"end":{}}],"line":50},"4":{"loc":{"start":{"line":60,"column":8},"end":{"line":60,"column":65}},"type":"if","locations":[{"start":{"line":60,"column":8},"end":{"line":60,"column":65}},{"start":{},"end":{}}],"line":60},"5":{"loc":{"start":{"line":63,"column":8},"end":{"line":77,"column":9}},"type":"if","locations":[{"start":{"line":63,"column":8},"end":{"line":77,"column":9}},{"start":{"line":74,"column":15},"end":{"line":77,"column":9}}],"line":63},"6":{"loc":{"start":{"line":63,"column":12},"end":{"line":63,"column":47}},"type":"binary-expr","locations":[{"start":{"line":63,"column":12},"end":{"line":63,"column":22}},{"start":{"line":63,"column":26},"end":{"line":63,"column":47}}],"line":63},"7":{"loc":{"start":{"line":89,"column":4},"end":{"line":89,"column":35}},"type":"if","locations":[{"start":{"line":89,"column":4},"end":{"line":89,"column":35}},{"start":{},"end":{}}],"line":89},"8":{"loc":{"start":{"line":110,"column":6},"end":{"line":111,"column":63}},"type":"binary-expr","locations":[{"start":{"line":110,"column":6},"end":{"line":110,"column":63}},{"start":{"line":111,"column":6},"end":{"line":111,"column":63}}],"line":110},"9":{"loc":{"start":{"line":113,"column":4},"end":{"line":113,"column":53}},"type":"if","locations":[{"start":{"line":113,"column":4},"end":{"line":113,"column":53}},{"start":{},"end":{}}],"line":113},"10":{"loc":{"start":{"line":114,"column":4},"end":{"line":114,"column":102}},"type":"if","locations":[{"start":{"line":114,"column":4},"end":{"line":114,"column":102}},{"start":{},"end":{}}],"line":114},"11":{"loc":{"start":{"line":114,"column":42},"end":{"line":114,"column":101}},"type":"binary-expr","locations":[{"start":{"line":114,"column":42},"end":{"line":114,"column":55}},{"start":{"line":114,"column":59},"end":{"line":114,"column":101}}],"line":114},"12":{"loc":{"start":{"line":115,"column":4},"end":{"line":116,"column":59}},"type":"if","locations":[{"start":{"line":115,"column":4},"end":{"line":116,"column":59}},{"start":{},"end":{}}],"line":115},"13":{"loc":{"start":{"line":116,"column":13},"end":{"line":116,"column":58}},"type":"binary-expr","locations":[{"start":{"line":116,"column":13},"end":{"line":116,"column":26}},{"start":{"line":116,"column":30},"end":{"line":116,"column":58}}],"line":116},"14":{"loc":{"start":{"line":122,"column":4},"end":{"line":122,"column":26}},"type":"if","locations":[{"start":{"line":122,"column":4},"end":{"line":122,"column":26}},{"start":{},"end":{}}],"line":122},"15":{"loc":{"start":{"line":140,"column":6},"end":{"line":144,"column":39}},"type":"if","locations":[{"start":{"line":140,"column":6},"end":{"line":144,"column":39}},{"start":{"line":141,"column":11},"end":{"line":144,"column":39}}],"line":140},"16":{"loc":{"start":{"line":141,"column":11},"end":{"line":144,"column":39}},"type":"if","locations":[{"start":{"line":141,"column":11},"end":{"line":144,"column":39}},{"start":{"line":142,"column":11},"end":{"line":144,"column":39}}],"line":141},"17":{"loc":{"start":{"line":142,"column":11},"end":{"line":144,"column":39}},"type":"if","locations":[{"start":{"line":142,"column":11},"end":{"line":144,"column":39}},{"start":{"line":143,"column":11},"end":{"line":144,"column":39}}],"line":142},"18":{"loc":{"start":{"line":143,"column":11},"end":{"line":144,"column":39}},"type":"if","locations":[{"start":{"line":143,"column":11},"end":{"line":144,"column":39}},{"start":{"line":144,"column":11},"end":{"line":144,"column":39}}],"line":143},"19":{"loc":{"start":{"line":150,"column":17},"end":{"line":150,"column":84}},"type":"cond-expr","locations":[{"start":{"line":150,"column":37},"end":{"line":150,"column":79}},{"start":{"line":150,"column":82},"end":{"line":150,"column":84}}],"line":150},"20":{"loc":{"start":{"line":163,"column":7},"end":{"line":167,"column":7}},"type":"binary-expr","locations":[{"start":{"line":163,"column":7},"end":{"line":163,"column":12}},{"start":{"line":164,"column":8},"end":{"line":166,"column":14}}],"line":163},"21":{"loc":{"start":{"line":169,"column":7},"end":{"line":407,"column":7}},"type":"cond-expr","locations":[{"start":{"line":170,"column":8},"end":{"line":172,"column":14}},{"start":{"line":174,"column":8},"end":{"line":406,"column":14}}],"line":169},"22":{"loc":{"start":{"line":210,"column":15},"end":{"line":249,"column":15}},"type":"cond-expr","locations":[{"start":{"line":211,"column":16},"end":{"line":213,"column":22}},{"start":{"line":215,"column":16},"end":{"line":248,"column":22}}],"line":210},"23":{"loc":{"start":{"line":221,"column":24},"end":{"line":223,"column":75}},"type":"cond-expr","locations":[{"start":{"line":222,"column":28},"end":{"line":222,"column":70}},{"start":{"line":223,"column":28},"end":{"line":223,"column":75}}],"line":221},"24":{"loc":{"start":{"line":233,"column":25},"end":{"line":244,"column":25}},"type":"binary-expr","locations":[{"start":{"line":233,"column":25},"end":{"line":233,"column":33}},{"start":{"line":234,"column":26},"end":{"line":243,"column":34}}],"line":233},"25":{"loc":{"start":{"line":236,"column":30},"end":{"line":238,"column":43}},"type":"cond-expr","locations":[{"start":{"line":237,"column":34},"end":{"line":237,"column":42}},{"start":{"line":238,"column":34},"end":{"line":238,"column":43}}],"line":236},"26":{"loc":{"start":{"line":260,"column":15},"end":{"line":267,"column":15}},"type":"binary-expr","locations":[{"start":{"line":260,"column":15},"end":{"line":260,"column":31}},{"start":{"line":260,"column":35},"end":{"line":260,"column":52}},{"start":{"line":261,"column":16},"end":{"line":266,"column":22}}],"line":260},"27":{"loc":{"start":{"line":265,"column":19},"end":{"line":265,"column":100}},"type":"binary-expr","locations":[{"start":{"line":265,"column":19},"end":{"line":265,"column":27}},{"start":{"line":265,"column":31},"end":{"line":265,"column":100}}],"line":265},"28":{"loc":{"start":{"line":272,"column":15},"end":{"line":374,"column":15}},"type":"cond-expr","locations":[{"start":{"line":273,"column":16},"end":{"line":277,"column":22}},{"start":{"line":278,"column":18},"end":{"line":374,"column":15}}],"line":272},"29":{"loc":{"start":{"line":278,"column":18},"end":{"line":374,"column":15}},"type":"cond-expr","locations":[{"start":{"line":279,"column":16},"end":{"line":327,"column":22}},{"start":{"line":329,"column":16},"end":{"line":373,"column":22}}],"line":278},"30":{"loc":{"start":{"line":301,"column":24},"end":{"line":317,"column":25}},"type":"if","locations":[{"start":{"line":301,"column":24},"end":{"line":317,"column":25}},{"start":{},"end":{}}],"line":301},"31":{"loc":{"start":{"line":330,"column":19},"end":{"line":372,"column":19}},"type":"cond-expr","locations":[{"start":{"line":331,"column":20},"end":{"line":331,"column":80}},{"start":{"line":333,"column":20},"end":{"line":371,"column":22}}],"line":330},"32":{"loc":{"start":{"line":348,"column":30},"end":{"line":350,"column":50}},"type":"cond-expr","locations":[{"start":{"line":349,"column":34},"end":{"line":349,"column":63}},{"start":{"line":350,"column":34},"end":{"line":350,"column":50}}],"line":348},"33":{"loc":{"start":{"line":360,"column":30},"end":{"line":364,"column":50}},"type":"cond-expr","locations":[{"start":{"line":361,"column":34},"end":{"line":361,"column":48}},{"start":{"line":362,"column":34},"end":{"line":364,"column":50}}],"line":360},"34":{"loc":{"start":{"line":360,"column":30},"end":{"line":360,"column":84}},"type":"binary-expr","locations":[{"start":{"line":360,"column":30},"end":{"line":360,"column":65}},{"start":{"line":360,"column":69},"end":{"line":360,"column":84}}],"line":360},"35":{"loc":{"start":{"line":362,"column":34},"end":{"line":364,"column":50}},"type":"cond-expr","locations":[{"start":{"line":363,"column":34},"end":{"line":363,"column":50}},{"start":{"line":364,"column":34},"end":{"line":364,"column":50}}],"line":362},"36":{"loc":{"start":{"line":386,"column":15},"end":{"line":403,"column":15}},"type":"cond-expr","locations":[{"start":{"line":387,"column":16},"end":{"line":391,"column":22}},{"start":{"line":393,"column":16},"end":{"line":402,"column":22}}],"line":386}},"s":{"0":0,"1":0,"2":0,"3":0,"4":0,"5":0,"6":0,"7":0,"8":0,"9":0,"10":0,"11":0,"12":0,"13":0,"14":0,"15":0,"16":0,"17":0,"18":0,"19":0,"20":0,"21":0,"22":0,"23":0,"24":0,"25":0,"26":0,"27":0,"28":0,"29":0,"30":0,"31":0,"32":0,"33":0,"34":0,"35":0,"36":0,"37":0,"38":0,"39":0,"40":0,"41":0,"42":0,"43":0,"44":0,"45":0,"46":0,"47":0,"48":0,"49":0,"50":0,"51":0,"52":0,"53":0,"54":0,"55":0,"56":0,"57":0,"58":0,"59":0,"60":0,"61":0,"62":0,"63":0,"64":0,"65":0,"66":0,"67":0,"68":0,"69":0,"70":0,"71":0,"72":0,"73":0,"74":0,"75":0,"76":0,"77":0,"78":0,"79":0,"80":0,"81":0,"82":0,"83":0,"84":0,"85":0,"86":0,"87":0,"88":0,"89":0,"90":0,"91":0,"92":0,"93":0,"94":0,"95":0,"96":0,"97":0,"98":0,"99":0,"100":0,"101":0,"102":0,"103":0,"104":0,"105":0},"f":{"0":0,"1":0,"2":0,"3":0,"4":0,"5":0,"6":0,"7":0,"8":0,"9":0,"10":0,"11":0,"12":0,"13":0,"14":0,"15":0,"16":0,"17":0,"18":0,"19":0},"b":{"0":[0,0],"1":[0,0],"2":[0,0],"3":[0,0],"4":[0,0],"5":[0,0],"6":[0,0],"7":[0,0],"8":[0,0],"9":[0,0],"10":[0,0],"11":[0,0],"12":[0,0],"13":[0,0],"14":[0,0],"15":[0,0],"16":[0,0],"17":[0,0],"18":[0,0],"19":[0,0],"20":[0,0],"21":[0,0],"22":[0,0],"23":[0,0],"24":[0,0],"25":[0,0],"26":[0,0,0],"27":[0,0],"28":[0,0],"29":[0,0],"30":[0,0],"31":[0,0],"32":[0,0],"33":[0,0],"34":[0,0],"35":[0,0],"36":[0,0]}}
}
