TN:
SF:src/App.jsx
FN:19,App
FNF:1
FNH:0
FNDA:0,App
DA:20,0
LF:1
LH:0
BRF:0
BRH:0
end_of_record
TN:
SF:src/__tests__/components/ClaudeChat.test.jsx
FN:11,(anonymous_0)
FN:23,(anonymous_1)
FN:28,(anonymous_2)
FN:32,(anonymous_3)
FN:39,(anonymous_4)
FN:48,(anonymous_5)
FN:54,(anonymous_6)
FN:59,(anonymous_7)
FN:68,(anonymous_8)
FN:94,(anonymous_9)
FN:100,(anonymous_10)
FN:119,(anonymous_11)
FN:125,(anonymous_12)
FN:142,(anonymous_13)
FN:147,(anonymous_14)
FN:169,(anonymous_15)
FN:176,(anonymous_16)
FN:182,(anonymous_17)
FN:187,(anonymous_18)
FN:197,(anonymous_19)
FN:203,(anonymous_20)
FN:213,(anonymous_21)
FN:218,(anonymous_22)
FN:245,(anonymous_23)
FN:272,(anonymous_24)
FN:306,(anonymous_25)
FN:311,(anonymous_26)
FN:325,(anonymous_27)
FN:331,(anonymous_28)
FN:335,(anonymous_29)
FN:340,(anonymous_30)
FNF:31
FNH:0
FNDA:0,(anonymous_0)
FNDA:0,(anonymous_1)
FNDA:0,(anonymous_2)
FNDA:0,(anonymous_3)
FNDA:0,(anonymous_4)
FNDA:0,(anonymous_5)
FNDA:0,(anonymous_6)
FNDA:0,(anonymous_7)
FNDA:0,(anonymous_8)
FNDA:0,(anonymous_9)
FNDA:0,(anonymous_10)
FNDA:0,(anonymous_11)
FNDA:0,(anonymous_12)
FNDA:0,(anonymous_13)
FNDA:0,(anonymous_14)
FNDA:0,(anonymous_15)
FNDA:0,(anonymous_16)
FNDA:0,(anonymous_17)
FNDA:0,(anonymous_18)
FNDA:0,(anonymous_19)
FNDA:0,(anonymous_20)
FNDA:0,(anonymous_21)
FNDA:0,(anonymous_22)
FNDA:0,(anonymous_23)
FNDA:0,(anonymous_24)
FNDA:0,(anonymous_25)
FNDA:0,(anonymous_26)
FNDA:0,(anonymous_27)
FNDA:0,(anonymous_28)
FNDA:0,(anonymous_29)
FNDA:0,(anonymous_30)
DA:11,0
DA:12,0
DA:23,0
DA:24,0
DA:25,0
DA:28,0
DA:29,0
DA:32,0
DA:33,0
DA:34,0
DA:35,0
DA:36,0
DA:39,0
DA:40,0
DA:41,0
DA:44,0
DA:47,0
DA:48,0
DA:49,0
DA:53,0
DA:54,0
DA:55,0
DA:59,0
DA:60,0
DA:61,0
DA:62,0
DA:64,0
DA:65,0
DA:68,0
DA:69,0
DA:85,0
DA:90,0
DA:91,0
DA:92,0
DA:94,0
DA:95,0
DA:96,0
DA:100,0
DA:101,0
DA:102,0
DA:104,0
DA:109,0
DA:110,0
DA:111,0
DA:113,0
DA:114,0
DA:116,0
DA:117,0
DA:119,0
DA:120,0
DA:121,0
DA:125,0
DA:126,0
DA:127,0
DA:129,0
DA:134,0
DA:135,0
DA:136,0
DA:138,0
DA:139,0
DA:140,0
DA:142,0
DA:143,0
DA:147,0
DA:148,0
DA:149,0
DA:151,0
DA:156,0
DA:157,0
DA:158,0
DA:160,0
DA:161,0
DA:162,0
DA:166,0
DA:169,0
DA:170,0
DA:171,0
DA:173,0
DA:174,0
DA:176,0
DA:177,0
DA:180,0
DA:182,0
DA:183,0
DA:187,0
DA:188,0
DA:193,0
DA:194,0
DA:195,0
DA:197,0
DA:198,0
DA:199,0
DA:203,0
DA:204,0
DA:209,0
DA:210,0
DA:211,0
DA:213,0
DA:214,0
DA:218,0
DA:219,0
DA:220,0
DA:222,0
DA:235,0
DA:236,0
DA:237,0
DA:239,0
DA:240,0
DA:242,0
DA:245,0
DA:246,0
DA:247,0
DA:248,0
DA:251,0
DA:254,0
DA:266,0
DA:269,0
DA:272,0
DA:273,0
DA:274,0
DA:275,0
DA:277,0
DA:299,0
DA:300,0
DA:301,0
DA:303,0
DA:304,0
DA:306,0
DA:307,0
DA:311,0
DA:312,0
DA:317,0
DA:318,0
DA:319,0
DA:321,0
DA:322,0
DA:325,0
DA:326,0
DA:327,0
DA:328,0
DA:330,0
DA:331,0
DA:332,0
DA:335,0
DA:336,0
DA:337,0
DA:338,0
DA:340,0
DA:341,0
DA:342,0
LF:150
LH:0
BRF:0
BRH:0
end_of_record
TN:
SF:src/__tests__/pages/Dashboard.test.jsx
FN:8,(anonymous_0)
FN:13,(anonymous_1)
FN:14,MockActivityFeed
FN:27,(anonymous_3)
FN:52,(anonymous_4)
FN:72,(anonymous_5)
FN:76,(anonymous_6)
FN:92,(anonymous_7)
FN:110,(anonymous_8)
FN:125,(anonymous_9)
FN:141,(anonymous_10)
FN:159,(anonymous_11)
FN:174,(anonymous_12)
FN:190,(anonymous_13)
FN:209,(anonymous_14)
FN:228,(anonymous_15)
FN:246,(anonymous_16)
FNF:17
FNH:0
FNDA:0,(anonymous_0)
FNDA:0,(anonymous_1)
FNDA:0,MockActivityFeed
FNDA:0,(anonymous_3)
FNDA:0,(anonymous_4)
FNDA:0,(anonymous_5)
FNDA:0,(anonymous_6)
FNDA:0,(anonymous_7)
FNDA:0,(anonymous_8)
FNDA:0,(anonymous_9)
FNDA:0,(anonymous_10)
FNDA:0,(anonymous_11)
FNDA:0,(anonymous_12)
FNDA:0,(anonymous_13)
FNDA:0,(anonymous_14)
FNDA:0,(anonymous_15)
FNDA:0,(anonymous_16)
DA:8,0
DA:13,0
DA:14,0
DA:21,0
DA:28,0
DA:52,0
DA:53,0
DA:72,0
DA:73,0
DA:76,0
DA:77,0
DA:86,0
DA:88,0
DA:89,0
DA:92,0
DA:93,0
DA:102,0
DA:104,0
DA:105,0
DA:106,0
DA:107,0
DA:110,0
DA:111,0
DA:120,0
DA:122,0
DA:125,0
DA:126,0
DA:127,0
DA:136,0
DA:138,0
DA:141,0
DA:142,0
DA:151,0
DA:153,0
DA:154,0
DA:155,0
DA:156,0
DA:159,0
DA:160,0
DA:169,0
DA:171,0
DA:174,0
DA:175,0
DA:176,0
DA:185,0
DA:187,0
DA:190,0
DA:191,0
DA:192,0
DA:201,0
DA:203,0
DA:204,0
DA:206,0
DA:209,0
DA:210,0
DA:219,0
DA:221,0
DA:222,0
DA:223,0
DA:224,0
DA:225,0
DA:228,0
DA:229,0
DA:238,0
DA:241,0
DA:242,0
DA:243,0
DA:246,0
DA:247,0
DA:256,0
DA:258,0
LF:71
LH:0
BRDA:23,0,0,0
BRDA:23,0,1,0
BRDA:24,1,0,0
BRDA:24,1,1,0
BRDA:25,2,0,0
BRDA:25,2,1,0
BRDA:34,3,0,0
BRDA:34,3,1,0
BRDA:34,3,2,0
BRDA:34,3,3,0
BRDA:37,4,0,0
BRDA:37,4,1,0
BRF:12
BRH:0
end_of_record
TN:
SF:src/__tests__/pages/Directory.test.jsx
FN:9,(anonymous_0)
FN:13,(anonymous_1)
FN:14,MockDetailPanel
FN:27,(anonymous_3)
FN:62,(anonymous_4)
FN:63,(anonymous_5)
FN:68,(anonymous_6)
FN:69,(anonymous_7)
FN:71,(anonymous_8)
FN:72,(anonymous_9)
FN:74,(anonymous_10)
FN:75,(anonymous_11)
FN:81,(anonymous_12)
FN:102,(anonymous_13)
FN:107,(anonymous_14)
FN:112,(anonymous_15)
FN:117,(anonymous_16)
FN:126,(anonymous_17)
FN:137,(anonymous_18)
FN:150,(anonymous_19)
FN:161,(anonymous_20)
FN:166,(anonymous_21)
FN:168,(anonymous_22)
FN:170,(anonymous_23)
FN:203,(anonymous_24)
FN:205,(anonymous_25)
FN:207,(anonymous_26)
FN:220,(anonymous_27)
FN:228,(anonymous_28)
FN:230,(anonymous_29)
FN:232,(anonymous_30)
FN:244,(anonymous_31)
FN:254,(anonymous_32)
FN:261,(anonymous_33)
FN:284,(anonymous_34)
FN:307,(anonymous_35)
FN:313,(anonymous_36)
FN:314,(anonymous_37)
FN:315,(anonymous_38)
FN:316,(anonymous_39)
FN:317,(anonymous_40)
FN:330,(anonymous_41)
FN:360,(anonymous_42)
FN:368,(anonymous_43)
FN:376,(anonymous_44)
FN:384,(anonymous_45)
FN:393,(anonymous_46)
FN:425,(anonymous_47)
FNF:48
FNH:0
FNDA:0,(anonymous_0)
FNDA:0,(anonymous_1)
FNDA:0,MockDetailPanel
FNDA:0,(anonymous_3)
FNDA:0,(anonymous_4)
FNDA:0,(anonymous_5)
FNDA:0,(anonymous_6)
FNDA:0,(anonymous_7)
FNDA:0,(anonymous_8)
FNDA:0,(anonymous_9)
FNDA:0,(anonymous_10)
FNDA:0,(anonymous_11)
FNDA:0,(anonymous_12)
FNDA:0,(anonymous_13)
FNDA:0,(anonymous_14)
FNDA:0,(anonymous_15)
FNDA:0,(anonymous_16)
FNDA:0,(anonymous_17)
FNDA:0,(anonymous_18)
FNDA:0,(anonymous_19)
FNDA:0,(anonymous_20)
FNDA:0,(anonymous_21)
FNDA:0,(anonymous_22)
FNDA:0,(anonymous_23)
FNDA:0,(anonymous_24)
FNDA:0,(anonymous_25)
FNDA:0,(anonymous_26)
FNDA:0,(anonymous_27)
FNDA:0,(anonymous_28)
FNDA:0,(anonymous_29)
FNDA:0,(anonymous_30)
FNDA:0,(anonymous_31)
FNDA:0,(anonymous_32)
FNDA:0,(anonymous_33)
FNDA:0,(anonymous_34)
FNDA:0,(anonymous_35)
FNDA:0,(anonymous_36)
FNDA:0,(anonymous_37)
FNDA:0,(anonymous_38)
FNDA:0,(anonymous_39)
FNDA:0,(anonymous_40)
FNDA:0,(anonymous_41)
FNDA:0,(anonymous_42)
FNDA:0,(anonymous_43)
FNDA:0,(anonymous_44)
FNDA:0,(anonymous_45)
FNDA:0,(anonymous_46)
FNDA:0,(anonymous_47)
DA:9,0
DA:13,0
DA:14,0
DA:15,0
DA:16,0
DA:27,0
DA:28,0
DA:61,0
DA:62,0
DA:63,0
DA:64,0
DA:68,0
DA:69,0
DA:71,0
DA:72,0
DA:74,0
DA:75,0
DA:81,0
DA:82,0
DA:83,0
DA:102,0
DA:103,0
DA:104,0
DA:107,0
DA:108,0
DA:109,0
DA:112,0
DA:113,0
DA:114,0
DA:117,0
DA:118,0
DA:120,0
DA:121,0
DA:122,0
DA:123,0
DA:126,0
DA:127,0
DA:129,0
DA:130,0
DA:131,0
DA:132,0
DA:133,0
DA:134,0
DA:137,0
DA:138,0
DA:139,0
DA:141,0
DA:142,0
DA:145,0
DA:146,0
DA:147,0
DA:150,0
DA:151,0
DA:152,0
DA:154,0
DA:155,0
DA:157,0
DA:158,0
DA:161,0
DA:162,0
DA:166,0
DA:167,0
DA:168,0
DA:169,0
DA:170,0
DA:171,0
DA:176,0
DA:194,0
DA:196,0
DA:197,0
DA:200,0
DA:203,0
DA:204,0
DA:205,0
DA:206,0
DA:207,0
DA:210,0
DA:212,0
DA:213,0
DA:216,0
DA:217,0
DA:220,0
DA:221,0
DA:223,0
DA:224,0
DA:225,0
DA:228,0
DA:229,0
DA:230,0
DA:231,0
DA:232,0
DA:235,0
DA:237,0
DA:238,0
DA:241,0
DA:244,0
DA:245,0
DA:247,0
DA:248,0
DA:250,0
DA:251,0
DA:254,0
DA:255,0
DA:258,0
DA:261,0
DA:262,0
DA:280,0
DA:281,0
DA:284,0
DA:285,0
DA:303,0
DA:304,0
DA:307,0
DA:308,0
DA:313,0
DA:314,0
DA:315,0
DA:316,0
DA:317,0
DA:326,0
DA:327,0
DA:330,0
DA:331,0
DA:332,0
DA:334,0
DA:352,0
DA:354,0
DA:355,0
DA:357,0
DA:360,0
DA:361,0
DA:363,0
DA:364,0
DA:365,0
DA:368,0
DA:369,0
DA:371,0
DA:372,0
DA:373,0
DA:376,0
DA:377,0
DA:379,0
DA:380,0
DA:381,0
DA:384,0
DA:386,0
DA:387,0
DA:390,0
DA:393,0
DA:394,0
DA:395,0
DA:397,0
DA:400,0
DA:401,0
DA:419,0
DA:421,0
DA:422,0
DA:425,0
DA:426,0
LF:159
LH:0
BRDA:15,0,0,0
BRDA:15,0,1,0
BRDA:64,1,0,0
BRDA:64,1,1,0
BRDA:69,2,0,0
BRDA:69,2,1,0
BRDA:72,3,0,0
BRDA:72,3,1,0
BRDA:169,4,0,0
BRDA:169,4,1,0
BRDA:171,5,0,0
BRDA:171,5,1,0
BRDA:206,6,0,0
BRDA:206,6,1,0
BRDA:231,7,0,0
BRDA:231,7,1,0
BRF:16
BRH:0
end_of_record
TN:
SF:src/components/ActivityFeed.jsx
FN:60,formatTimeAgo
FN:91,ActivityItem
FN:131,ActivityFeed
FN:143,(anonymous_3)
FN:145,(anonymous_4)
FN:146,(anonymous_5)
FN:151,(anonymous_6)
FN:152,(anonymous_7)
FN:170,(anonymous_8)
FN:178,(anonymous_9)
FN:186,(anonymous_10)
FN:222,(anonymous_11)
FN:258,(anonymous_12)
FN:268,(anonymous_13)
FN:286,(anonymous_14)
FNF:15
FNH:15
FNDA:127,formatTimeAgo
FNDA:127,ActivityItem
FNDA:43,ActivityFeed
FNDA:24,(anonymous_3)
FNDA:84,(anonymous_4)
FNDA:84,(anonymous_5)
FNDA:43,(anonymous_6)
FNDA:160,(anonymous_7)
FNDA:4,(anonymous_8)
FNDA:14,(anonymous_9)
FNDA:1,(anonymous_10)
FNDA:1,(anonymous_11)
FNDA:152,(anonymous_12)
FNDA:4,(anonymous_13)
FNDA:127,(anonymous_14)
DA:6,1
DA:61,127
DA:62,127
DA:63,127
DA:65,127
DA:66,0
DA:68,127
DA:69,38
DA:70,38
DA:72,89
DA:73,35
DA:74,35
DA:76,54
DA:77,54
DA:78,54
DA:82,0
DA:92,127
DA:94,127
DA:139,43
DA:140,43
DA:143,43
DA:144,24
DA:145,84
DA:146,84
DA:147,24
DA:151,43
DA:152,43
DA:154,160
DA:155,9
DA:159,151
DA:160,56
DA:161,56
DA:162,56
DA:165,95
DA:170,43
DA:171,4
DA:172,4
DA:173,4
DA:174,1
DA:178,43
DA:179,14
DA:180,14
DA:181,14
DA:182,5
DA:186,43
DA:187,1
DA:188,1
DA:193,43
DA:194,1
DA:205,42
DA:206,1
DA:216,41
DA:217,3
DA:223,1
DA:224,1
DA:225,1
DA:226,0
DA:238,38
DA:259,152
DA:265,152
DA:268,4
DA:287,127
DA:294,127
LF:63
LH:60
BRDA:65,0,0,0
BRDA:65,0,1,127
BRDA:68,1,0,38
BRDA:68,1,1,89
BRDA:72,2,0,35
BRDA:72,2,1,54
BRDA:76,3,0,54
BRDA:76,3,1,0
BRDA:101,4,0,127
BRDA:101,4,1,89
BRDA:105,5,0,38
BRDA:105,5,1,89
BRDA:132,6,0,0
BRDA:133,7,0,39
BRDA:134,8,0,42
BRDA:135,9,0,42
BRDA:136,10,0,38
BRDA:137,11,0,35
BRDA:154,12,0,9
BRDA:154,12,1,151
BRDA:154,13,0,160
BRDA:154,13,1,12
BRDA:159,14,0,56
BRDA:159,14,1,95
BRDA:171,15,0,1
BRDA:171,15,1,3
BRDA:173,16,0,1
BRDA:173,16,1,3
BRDA:181,17,0,5
BRDA:181,17,1,9
BRDA:187,18,0,1
BRDA:187,18,1,0
BRDA:187,19,0,1
BRDA:187,19,1,1
BRDA:187,19,2,1
BRDA:193,20,0,1
BRDA:193,20,1,42
BRDA:193,21,0,43
BRDA:193,21,1,3
BRDA:205,22,0,1
BRDA:205,22,1,41
BRDA:205,23,0,42
BRDA:205,23,1,1
BRDA:216,24,0,3
BRDA:216,24,1,38
BRDA:220,25,0,3
BRDA:220,25,1,3
BRDA:220,25,2,2
BRDA:225,26,0,0
BRDA:225,26,1,1
BRDA:256,27,0,38
BRDA:256,27,1,38
BRDA:259,28,0,152
BRDA:259,28,1,0
BRDA:270,29,0,3
BRDA:270,29,1,149
BRDA:287,30,0,127
BRDA:287,30,1,0
BRDA:308,31,0,38
BRDA:308,31,1,4
BRDA:315,32,0,2
BRDA:315,32,1,2
BRF:62
BRH:55
end_of_record
TN:
SF:src/components/ClaudeChat.jsx
FN:9,ClaudeChat
FN:27,(anonymous_1)
FN:32,(anonymous_2)
FN:41,(anonymous_3)
FN:59,(anonymous_4)
FN:74,(anonymous_5)
FN:88,(anonymous_6)
FN:101,(anonymous_7)
FN:145,(anonymous_8)
FN:165,(anonymous_9)
FN:180,(anonymous_10)
FN:220,(anonymous_11)
FNF:12
FNH:0
FNDA:0,ClaudeChat
FNDA:0,(anonymous_1)
FNDA:0,(anonymous_2)
FNDA:0,(anonymous_3)
FNDA:0,(anonymous_4)
FNDA:0,(anonymous_5)
FNDA:0,(anonymous_6)
FNDA:0,(anonymous_7)
FNDA:0,(anonymous_8)
FNDA:0,(anonymous_9)
FNDA:0,(anonymous_10)
FNDA:0,(anonymous_11)
DA:18,0
DA:20,0
DA:21,0
DA:22,0
DA:23,0
DA:24,0
DA:27,0
DA:28,0
DA:32,0
DA:33,0
DA:34,0
DA:41,0
DA:42,0
DA:43,0
DA:45,0
DA:46,0
DA:47,0
DA:49,0
DA:51,0
DA:52,0
DA:59,0
DA:61,0
DA:62,0
DA:63,0
DA:66,0
DA:67,0
DA:74,0
DA:75,0
DA:76,0
DA:77,0
DA:79,0
DA:81,0
DA:88,0
DA:89,0
DA:90,0
DA:91,0
DA:95,0
DA:97,0
DA:101,0
DA:145,0
DA:166,0
DA:180,0
DA:220,0
LF:43
LH:0
BRDA:33,0,0,0
BRDA:33,0,1,0
BRDA:33,1,0,0
BRDA:33,1,1,0
BRDA:43,2,0,0
BRDA:43,2,1,0
BRDA:43,3,0,0
BRDA:43,3,1,0
BRDA:51,4,0,0
BRDA:51,4,1,0
BRDA:52,5,0,0
BRDA:52,5,1,0
BRDA:61,6,0,0
BRDA:61,6,1,0
BRDA:61,7,0,0
BRDA:61,7,1,0
BRDA:66,8,0,0
BRDA:66,8,1,0
BRDA:76,9,0,0
BRDA:76,9,1,0
BRDA:81,10,0,0
BRDA:81,10,1,0
BRDA:95,11,0,0
BRDA:95,11,1,0
BRDA:103,12,0,0
BRDA:103,12,1,0
BRDA:106,13,0,0
BRDA:106,13,1,0
BRDA:123,14,0,0
BRDA:123,14,1,0
BRDA:132,15,0,0
BRDA:132,15,1,0
BRDA:159,16,0,0
BRDA:159,16,1,0
BRDA:166,17,0,0
BRDA:166,17,1,0
BRDA:166,18,0,0
BRDA:166,18,1,0
BRDA:169,19,0,0
BRDA:169,19,1,0
BRDA:177,20,0,0
BRDA:177,20,1,0
BRDA:177,20,2,0
BRDA:184,21,0,0
BRDA:184,21,1,0
BRDA:192,22,0,0
BRDA:192,22,1,0
BRDA:207,23,0,0
BRDA:207,23,1,0
BRDA:228,24,0,0
BRDA:228,24,1,0
BRDA:231,25,0,0
BRDA:231,25,1,0
BRF:53
BRH:0
end_of_record
TN:
SF:src/components/KanbanBoard.jsx
FN:10,KanbanBoard
FN:24,(anonymous_1)
FN:25,(anonymous_2)
FN:33,(anonymous_3)
FN:42,(anonymous_4)
FN:50,(anonymous_5)
FN:79,(anonymous_6)
FN:90,(anonymous_7)
FN:93,(anonymous_8)
FN:119,(anonymous_9)
FNF:10
FNH:7
FNDA:11,KanbanBoard
FNDA:50,(anonymous_1)
FNDA:120,(anonymous_2)
FNDA:1,(anonymous_3)
FNDA:0,(anonymous_4)
FNDA:0,(anonymous_5)
FNDA:5,(anonymous_6)
FNDA:3,(anonymous_7)
FNDA:0,(anonymous_8)
FNDA:45,(anonymous_9)
DA:8,1
DA:17,11
DA:18,11
DA:23,11
DA:25,120
DA:33,11
DA:34,1
DA:35,1
DA:36,1
DA:42,11
DA:49,11
DA:51,0
DA:54,0
DA:55,0
DA:58,0
DA:59,0
DA:64,11
DA:65,1
DA:76,10
DA:77,1
DA:81,5
DA:82,5
DA:84,5
DA:91,3
DA:93,0
DA:116,9
DA:120,45
LF:27
LH:21
BRDA:11,0,0,0
BRDA:14,1,0,9
BRDA:15,2,0,0
BRDA:51,3,0,0
BRDA:51,3,1,0
BRDA:51,4,0,0
BRDA:51,4,1,0
BRDA:54,5,0,0
BRDA:54,5,1,0
BRDA:64,6,0,1
BRDA:64,6,1,10
BRDA:76,7,0,1
BRDA:76,7,1,9
BRF:13
BRH:5
end_of_record
TN:
SF:src/components/KanbanColumn.jsx
FN:39,KanbanColumn
FN:50,(anonymous_1)
FN:55,(anonymous_2)
FN:98,(anonymous_3)
FN:102,(anonymous_4)
FN:103,(anonymous_5)
FN:165,getStatusBadgeColor
FNF:7
FNH:5
FNDA:65,KanbanColumn
FNDA:0,(anonymous_1)
FNDA:0,(anonymous_2)
FNDA:57,(anonymous_3)
FNDA:2,(anonymous_4)
FNDA:2,(anonymous_5)
FNDA:57,getStatusBadgeColor
DA:6,2
DA:47,65
DA:48,65
DA:50,65
DA:51,0
DA:52,0
DA:55,65
DA:56,0
DA:57,0
DA:60,65
DA:99,57
DA:102,2
DA:103,2
DA:166,57
DA:171,57
LF:15
LH:11
BRDA:41,0,0,0
BRDA:47,1,0,65
BRDA:47,1,1,0
BRDA:78,2,0,26
BRDA:78,2,1,39
BRDA:135,3,0,57
BRDA:135,3,1,57
BRDA:148,4,0,57
BRDA:148,4,1,25
BRDA:171,5,0,57
BRDA:171,5,1,0
BRF:11
BRH:8
end_of_record
TN:
SF:src/components/NotificationDropdown.jsx
FN:27,formatTimeAgo
FN:50,NotificationDropdown
FN:61,(anonymous_2)
FN:64,handleClickOutside
FN:71,(anonymous_4)
FN:77,(anonymous_5)
FN:106,(anonymous_6)
FN:112,(anonymous_7)
FN:153,(anonymous_8)
FNF:9
FNH:9
FNDA:58,formatTimeAgo
FNDA:49,NotificationDropdown
FNDA:49,(anonymous_2)
FNDA:1,handleClickOutside
FNDA:28,(anonymous_4)
FNDA:37,(anonymous_5)
FNDA:58,(anonymous_6)
FNDA:6,(anonymous_7)
FNDA:2,(anonymous_8)
DA:6,2
DA:15,2
DA:28,58
DA:29,58
DA:30,58
DA:32,58
DA:33,35
DA:34,35
DA:36,35
DA:37,35
DA:39,15
DA:40,15
DA:42,0
DA:43,0
DA:58,49
DA:61,49
DA:62,49
DA:65,1
DA:66,1
DA:70,28
DA:71,28
DA:74,49
DA:77,28
DA:78,37
DA:79,16
DA:81,21
DA:84,28
DA:107,58
DA:113,6
DA:114,5
DA:116,6
DA:154,2
DA:155,2
LF:33
LH:31
BRDA:32,0,0,23
BRDA:32,0,1,35
BRDA:34,1,0,0
BRDA:34,1,1,35
BRDA:34,2,0,0
BRDA:34,2,1,0
BRDA:37,3,0,20
BRDA:37,3,1,15
BRDA:37,4,0,0
BRDA:37,4,1,20
BRDA:40,5,0,15
BRDA:40,5,1,0
BRDA:40,6,0,0
BRDA:40,6,1,15
BRDA:43,7,0,0
BRDA:43,7,1,0
BRDA:52,8,0,0
BRDA:53,9,0,0
BRDA:62,10,0,21
BRDA:62,10,1,28
BRDA:65,11,0,1
BRDA:65,11,1,0
BRDA:65,12,0,1
BRDA:65,12,1,1
BRDA:74,13,0,21
BRDA:74,13,1,28
BRDA:78,14,0,16
BRDA:78,14,1,21
BRDA:81,15,0,21
BRDA:81,15,1,0
BRDA:96,16,0,2
BRDA:96,16,1,26
BRDA:100,17,0,3
BRDA:100,17,1,23
BRDA:110,18,0,38
BRDA:110,18,1,20
BRDA:113,19,0,5
BRDA:113,19,1,1
BRDA:122,20,0,58
BRDA:122,20,1,1
BRDA:128,21,0,58
BRDA:128,21,1,1
BRDA:139,22,0,58
BRDA:139,22,1,38
BRDA:150,23,0,28
BRDA:150,23,1,24
BRF:46
BRH:34
end_of_record
TN:
SF:src/components/RightPanel.jsx
FN:1,RightPanel
FNF:1
FNH:0
FNDA:0,RightPanel
DA:2,0
LF:1
LH:0
BRDA:5,0,0,0
BRDA:5,0,1,0
BRDA:15,1,0,0
BRDA:15,1,1,0
BRDA:18,2,0,0
BRDA:18,2,1,0
BRF:6
BRH:0
end_of_record
TN:
SF:src/components/Sidebar.jsx
FN:3,Sidebar
FN:6,(anonymous_1)
FN:63,(anonymous_2)
FN:69,(anonymous_3)
FNF:4
FNH:0
FNDA:0,Sidebar
FNDA:0,(anonymous_1)
FNDA:0,(anonymous_2)
FNDA:0,(anonymous_3)
DA:4,0
DA:6,0
DA:8,0
DA:50,0
DA:64,0
DA:70,0
LF:6
LH:0
BRDA:6,0,0,0
BRDA:6,0,1,0
BRDA:53,1,0,0
BRDA:53,1,1,0
BRDA:74,2,0,0
BRDA:74,2,1,0
BRDA:78,3,0,0
BRDA:78,3,1,0
BRF:8
BRH:0
end_of_record
TN:
SF:src/components/TimelineStep.jsx
FN:8,TimelineStep
FN:17,(anonymous_1)
FN:24,(anonymous_2)
FN:97,(anonymous_3)
FNF:4
FNH:4
FNDA:16,TimelineStep
FNDA:6,(anonymous_1)
FNDA:29,(anonymous_2)
FNDA:10,(anonymous_3)
DA:15,16
DA:17,16
DA:18,6
DA:19,6
DA:20,1
DA:24,29
DA:26,16
DA:28,16
DA:98,10
LF:9
LH:9
BRDA:10,0,0,0
BRDA:11,1,0,0
BRDA:13,2,0,15
BRDA:19,3,0,1
BRDA:19,3,1,5
BRDA:26,4,0,15
BRDA:26,4,1,1
BRDA:44,5,0,1
BRDA:44,5,1,15
BRDA:57,6,0,5
BRDA:57,6,1,11
BRDA:75,7,0,15
BRDA:75,7,1,1
BRDA:77,8,0,16
BRDA:77,8,1,15
BRDA:82,9,0,1
BRDA:82,9,1,14
BRDA:95,10,0,16
BRDA:95,10,1,5
BRDA:95,10,2,5
BRDA:101,11,0,5
BRDA:101,11,1,5
BRDA:105,12,0,5
BRDA:105,12,1,5
BRDA:113,13,0,5
BRDA:113,13,1,5
BRF:26
BRH:24
end_of_record
TN:
SF:src/components/TopBar.jsx
FN:5,TopBar
FN:11,(anonymous_1)
FN:15,(anonymous_2)
FN:19,(anonymous_3)
FN:102,(anonymous_4)
FNF:5
FNH:4
FNDA:28,TopBar
FNDA:9,(anonymous_1)
FNDA:2,(anonymous_2)
FNDA:0,(anonymous_3)
FNDA:2,(anonymous_4)
DA:6,28
DA:7,28
DA:11,28
DA:12,9
DA:15,28
DA:16,2
DA:19,28
DA:21,0
DA:24,28
DA:102,2
LF:10
LH:9
BRDA:5,0,0,27
BRDA:86,1,0,28
BRDA:86,1,1,23
BRDA:91,2,0,1
BRDA:91,2,1,22
BRF:5
BRH:5
end_of_record
TN:
SF:src/components/admin/FieldBuilder.jsx
FN:7,FieldBuilder
FN:21,(anonymous_1)
FN:35,(anonymous_2)
FN:71,(anonymous_3)
FN:87,(anonymous_4)
FN:89,(anonymous_5)
FN:161,(anonymous_6)
FNF:7
FNH:7
FNDA:29,FieldBuilder
FNDA:15,(anonymous_1)
FNDA:4,(anonymous_2)
FNDA:4,(anonymous_3)
FNDA:6,(anonymous_4)
FNDA:6,(anonymous_5)
FNDA:87,(anonymous_6)
DA:8,29
DA:18,29
DA:21,29
DA:22,15
DA:23,4
DA:35,29
DA:36,4
DA:38,4
DA:39,1
DA:40,3
DA:41,1
DA:44,4
DA:45,2
DA:48,4
DA:49,0
DA:52,4
DA:53,0
DA:56,4
DA:57,1
DA:58,1
DA:59,1
DA:60,0
DA:63,0
DA:67,4
DA:68,4
DA:71,29
DA:72,4
DA:74,4
DA:75,2
DA:78,2
DA:84,2
DA:87,29
DA:88,6
DA:89,6
DA:95,29
DA:97,29
DA:162,87
LF:37
LH:33
BRDA:7,0,0,19
BRDA:7,1,0,29
BRDA:22,2,0,4
BRDA:22,2,1,11
BRDA:28,3,0,4
BRDA:28,3,1,0
BRDA:38,4,0,1
BRDA:38,4,1,3
BRDA:40,5,0,1
BRDA:40,5,1,2
BRDA:44,6,0,2
BRDA:44,6,1,2
BRDA:48,7,0,0
BRDA:48,7,1,4
BRDA:52,8,0,0
BRDA:52,8,1,4
BRDA:56,9,0,1
BRDA:56,9,1,3
BRDA:59,10,0,0
BRDA:59,10,1,1
BRDA:59,11,0,1
BRDA:59,11,1,1
BRDA:74,12,0,2
BRDA:74,12,1,2
BRDA:91,13,0,1
BRDA:91,13,1,5
BRDA:112,14,0,2
BRDA:112,14,1,27
BRDA:113,15,0,10
BRDA:113,15,1,19
BRDA:115,16,0,29
BRDA:115,16,1,2
BRDA:116,17,0,29
BRDA:116,17,1,10
BRDA:129,18,0,2
BRDA:129,18,1,27
BRDA:132,19,0,29
BRDA:132,19,1,2
BRDA:144,20,0,0
BRDA:144,20,1,29
BRDA:145,21,0,10
BRDA:145,21,1,19
BRDA:153,22,0,29
BRDA:153,22,1,0
BRDA:154,23,0,29
BRDA:154,23,1,10
BRDA:170,24,0,30
BRDA:170,24,1,57
BRDA:176,25,0,29
BRDA:176,25,1,0
BRDA:177,26,0,29
BRDA:177,26,1,10
BRDA:181,27,0,29
BRDA:181,27,1,6
BRDA:192,28,0,0
BRDA:192,28,1,6
BRDA:196,29,0,6
BRDA:196,29,1,0
BRDA:224,30,0,0
BRDA:224,30,1,29
BRDA:237,31,0,0
BRDA:237,31,1,29
BRDA:237,32,0,10
BRDA:237,32,1,19
BRF:64
BRH:53
end_of_record
TN:
SF:src/components/common/Badge.jsx
FN:6,Badge
FNF:1
FNH:1
FNDA:304,Badge
DA:7,304
DA:16,304
DA:22,304
LF:3
LH:3
BRDA:6,0,0,14
BRDA:6,1,0,260
BRDA:6,2,0,291
BRDA:26,3,0,304
BRDA:26,3,1,291
BRF:5
BRH:5
end_of_record
TN:
SF:src/components/common/ProgressBar.jsx
FN:6,ProgressBar
FNF:1
FNH:1
FNDA:34,ProgressBar
DA:15,34
DA:17,34
DA:23,34
DA:29,34
LF:4
LH:4
BRDA:7,0,0,0
BRDA:8,1,0,0
BRDA:9,2,0,22
BRDA:10,3,0,29
BRDA:11,4,0,33
BRDA:12,5,0,31
BRDA:13,6,0,34
BRDA:15,7,0,32
BRDA:15,7,1,2
BRDA:30,8,0,34
BRDA:30,8,1,31
BRDA:31,9,0,34
BRDA:31,9,1,32
BRDA:48,10,0,34
BRDA:48,10,1,32
BRDA:48,10,2,32
BRF:16
BRH:14
end_of_record
TN:
SF:src/components/common/Timeline.jsx
FN:6,Timeline
FN:17,(anonymous_1)
FNF:2
FNH:2
FNDA:35,Timeline
FNDA:60,(anonymous_1)
DA:7,35
DA:8,7
DA:15,28
DA:18,60
LF:4
LH:4
BRDA:6,0,0,0
BRDA:6,1,0,34
BRDA:6,2,0,34
BRDA:7,3,0,7
BRDA:7,3,1,28
BRDA:18,4,0,60
BRDA:18,4,1,0
BRDA:25,5,0,60
BRDA:25,5,1,32
BRDA:33,6,0,60
BRDA:33,6,1,43
BRDA:37,7,0,59
BRDA:37,7,1,1
BRF:13
BRH:11
end_of_record
TN:
SF:src/components/forms/ResumeUploadForm.jsx
FN:7,ResumeUploadForm
FN:18,(anonymous_1)
FN:19,(anonymous_2)
FN:28,(anonymous_3)
FN:42,(anonymous_4)
FN:43,(anonymous_5)
FN:50,(anonymous_6)
FN:64,(anonymous_7)
FN:75,(anonymous_8)
FN:80,(anonymous_9)
FN:84,(anonymous_10)
FN:93,(anonymous_11)
FN:175,(anonymous_12)
FNF:13
FNH:1
FNDA:8,ResumeUploadForm
FNDA:0,(anonymous_1)
FNDA:0,(anonymous_2)
FNDA:0,(anonymous_3)
FNDA:0,(anonymous_4)
FNDA:0,(anonymous_5)
FNDA:0,(anonymous_6)
FNDA:0,(anonymous_7)
FNDA:0,(anonymous_8)
FNDA:0,(anonymous_9)
FNDA:0,(anonymous_10)
FNDA:0,(anonymous_11)
FNDA:0,(anonymous_12)
DA:8,8
DA:9,8
DA:10,8
DA:11,8
DA:12,8
DA:14,8
DA:15,8
DA:16,8
DA:18,8
DA:19,0
DA:20,0
DA:22,0
DA:23,0
DA:25,0
DA:28,8
DA:29,0
DA:30,0
DA:31,0
DA:32,0
DA:35,0
DA:36,0
DA:37,0
DA:38,0
DA:40,0
DA:42,0
DA:43,0
DA:44,0
DA:45,0
DA:50,0
DA:51,0
DA:52,0
DA:55,0
DA:63,0
DA:64,0
DA:65,0
DA:66,0
DA:69,0
DA:70,0
DA:71,0
DA:75,8
DA:76,0
DA:77,0
DA:80,8
DA:81,0
DA:84,8
DA:85,0
DA:86,0
DA:87,0
DA:88,0
DA:89,0
DA:93,8
DA:94,0
DA:95,0
DA:99,8
DA:176,0
DA:177,0
LF:56
LH:15
BRDA:19,0,0,0
BRDA:19,0,1,0
BRDA:19,1,0,0
BRDA:19,1,1,0
BRDA:22,2,0,0
BRDA:22,2,1,0
BRDA:30,3,0,0
BRDA:30,3,1,0
BRDA:45,4,0,0
BRDA:45,4,1,0
BRDA:88,5,0,0
BRDA:88,5,1,0
BRDA:94,6,0,0
BRDA:94,6,1,0
BRDA:94,7,0,0
BRDA:94,7,1,0
BRDA:108,8,0,0
BRDA:108,8,1,8
BRDA:109,9,0,0
BRDA:109,9,1,8
BRDA:112,10,0,8
BRDA:112,10,1,8
BRDA:112,10,2,8
BRDA:136,11,0,8
BRDA:136,11,1,0
BRDA:144,12,0,8
BRDA:144,12,1,0
BRDA:155,13,0,8
BRDA:155,13,1,0
BRDA:155,13,2,0
BRDA:165,14,0,8
BRDA:165,14,1,0
BRDA:172,15,0,8
BRDA:172,15,1,0
BRF:34
BRH:10
end_of_record
TN:
SF:src/components/modals/AddCandidateModal.jsx
FN:8,AddCandidateModal
FN:26,(anonymous_1)
FN:28,(anonymous_2)
FN:32,(anonymous_3)
FN:33,(anonymous_4)
FN:40,(anonymous_5)
FN:175,(anonymous_6)
FN:187,(anonymous_7)
FNF:8
FNH:7
FNDA:142,AddCandidateModal
FNDA:123,(anonymous_1)
FNDA:123,(anonymous_2)
FNDA:1,(anonymous_3)
FNDA:1,(anonymous_4)
FNDA:5,(anonymous_5)
FNDA:1,(anonymous_6)
FNDA:0,(anonymous_7)
DA:14,142
DA:23,142
DA:24,142
DA:26,142
DA:27,123
DA:28,123
DA:29,123
DA:32,142
DA:33,1
DA:37,1
DA:40,142
DA:41,5
DA:42,5
DA:45,5
DA:46,2
DA:47,2
DA:49,3
DA:50,0
DA:51,0
DA:53,3
DA:54,0
DA:55,0
DA:58,3
DA:59,3
DA:61,2
DA:69,2
DA:71,1
DA:75,142
DA:77,141
DA:175,1
DA:187,0
LF:31
LH:26
BRDA:12,0,0,141
BRDA:45,1,0,2
BRDA:45,1,1,3
BRDA:49,2,0,0
BRDA:49,2,1,3
BRDA:53,3,0,0
BRDA:53,3,1,3
BRDA:71,4,0,1
BRDA:71,4,1,0
BRDA:75,5,0,1
BRDA:75,5,1,141
BRDA:116,6,0,141
BRDA:116,6,1,3
BRDA:172,7,0,140
BRDA:172,7,1,1
BRDA:177,8,0,1
BRDA:177,8,1,139
BRDA:182,9,0,1
BRDA:182,9,1,139
BRDA:206,10,0,1
BRDA:206,10,1,140
BRF:21
BRH:18
end_of_record
TN:
SF:src/components/modals/PromoteModal.jsx
FN:7,PromoteModal
FN:18,(anonymous_1)
FN:27,(anonymous_2)
FN:38,(anonymous_3)
FN:40,(anonymous_4)
FN:42,(anonymous_5)
FN:96,(anonymous_6)
FNF:7
FNH:7
FNDA:18,PromoteModal
FNDA:3,(anonymous_1)
FNDA:3,(anonymous_2)
FNDA:5,(anonymous_3)
FNDA:5,(anonymous_4)
FNDA:1,(anonymous_5)
FNDA:126,(anonymous_6)
DA:8,18
DA:14,18
DA:16,18
DA:18,18
DA:19,3
DA:20,3
DA:21,3
DA:22,3
DA:23,3
DA:24,3
DA:27,18
DA:28,3
DA:29,3
DA:30,1
DA:38,18
DA:39,5
DA:40,5
DA:41,5
DA:42,1
DA:46,18
DA:97,126
LF:21
LH:21
BRDA:20,0,0,2
BRDA:20,0,1,1
BRDA:21,1,0,2
BRDA:21,1,1,1
BRDA:22,2,0,0
BRDA:22,2,1,3
BRDA:29,3,0,1
BRDA:29,3,1,2
BRDA:41,4,0,1
BRDA:41,4,1,4
BRDA:71,5,0,2
BRDA:71,5,1,16
BRDA:75,6,0,18
BRDA:75,6,1,2
BRDA:91,7,0,3
BRDA:91,7,1,15
BRDA:100,8,0,18
BRDA:100,8,1,3
BRDA:117,9,0,0
BRDA:117,9,1,18
BRDA:121,10,0,18
BRDA:121,10,1,0
BRF:22
BRH:19
end_of_record
TN:
SF:src/components/panels/CandidateDetailPanel.jsx
FN:11,CandidateDetailPanel
FN:46,(anonymous_1)
FN:62,(anonymous_2)
FN:64,(anonymous_3)
FN:67,(anonymous_4)
FN:72,(anonymous_5)
FN:79,(anonymous_6)
FN:81,(anonymous_7)
FN:90,(anonymous_8)
FN:135,(anonymous_9)
FN:138,(anonymous_10)
FN:190,(anonymous_11)
FN:196,(anonymous_12)
FN:296,(anonymous_13)
FN:328,(anonymous_14)
FN:338,(anonymous_15)
FN:346,(anonymous_16)
FN:369,(anonymous_17)
FNF:18
FNH:11
FNDA:59,CandidateDetailPanel
FNDA:23,(anonymous_1)
FNDA:1,(anonymous_2)
FNDA:1,(anonymous_3)
FNDA:1,(anonymous_4)
FNDA:0,(anonymous_5)
FNDA:0,(anonymous_6)
FNDA:0,(anonymous_7)
FNDA:57,(anonymous_8)
FNDA:171,(anonymous_9)
FNDA:4,(anonymous_10)
FNDA:4,(anonymous_11)
FNDA:2,(anonymous_12)
FNDA:1,(anonymous_13)
FNDA:0,(anonymous_14)
FNDA:0,(anonymous_15)
FNDA:0,(anonymous_16)
FNDA:0,(anonymous_17)
DA:12,59
DA:13,59
DA:14,59
DA:15,59
DA:16,59
DA:26,59
DA:46,59
DA:47,23
DA:48,23
DA:57,23
DA:58,23
DA:62,59
DA:63,1
DA:64,1
DA:67,59
DA:69,1
DA:72,59
DA:74,0
DA:75,0
DA:76,0
DA:79,59
DA:81,0
DA:85,0
DA:88,59
DA:90,57
DA:91,57
DA:96,57
DA:99,57
DA:136,171
DA:138,4
DA:190,4
DA:196,2
DA:296,1
DA:328,0
DA:338,0
DA:346,0
DA:369,0
LF:37
LH:28
BRDA:47,0,0,23
BRDA:47,0,1,0
BRDA:49,1,0,23
BRDA:49,1,1,0
BRDA:50,2,0,23
BRDA:50,2,1,0
BRDA:51,3,0,23
BRDA:51,3,1,1
BRDA:52,4,0,23
BRDA:52,4,1,1
BRDA:53,5,0,23
BRDA:53,5,1,1
BRDA:54,6,0,23
BRDA:54,6,1,1
BRDA:55,7,0,23
BRDA:55,7,1,23
BRDA:88,8,0,2
BRDA:88,8,1,57
BRDA:88,9,0,59
BRDA:88,9,1,57
BRDA:96,10,0,57
BRDA:96,10,1,0
BRDA:141,11,0,57
BRDA:141,11,1,114
BRDA:155,12,0,57
BRDA:155,12,1,53
BRDA:157,13,0,48
BRDA:157,13,1,5
BRDA:183,14,0,48
BRDA:183,14,1,23
BRDA:308,15,0,57
BRDA:308,15,1,2
BRDA:310,16,0,0
BRDA:310,16,1,2
BRDA:336,17,0,2
BRDA:336,17,1,0
BRDA:355,18,0,57
BRDA:355,18,1,2
BRDA:365,19,0,57
BRDA:365,19,1,2
BRF:40
BRH:34
end_of_record
TN:
SF:src/components/panels/EmployeeDetailPanel.jsx
FN:10,EmployeeDetailPanel
FN:103,(anonymous_1)
FN:119,(anonymous_2)
FN:121,(anonymous_3)
FN:124,(anonymous_4)
FN:129,(anonymous_5)
FN:136,(anonymous_6)
FN:175,(anonymous_7)
FN:178,(anonymous_8)
FN:236,(anonymous_9)
FN:296,(anonymous_10)
FN:323,(anonymous_11)
FN:347,(anonymous_12)
FN:362,(anonymous_13)
FN:395,(anonymous_14)
FN:395,(anonymous_15)
FN:410,(anonymous_16)
FN:414,(anonymous_17)
FN:414,(anonymous_18)
FNF:19
FNH:16
FNDA:62,EmployeeDetailPanel
FNDA:23,(anonymous_1)
FNDA:2,(anonymous_2)
FNDA:2,(anonymous_3)
FNDA:2,(anonymous_4)
FNDA:2,(anonymous_5)
FNDA:240,(anonymous_6)
FNDA:240,(anonymous_7)
FNDA:9,(anonymous_8)
FNDA:3,(anonymous_9)
FNDA:35,(anonymous_10)
FNDA:0,(anonymous_11)
FNDA:16,(anonymous_12)
FNDA:2,(anonymous_13)
FNDA:6,(anonymous_14)
FNDA:6,(anonymous_15)
FNDA:6,(anonymous_16)
FNDA:0,(anonymous_17)
FNDA:0,(anonymous_18)
DA:11,62
DA:12,62
DA:13,62
DA:23,62
DA:46,62
DA:81,62
DA:100,62
DA:103,62
DA:104,23
DA:105,23
DA:114,23
DA:115,23
DA:119,62
DA:120,2
DA:121,2
DA:124,62
DA:126,2
DA:129,62
DA:131,2
DA:134,62
DA:136,240
DA:137,60
DA:139,60
DA:176,240
DA:178,9
DA:236,3
DA:297,35
DA:323,0
DA:348,16
DA:362,2
DA:395,6
DA:396,6
DA:410,6
DA:414,0
DA:415,0
LF:35
LH:32
BRDA:104,0,0,23
BRDA:104,0,1,0
BRDA:106,1,0,23
BRDA:106,1,1,0
BRDA:107,2,0,23
BRDA:107,2,1,0
BRDA:108,3,0,23
BRDA:108,3,1,1
BRDA:109,4,0,23
BRDA:109,4,1,1
BRDA:110,5,0,23
BRDA:110,5,1,1
BRDA:111,6,0,23
BRDA:111,6,1,1
BRDA:112,7,0,23
BRDA:112,7,1,1
BRDA:134,8,0,2
BRDA:134,8,1,60
BRDA:134,9,0,62
BRDA:134,9,1,60
BRDA:156,10,0,60
BRDA:156,10,1,0
BRDA:181,11,0,60
BRDA:181,11,1,180
BRDA:195,12,0,60
BRDA:195,12,1,51
BRDA:197,13,0,46
BRDA:197,13,1,5
BRDA:220,14,0,23
BRDA:220,14,1,23
BRDA:225,15,0,46
BRDA:225,15,1,23
BRDA:335,16,0,60
BRDA:335,16,1,4
BRDA:352,17,0,8
BRDA:352,17,1,8
BRDA:366,18,0,8
BRDA:366,18,1,8
BRDA:373,19,0,8
BRDA:373,19,1,8
BRDA:374,20,0,8
BRDA:374,20,1,8
BRDA:377,21,0,16
BRDA:377,21,1,12
BRDA:390,22,0,60
BRDA:390,22,1,3
BRDA:410,23,0,3
BRDA:410,23,1,0
BRDA:419,24,0,0
BRDA:419,24,1,0
BRDA:430,25,0,60
BRDA:430,25,1,2
BRF:52
BRH:45
end_of_record
TN:
SF:src/hooks/useActivities.js
FN:7,useActivities
FN:18,(anonymous_1)
FN:47,(anonymous_2)
FN:65,(anonymous_3)
FN:89,(anonymous_4)
FN:93,(anonymous_5)
FN:104,(anonymous_6)
FNF:7
FNH:6
FNDA:24,useActivities
FNDA:11,(anonymous_1)
FNDA:0,(anonymous_2)
FNDA:2,(anonymous_3)
FNDA:1,(anonymous_4)
FNDA:1,(anonymous_5)
FNDA:1,(anonymous_6)
DA:8,24
DA:9,24
DA:10,24
DA:11,24
DA:12,24
DA:18,24
DA:19,11
DA:20,11
DA:21,11
DA:24,11
DA:25,11
DA:26,11
DA:27,11
DA:28,11
DA:29,11
DA:30,11
DA:31,11
DA:33,11
DA:34,11
DA:36,11
DA:37,2
DA:40,9
DA:41,9
DA:44,9
DA:45,9
DA:47,0
DA:51,9
DA:52,9
DA:54,2
DA:55,2
DA:57,11
DA:65,24
DA:66,2
DA:67,2
DA:68,2
DA:70,2
DA:71,2
DA:72,2
DA:73,2
DA:74,2
DA:75,2
DA:76,2
DA:78,2
DA:79,2
DA:81,2
DA:82,1
DA:85,1
DA:86,1
DA:89,1
DA:92,1
DA:93,1
DA:95,1
DA:97,2
DA:104,24
DA:105,1
DA:106,1
DA:107,1
DA:110,24
LF:58
LH:57
BRDA:18,0,0,7
BRDA:25,1,0,1
BRDA:25,1,1,10
BRDA:26,2,0,1
BRDA:26,2,1,10
BRDA:27,3,0,0
BRDA:27,3,1,11
BRDA:28,4,0,11
BRDA:28,4,1,9
BRDA:29,5,0,0
BRDA:29,5,1,11
BRDA:36,6,0,2
BRDA:36,6,1,9
BRDA:41,7,0,9
BRDA:41,7,1,0
BRDA:44,8,0,9
BRDA:44,8,1,0
BRDA:65,9,0,1
BRDA:71,10,0,0
BRDA:71,10,1,2
BRDA:72,11,0,0
BRDA:72,11,1,2
BRDA:73,12,0,0
BRDA:73,12,1,2
BRDA:74,13,0,2
BRDA:74,13,1,1
BRDA:81,14,0,1
BRDA:81,14,1,1
BRDA:86,15,0,1
BRDA:86,15,1,0
BRF:30
BRH:22
end_of_record
TN:
SF:src/hooks/useAdmin.js
FN:7,useAdmin
FN:14,(anonymous_1)
FN:32,(anonymous_2)
FN:46,(anonymous_3)
FN:50,(anonymous_4)
FN:54,(anonymous_5)
FN:58,(anonymous_6)
FN:63,(anonymous_7)
FN:67,(anonymous_8)
FN:71,(anonymous_9)
FN:75,(anonymous_10)
FN:80,(anonymous_11)
FN:84,(anonymous_12)
FN:89,(anonymous_13)
FN:96,(anonymous_14)
FN:100,(anonymous_15)
FN:105,(anonymous_16)
FNF:17
FNH:12
FNDA:26,useAdmin
FNDA:13,(anonymous_1)
FNDA:0,(anonymous_2)
FNDA:3,(anonymous_3)
FNDA:1,(anonymous_4)
FNDA:1,(anonymous_5)
FNDA:1,(anonymous_6)
FNDA:1,(anonymous_7)
FNDA:1,(anonymous_8)
FNDA:0,(anonymous_9)
FNDA:0,(anonymous_10)
FNDA:1,(anonymous_11)
FNDA:1,(anonymous_12)
FNDA:2,(anonymous_13)
FNDA:0,(anonymous_14)
FNDA:0,(anonymous_15)
FNDA:1,(anonymous_16)
DA:8,26
DA:9,26
DA:14,26
DA:15,13
DA:16,13
DA:17,13
DA:19,13
DA:24,13
DA:25,4
DA:28,13
DA:29,13
DA:31,12
DA:32,1
DA:33,1
DA:36,11
DA:38,2
DA:39,2
DA:41,13
DA:46,26
DA:47,3
DA:50,26
DA:51,1
DA:54,26
DA:55,1
DA:58,26
DA:59,1
DA:63,26
DA:64,1
DA:67,26
DA:68,1
DA:71,26
DA:72,0
DA:75,26
DA:76,0
DA:80,26
DA:81,1
DA:84,26
DA:85,1
DA:89,26
DA:90,2
DA:91,2
DA:92,2
DA:93,2
DA:96,26
DA:97,0
DA:100,26
DA:101,0
DA:105,26
DA:106,1
DA:109,26
LF:50
LH:46
BRDA:14,0,0,9
BRDA:24,1,0,4
BRDA:24,1,1,9
BRDA:31,2,0,1
BRDA:31,2,1,11
BRDA:33,3,0,1
BRDA:33,3,1,0
BRDA:89,4,0,1
BRDA:91,5,0,1
BRDA:91,5,1,1
BRDA:93,6,0,1
BRDA:93,6,1,1
BRF:12
BRH:11
end_of_record
TN:
SF:src/hooks/useCandidates.js
FN:7,useCandidates
FN:16,(anonymous_1)
FN:50,(anonymous_2)
FN:61,(anonymous_3)
FN:68,(anonymous_4)
FN:82,(anonymous_5)
FN:93,(anonymous_6)
FN:100,(anonymous_7)
FN:101,(anonymous_8)
FN:115,(anonymous_9)
FN:128,(anonymous_10)
FN:128,(anonymous_11)
FN:141,(anonymous_12)
FN:145,(anonymous_13)
FN:146,(anonymous_14)
FN:156,(anonymous_15)
FN:160,(anonymous_16)
FN:161,(anonymous_17)
FN:171,(anonymous_18)
FNF:19
FNH:17
FNDA:26,useCandidates
FNDA:3,(anonymous_1)
FNDA:2,(anonymous_2)
FNDA:0,(anonymous_3)
FNDA:1,(anonymous_4)
FNDA:2,(anonymous_5)
FNDA:0,(anonymous_6)
FNDA:1,(anonymous_7)
FNDA:3,(anonymous_8)
FNDA:2,(anonymous_9)
FNDA:1,(anonymous_10)
FNDA:3,(anonymous_11)
FNDA:1,(anonymous_12)
FNDA:5,(anonymous_13)
FNDA:15,(anonymous_14)
FNDA:1,(anonymous_15)
FNDA:5,(anonymous_16)
FNDA:15,(anonymous_17)
FNDA:1,(anonymous_18)
DA:8,26
DA:9,26
DA:10,26
DA:16,26
DA:17,3
DA:18,3
DA:19,3
DA:21,3
DA:22,3
DA:23,3
DA:24,3
DA:26,3
DA:27,3
DA:29,3
DA:30,1
DA:33,2
DA:34,2
DA:35,2
DA:37,1
DA:38,1
DA:39,1
DA:40,1
DA:42,3
DA:50,26
DA:51,2
DA:52,2
DA:54,2
DA:60,2
DA:61,1
DA:62,1
DA:65,1
DA:68,1
DA:69,1
DA:71,1
DA:72,1
DA:73,1
DA:82,26
DA:83,2
DA:84,2
DA:86,2
DA:92,2
DA:93,1
DA:94,0
DA:97,1
DA:100,1
DA:101,3
DA:103,1
DA:105,1
DA:106,1
DA:107,1
DA:115,26
DA:116,2
DA:117,2
DA:119,2
DA:123,2
DA:124,1
DA:128,3
DA:129,1
DA:131,1
DA:132,1
DA:133,1
DA:141,26
DA:142,1
DA:143,1
DA:145,1
DA:146,15
DA:149,1
DA:156,26
DA:157,1
DA:158,1
DA:160,1
DA:161,15
DA:164,1
DA:171,26
DA:172,1
DA:175,26
LF:76
LH:75
BRDA:16,0,0,2
BRDA:22,1,0,1
BRDA:22,1,1,2
BRDA:23,2,0,0
BRDA:23,2,1,3
BRDA:24,3,0,0
BRDA:24,3,1,3
BRDA:29,4,0,1
BRDA:29,4,1,2
BRDA:34,5,0,2
BRDA:34,5,1,0
BRDA:37,6,0,1
BRDA:37,6,1,0
BRDA:60,7,0,1
BRDA:60,7,1,1
BRDA:62,8,0,1
BRDA:62,8,1,0
BRDA:68,9,0,1
BRDA:68,9,1,0
BRDA:71,10,0,1
BRDA:71,10,1,0
BRDA:92,11,0,1
BRDA:92,11,1,1
BRDA:94,12,0,0
BRDA:94,12,1,0
BRDA:101,13,0,1
BRDA:101,13,1,2
BRDA:105,14,0,1
BRDA:105,14,1,0
BRDA:123,15,0,1
BRDA:123,15,1,1
BRDA:131,16,0,1
BRDA:131,16,1,0
BRF:33
BRH:22
end_of_record
TN:
SF:src/hooks/useClaudeChat.js
FN:7,useClaudeChat
FN:14,(anonymous_1)
FN:37,(anonymous_2)
FN:71,(anonymous_3)
FN:114,(anonymous_4)
FN:143,(anonymous_5)
FN:157,(anonymous_6)
FN:199,(anonymous_7)
FNF:8
FNH:6
FNDA:20,useClaudeChat
FNDA:11,(anonymous_1)
FNDA:4,(anonymous_2)
FNDA:2,(anonymous_3)
FNDA:3,(anonymous_4)
FNDA:1,(anonymous_5)
FNDA:0,(anonymous_6)
FNDA:0,(anonymous_7)
DA:8,20
DA:9,20
DA:10,20
DA:11,20
DA:14,20
DA:15,11
DA:16,11
DA:18,11
DA:19,1
DA:21,1
DA:22,10
DA:23,0
DA:24,0
DA:26,0
DA:36,20
DA:38,4
DA:39,1
DA:40,1
DA:43,3
DA:44,3
DA:45,3
DA:47,3
DA:58,3
DA:59,1
DA:62,2
DA:65,2
DA:66,2
DA:67,2
DA:71,2
DA:89,2
DA:94,2
DA:96,2
DA:98,1
DA:99,1
DA:100,1
DA:101,1
DA:103,3
DA:113,20
DA:115,3
DA:116,3
DA:117,3
DA:119,3
DA:121,3
DA:122,1
DA:125,2
DA:126,2
DA:129,2
DA:131,1
DA:132,1
DA:134,3
DA:143,20
DA:144,1
DA:145,1
DA:146,1
DA:147,1
DA:148,1
DA:156,20
DA:158,0
DA:159,0
DA:160,0
DA:163,0
DA:164,0
DA:165,0
DA:167,0
DA:178,0
DA:179,0
DA:182,0
DA:183,0
DA:185,0
DA:186,0
DA:187,0
DA:189,0
DA:199,20
DA:200,0
DA:201,0
DA:202,0
DA:205,0
DA:206,0
DA:208,0
DA:209,0
DA:212,0
DA:213,0
DA:215,0
DA:216,0
DA:217,0
DA:221,20
LF:86
LH:56
BRDA:18,0,0,1
BRDA:18,0,1,10
BRDA:22,1,0,0
BRDA:22,1,1,10
BRDA:38,2,0,1
BRDA:38,2,1,3
BRDA:58,3,0,1
BRDA:58,3,1,2
BRDA:65,4,0,2
BRDA:65,4,1,0
BRDA:65,5,0,2
BRDA:65,5,1,2
BRDA:98,6,0,1
BRDA:98,6,1,0
BRDA:121,7,0,1
BRDA:121,7,1,2
BRDA:158,8,0,0
BRDA:158,8,1,0
BRDA:178,9,0,0
BRDA:178,9,1,0
BRDA:200,10,0,0
BRDA:200,10,1,0
BRDA:208,11,0,0
BRDA:208,11,1,0
BRF:24
BRH:13
end_of_record
TN:
SF:src/hooks/useEmployees.js
FN:7,useEmployees
FN:16,(anonymous_1)
FN:50,(anonymous_2)
FN:74,(anonymous_3)
FN:85,(anonymous_4)
FN:92,(anonymous_5)
FN:93,(anonymous_6)
FN:107,(anonymous_7)
FN:132,(anonymous_8)
FN:143,(anonymous_9)
FN:160,(anonymous_10)
FN:183,(anonymous_11)
FN:207,(anonymous_12)
FN:211,(anonymous_13)
FN:222,(anonymous_14)
FN:224,(anonymous_15)
FN:232,(anonymous_16)
FN:234,(anonymous_17)
FN:241,(anonymous_18)
FN:242,(anonymous_19)
FN:250,(anonymous_20)
FN:252,(anonymous_21)
FNF:22
FNH:20
FNDA:46,useEmployees
FNDA:6,(anonymous_1)
FNDA:2,(anonymous_2)
FNDA:2,(anonymous_3)
FNDA:0,(anonymous_4)
FNDA:1,(anonymous_5)
FNDA:3,(anonymous_6)
FNDA:1,(anonymous_7)
FNDA:1,(anonymous_8)
FNDA:0,(anonymous_9)
FNDA:1,(anonymous_10)
FNDA:1,(anonymous_11)
FNDA:4,(anonymous_12)
FNDA:9,(anonymous_13)
FNDA:2,(anonymous_14)
FNDA:3,(anonymous_15)
FNDA:2,(anonymous_16)
FNDA:3,(anonymous_17)
FNDA:2,(anonymous_18)
FNDA:3,(anonymous_19)
FNDA:2,(anonymous_20)
FNDA:3,(anonymous_21)
DA:8,46
DA:9,46
DA:10,46
DA:16,46
DA:17,6
DA:18,6
DA:19,6
DA:21,6
DA:22,6
DA:23,6
DA:24,6
DA:26,6
DA:27,6
DA:29,6
DA:30,1
DA:33,5
DA:34,5
DA:35,5
DA:37,1
DA:38,1
DA:39,1
DA:40,1
DA:42,6
DA:50,46
DA:51,2
DA:52,2
DA:54,2
DA:56,2
DA:57,1
DA:60,1
DA:61,1
DA:63,1
DA:64,1
DA:65,1
DA:74,46
DA:75,2
DA:76,2
DA:78,2
DA:84,2
DA:85,1
DA:86,1
DA:89,1
DA:92,1
DA:93,3
DA:95,1
DA:97,1
DA:98,1
DA:99,1
DA:107,46
DA:108,1
DA:109,1
DA:111,1
DA:113,1
DA:114,0
DA:117,1
DA:118,1
DA:120,0
DA:121,0
DA:122,0
DA:132,46
DA:133,1
DA:134,1
DA:136,1
DA:142,1
DA:143,0
DA:144,0
DA:147,1
DA:148,1
DA:150,0
DA:151,0
DA:152,0
DA:160,46
DA:161,1
DA:162,1
DA:164,1
DA:166,1
DA:167,0
DA:170,1
DA:171,1
DA:173,0
DA:174,0
DA:175,0
DA:183,46
DA:184,1
DA:185,1
DA:187,1
DA:189,1
DA:190,0
DA:193,1
DA:194,1
DA:196,0
DA:197,0
DA:198,0
DA:207,46
DA:208,4
DA:210,3
DA:211,3
DA:212,9
DA:222,46
DA:223,2
DA:224,3
DA:232,46
DA:233,2
DA:234,3
DA:241,46
DA:242,3
DA:243,2
DA:250,46
DA:251,2
DA:252,2
DA:253,3
DA:254,3
DA:257,2
DA:260,46
LF:114
LH:97
BRDA:16,0,0,3
BRDA:22,1,0,1
BRDA:22,1,1,5
BRDA:23,2,0,1
BRDA:23,2,1,5
BRDA:24,3,0,1
BRDA:24,3,1,5
BRDA:29,4,0,1
BRDA:29,4,1,5
BRDA:34,5,0,5
BRDA:34,5,1,0
BRDA:34,6,0,0
BRDA:34,6,1,0
BRDA:37,7,0,1
BRDA:37,7,1,0
BRDA:56,8,0,1
BRDA:56,8,1,1
BRDA:61,9,0,1
BRDA:61,9,1,0
BRDA:63,10,0,1
BRDA:63,10,1,0
BRDA:84,11,0,1
BRDA:84,11,1,1
BRDA:86,12,0,1
BRDA:86,12,1,0
BRDA:93,13,0,1
BRDA:93,13,1,2
BRDA:97,14,0,1
BRDA:97,14,1,0
BRDA:113,15,0,0
BRDA:113,15,1,1
BRDA:118,16,0,1
BRDA:118,16,1,0
BRDA:120,17,0,0
BRDA:120,17,1,0
BRDA:142,18,0,0
BRDA:142,18,1,1
BRDA:144,19,0,0
BRDA:144,19,1,0
BRDA:150,20,0,0
BRDA:150,20,1,0
BRDA:166,21,0,0
BRDA:166,21,1,1
BRDA:171,22,0,1
BRDA:171,22,1,0
BRDA:173,23,0,0
BRDA:173,23,1,0
BRDA:189,24,0,0
BRDA:189,24,1,1
BRDA:194,25,0,1
BRDA:194,25,1,0
BRDA:196,26,0,0
BRDA:196,26,1,0
BRDA:208,27,0,1
BRDA:208,27,1,3
BRDA:212,28,0,9
BRDA:212,28,1,9
BRDA:212,28,2,7
BRDA:212,28,3,7
BRDA:223,29,0,1
BRDA:223,29,1,1
BRDA:233,30,0,1
BRDA:233,30,1,1
BRDA:253,31,0,3
BRDA:253,31,1,0
BRDA:254,32,0,3
BRDA:254,32,1,3
BRF:67
BRH:41
end_of_record
TN:
SF:src/hooks/useFetch.js
FN:7,useFetch
FN:12,(anonymous_1)
FN:18,(anonymous_2)
FNF:3
FNH:0
FNDA:0,useFetch
FNDA:0,(anonymous_1)
FNDA:0,(anonymous_2)
DA:8,0
DA:9,0
DA:10,0
DA:12,0
DA:13,0
DA:14,0
DA:15,0
DA:18,0
DA:19,0
DA:20,0
DA:21,0
DA:22,0
DA:23,0
DA:25,0
DA:26,0
DA:27,0
DA:29,0
DA:30,0
DA:32,0
DA:36,0
DA:39,0
LF:21
LH:0
BRDA:7,0,0,0
BRDA:13,1,0,0
BRDA:13,1,1,0
BRDA:22,2,0,0
BRDA:22,2,1,0
BRF:5
BRH:0
end_of_record
TN:
SF:src/hooks/useNotifications.js
FN:7,useNotifications
FN:19,(anonymous_1)
FN:49,(anonymous_2)
FN:65,(anonymous_3)
FN:78,(anonymous_4)
FN:79,(anonymous_5)
FN:83,(anonymous_6)
FN:95,(anonymous_7)
FN:111,(anonymous_8)
FN:111,(anonymous_9)
FN:124,(anonymous_10)
FN:135,(anonymous_11)
FN:136,(anonymous_12)
FN:139,(anonymous_13)
FN:154,(anonymous_14)
FN:159,(anonymous_15)
FN:164,(anonymous_16)
FN:167,(anonymous_17)
FN:171,(anonymous_18)
FNF:19
FNH:17
FNDA:26,useNotifications
FNDA:12,(anonymous_1)
FNDA:24,(anonymous_2)
FNDA:1,(anonymous_3)
FNDA:1,(anonymous_4)
FNDA:3,(anonymous_5)
FNDA:1,(anonymous_6)
FNDA:1,(anonymous_7)
FNDA:1,(anonymous_8)
FNDA:3,(anonymous_9)
FNDA:1,(anonymous_10)
FNDA:1,(anonymous_11)
FNDA:3,(anonymous_12)
FNDA:2,(anonymous_13)
FNDA:1,(anonymous_14)
FNDA:11,(anonymous_15)
FNDA:11,(anonymous_16)
FNDA:0,(anonymous_17)
FNDA:0,(anonymous_18)
DA:8,26
DA:10,26
DA:11,26
DA:12,26
DA:13,26
DA:18,26
DA:20,12
DA:21,1
DA:22,1
DA:25,11
DA:26,11
DA:27,11
DA:32,11
DA:33,0
DA:36,11
DA:40,10
DA:41,1
DA:44,8
DA:45,8
DA:46,8
DA:49,24
DA:50,8
DA:52,3
DA:53,3
DA:55,11
DA:64,26
DA:66,1
DA:67,1
DA:71,1
DA:72,0
DA:75,1
DA:78,1
DA:79,3
DA:83,1
DA:85,0
DA:94,26
DA:96,1
DA:98,1
DA:99,1
DA:106,1
DA:107,0
DA:111,3
DA:112,1
DA:114,0
DA:123,26
DA:125,1
DA:126,1
DA:130,1
DA:131,0
DA:135,1
DA:136,3
DA:139,2
DA:140,1
DA:142,1
DA:145,0
DA:154,26
DA:155,1
DA:159,26
DA:160,11
DA:164,26
DA:165,11
DA:167,0
DA:168,0
DA:171,0
DA:174,26
LF:65
LH:55
BRDA:7,0,0,24
BRDA:8,1,0,26
BRDA:8,2,0,26
BRDA:8,3,0,24
BRDA:8,4,0,24
BRDA:19,5,0,0
BRDA:20,6,0,1
BRDA:20,6,1,11
BRDA:28,7,0,11
BRDA:28,7,1,0
BRDA:29,8,0,11
BRDA:29,8,1,10
BRDA:32,9,0,0
BRDA:32,9,1,11
BRDA:40,10,0,1
BRDA:40,10,1,8
BRDA:71,11,0,0
BRDA:71,11,1,1
BRDA:79,12,0,1
BRDA:79,12,1,2
BRDA:96,13,0,0
BRDA:96,13,1,1
BRDA:106,14,0,0
BRDA:106,14,1,1
BRDA:130,15,0,0
BRDA:130,15,1,1
BRDA:165,16,0,11
BRDA:165,16,1,0
BRDA:165,17,0,11
BRDA:165,17,1,0
BRF:30
BRH:21
end_of_record
TN:
SF:src/hooks/useOnboarding.js
FN:6,useOnboarding
FN:12,(anonymous_1)
FN:31,(anonymous_2)
FN:47,(anonymous_3)
FN:72,(anonymous_4)
FN:95,(anonymous_5)
FN:113,(anonymous_6)
FNF:7
FNH:7
FNDA:11,useOnboarding
FNDA:3,(anonymous_1)
FNDA:2,(anonymous_2)
FNDA:2,(anonymous_3)
FNDA:2,(anonymous_4)
FNDA:1,(anonymous_5)
FNDA:1,(anonymous_6)
DA:12,11
DA:13,3
DA:17,3
DA:18,2
DA:19,0
DA:22,2
DA:23,2
DA:31,11
DA:32,2
DA:33,2
DA:34,1
DA:37,1
DA:38,1
DA:47,11
DA:48,2
DA:57,2
DA:58,1
DA:61,1
DA:62,1
DA:72,11
DA:73,2
DA:82,2
DA:83,1
DA:86,1
DA:87,1
DA:95,11
DA:96,1
DA:100,1
DA:101,0
DA:104,1
DA:105,1
DA:113,11
DA:114,1
DA:118,1
DA:119,0
DA:122,1
DA:123,1
DA:126,11
LF:38
LH:35
BRDA:13,0,0,1
BRDA:13,0,1,2
BRDA:18,1,0,0
BRDA:18,1,1,2
BRDA:33,2,0,1
BRDA:33,2,1,1
BRDA:57,3,0,1
BRDA:57,3,1,1
BRDA:82,4,0,1
BRDA:82,4,1,1
BRDA:100,5,0,0
BRDA:100,5,1,1
BRDA:118,6,0,0
BRDA:118,6,1,1
BRF:14
BRH:11
end_of_record
TN:
SF:src/layouts/SidebarLayout.jsx
FN:6,SidebarLayout
FN:18,(anonymous_1)
FN:27,(anonymous_2)
FNF:3
FNH:0
FNDA:0,SidebarLayout
FNDA:0,(anonymous_1)
FNDA:0,(anonymous_2)
DA:7,0
DA:8,0
DA:10,0
DA:18,0
DA:27,0
LF:5
LH:0
BRF:0
BRH:0
end_of_record
TN:
SF:src/pages/Dashboard.jsx
FN:5,Dashboard
FN:8,(anonymous_1)
FN:13,(anonymous_2)
FN:29,(anonymous_3)
FNF:4
FNH:0
FNDA:0,Dashboard
FNDA:0,(anonymous_1)
FNDA:0,(anonymous_2)
FNDA:0,(anonymous_3)
DA:6,0
DA:8,0
DA:10,0
DA:13,0
DA:14,0
DA:17,0
DA:30,0
LF:7
LH:0
BRF:0
BRH:0
end_of_record
TN:
SF:src/pages/Reports.jsx
FN:1,Reports
FN:13,(anonymous_1)
FNF:2
FNH:0
FNDA:0,Reports
FNDA:0,(anonymous_1)
DA:2,0
DA:14,0
LF:2
LH:0
BRF:0
BRH:0
end_of_record
TN:
SF:src/pages/Settings.jsx
FN:1,Settings
FNF:1
FNH:0
FNDA:0,Settings
DA:2,0
LF:1
LH:0
BRF:0
BRH:0
end_of_record
TN:
SF:src/pages/admin/CustomFields.jsx
FN:5,CustomFields
FN:23,(anonymous_1)
FN:27,(anonymous_2)
FN:36,(anonymous_3)
FN:41,(anonymous_4)
FN:46,(anonymous_5)
FN:69,(anonymous_6)
FN:84,(anonymous_7)
FN:127,(anonymous_8)
FN:133,(anonymous_9)
FN:146,(anonymous_10)
FN:193,(anonymous_11)
FN:194,(anonymous_12)
FN:218,(anonymous_13)
FN:224,(anonymous_14)
FN:251,(anonymous_15)
FNF:16
FNH:0
FNDA:0,CustomFields
FNDA:0,(anonymous_1)
FNDA:0,(anonymous_2)
FNDA:0,(anonymous_3)
FNDA:0,(anonymous_4)
FNDA:0,(anonymous_5)
FNDA:0,(anonymous_6)
FNDA:0,(anonymous_7)
FNDA:0,(anonymous_8)
FNDA:0,(anonymous_9)
FNDA:0,(anonymous_10)
FNDA:0,(anonymous_11)
FNDA:0,(anonymous_12)
FNDA:0,(anonymous_13)
FNDA:0,(anonymous_14)
FNDA:0,(anonymous_15)
DA:13,0
DA:15,0
DA:16,0
DA:17,0
DA:18,0
DA:19,0
DA:20,0
DA:21,0
DA:23,0
DA:24,0
DA:27,0
DA:28,0
DA:29,0
DA:30,0
DA:32,0
DA:36,0
DA:37,0
DA:38,0
DA:41,0
DA:42,0
DA:43,0
DA:46,0
DA:47,0
DA:48,0
DA:50,0
DA:56,0
DA:59,0
DA:60,0
DA:62,0
DA:63,0
DA:65,0
DA:69,0
DA:70,0
DA:71,0
DA:74,0
DA:75,0
DA:76,0
DA:77,0
DA:79,0
DA:84,0
DA:86,0
DA:88,0
DA:89,0
DA:90,0
DA:93,0
DA:127,0
DA:133,0
DA:146,0
DA:193,0
DA:195,0
DA:218,0
DA:224,0
DA:251,0
LF:53
LH:0
BRDA:30,0,0,0
BRDA:30,0,1,0
BRDA:48,1,0,0
BRDA:48,1,1,0
BRDA:70,2,0,0
BRDA:70,2,1,0
BRDA:86,3,0,0
BRDA:86,3,1,0
BRDA:88,4,0,0
BRDA:88,4,1,0
BRDA:89,5,0,0
BRDA:89,5,1,0
BRDA:90,6,0,0
BRDA:90,6,1,0
BRDA:90,6,2,0
BRDA:101,7,0,0
BRDA:101,7,1,0
BRDA:104,8,0,0
BRDA:104,8,1,0
BRDA:159,9,0,0
BRDA:159,9,1,0
BRDA:161,10,0,0
BRDA:161,10,1,0
BRDA:209,11,0,0
BRDA:209,11,1,0
BRDA:239,12,0,0
BRDA:239,12,1,0
BRDA:244,13,0,0
BRDA:244,13,1,0
BRF:29
BRH:0
end_of_record
TN:
SF:src/pages/admin/FeatureRequests.jsx
FN:6,FeatureRequests
FN:14,(anonymous_1)
FN:18,(anonymous_2)
FN:27,(anonymous_3)
FN:37,(anonymous_4)
FN:53,(anonymous_5)
FN:54,(anonymous_6)
FN:87,(anonymous_7)
FN:97,(anonymous_8)
FN:100,(anonymous_9)
FN:127,(anonymous_10)
FN:156,(anonymous_11)
FN:165,(anonymous_12)
FN:180,(anonymous_13)
FN:185,(anonymous_14)
FN:235,(anonymous_15)
FNF:16
FNH:0
FNDA:0,FeatureRequests
FNDA:0,(anonymous_1)
FNDA:0,(anonymous_2)
FNDA:0,(anonymous_3)
FNDA:0,(anonymous_4)
FNDA:0,(anonymous_5)
FNDA:0,(anonymous_6)
FNDA:0,(anonymous_7)
FNDA:0,(anonymous_8)
FNDA:0,(anonymous_9)
FNDA:0,(anonymous_10)
FNDA:0,(anonymous_11)
FNDA:0,(anonymous_12)
FNDA:0,(anonymous_13)
FNDA:0,(anonymous_14)
FNDA:0,(anonymous_15)
DA:4,0
DA:7,0
DA:9,0
DA:10,0
DA:11,0
DA:12,0
DA:14,0
DA:15,0
DA:18,0
DA:19,0
DA:20,0
DA:21,0
DA:23,0
DA:27,0
DA:28,0
DA:29,0
DA:30,0
DA:31,0
DA:33,0
DA:37,0
DA:38,0
DA:39,0
DA:40,0
DA:43,0
DA:44,0
DA:45,0
DA:46,0
DA:47,0
DA:49,0
DA:53,0
DA:54,0
DA:55,0
DA:58,0
DA:67,0
DA:88,0
DA:98,0
DA:100,0
DA:127,0
DA:157,0
DA:158,0
DA:166,0
DA:180,0
DA:185,0
DA:235,0
LF:44
LH:0
BRDA:21,0,0,0
BRDA:21,0,1,0
BRDA:38,1,0,0
BRDA:38,1,1,0
BRDA:75,2,0,0
BRDA:75,2,1,0
BRDA:78,3,0,0
BRDA:78,3,1,0
BRDA:105,4,0,0
BRDA:105,4,1,0
BRDA:121,5,0,0
BRDA:121,5,1,0
BRDA:179,6,0,0
BRDA:179,6,1,0
BRDA:179,6,2,0
BRDA:203,7,0,0
BRDA:203,7,1,0
BRDA:213,8,0,0
BRDA:213,8,1,0
BRDA:227,9,0,0
BRDA:227,9,1,0
BRF:21
BRH:0
end_of_record
TN:
SF:src/pages/admin/Health.jsx
FN:4,Health
FN:11,(anonymous_1)
FN:14,(anonymous_2)
FN:17,(anonymous_3)
FN:27,(anonymous_4)
FN:43,(anonymous_5)
FN:199,(anonymous_6)
FNF:7
FNH:0
FNDA:0,Health
FNDA:0,(anonymous_1)
FNDA:0,(anonymous_2)
FNDA:0,(anonymous_3)
FNDA:0,(anonymous_4)
FNDA:0,(anonymous_5)
FNDA:0,(anonymous_6)
DA:5,0
DA:7,0
DA:8,0
DA:9,0
DA:11,0
DA:12,0
DA:13,0
DA:14,0
DA:17,0
DA:18,0
DA:19,0
DA:20,0
DA:21,0
DA:23,0
DA:27,0
DA:28,0
DA:31,0
DA:34,0
DA:37,0
DA:39,0
DA:43,0
DA:44,0
DA:47,0
DA:50,0
DA:53,0
DA:55,0
DA:59,0
DA:200,0
LF:28
LH:0
BRDA:20,0,0,0
BRDA:20,0,1,0
BRDA:28,1,0,0
BRDA:28,1,1,0
BRDA:28,1,2,0
BRDA:28,1,3,0
BRDA:28,1,4,0
BRDA:28,1,5,0
BRDA:28,1,6,0
BRDA:44,2,0,0
BRDA:44,2,1,0
BRDA:44,2,2,0
BRDA:44,2,3,0
BRDA:44,2,4,0
BRDA:44,2,5,0
BRDA:44,2,6,0
BRDA:67,3,0,0
BRDA:67,3,1,0
BRDA:78,4,0,0
BRDA:78,4,1,0
BRDA:85,5,0,0
BRDA:85,5,1,0
BRDA:93,6,0,0
BRDA:93,6,1,0
BRDA:94,7,0,0
BRDA:94,7,1,0
BRDA:95,8,0,0
BRDA:95,8,1,0
BRDA:97,9,0,0
BRDA:97,9,1,0
BRDA:107,10,0,0
BRDA:107,10,1,0
BRDA:108,11,0,0
BRDA:108,11,1,0
BRDA:109,12,0,0
BRDA:109,12,1,0
BRDA:111,13,0,0
BRDA:111,13,1,0
BRDA:126,14,0,0
BRDA:126,14,1,0
BRDA:130,15,0,0
BRDA:130,15,1,0
BRDA:134,16,0,0
BRDA:134,16,1,0
BRDA:138,17,0,0
BRDA:138,17,1,0
BRDA:150,18,0,0
BRDA:150,18,1,0
BRDA:156,19,0,0
BRDA:156,19,1,0
BRDA:165,20,0,0
BRDA:165,20,1,0
BRDA:171,21,0,0
BRDA:171,21,1,0
BRDA:180,22,0,0
BRDA:180,22,1,0
BRDA:186,23,0,0
BRDA:186,23,1,0
BRDA:197,24,0,0
BRDA:197,24,1,0
BRDA:197,25,0,0
BRDA:197,25,1,0
BRDA:201,26,0,0
BRDA:201,26,1,0
BRDA:221,27,0,0
BRDA:221,27,1,0
BRDA:224,28,0,0
BRDA:224,28,1,0
BRDA:227,29,0,0
BRDA:227,29,1,0
BRF:70
BRH:0
end_of_record
TN:
SF:src/pages/admin/Settings.jsx
FN:4,AdminSettings
FN:30,(anonymous_1)
FN:34,(anonymous_2)
FN:38,(anonymous_3)
FN:48,(anonymous_4)
FN:53,(anonymous_5)
FN:62,(anonymous_6)
FN:70,(anonymous_7)
FN:77,(anonymous_8)
FN:212,(anonymous_9)
FN:234,(anonymous_10)
FNF:11
FNH:0
FNDA:0,AdminSettings
FNDA:0,(anonymous_1)
FNDA:0,(anonymous_2)
FNDA:0,(anonymous_3)
FNDA:0,(anonymous_4)
FNDA:0,(anonymous_5)
FNDA:0,(anonymous_6)
FNDA:0,(anonymous_7)
FNDA:0,(anonymous_8)
FNDA:0,(anonymous_9)
FNDA:0,(anonymous_10)
DA:5,0
DA:7,0
DA:28,0
DA:30,0
DA:31,0
DA:34,0
DA:35,0
DA:36,0
DA:37,0
DA:38,0
DA:44,0
DA:48,0
DA:49,0
DA:51,0
DA:52,0
DA:53,0
DA:60,0
DA:61,0
DA:62,0
DA:70,0
DA:77,0
DA:78,0
DA:80,0
DA:81,0
DA:82,0
DA:85,0
DA:86,0
DA:87,0
DA:89,0
DA:93,0
DA:213,0
DA:235,0
LF:32
LH:0
BRDA:37,0,0,0
BRDA:37,0,1,0
BRDA:51,1,0,0
BRDA:51,1,1,0
BRDA:60,2,0,0
BRDA:60,2,1,0
BRDA:66,3,0,0
BRDA:66,3,1,0
BRDA:72,4,0,0
BRDA:72,4,1,0
BRDA:80,5,0,0
BRDA:80,5,1,0
BRDA:101,6,0,0
BRDA:101,6,1,0
BRDA:104,7,0,0
BRDA:104,7,1,0
BRDA:258,8,0,0
BRDA:258,8,1,0
BRF:18
BRH:0
end_of_record
TN:
SF:src/pages/admin/Templates.jsx
FN:4,Templates
FN:23,(anonymous_1)
FN:27,(anonymous_2)
FN:36,(anonymous_3)
FN:42,(anonymous_4)
FN:52,(anonymous_5)
FN:82,(anonymous_6)
FN:96,(anonymous_7)
FN:97,(anonymous_8)
FN:110,(anonymous_9)
FN:113,(anonymous_10)
FN:119,(anonymous_11)
FN:120,(anonymous_12)
FN:122,(anonymous_13)
FN:160,(anonymous_14)
FN:172,(anonymous_15)
FN:178,(anonymous_16)
FN:208,(anonymous_17)
FN:208,(anonymous_18)
FN:220,(anonymous_19)
FN:220,(anonymous_20)
FN:240,(anonymous_21)
FN:249,(anonymous_22)
FN:256,(anonymous_23)
FN:268,(anonymous_24)
FN:275,(anonymous_25)
FN:296,(anonymous_26)
FNF:27
FNH:0
FNDA:0,Templates
FNDA:0,(anonymous_1)
FNDA:0,(anonymous_2)
FNDA:0,(anonymous_3)
FNDA:0,(anonymous_4)
FNDA:0,(anonymous_5)
FNDA:0,(anonymous_6)
FNDA:0,(anonymous_7)
FNDA:0,(anonymous_8)
FNDA:0,(anonymous_9)
FNDA:0,(anonymous_10)
FNDA:0,(anonymous_11)
FNDA:0,(anonymous_12)
FNDA:0,(anonymous_13)
FNDA:0,(anonymous_14)
FNDA:0,(anonymous_15)
FNDA:0,(anonymous_16)
FNDA:0,(anonymous_17)
FNDA:0,(anonymous_18)
FNDA:0,(anonymous_19)
FNDA:0,(anonymous_20)
FNDA:0,(anonymous_21)
FNDA:0,(anonymous_22)
FNDA:0,(anonymous_23)
FNDA:0,(anonymous_24)
FNDA:0,(anonymous_25)
FNDA:0,(anonymous_26)
DA:11,0
DA:13,0
DA:14,0
DA:15,0
DA:16,0
DA:17,0
DA:23,0
DA:24,0
DA:27,0
DA:28,0
DA:29,0
DA:30,0
DA:32,0
DA:36,0
DA:37,0
DA:38,0
DA:39,0
DA:42,0
DA:43,0
DA:44,0
DA:49,0
DA:52,0
DA:53,0
DA:55,0
DA:56,0
DA:57,0
DA:60,0
DA:61,0
DA:67,0
DA:68,0
DA:69,0
DA:71,0
DA:72,0
DA:75,0
DA:76,0
DA:78,0
DA:82,0
DA:83,0
DA:84,0
DA:87,0
DA:88,0
DA:89,0
DA:90,0
DA:92,0
DA:96,0
DA:97,0
DA:110,0
DA:111,0
DA:112,0
DA:113,0
DA:119,0
DA:120,0
DA:122,0
DA:126,0
DA:161,0
DA:172,0
DA:178,0
DA:208,0
DA:220,0
DA:241,0
DA:249,0
DA:256,0
DA:268,0
DA:275,0
DA:296,0
LF:65
LH:0
BRDA:30,0,0,0
BRDA:30,0,1,0
BRDA:47,1,0,0
BRDA:47,1,1,0
BRDA:55,2,0,0
BRDA:55,2,1,0
BRDA:55,3,0,0
BRDA:55,3,1,0
BRDA:67,4,0,0
BRDA:67,4,1,0
BRDA:83,5,0,0
BRDA:83,5,1,0
BRDA:134,6,0,0
BRDA:134,6,1,0
BRDA:137,7,0,0
BRDA:137,7,1,0
BRDA:155,8,0,0
BRDA:155,8,1,0
BRDA:167,9,0,0
BRDA:167,9,1,0
BRDA:190,10,0,0
BRDA:190,10,1,0
BRDA:195,11,0,0
BRDA:195,11,1,0
BRDA:292,12,0,0
BRDA:292,12,1,0
BRDA:292,13,0,0
BRDA:292,13,1,0
BRF:28
BRH:0
end_of_record
TN:
SF:src/pages/devices/Assignments.jsx
FN:1,Assignments
FNF:1
FNH:0
FNDA:0,Assignments
DA:2,0
LF:1
LH:0
BRF:0
BRH:0
end_of_record
TN:
SF:src/pages/devices/Inventory.jsx
FN:1,Inventory
FNF:1
FNH:0
FNDA:0,Inventory
DA:2,0
LF:1
LH:0
BRF:0
BRH:0
end_of_record
TN:
SF:src/pages/people/Directory.jsx
FN:5,Directory
FN:26,(anonymous_1)
FN:31,(anonymous_2)
FN:41,(anonymous_3)
FN:46,(anonymous_4)
FN:52,(anonymous_5)
FN:57,(anonymous_6)
FN:65,(anonymous_7)
FN:97,(anonymous_8)
FN:109,(anonymous_9)
FN:113,(anonymous_10)
FN:128,(anonymous_11)
FN:174,(anonymous_12)
FN:177,(anonymous_13)
FNF:14
FNH:0
FNDA:0,Directory
FNDA:0,(anonymous_1)
FNDA:0,(anonymous_2)
FNDA:0,(anonymous_3)
FNDA:0,(anonymous_4)
FNDA:0,(anonymous_5)
FNDA:0,(anonymous_6)
FNDA:0,(anonymous_7)
FNDA:0,(anonymous_8)
FNDA:0,(anonymous_9)
FNDA:0,(anonymous_10)
FNDA:0,(anonymous_11)
FNDA:0,(anonymous_12)
FNDA:0,(anonymous_13)
DA:16,0
DA:18,0
DA:19,0
DA:20,0
DA:21,0
DA:22,0
DA:23,0
DA:26,0
DA:27,0
DA:31,0
DA:32,0
DA:35,0
DA:36,0
DA:40,0
DA:41,0
DA:45,0
DA:46,0
DA:49,0
DA:52,0
DA:53,0
DA:54,0
DA:57,0
DA:58,0
DA:59,0
DA:62,0
DA:63,0
DA:65,0
DA:66,0
DA:67,0
DA:74,0
DA:97,0
DA:109,0
DA:114,0
DA:128,0
DA:175,0
DA:177,0
LF:36
LH:0
BRDA:35,0,0,0
BRDA:35,0,1,0
BRDA:40,1,0,0
BRDA:40,1,1,0
BRDA:45,2,0,0
BRDA:45,2,1,0
BRDA:66,3,0,0
BRDA:66,3,1,0
BRDA:115,4,0,0
BRDA:115,4,1,0
BRDA:142,5,0,0
BRDA:142,5,1,0
BRDA:148,6,0,0
BRDA:148,6,1,0
BRDA:148,7,0,0
BRDA:148,7,1,0
BRDA:152,8,0,0
BRDA:152,8,1,0
BRDA:155,9,0,0
BRDA:155,9,1,0
BRDA:182,10,0,0
BRDA:182,10,1,0
BRDA:187,11,0,0
BRDA:187,11,1,0
BRDA:192,12,0,0
BRDA:192,12,1,0
BRDA:197,13,0,0
BRDA:197,13,1,0
BRDA:202,14,0,0
BRDA:202,14,1,0
BRDA:204,15,0,0
BRDA:204,15,1,0
BRDA:208,16,0,0
BRDA:208,16,1,0
BRF:34
BRH:0
end_of_record
TN:
SF:src/pages/people/Hiring.jsx
FN:7,Hiring
FN:24,(anonymous_1)
FN:25,(anonymous_2)
FN:37,(anonymous_3)
FN:38,(anonymous_4)
FN:45,(anonymous_5)
FN:51,(anonymous_6)
FN:63,(anonymous_7)
FN:74,(anonymous_8)
FN:92,(anonymous_9)
FN:112,(anonymous_10)
FN:151,(anonymous_11)
FN:179,(anonymous_12)
FN:185,(anonymous_13)
FNF:14
FNH:13
FNDA:36,Hiring
FNDA:13,(anonymous_1)
FNDA:13,(anonymous_2)
FNDA:13,(anonymous_3)
FNDA:13,(anonymous_4)
FNDA:13,(anonymous_5)
FNDA:5,(anonymous_6)
FNDA:0,(anonymous_7)
FNDA:1,(anonymous_8)
FNDA:6,(anonymous_9)
FNDA:3,(anonymous_10)
FNDA:5,(anonymous_11)
FNDA:1,(anonymous_12)
FNDA:1,(anonymous_13)
DA:15,36
DA:17,36
DA:18,35
DA:19,35
DA:20,35
DA:21,35
DA:24,35
DA:25,13
DA:26,13
DA:27,13
DA:29,0
DA:33,13
DA:37,35
DA:38,13
DA:39,13
DA:42,13
DA:43,13
DA:45,13
DA:51,35
DA:52,5
DA:53,5
DA:54,5
DA:56,0
DA:63,35
DA:64,0
DA:65,0
DA:67,0
DA:74,35
DA:75,1
DA:76,1
DA:77,1
DA:78,1
DA:80,0
DA:81,0
DA:83,1
DA:90,35
DA:93,6
DA:99,35
DA:112,3
DA:151,5
DA:179,1
DA:185,1
LF:42
LH:35
BRDA:90,0,0,6
BRDA:90,0,1,29
BRDA:93,1,0,6
BRDA:93,1,1,0
BRDA:93,1,2,0
BRDA:108,2,0,35
BRDA:108,2,1,6
BRDA:158,3,0,35
BRDA:158,3,1,1
BRF:9
BRH:7
end_of_record
TN:
SF:src/pages/people/Offboarding.jsx
FN:1,Offboarding
FNF:1
FNH:0
FNDA:0,Offboarding
DA:2,0
LF:1
LH:0
BRF:0
BRH:0
end_of_record
TN:
SF:src/pages/people/Onboarding.jsx
FN:7,Onboarding
FN:23,(anonymous_1)
FN:24,(anonymous_2)
FN:49,(anonymous_3)
FN:56,(anonymous_4)
FN:88,(anonymous_5)
FN:108,(anonymous_6)
FN:121,(anonymous_7)
FN:134,(anonymous_8)
FN:191,(anonymous_9)
FN:199,(anonymous_10)
FN:216,(anonymous_11)
FN:219,(anonymous_12)
FN:289,(anonymous_13)
FN:293,(anonymous_14)
FN:300,(anonymous_15)
FN:333,(anonymous_16)
FN:341,(anonymous_17)
FN:394,(anonymous_18)
FN:398,(anonymous_19)
FNF:20
FNH:7
FNDA:22,Onboarding
FNDA:11,(anonymous_1)
FNDA:11,(anonymous_2)
FNDA:11,(anonymous_3)
FNDA:0,(anonymous_4)
FNDA:0,(anonymous_5)
FNDA:18,(anonymous_6)
FNDA:0,(anonymous_7)
FNDA:0,(anonymous_8)
FNDA:1,(anonymous_9)
FNDA:0,(anonymous_10)
FNDA:17,(anonymous_11)
FNDA:0,(anonymous_12)
FNDA:0,(anonymous_13)
FNDA:0,(anonymous_14)
FNDA:0,(anonymous_15)
FNDA:0,(anonymous_16)
FNDA:0,(anonymous_17)
FNDA:0,(anonymous_18)
FNDA:0,(anonymous_19)
DA:8,22
DA:11,22
DA:12,21
DA:13,21
DA:14,21
DA:15,21
DA:16,21
DA:17,21
DA:18,21
DA:19,21
DA:20,21
DA:23,21
DA:24,11
DA:25,11
DA:26,11
DA:27,11
DA:32,10
DA:33,9
DA:34,9
DA:35,9
DA:36,9
DA:38,1
DA:39,1
DA:41,10
DA:45,11
DA:49,21
DA:50,11
DA:51,11
DA:52,11
DA:53,11
DA:56,0
DA:57,0
DA:59,0
DA:60,0
DA:61,0
DA:63,0
DA:64,0
DA:65,0
DA:66,0
DA:69,0
DA:72,0
DA:73,0
DA:75,0
DA:76,0
DA:79,0
DA:80,0
DA:84,0
DA:88,21
DA:89,0
DA:91,0
DA:92,0
DA:94,0
DA:95,0
DA:97,0
DA:100,0
DA:101,0
DA:103,0
DA:108,21
DA:110,18
DA:113,18
DA:114,0
DA:115,0
DA:116,0
DA:117,0
DA:121,21
DA:122,0
DA:124,0
DA:132,0
DA:134,0
DA:135,0
DA:136,0
DA:140,0
DA:141,0
DA:142,0
DA:143,0
DA:144,0
DA:147,0
DA:150,21
DA:152,21
DA:191,1
DA:199,0
DA:217,17
DA:219,0
DA:289,0
DA:294,0
DA:301,0
DA:302,0
DA:303,0
DA:311,0
DA:312,0
DA:313,0
DA:315,0
DA:334,0
DA:341,0
DA:395,0
DA:398,0
LF:96
LH:39
BRDA:32,0,0,1
BRDA:32,0,1,9
BRDA:34,1,0,9
BRDA:34,1,1,0
BRDA:35,2,0,9
BRDA:35,2,1,0
BRDA:50,3,0,11
BRDA:50,3,1,0
BRDA:60,4,0,0
BRDA:60,4,1,0
BRDA:63,5,0,0
BRDA:63,5,1,0
BRDA:63,6,0,0
BRDA:63,6,1,0
BRDA:89,7,0,0
BRDA:89,7,1,0
BRDA:110,8,0,18
BRDA:110,8,1,1
BRDA:113,9,0,18
BRDA:113,9,1,0
BRDA:114,10,0,0
BRDA:114,10,1,0
BRDA:114,11,0,0
BRDA:114,11,1,0
BRDA:115,12,0,0
BRDA:115,12,1,0
BRDA:116,13,0,0
BRDA:116,13,1,0
BRDA:122,14,0,0
BRDA:122,14,1,0
BRDA:140,15,0,0
BRDA:140,15,1,0
BRDA:141,16,0,0
BRDA:141,16,1,0
BRDA:142,17,0,0
BRDA:142,17,1,0
BRDA:143,18,0,0
BRDA:143,18,1,0
BRDA:150,19,0,0
BRDA:150,19,1,21
BRDA:163,20,0,21
BRDA:163,20,1,1
BRDA:169,21,0,11
BRDA:169,21,1,10
BRDA:210,22,0,1
BRDA:210,22,1,9
BRDA:221,23,0,0
BRDA:221,23,1,17
BRDA:233,24,0,17
BRDA:233,24,1,0
BRDA:236,25,0,0
BRDA:236,25,1,0
BRDA:260,26,0,10
BRDA:260,26,1,0
BRDA:260,26,2,0
BRDA:265,27,0,0
BRDA:265,27,1,0
BRDA:272,28,0,10
BRDA:272,28,1,0
BRDA:278,29,0,0
BRDA:278,29,1,0
BRDA:301,30,0,0
BRDA:301,30,1,0
BRDA:330,31,0,0
BRDA:330,31,1,0
BRDA:348,32,0,0
BRDA:348,32,1,0
BRDA:360,33,0,0
BRDA:360,33,1,0
BRDA:360,34,0,0
BRDA:360,34,1,0
BRDA:362,35,0,0
BRDA:362,35,1,0
BRDA:386,36,0,10
BRDA:386,36,1,0
BRF:75
BRH:20
end_of_record
