TN:
SF:src/App.jsx
FN:13,App
FNF:1
FNH:0
FNDA:0,App
DA:14,0
LF:1
LH:0
BRF:0
BRH:0
end_of_record
TN:
SF:src/components/KanbanBoard.jsx
FN:10,KanbanBoard
FN:24,(anonymous_1)
FN:25,(anonymous_2)
FN:33,(anonymous_3)
FN:42,(anonymous_4)
FN:50,(anonymous_5)
FN:79,(anonymous_6)
FN:90,(anonymous_7)
FN:93,(anonymous_8)
FN:119,(anonymous_9)
FNF:10
FNH:7
FNDA:11,KanbanBoard
FNDA:50,(anonymous_1)
FNDA:120,(anonymous_2)
FNDA:1,(anonymous_3)
FNDA:0,(anonymous_4)
FNDA:0,(anonymous_5)
FNDA:5,(anonymous_6)
FNDA:3,(anonymous_7)
FNDA:0,(anonymous_8)
FNDA:45,(anonymous_9)
DA:8,1
DA:17,11
DA:18,11
DA:23,11
DA:25,120
DA:33,11
DA:34,1
DA:35,1
DA:36,1
DA:42,11
DA:49,11
DA:51,0
DA:54,0
DA:55,0
DA:58,0
DA:59,0
DA:64,11
DA:65,1
DA:76,10
DA:77,1
DA:81,5
DA:82,5
DA:84,5
DA:91,3
DA:93,0
DA:116,9
DA:120,45
LF:27
LH:21
BRDA:11,0,0,0
BRDA:14,1,0,9
BRDA:15,2,0,0
BRDA:51,3,0,0
BRDA:51,3,1,0
BRDA:51,4,0,0
BRDA:51,4,1,0
BRDA:54,5,0,0
BRDA:54,5,1,0
BRDA:64,6,0,1
BRDA:64,6,1,10
BRDA:76,7,0,1
BRDA:76,7,1,9
BRF:13
BRH:5
end_of_record
TN:
SF:src/components/KanbanColumn.jsx
FN:39,KanbanColumn
FN:50,(anonymous_1)
FN:55,(anonymous_2)
FN:98,(anonymous_3)
FN:102,(anonymous_4)
FN:103,(anonymous_5)
FN:165,getStatusBadgeColor
FNF:7
FNH:5
FNDA:65,KanbanColumn
FNDA:0,(anonymous_1)
FNDA:0,(anonymous_2)
FNDA:57,(anonymous_3)
FNDA:2,(anonymous_4)
FNDA:2,(anonymous_5)
FNDA:57,getStatusBadgeColor
DA:6,2
DA:47,65
DA:48,65
DA:50,65
DA:51,0
DA:52,0
DA:55,65
DA:56,0
DA:57,0
DA:60,65
DA:99,57
DA:102,2
DA:103,2
DA:166,57
DA:171,57
LF:15
LH:11
BRDA:41,0,0,0
BRDA:47,1,0,65
BRDA:47,1,1,0
BRDA:78,2,0,26
BRDA:78,2,1,39
BRDA:135,3,0,57
BRDA:135,3,1,57
BRDA:148,4,0,57
BRDA:148,4,1,25
BRDA:171,5,0,57
BRDA:171,5,1,0
BRF:11
BRH:8
end_of_record
TN:
SF:src/components/RightPanel.jsx
FN:1,RightPanel
FNF:1
FNH:0
FNDA:0,RightPanel
DA:2,0
LF:1
LH:0
BRDA:5,0,0,0
BRDA:5,0,1,0
BRDA:15,1,0,0
BRDA:15,1,1,0
BRDA:18,2,0,0
BRDA:18,2,1,0
BRF:6
BRH:0
end_of_record
TN:
SF:src/components/Sidebar.jsx
FN:3,Sidebar
FN:6,(anonymous_1)
FN:53,(anonymous_2)
FN:59,(anonymous_3)
FNF:4
FNH:0
FNDA:0,Sidebar
FNDA:0,(anonymous_1)
FNDA:0,(anonymous_2)
FNDA:0,(anonymous_3)
DA:4,0
DA:6,0
DA:8,0
DA:40,0
DA:54,0
DA:60,0
LF:6
LH:0
BRDA:6,0,0,0
BRDA:6,0,1,0
BRDA:43,1,0,0
BRDA:43,1,1,0
BRDA:64,2,0,0
BRDA:64,2,1,0
BRF:6
BRH:0
end_of_record
TN:
SF:src/components/TopBar.jsx
FN:1,TopBar
FNF:1
FNH:0
FNDA:0,TopBar
DA:2,0
LF:1
LH:0
BRF:0
BRH:0
end_of_record
TN:
SF:src/components/common/Badge.jsx
FN:5,Badge
FNF:1
FNH:0
FNDA:0,Badge
DA:6,0
DA:15,0
DA:21,0
LF:3
LH:0
BRDA:5,0,0,0
BRDA:5,1,0,0
BRF:2
BRH:0
end_of_record
TN:
SF:src/components/common/ProgressBar.jsx
FN:5,ProgressBar
FNF:1
FNH:0
FNDA:0,ProgressBar
DA:6,0
DA:8,0
DA:14,0
LF:3
LH:0
BRDA:5,0,0,0
BRDA:5,1,0,0
BRDA:6,2,0,0
BRDA:6,2,1,0
BRDA:16,3,0,0
BRDA:16,3,1,0
BRDA:28,4,0,0
BRDA:28,4,1,0
BRF:8
BRH:0
end_of_record
TN:
SF:src/components/common/Timeline.jsx
FN:5,Timeline
FN:16,(anonymous_1)
FNF:2
FNH:0
FNDA:0,Timeline
FNDA:0,(anonymous_1)
DA:6,0
DA:7,0
DA:14,0
DA:17,0
LF:4
LH:0
BRDA:5,0,0,0
BRDA:6,1,0,0
BRDA:6,1,1,0
BRDA:17,2,0,0
BRDA:17,2,1,0
BRDA:21,3,0,0
BRDA:21,3,1,0
BRDA:29,4,0,0
BRDA:29,4,1,0
BRDA:33,5,0,0
BRDA:33,5,1,0
BRF:11
BRH:0
end_of_record
TN:
SF:src/components/forms/ResumeUploadForm.jsx
FN:7,ResumeUploadForm
FN:18,(anonymous_1)
FN:19,(anonymous_2)
FN:28,(anonymous_3)
FN:42,(anonymous_4)
FN:43,(anonymous_5)
FN:50,(anonymous_6)
FN:64,(anonymous_7)
FN:75,(anonymous_8)
FN:80,(anonymous_9)
FN:84,(anonymous_10)
FN:93,(anonymous_11)
FN:175,(anonymous_12)
FNF:13
FNH:0
FNDA:0,ResumeUploadForm
FNDA:0,(anonymous_1)
FNDA:0,(anonymous_2)
FNDA:0,(anonymous_3)
FNDA:0,(anonymous_4)
FNDA:0,(anonymous_5)
FNDA:0,(anonymous_6)
FNDA:0,(anonymous_7)
FNDA:0,(anonymous_8)
FNDA:0,(anonymous_9)
FNDA:0,(anonymous_10)
FNDA:0,(anonymous_11)
FNDA:0,(anonymous_12)
DA:8,0
DA:9,0
DA:10,0
DA:11,0
DA:12,0
DA:14,0
DA:15,0
DA:16,0
DA:18,0
DA:19,0
DA:20,0
DA:22,0
DA:23,0
DA:25,0
DA:28,0
DA:29,0
DA:30,0
DA:31,0
DA:32,0
DA:35,0
DA:36,0
DA:37,0
DA:38,0
DA:40,0
DA:42,0
DA:43,0
DA:44,0
DA:45,0
DA:50,0
DA:51,0
DA:52,0
DA:55,0
DA:63,0
DA:64,0
DA:65,0
DA:66,0
DA:69,0
DA:70,0
DA:71,0
DA:75,0
DA:76,0
DA:77,0
DA:80,0
DA:81,0
DA:84,0
DA:85,0
DA:86,0
DA:87,0
DA:88,0
DA:89,0
DA:93,0
DA:94,0
DA:95,0
DA:99,0
DA:176,0
DA:177,0
LF:56
LH:0
BRDA:19,0,0,0
BRDA:19,0,1,0
BRDA:19,1,0,0
BRDA:19,1,1,0
BRDA:22,2,0,0
BRDA:22,2,1,0
BRDA:30,3,0,0
BRDA:30,3,1,0
BRDA:45,4,0,0
BRDA:45,4,1,0
BRDA:88,5,0,0
BRDA:88,5,1,0
BRDA:94,6,0,0
BRDA:94,6,1,0
BRDA:94,7,0,0
BRDA:94,7,1,0
BRDA:108,8,0,0
BRDA:108,8,1,0
BRDA:109,9,0,0
BRDA:109,9,1,0
BRDA:112,10,0,0
BRDA:112,10,1,0
BRDA:112,10,2,0
BRDA:136,11,0,0
BRDA:136,11,1,0
BRDA:144,12,0,0
BRDA:144,12,1,0
BRDA:155,13,0,0
BRDA:155,13,1,0
BRDA:155,13,2,0
BRDA:165,14,0,0
BRDA:165,14,1,0
BRDA:172,15,0,0
BRDA:172,15,1,0
BRF:34
BRH:0
end_of_record
TN:
SF:src/components/modals/AddCandidateModal.jsx
FN:8,AddCandidateModal
FN:26,(anonymous_1)
FN:28,(anonymous_2)
FN:32,(anonymous_3)
FN:33,(anonymous_4)
FN:40,(anonymous_5)
FN:175,(anonymous_6)
FN:187,(anonymous_7)
FNF:8
FNH:7
FNDA:142,AddCandidateModal
FNDA:123,(anonymous_1)
FNDA:123,(anonymous_2)
FNDA:1,(anonymous_3)
FNDA:1,(anonymous_4)
FNDA:5,(anonymous_5)
FNDA:1,(anonymous_6)
FNDA:0,(anonymous_7)
DA:14,142
DA:23,142
DA:24,142
DA:26,142
DA:27,123
DA:28,123
DA:29,123
DA:32,142
DA:33,1
DA:37,1
DA:40,142
DA:41,5
DA:42,5
DA:45,5
DA:46,2
DA:47,2
DA:49,3
DA:50,0
DA:51,0
DA:53,3
DA:54,0
DA:55,0
DA:58,3
DA:59,3
DA:61,2
DA:69,2
DA:71,1
DA:75,142
DA:77,141
DA:175,1
DA:187,0
LF:31
LH:26
BRDA:12,0,0,141
BRDA:45,1,0,2
BRDA:45,1,1,3
BRDA:49,2,0,0
BRDA:49,2,1,3
BRDA:53,3,0,0
BRDA:53,3,1,3
BRDA:71,4,0,1
BRDA:71,4,1,0
BRDA:75,5,0,1
BRDA:75,5,1,141
BRDA:116,6,0,141
BRDA:116,6,1,3
BRDA:172,7,0,140
BRDA:172,7,1,1
BRDA:177,8,0,1
BRDA:177,8,1,139
BRDA:182,9,0,1
BRDA:182,9,1,139
BRDA:206,10,0,1
BRDA:206,10,1,140
BRF:21
BRH:18
end_of_record
TN:
SF:src/components/modals/PromoteModal.jsx
FN:7,PromoteModal
FN:18,(anonymous_1)
FN:27,(anonymous_2)
FN:38,(anonymous_3)
FN:40,(anonymous_4)
FN:42,(anonymous_5)
FN:96,(anonymous_6)
FNF:7
FNH:0
FNDA:0,PromoteModal
FNDA:0,(anonymous_1)
FNDA:0,(anonymous_2)
FNDA:0,(anonymous_3)
FNDA:0,(anonymous_4)
FNDA:0,(anonymous_5)
FNDA:0,(anonymous_6)
DA:8,0
DA:14,0
DA:16,0
DA:18,0
DA:19,0
DA:20,0
DA:21,0
DA:22,0
DA:23,0
DA:24,0
DA:27,0
DA:28,0
DA:29,0
DA:30,0
DA:38,0
DA:39,0
DA:40,0
DA:41,0
DA:42,0
DA:46,0
DA:97,0
LF:21
LH:0
BRDA:20,0,0,0
BRDA:20,0,1,0
BRDA:21,1,0,0
BRDA:21,1,1,0
BRDA:22,2,0,0
BRDA:22,2,1,0
BRDA:29,3,0,0
BRDA:29,3,1,0
BRDA:41,4,0,0
BRDA:41,4,1,0
BRDA:71,5,0,0
BRDA:71,5,1,0
BRDA:75,6,0,0
BRDA:75,6,1,0
BRDA:91,7,0,0
BRDA:91,7,1,0
BRDA:100,8,0,0
BRDA:100,8,1,0
BRDA:117,9,0,0
BRDA:117,9,1,0
BRDA:121,10,0,0
BRDA:121,10,1,0
BRF:22
BRH:0
end_of_record
TN:
SF:src/components/panels/CandidateDetailPanel.jsx
FN:11,CandidateDetailPanel
FN:46,(anonymous_1)
FN:62,(anonymous_2)
FN:64,(anonymous_3)
FN:67,(anonymous_4)
FN:72,(anonymous_5)
FN:79,(anonymous_6)
FN:81,(anonymous_7)
FN:90,(anonymous_8)
FN:135,(anonymous_9)
FN:138,(anonymous_10)
FN:190,(anonymous_11)
FN:196,(anonymous_12)
FN:296,(anonymous_13)
FN:328,(anonymous_14)
FN:338,(anonymous_15)
FN:346,(anonymous_16)
FN:369,(anonymous_17)
FNF:18
FNH:0
FNDA:0,CandidateDetailPanel
FNDA:0,(anonymous_1)
FNDA:0,(anonymous_2)
FNDA:0,(anonymous_3)
FNDA:0,(anonymous_4)
FNDA:0,(anonymous_5)
FNDA:0,(anonymous_6)
FNDA:0,(anonymous_7)
FNDA:0,(anonymous_8)
FNDA:0,(anonymous_9)
FNDA:0,(anonymous_10)
FNDA:0,(anonymous_11)
FNDA:0,(anonymous_12)
FNDA:0,(anonymous_13)
FNDA:0,(anonymous_14)
FNDA:0,(anonymous_15)
FNDA:0,(anonymous_16)
FNDA:0,(anonymous_17)
DA:12,0
DA:13,0
DA:14,0
DA:15,0
DA:16,0
DA:26,0
DA:46,0
DA:47,0
DA:48,0
DA:57,0
DA:58,0
DA:62,0
DA:63,0
DA:64,0
DA:67,0
DA:69,0
DA:72,0
DA:74,0
DA:75,0
DA:76,0
DA:79,0
DA:81,0
DA:85,0
DA:88,0
DA:90,0
DA:91,0
DA:96,0
DA:99,0
DA:136,0
DA:138,0
DA:190,0
DA:196,0
DA:296,0
DA:328,0
DA:338,0
DA:346,0
DA:369,0
LF:37
LH:0
BRDA:47,0,0,0
BRDA:47,0,1,0
BRDA:49,1,0,0
BRDA:49,1,1,0
BRDA:50,2,0,0
BRDA:50,2,1,0
BRDA:51,3,0,0
BRDA:51,3,1,0
BRDA:52,4,0,0
BRDA:52,4,1,0
BRDA:53,5,0,0
BRDA:53,5,1,0
BRDA:54,6,0,0
BRDA:54,6,1,0
BRDA:55,7,0,0
BRDA:55,7,1,0
BRDA:88,8,0,0
BRDA:88,8,1,0
BRDA:88,9,0,0
BRDA:88,9,1,0
BRDA:96,10,0,0
BRDA:96,10,1,0
BRDA:141,11,0,0
BRDA:141,11,1,0
BRDA:155,12,0,0
BRDA:155,12,1,0
BRDA:157,13,0,0
BRDA:157,13,1,0
BRDA:183,14,0,0
BRDA:183,14,1,0
BRDA:308,15,0,0
BRDA:308,15,1,0
BRDA:310,16,0,0
BRDA:310,16,1,0
BRDA:336,17,0,0
BRDA:336,17,1,0
BRDA:355,18,0,0
BRDA:355,18,1,0
BRDA:365,19,0,0
BRDA:365,19,1,0
BRF:40
BRH:0
end_of_record
TN:
SF:src/components/panels/EmployeeDetailPanel.jsx
FN:10,EmployeeDetailPanel
FN:103,(anonymous_1)
FN:119,(anonymous_2)
FN:121,(anonymous_3)
FN:124,(anonymous_4)
FN:129,(anonymous_5)
FN:136,(anonymous_6)
FN:175,(anonymous_7)
FN:178,(anonymous_8)
FN:236,(anonymous_9)
FN:296,(anonymous_10)
FN:323,(anonymous_11)
FN:347,(anonymous_12)
FN:362,(anonymous_13)
FN:395,(anonymous_14)
FN:395,(anonymous_15)
FN:410,(anonymous_16)
FN:414,(anonymous_17)
FN:414,(anonymous_18)
FNF:19
FNH:0
FNDA:0,EmployeeDetailPanel
FNDA:0,(anonymous_1)
FNDA:0,(anonymous_2)
FNDA:0,(anonymous_3)
FNDA:0,(anonymous_4)
FNDA:0,(anonymous_5)
FNDA:0,(anonymous_6)
FNDA:0,(anonymous_7)
FNDA:0,(anonymous_8)
FNDA:0,(anonymous_9)
FNDA:0,(anonymous_10)
FNDA:0,(anonymous_11)
FNDA:0,(anonymous_12)
FNDA:0,(anonymous_13)
FNDA:0,(anonymous_14)
FNDA:0,(anonymous_15)
FNDA:0,(anonymous_16)
FNDA:0,(anonymous_17)
FNDA:0,(anonymous_18)
DA:11,0
DA:12,0
DA:13,0
DA:23,0
DA:46,0
DA:81,0
DA:100,0
DA:103,0
DA:104,0
DA:105,0
DA:114,0
DA:115,0
DA:119,0
DA:120,0
DA:121,0
DA:124,0
DA:126,0
DA:129,0
DA:131,0
DA:134,0
DA:136,0
DA:137,0
DA:139,0
DA:176,0
DA:178,0
DA:236,0
DA:297,0
DA:323,0
DA:348,0
DA:362,0
DA:395,0
DA:396,0
DA:410,0
DA:414,0
DA:415,0
LF:35
LH:0
BRDA:104,0,0,0
BRDA:104,0,1,0
BRDA:106,1,0,0
BRDA:106,1,1,0
BRDA:107,2,0,0
BRDA:107,2,1,0
BRDA:108,3,0,0
BRDA:108,3,1,0
BRDA:109,4,0,0
BRDA:109,4,1,0
BRDA:110,5,0,0
BRDA:110,5,1,0
BRDA:111,6,0,0
BRDA:111,6,1,0
BRDA:112,7,0,0
BRDA:112,7,1,0
BRDA:134,8,0,0
BRDA:134,8,1,0
BRDA:134,9,0,0
BRDA:134,9,1,0
BRDA:156,10,0,0
BRDA:156,10,1,0
BRDA:181,11,0,0
BRDA:181,11,1,0
BRDA:195,12,0,0
BRDA:195,12,1,0
BRDA:197,13,0,0
BRDA:197,13,1,0
BRDA:220,14,0,0
BRDA:220,14,1,0
BRDA:225,15,0,0
BRDA:225,15,1,0
BRDA:335,16,0,0
BRDA:335,16,1,0
BRDA:352,17,0,0
BRDA:352,17,1,0
BRDA:366,18,0,0
BRDA:366,18,1,0
BRDA:373,19,0,0
BRDA:373,19,1,0
BRDA:374,20,0,0
BRDA:374,20,1,0
BRDA:377,21,0,0
BRDA:377,21,1,0
BRDA:390,22,0,0
BRDA:390,22,1,0
BRDA:410,23,0,0
BRDA:410,23,1,0
BRDA:419,24,0,0
BRDA:419,24,1,0
BRDA:430,25,0,0
BRDA:430,25,1,0
BRF:52
BRH:0
end_of_record
TN:
SF:src/hooks/useCandidates.js
FN:7,useCandidates
FN:16,(anonymous_1)
FN:50,(anonymous_2)
FN:61,(anonymous_3)
FN:68,(anonymous_4)
FN:82,(anonymous_5)
FN:93,(anonymous_6)
FN:100,(anonymous_7)
FN:101,(anonymous_8)
FN:115,(anonymous_9)
FN:128,(anonymous_10)
FN:128,(anonymous_11)
FN:141,(anonymous_12)
FN:145,(anonymous_13)
FN:146,(anonymous_14)
FN:156,(anonymous_15)
FN:160,(anonymous_16)
FN:161,(anonymous_17)
FN:171,(anonymous_18)
FNF:19
FNH:17
FNDA:26,useCandidates
FNDA:3,(anonymous_1)
FNDA:2,(anonymous_2)
FNDA:0,(anonymous_3)
FNDA:1,(anonymous_4)
FNDA:2,(anonymous_5)
FNDA:0,(anonymous_6)
FNDA:1,(anonymous_7)
FNDA:3,(anonymous_8)
FNDA:2,(anonymous_9)
FNDA:1,(anonymous_10)
FNDA:3,(anonymous_11)
FNDA:1,(anonymous_12)
FNDA:5,(anonymous_13)
FNDA:15,(anonymous_14)
FNDA:1,(anonymous_15)
FNDA:5,(anonymous_16)
FNDA:15,(anonymous_17)
FNDA:1,(anonymous_18)
DA:8,26
DA:9,26
DA:10,26
DA:16,26
DA:17,3
DA:18,3
DA:19,3
DA:21,3
DA:22,3
DA:23,3
DA:24,3
DA:26,3
DA:27,3
DA:29,3
DA:30,1
DA:33,2
DA:34,2
DA:35,2
DA:37,1
DA:38,1
DA:39,1
DA:40,1
DA:42,3
DA:50,26
DA:51,2
DA:52,2
DA:54,2
DA:60,2
DA:61,1
DA:62,1
DA:65,1
DA:68,1
DA:69,1
DA:71,1
DA:72,1
DA:73,1
DA:82,26
DA:83,2
DA:84,2
DA:86,2
DA:92,2
DA:93,1
DA:94,0
DA:97,1
DA:100,1
DA:101,3
DA:103,1
DA:105,1
DA:106,1
DA:107,1
DA:115,26
DA:116,2
DA:117,2
DA:119,2
DA:123,2
DA:124,1
DA:128,3
DA:129,1
DA:131,1
DA:132,1
DA:133,1
DA:141,26
DA:142,1
DA:143,1
DA:145,1
DA:146,15
DA:149,1
DA:156,26
DA:157,1
DA:158,1
DA:160,1
DA:161,15
DA:164,1
DA:171,26
DA:172,1
DA:175,26
LF:76
LH:75
BRDA:16,0,0,2
BRDA:22,1,0,1
BRDA:22,1,1,2
BRDA:23,2,0,0
BRDA:23,2,1,3
BRDA:24,3,0,0
BRDA:24,3,1,3
BRDA:29,4,0,1
BRDA:29,4,1,2
BRDA:34,5,0,2
BRDA:34,5,1,0
BRDA:37,6,0,1
BRDA:37,6,1,0
BRDA:60,7,0,1
BRDA:60,7,1,1
BRDA:62,8,0,1
BRDA:62,8,1,0
BRDA:68,9,0,1
BRDA:68,9,1,0
BRDA:71,10,0,1
BRDA:71,10,1,0
BRDA:92,11,0,1
BRDA:92,11,1,1
BRDA:94,12,0,0
BRDA:94,12,1,0
BRDA:101,13,0,1
BRDA:101,13,1,2
BRDA:105,14,0,1
BRDA:105,14,1,0
BRDA:123,15,0,1
BRDA:123,15,1,1
BRDA:131,16,0,1
BRDA:131,16,1,0
BRF:33
BRH:22
end_of_record
TN:
SF:src/hooks/useFetch.js
FN:7,useFetch
FN:12,(anonymous_1)
FN:18,(anonymous_2)
FNF:3
FNH:0
FNDA:0,useFetch
FNDA:0,(anonymous_1)
FNDA:0,(anonymous_2)
DA:8,0
DA:9,0
DA:10,0
DA:12,0
DA:13,0
DA:14,0
DA:15,0
DA:18,0
DA:19,0
DA:20,0
DA:21,0
DA:22,0
DA:23,0
DA:25,0
DA:26,0
DA:27,0
DA:29,0
DA:30,0
DA:32,0
DA:36,0
DA:39,0
LF:21
LH:0
BRDA:7,0,0,0
BRDA:13,1,0,0
BRDA:13,1,1,0
BRDA:22,2,0,0
BRDA:22,2,1,0
BRF:5
BRH:0
end_of_record
TN:
SF:src/layouts/SidebarLayout.jsx
FN:6,SidebarLayout
FN:18,(anonymous_1)
FN:27,(anonymous_2)
FNF:3
FNH:0
FNDA:0,SidebarLayout
FNDA:0,(anonymous_1)
FNDA:0,(anonymous_2)
DA:7,0
DA:8,0
DA:10,0
DA:18,0
DA:27,0
LF:5
LH:0
BRF:0
BRH:0
end_of_record
TN:
SF:src/pages/Dashboard.jsx
FN:1,Dashboard
FN:13,(anonymous_1)
FNF:2
FNH:0
FNDA:0,Dashboard
FNDA:0,(anonymous_1)
DA:2,0
DA:14,0
LF:2
LH:0
BRF:0
BRH:0
end_of_record
TN:
SF:src/pages/Reports.jsx
FN:1,Reports
FN:13,(anonymous_1)
FNF:2
FNH:0
FNDA:0,Reports
FNDA:0,(anonymous_1)
DA:2,0
DA:14,0
LF:2
LH:0
BRF:0
BRH:0
end_of_record
TN:
SF:src/pages/Settings.jsx
FN:1,Settings
FNF:1
FNH:0
FNDA:0,Settings
DA:2,0
LF:1
LH:0
BRF:0
BRH:0
end_of_record
TN:
SF:src/pages/devices/Assignments.jsx
FN:1,Assignments
FNF:1
FNH:0
FNDA:0,Assignments
DA:2,0
LF:1
LH:0
BRF:0
BRH:0
end_of_record
TN:
SF:src/pages/devices/Inventory.jsx
FN:1,Inventory
FNF:1
FNH:0
FNDA:0,Inventory
DA:2,0
LF:1
LH:0
BRF:0
BRH:0
end_of_record
TN:
SF:src/pages/people/Directory.jsx
FN:1,Directory
FNF:1
FNH:0
FNDA:0,Directory
DA:2,0
LF:1
LH:0
BRF:0
BRH:0
end_of_record
TN:
SF:src/pages/people/Hiring.jsx
FN:7,Hiring
FN:24,(anonymous_1)
FN:25,(anonymous_2)
FN:37,(anonymous_3)
FN:38,(anonymous_4)
FN:45,(anonymous_5)
FN:51,(anonymous_6)
FN:63,(anonymous_7)
FN:74,(anonymous_8)
FN:92,(anonymous_9)
FN:112,(anonymous_10)
FN:151,(anonymous_11)
FN:179,(anonymous_12)
FN:185,(anonymous_13)
FNF:14
FNH:13
FNDA:36,Hiring
FNDA:13,(anonymous_1)
FNDA:13,(anonymous_2)
FNDA:13,(anonymous_3)
FNDA:13,(anonymous_4)
FNDA:13,(anonymous_5)
FNDA:5,(anonymous_6)
FNDA:0,(anonymous_7)
FNDA:1,(anonymous_8)
FNDA:6,(anonymous_9)
FNDA:3,(anonymous_10)
FNDA:5,(anonymous_11)
FNDA:1,(anonymous_12)
FNDA:1,(anonymous_13)
DA:15,36
DA:17,36
DA:18,35
DA:19,35
DA:20,35
DA:21,35
DA:24,35
DA:25,13
DA:26,13
DA:27,13
DA:29,0
DA:33,13
DA:37,35
DA:38,13
DA:39,13
DA:42,13
DA:43,13
DA:45,13
DA:51,35
DA:52,5
DA:53,5
DA:54,5
DA:56,0
DA:63,35
DA:64,0
DA:65,0
DA:67,0
DA:74,35
DA:75,1
DA:76,1
DA:77,1
DA:78,1
DA:80,0
DA:81,0
DA:83,1
DA:90,35
DA:93,6
DA:99,35
DA:112,3
DA:151,5
DA:179,1
DA:185,1
LF:42
LH:35
BRDA:90,0,0,6
BRDA:90,0,1,29
BRDA:93,1,0,6
BRDA:93,1,1,0
BRDA:93,1,2,0
BRDA:108,2,0,35
BRDA:108,2,1,6
BRDA:158,3,0,35
BRDA:158,3,1,1
BRF:9
BRH:7
end_of_record
TN:
SF:src/pages/people/Offboarding.jsx
FN:1,Offboarding
FNF:1
FNH:0
FNDA:0,Offboarding
DA:2,0
LF:1
LH:0
BRF:0
BRH:0
end_of_record
TN:
SF:src/pages/people/Onboarding.jsx
FN:1,Onboarding
FNF:1
FNH:0
FNDA:0,Onboarding
DA:2,0
LF:1
LH:0
BRF:0
BRH:0
end_of_record
