<?xml version="1.0" encoding="UTF-8"?>
<coverage generated="1774302431385" clover="3.2.0">
  <project timestamp="1774302431385" name="All files">
    <metrics statements="75" coveredstatements="73" conditionals="62" coveredconditionals="55" methods="14" coveredmethods="14" elements="151" coveredelements="142" complexity="0" loc="75" ncloc="75" packages="2" files="2" classes="2"/>
    <package name="server">
      <metrics statements="5" coveredstatements="4" conditionals="4" coveredconditionals="2" methods="0" coveredmethods="0"/>
      <file name="db.js" path="/Users/oliver/OliverRepo/workspaces/work/projects/vtwo-ops/server/db.js">
        <metrics statements="5" coveredstatements="4" conditionals="4" coveredconditionals="2" methods="0" coveredmethods="0"/>
        <line num="5" count="1" type="cond" truecount="1" falsecount="1"/>
        <line num="6" count="0" type="stmt"/>
        <line num="8" count="1" type="cond" truecount="1" falsecount="1"/>
        <line num="9" count="1" type="stmt"/>
        <line num="11" count="1" type="stmt"/>
      </file>
    </package>
    <package name="server.services">
      <metrics statements="70" coveredstatements="69" conditionals="58" coveredconditionals="53" methods="14" coveredmethods="14"/>
      <file name="onboardingService.js" path="/Users/oliver/OliverRepo/workspaces/work/projects/vtwo-ops/server/services/onboardingService.js">
        <metrics statements="70" coveredstatements="69" conditionals="58" coveredconditionals="53" methods="14" coveredmethods="14"/>
        <line num="16" count="50" type="cond" truecount="0" falsecount="1"/>
        <line num="19" count="50" type="cond" truecount="2" falsecount="0"/>
        <line num="20" count="49" type="cond" truecount="2" falsecount="0"/>
        <line num="23" count="48" type="cond" truecount="1" falsecount="1"/>
        <line num="24" count="48" type="stmt"/>
        <line num="25" count="62" type="cond" truecount="2" falsecount="0"/>
        <line num="26" count="61" type="cond" truecount="2" falsecount="0"/>
        <line num="27" count="60" type="cond" truecount="4" falsecount="0"/>
        <line num="28" count="1" type="stmt"/>
        <line num="30" count="59" type="cond" truecount="2" falsecount="0"/>
        <line num="31" count="1" type="stmt"/>
        <line num="37" count="44" type="stmt"/>
        <line num="42" count="58" type="stmt"/>
        <line num="56" count="44" type="stmt"/>
        <line num="65" count="3" type="stmt"/>
        <line num="74" count="3" type="cond" truecount="2" falsecount="0"/>
        <line num="75" count="2" type="stmt"/>
        <line num="78" count="1" type="stmt"/>
        <line num="87" count="4" type="stmt"/>
        <line num="89" count="4" type="stmt"/>
        <line num="99" count="4" type="stmt"/>
        <line num="109" count="5" type="stmt"/>
        <line num="112" count="5" type="stmt"/>
        <line num="116" count="5" type="cond" truecount="2" falsecount="0"/>
        <line num="117" count="1" type="stmt"/>
        <line num="121" count="4" type="cond" truecount="2" falsecount="0"/>
        <line num="122" count="2" type="stmt"/>
        <line num="123" count="3" type="cond" truecount="1" falsecount="1"/>
        <line num="124" count="3" type="cond" truecount="1" falsecount="1"/>
        <line num="125" count="3" type="cond" truecount="4" falsecount="0"/>
        <line num="126" count="1" type="stmt"/>
        <line num="128" count="2" type="cond" truecount="1" falsecount="1"/>
        <line num="129" count="0" type="stmt"/>
        <line num="135" count="3" type="stmt"/>
        <line num="143" count="2" type="stmt"/>
        <line num="160" count="3" type="stmt"/>
        <line num="168" count="2" type="stmt"/>
        <line num="172" count="2" type="cond" truecount="2" falsecount="0"/>
        <line num="173" count="1" type="stmt"/>
        <line num="177" count="1" type="stmt"/>
        <line num="190" count="22" type="stmt"/>
        <line num="194" count="22" type="cond" truecount="2" falsecount="0"/>
        <line num="195" count="1" type="stmt"/>
        <line num="199" count="21" type="stmt"/>
        <line num="206" count="21" type="cond" truecount="2" falsecount="0"/>
        <line num="207" count="1" type="stmt"/>
        <line num="211" count="20" type="stmt"/>
        <line num="217" count="42" type="stmt"/>
        <line num="232" count="20" type="stmt"/>
        <line num="241" count="7" type="stmt"/>
        <line num="252" count="7" type="cond" truecount="2" falsecount="0"/>
        <line num="253" count="2" type="stmt"/>
        <line num="256" count="5" type="stmt"/>
        <line num="266" count="2" type="stmt"/>
        <line num="270" count="2" type="cond" truecount="2" falsecount="0"/>
        <line num="271" count="1" type="stmt"/>
        <line num="274" count="1" type="stmt"/>
        <line num="285" count="1" type="stmt"/>
        <line num="294" count="5" type="stmt"/>
        <line num="296" count="4" type="stmt"/>
        <line num="297" count="12" type="stmt"/>
        <line num="298" count="4" type="cond" truecount="2" falsecount="0"/>
        <line num="300" count="4" type="stmt"/>
        <line num="314" count="12" type="cond" truecount="2" falsecount="0"/>
        <line num="315" count="1" type="stmt"/>
        <line num="318" count="11" type="stmt"/>
        <line num="322" count="11" type="cond" truecount="2" falsecount="0"/>
        <line num="323" count="1" type="stmt"/>
        <line num="326" count="10" type="stmt"/>
        <line num="335" count="10" type="stmt"/>
      </file>
    </package>
  </project>
</coverage>
