{"/Users/oliver/OliverRepo/workspaces/work/projects/vtwo-ops/server/db.js": {"path":"/Users/oliver/OliverRepo/workspaces/work/projects/vtwo-ops/server/db.js","statementMap":{"0":{"start":{"line":5,"column":0},"end":{"line":12,"column":1}},"1":{"start":{"line":6,"column":2},"end":{"line":6,"column":26}},"2":{"start":{"line":8,"column":2},"end":{"line":10,"column":3}},"3":{"start":{"line":9,"column":4},"end":{"line":9,"column":35}},"4":{"start":{"line":11,"column":2},"end":{"line":11,"column":17}}},"fnMap":{},"branchMap":{"0":{"loc":{"start":{"line":5,"column":0},"end":{"line":12,"column":1}},"type":"if","locations":[{"start":{"line":5,"column":0},"end":{"line":12,"column":1}},{"start":{"line":7,"column":7},"end":{"line":12,"column":1}}],"line":5},"1":{"loc":{"start":{"line":8,"column":2},"end":{"line":10,"column":3}},"type":"if","locations":[{"start":{"line":8,"column":2},"end":{"line":10,"column":3}},{"start":{},"end":{}}],"line":8}},"s":{"0":1,"1":0,"2":1,"3":1,"4":1},"f":{},"b":{"0":[0,1],"1":[1,0]},"inputSourceMap":null,"_coverageSchema":"1a1c01bbd47fc00a2c39e90264f33305004495a9","hash":"b72ac55f3850dee6382e429615611f63e013bc99"}
,"/Users/oliver/OliverRepo/workspaces/work/projects/vtwo-ops/server/services/onboardingService.js": {"path":"/Users/oliver/OliverRepo/workspaces/work/projects/vtwo-ops/server/services/onboardingService.js","statementMap":{"0":{"start":{"line":16,"column":37},"end":{"line":16,"column":41}},"1":{"start":{"line":19,"column":2},"end":{"line":19,"column":58}},"2":{"start":{"line":19,"column":13},"end":{"line":19,"column":58}},"3":{"start":{"line":20,"column":2},"end":{"line":20,"column":49}},"4":{"start":{"line":20,"column":13},"end":{"line":20,"column":49}},"5":{"start":{"line":23,"column":2},"end":{"line":34,"column":3}},"6":{"start":{"line":24,"column":4},"end":{"line":33,"column":5}},"7":{"start":{"line":25,"column":6},"end":{"line":25,"column":72}},"8":{"start":{"line":25,"column":22},"end":{"line":25,"column":72}},"9":{"start":{"line":26,"column":6},"end":{"line":26,"column":85}},"10":{"start":{"line":26,"column":28},"end":{"line":26,"column":85}},"11":{"start":{"line":27,"column":6},"end":{"line":29,"column":7}},"12":{"start":{"line":28,"column":8},"end":{"line":28,"column":68}},"13":{"start":{"line":30,"column":6},"end":{"line":32,"column":7}},"14":{"start":{"line":31,"column":8},"end":{"line":31,"column":59}},"15":{"start":{"line":37,"column":19},"end":{"line":54,"column":4}},"16":{"start":{"line":42,"column":37},"end":{"line":46,"column":9}},"17":{"start":{"line":56,"column":2},"end":{"line":56,"column":18}},"18":{"start":{"line":65,"column":19},"end":{"line":72,"column":4}},"19":{"start":{"line":74,"column":2},"end":{"line":76,"column":3}},"20":{"start":{"line":75,"column":4},"end":{"line":75,"column":42}},"21":{"start":{"line":78,"column":2},"end":{"line":78,"column":18}},"22":{"start":{"line":87,"column":19},"end":{"line":87,"column":26}},"23":{"start":{"line":89,"column":20},"end":{"line":97,"column":4}},"24":{"start":{"line":99,"column":2},"end":{"line":99,"column":19}},"25":{"start":{"line":109,"column":32},"end":{"line":109,"column":36}},"26":{"start":{"line":112,"column":19},"end":{"line":114,"column":4}},"27":{"start":{"line":116,"column":2},"end":{"line":118,"column":3}},"28":{"start":{"line":117,"column":4},"end":{"line":117,"column":42}},"29":{"start":{"line":121,"column":2},"end":{"line":132,"column":3}},"30":{"start":{"line":122,"column":4},"end":{"line":131,"column":5}},"31":{"start":{"line":123,"column":6},"end":{"line":123,"column":72}},"32":{"start":{"line":123,"column":22},"end":{"line":123,"column":72}},"33":{"start":{"line":124,"column":6},"end":{"line":124,"column":85}},"34":{"start":{"line":124,"column":28},"end":{"line":124,"column":85}},"35":{"start":{"line":125,"column":6},"end":{"line":127,"column":7}},"36":{"start":{"line":126,"column":8},"end":{"line":126,"column":68}},"37":{"start":{"line":128,"column":6},"end":{"line":130,"column":7}},"38":{"start":{"line":129,"column":8},"end":{"line":129,"column":59}},"39":{"start":{"line":135,"column":18},"end":{"line":158,"column":4}},"40":{"start":{"line":143,"column":41},"end":{"line":149,"column":13}},"41":{"start":{"line":160,"column":2},"end":{"line":160,"column":17}},"42":{"start":{"line":168,"column":19},"end":{"line":170,"column":4}},"43":{"start":{"line":172,"column":2},"end":{"line":174,"column":3}},"44":{"start":{"line":173,"column":4},"end":{"line":173,"column":42}},"45":{"start":{"line":177,"column":2},"end":{"line":179,"column":5}},"46":{"start":{"line":190,"column":19},"end":{"line":192,"column":4}},"47":{"start":{"line":194,"column":2},"end":{"line":196,"column":3}},"48":{"start":{"line":195,"column":4},"end":{"line":195,"column":42}},"49":{"start":{"line":199,"column":19},"end":{"line":204,"column":4}},"50":{"start":{"line":206,"column":2},"end":{"line":208,"column":3}},"51":{"start":{"line":207,"column":4},"end":{"line":207,"column":42}},"52":{"start":{"line":211,"column":20},"end":{"line":230,"column":4}},"53":{"start":{"line":217,"column":46},"end":{"line":222,"column":9}},"54":{"start":{"line":232,"column":2},"end":{"line":232,"column":19}},"55":{"start":{"line":241,"column":20},"end":{"line":250,"column":4}},"56":{"start":{"line":252,"column":2},"end":{"line":254,"column":3}},"57":{"start":{"line":253,"column":4},"end":{"line":253,"column":51}},"58":{"start":{"line":256,"column":2},"end":{"line":256,"column":19}},"59":{"start":{"line":266,"column":19},"end":{"line":268,"column":4}},"60":{"start":{"line":270,"column":2},"end":{"line":272,"column":3}},"61":{"start":{"line":271,"column":4},"end":{"line":271,"column":42}},"62":{"start":{"line":274,"column":21},"end":{"line":283,"column":4}},"63":{"start":{"line":285,"column":2},"end":{"line":285,"column":20}},"64":{"start":{"line":294,"column":20},"end":{"line":294,"column":51}},"65":{"start":{"line":296,"column":16},"end":{"line":296,"column":38}},"66":{"start":{"line":297,"column":20},"end":{"line":297,"column":75}},"67":{"start":{"line":297,"column":53},"end":{"line":297,"column":67}},"68":{"start":{"line":298,"column":21},"end":{"line":298,"column":76}},"69":{"start":{"line":300,"column":2},"end":{"line":304,"column":4}},"70":{"start":{"line":314,"column":2},"end":{"line":316,"column":3}},"71":{"start":{"line":315,"column":4},"end":{"line":315,"column":47}},"72":{"start":{"line":318,"column":19},"end":{"line":320,"column":4}},"73":{"start":{"line":322,"column":2},"end":{"line":324,"column":3}},"74":{"start":{"line":323,"column":4},"end":{"line":323,"column":50}},"75":{"start":{"line":326,"column":18},"end":{"line":333,"column":4}},"76":{"start":{"line":335,"column":2},"end":{"line":335,"column":17}}},"fnMap":{"0":{"name":"createTemplate","decl":{"start":{"line":15,"column":22},"end":{"line":15,"column":36}},"loc":{"start":{"line":15,"column":43},"end":{"line":57,"column":1}},"line":15},"1":{"name":"(anonymous_1)","decl":{"start":{"line":42,"column":26},"end":{"line":42,"column":27}},"loc":{"start":{"line":42,"column":37},"end":{"line":46,"column":9}},"line":42},"2":{"name":"getTemplate","decl":{"start":{"line":64,"column":22},"end":{"line":64,"column":33}},"loc":{"start":{"line":64,"column":38},"end":{"line":79,"column":1}},"line":64},"3":{"name":"listTemplates","decl":{"start":{"line":86,"column":22},"end":{"line":86,"column":35}},"loc":{"start":{"line":86,"column":50},"end":{"line":100,"column":1}},"line":86},"4":{"name":"updateTemplate","decl":{"start":{"line":108,"column":22},"end":{"line":108,"column":36}},"loc":{"start":{"line":108,"column":47},"end":{"line":161,"column":1}},"line":108},"5":{"name":"(anonymous_5)","decl":{"start":{"line":143,"column":30},"end":{"line":143,"column":31}},"loc":{"start":{"line":143,"column":41},"end":{"line":149,"column":13}},"line":143},"6":{"name":"deleteTemplate","decl":{"start":{"line":167,"column":22},"end":{"line":167,"column":36}},"loc":{"start":{"line":167,"column":41},"end":{"line":180,"column":1}},"line":167},"7":{"name":"createChecklistFromTemplate","decl":{"start":{"line":188,"column":22},"end":{"line":188,"column":49}},"loc":{"start":{"line":188,"column":74},"end":{"line":233,"column":1}},"line":188},"8":{"name":"(anonymous_8)","decl":{"start":{"line":217,"column":35},"end":{"line":217,"column":36}},"loc":{"start":{"line":217,"column":46},"end":{"line":222,"column":9}},"line":217},"9":{"name":"getChecklist","decl":{"start":{"line":240,"column":22},"end":{"line":240,"column":34}},"loc":{"start":{"line":240,"column":39},"end":{"line":257,"column":1}},"line":240},"10":{"name":"listChecklistsByEmployee","decl":{"start":{"line":264,"column":22},"end":{"line":264,"column":46}},"loc":{"start":{"line":264,"column":59},"end":{"line":286,"column":1}},"line":264},"11":{"name":"getChecklistProgress","decl":{"start":{"line":293,"column":22},"end":{"line":293,"column":42}},"loc":{"start":{"line":293,"column":56},"end":{"line":305,"column":1}},"line":293},"12":{"name":"(anonymous_12)","decl":{"start":{"line":297,"column":43},"end":{"line":297,"column":44}},"loc":{"start":{"line":297,"column":53},"end":{"line":297,"column":67}},"line":297},"13":{"name":"markItemComplete","decl":{"start":{"line":313,"column":22},"end":{"line":313,"column":38}},"loc":{"start":{"line":313,"column":60},"end":{"line":336,"column":1}},"line":313}},"branchMap":{"0":{"loc":{"start":{"line":16,"column":22},"end":{"line":16,"column":32}},"type":"default-arg","locations":[{"start":{"line":16,"column":30},"end":{"line":16,"column":32}}],"line":16},"1":{"loc":{"start":{"line":19,"column":2},"end":{"line":19,"column":58}},"type":"if","locations":[{"start":{"line":19,"column":2},"end":{"line":19,"column":58}},{"start":{},"end":{}}],"line":19},"2":{"loc":{"start":{"line":20,"column":2},"end":{"line":20,"column":49}},"type":"if","locations":[{"start":{"line":20,"column":2},"end":{"line":20,"column":49}},{"start":{},"end":{}}],"line":20},"3":{"loc":{"start":{"line":23,"column":2},"end":{"line":34,"column":3}},"type":"if","locations":[{"start":{"line":23,"column":2},"end":{"line":34,"column":3}},{"start":{},"end":{}}],"line":23},"4":{"loc":{"start":{"line":25,"column":6},"end":{"line":25,"column":72}},"type":"if","locations":[{"start":{"line":25,"column":6},"end":{"line":25,"column":72}},{"start":{},"end":{}}],"line":25},"5":{"loc":{"start":{"line":26,"column":6},"end":{"line":26,"column":85}},"type":"if","locations":[{"start":{"line":26,"column":6},"end":{"line":26,"column":85}},{"start":{},"end":{}}],"line":26},"6":{"loc":{"start":{"line":27,"column":6},"end":{"line":29,"column":7}},"type":"if","locations":[{"start":{"line":27,"column":6},"end":{"line":29,"column":7}},{"start":{},"end":{}}],"line":27},"7":{"loc":{"start":{"line":27,"column":10},"end":{"line":27,"column":71}},"type":"binary-expr","locations":[{"start":{"line":27,"column":10},"end":{"line":27,"column":41}},{"start":{"line":27,"column":45},"end":{"line":27,"column":71}}],"line":27},"8":{"loc":{"start":{"line":30,"column":6},"end":{"line":32,"column":7}},"type":"if","locations":[{"start":{"line":30,"column":6},"end":{"line":32,"column":7}},{"start":{},"end":{}}],"line":30},"9":{"loc":{"start":{"line":74,"column":2},"end":{"line":76,"column":3}},"type":"if","locations":[{"start":{"line":74,"column":2},"end":{"line":76,"column":3}},{"start":{},"end":{}}],"line":74},"10":{"loc":{"start":{"line":86,"column":36},"end":{"line":86,"column":48}},"type":"default-arg","locations":[{"start":{"line":86,"column":46},"end":{"line":86,"column":48}}],"line":86},"11":{"loc":{"start":{"line":90,"column":11},"end":{"line":90,"column":31}},"type":"cond-expr","locations":[{"start":{"line":90,"column":18},"end":{"line":90,"column":26}},{"start":{"line":90,"column":29},"end":{"line":90,"column":31}}],"line":90},"12":{"loc":{"start":{"line":116,"column":2},"end":{"line":118,"column":3}},"type":"if","locations":[{"start":{"line":116,"column":2},"end":{"line":118,"column":3}},{"start":{},"end":{}}],"line":116},"13":{"loc":{"start":{"line":121,"column":2},"end":{"line":132,"column":3}},"type":"if","locations":[{"start":{"line":121,"column":2},"end":{"line":132,"column":3}},{"start":{},"end":{}}],"line":121},"14":{"loc":{"start":{"line":123,"column":6},"end":{"line":123,"column":72}},"type":"if","locations":[{"start":{"line":123,"column":6},"end":{"line":123,"column":72}},{"start":{},"end":{}}],"line":123},"15":{"loc":{"start":{"line":124,"column":6},"end":{"line":124,"column":85}},"type":"if","locations":[{"start":{"line":124,"column":6},"end":{"line":124,"column":85}},{"start":{},"end":{}}],"line":124},"16":{"loc":{"start":{"line":125,"column":6},"end":{"line":127,"column":7}},"type":"if","locations":[{"start":{"line":125,"column":6},"end":{"line":127,"column":7}},{"start":{},"end":{}}],"line":125},"17":{"loc":{"start":{"line":125,"column":10},"end":{"line":125,"column":71}},"type":"binary-expr","locations":[{"start":{"line":125,"column":10},"end":{"line":125,"column":41}},{"start":{"line":125,"column":45},"end":{"line":125,"column":71}}],"line":125},"18":{"loc":{"start":{"line":128,"column":6},"end":{"line":130,"column":7}},"type":"if","locations":[{"start":{"line":128,"column":6},"end":{"line":130,"column":7}},{"start":{},"end":{}}],"line":128},"19":{"loc":{"start":{"line":138,"column":12},"end":{"line":138,"column":53}},"type":"cond-expr","locations":[{"start":{"line":138,"column":33},"end":{"line":138,"column":37}},{"start":{"line":138,"column":40},"end":{"line":138,"column":53}}],"line":138},"20":{"loc":{"start":{"line":139,"column":12},"end":{"line":139,"column":53}},"type":"cond-expr","locations":[{"start":{"line":139,"column":33},"end":{"line":139,"column":37}},{"start":{"line":139,"column":40},"end":{"line":139,"column":53}}],"line":139},"21":{"loc":{"start":{"line":140,"column":13},"end":{"line":151,"column":19}},"type":"cond-expr","locations":[{"start":{"line":141,"column":10},"end":{"line":150,"column":11}},{"start":{"line":151,"column":10},"end":{"line":151,"column":19}}],"line":140},"22":{"loc":{"start":{"line":172,"column":2},"end":{"line":174,"column":3}},"type":"if","locations":[{"start":{"line":172,"column":2},"end":{"line":174,"column":3}},{"start":{},"end":{}}],"line":172},"23":{"loc":{"start":{"line":194,"column":2},"end":{"line":196,"column":3}},"type":"if","locations":[{"start":{"line":194,"column":2},"end":{"line":196,"column":3}},{"start":{},"end":{}}],"line":194},"24":{"loc":{"start":{"line":206,"column":2},"end":{"line":208,"column":3}},"type":"if","locations":[{"start":{"line":206,"column":2},"end":{"line":208,"column":3}},{"start":{},"end":{}}],"line":206},"25":{"loc":{"start":{"line":252,"column":2},"end":{"line":254,"column":3}},"type":"if","locations":[{"start":{"line":252,"column":2},"end":{"line":254,"column":3}},{"start":{},"end":{}}],"line":252},"26":{"loc":{"start":{"line":270,"column":2},"end":{"line":272,"column":3}},"type":"if","locations":[{"start":{"line":270,"column":2},"end":{"line":272,"column":3}},{"start":{},"end":{}}],"line":270},"27":{"loc":{"start":{"line":298,"column":21},"end":{"line":298,"column":76}},"type":"cond-expr","locations":[{"start":{"line":298,"column":35},"end":{"line":298,"column":36}},{"start":{"line":298,"column":39},"end":{"line":298,"column":76}}],"line":298},"28":{"loc":{"start":{"line":314,"column":2},"end":{"line":316,"column":3}},"type":"if","locations":[{"start":{"line":314,"column":2},"end":{"line":316,"column":3}},{"start":{},"end":{}}],"line":314},"29":{"loc":{"start":{"line":322,"column":2},"end":{"line":324,"column":3}},"type":"if","locations":[{"start":{"line":322,"column":2},"end":{"line":324,"column":3}},{"start":{},"end":{}}],"line":322}},"s":{"0":50,"1":50,"2":1,"3":49,"4":1,"5":48,"6":48,"7":62,"8":1,"9":61,"10":1,"11":60,"12":1,"13":59,"14":1,"15":44,"16":58,"17":44,"18":3,"19":3,"20":2,"21":1,"22":4,"23":4,"24":4,"25":5,"26":5,"27":5,"28":1,"29":4,"30":2,"31":3,"32":0,"33":3,"34":0,"35":3,"36":1,"37":2,"38":0,"39":3,"40":2,"41":3,"42":2,"43":2,"44":1,"45":1,"46":22,"47":22,"48":1,"49":21,"50":21,"51":1,"52":20,"53":42,"54":20,"55":7,"56":7,"57":2,"58":5,"59":2,"60":2,"61":1,"62":1,"63":1,"64":5,"65":4,"66":4,"67":12,"68":4,"69":4,"70":12,"71":1,"72":11,"73":11,"74":1,"75":10,"76":10},"f":{"0":50,"1":58,"2":3,"3":4,"4":5,"5":2,"6":2,"7":22,"8":42,"9":7,"10":2,"11":5,"12":12,"13":12},"b":{"0":[0],"1":[1,49],"2":[1,48],"3":[48,0],"4":[1,61],"5":[1,60],"6":[1,59],"7":[60,59],"8":[1,58],"9":[2,1],"10":[1],"11":[3,1],"12":[1,4],"13":[2,2],"14":[0,3],"15":[0,3],"16":[1,2],"17":[3,2],"18":[0,2],"19":[1,2],"20":[1,2],"21":[1,2],"22":[1,1],"23":[1,21],"24":[1,20],"25":[2,5],"26":[1,1],"27":[1,3],"28":[1,11],"29":[1,10]},"inputSourceMap":null,"_coverageSchema":"1a1c01bbd47fc00a2c39e90264f33305004495a9","hash":"002c982ee810bc6ba9d7c23c701531ec38b765de"}
}
