{"/Users/oliver/OliverRepo/workspaces/work/projects/vtwo-ops/server/db.js": {"path":"/Users/oliver/OliverRepo/workspaces/work/projects/vtwo-ops/server/db.js","statementMap":{"0":{"start":{"line":5,"column":0},"end":{"line":12,"column":1}},"1":{"start":{"line":6,"column":2},"end":{"line":6,"column":26}},"2":{"start":{"line":8,"column":2},"end":{"line":10,"column":3}},"3":{"start":{"line":9,"column":4},"end":{"line":9,"column":35}},"4":{"start":{"line":11,"column":2},"end":{"line":11,"column":17}}},"fnMap":{},"branchMap":{"0":{"loc":{"start":{"line":5,"column":0},"end":{"line":12,"column":1}},"type":"if","locations":[{"start":{"line":5,"column":0},"end":{"line":12,"column":1}},{"start":{"line":7,"column":7},"end":{"line":12,"column":1}}],"line":5},"1":{"loc":{"start":{"line":8,"column":2},"end":{"line":10,"column":3}},"type":"if","locations":[{"start":{"line":8,"column":2},"end":{"line":10,"column":3}},{"start":{},"end":{}}],"line":8}},"s":{"0":1,"1":0,"2":1,"3":1,"4":1},"f":{},"b":{"0":[0,1],"1":[1,0]},"inputSourceMap":null,"_coverageSchema":"1a1c01bbd47fc00a2c39e90264f33305004495a9","hash":"b72ac55f3850dee6382e429615611f63e013bc99"}
,"/Users/oliver/OliverRepo/workspaces/work/projects/vtwo-ops/server/services/candidateService.js": {"path":"/Users/oliver/OliverRepo/workspaces/work/projects/vtwo-ops/server/services/candidateService.js","statementMap":{"0":{"start":{"line":15,"column":88},"end":{"line":15,"column":92}},"1":{"start":{"line":18,"column":2},"end":{"line":18,"column":59}},"2":{"start":{"line":18,"column":13},"end":{"line":18,"column":59}},"3":{"start":{"line":19,"column":2},"end":{"line":19,"column":61}},"4":{"start":{"line":19,"column":14},"end":{"line":19,"column":61}},"5":{"start":{"line":20,"column":2},"end":{"line":20,"column":59}},"6":{"start":{"line":20,"column":13},"end":{"line":20,"column":59}},"7":{"start":{"line":23,"column":20},"end":{"line":33,"column":4}},"8":{"start":{"line":35,"column":2},"end":{"line":35,"column":19}},"9":{"start":{"line":44,"column":20},"end":{"line":46,"column":4}},"10":{"start":{"line":48,"column":2},"end":{"line":50,"column":3}},"11":{"start":{"line":49,"column":4},"end":{"line":49,"column":43}},"12":{"start":{"line":52,"column":2},"end":{"line":52,"column":19}},"13":{"start":{"line":63,"column":19},"end":{"line":65,"column":4}},"14":{"start":{"line":67,"column":2},"end":{"line":69,"column":3}},"15":{"start":{"line":68,"column":4},"end":{"line":68,"column":43}},"16":{"start":{"line":72,"column":18},"end":{"line":81,"column":4}},"17":{"start":{"line":83,"column":2},"end":{"line":83,"column":17}},"18":{"start":{"line":93,"column":19},"end":{"line":95,"column":4}},"19":{"start":{"line":97,"column":2},"end":{"line":99,"column":3}},"20":{"start":{"line":98,"column":4},"end":{"line":98,"column":43}},"21":{"start":{"line":102,"column":2},"end":{"line":104,"column":5}},"22":{"start":{"line":113,"column":28},"end":{"line":113,"column":35}},"23":{"start":{"line":115,"column":21},"end":{"line":123,"column":4}},"24":{"start":{"line":125,"column":2},"end":{"line":125,"column":20}},"25":{"start":{"line":142,"column":20},"end":{"line":144,"column":4}},"26":{"start":{"line":146,"column":2},"end":{"line":148,"column":3}},"27":{"start":{"line":147,"column":4},"end":{"line":147,"column":43}},"28":{"start":{"line":151,"column":18},"end":{"line":151,"column":80}},"29":{"start":{"line":154,"column":18},"end":{"line":159,"column":4}},"30":{"start":{"line":161,"column":2},"end":{"line":161,"column":17}},"31":{"start":{"line":170,"column":20},"end":{"line":172,"column":4}},"32":{"start":{"line":174,"column":2},"end":{"line":176,"column":3}},"33":{"start":{"line":175,"column":4},"end":{"line":175,"column":43}},"34":{"start":{"line":178,"column":2},"end":{"line":178,"column":19}},"35":{"start":{"line":190,"column":20},"end":{"line":192,"column":4}},"36":{"start":{"line":194,"column":2},"end":{"line":196,"column":3}},"37":{"start":{"line":195,"column":4},"end":{"line":195,"column":43}},"38":{"start":{"line":199,"column":18},"end":{"line":199,"column":80}},"39":{"start":{"line":202,"column":18},"end":{"line":207,"column":4}},"40":{"start":{"line":209,"column":2},"end":{"line":209,"column":17}},"41":{"start":{"line":219,"column":20},"end":{"line":221,"column":4}},"42":{"start":{"line":223,"column":2},"end":{"line":225,"column":3}},"43":{"start":{"line":224,"column":4},"end":{"line":224,"column":43}},"44":{"start":{"line":228,"column":18},"end":{"line":233,"column":4}},"45":{"start":{"line":235,"column":2},"end":{"line":235,"column":17}},"46":{"start":{"line":244,"column":39},"end":{"line":244,"column":46}},"47":{"start":{"line":246,"column":20},"end":{"line":246,"column":22}},"48":{"start":{"line":249,"column":2},"end":{"line":255,"column":3}},"49":{"start":{"line":250,"column":4},"end":{"line":252,"column":6}},"50":{"start":{"line":253,"column":9},"end":{"line":255,"column":3}},"51":{"start":{"line":254,"column":4},"end":{"line":254,"column":33}},"52":{"start":{"line":258,"column":2},"end":{"line":260,"column":3}},"53":{"start":{"line":259,"column":4},"end":{"line":259,"column":32}},"54":{"start":{"line":262,"column":2},"end":{"line":264,"column":3}},"55":{"start":{"line":263,"column":4},"end":{"line":263,"column":30}},"56":{"start":{"line":266,"column":21},"end":{"line":271,"column":4}},"57":{"start":{"line":273,"column":2},"end":{"line":273,"column":20}}},"fnMap":{"0":{"name":"createCandidate","decl":{"start":{"line":14,"column":22},"end":{"line":14,"column":37}},"loc":{"start":{"line":14,"column":44},"end":{"line":36,"column":1}},"line":14},"1":{"name":"getCandidateById","decl":{"start":{"line":43,"column":22},"end":{"line":43,"column":38}},"loc":{"start":{"line":43,"column":43},"end":{"line":53,"column":1}},"line":43},"2":{"name":"updateCandidate","decl":{"start":{"line":61,"column":22},"end":{"line":61,"column":37}},"loc":{"start":{"line":61,"column":48},"end":{"line":84,"column":1}},"line":61},"3":{"name":"deleteCandidate","decl":{"start":{"line":91,"column":22},"end":{"line":91,"column":37}},"loc":{"start":{"line":91,"column":42},"end":{"line":105,"column":1}},"line":91},"4":{"name":"listCandidates","decl":{"start":{"line":112,"column":22},"end":{"line":112,"column":36}},"loc":{"start":{"line":112,"column":51},"end":{"line":126,"column":1}},"line":112},"5":{"name":"associateResumeWithCandidate","decl":{"start":{"line":136,"column":22},"end":{"line":136,"column":50}},"loc":{"start":{"line":140,"column":2},"end":{"line":162,"column":1}},"line":140},"6":{"name":"getCandidateWithResume","decl":{"start":{"line":169,"column":22},"end":{"line":169,"column":44}},"loc":{"start":{"line":169,"column":58},"end":{"line":179,"column":1}},"line":169},"7":{"name":"updateCandidateResume","decl":{"start":{"line":188,"column":22},"end":{"line":188,"column":43}},"loc":{"start":{"line":188,"column":79},"end":{"line":210,"column":1}},"line":188},"8":{"name":"deleteCandidateResume","decl":{"start":{"line":217,"column":22},"end":{"line":217,"column":43}},"loc":{"start":{"line":217,"column":57},"end":{"line":236,"column":1}},"line":217},"9":{"name":"listCandidatesWithResumes","decl":{"start":{"line":243,"column":22},"end":{"line":243,"column":47}},"loc":{"start":{"line":243,"column":62},"end":{"line":274,"column":1}},"line":243}},"branchMap":{"0":{"loc":{"start":{"line":15,"column":29},"end":{"line":15,"column":46}},"type":"default-arg","locations":[{"start":{"line":15,"column":38},"end":{"line":15,"column":46}}],"line":15},"1":{"loc":{"start":{"line":15,"column":48},"end":{"line":15,"column":65}},"type":"default-arg","locations":[{"start":{"line":15,"column":56},"end":{"line":15,"column":65}}],"line":15},"2":{"loc":{"start":{"line":18,"column":2},"end":{"line":18,"column":59}},"type":"if","locations":[{"start":{"line":18,"column":2},"end":{"line":18,"column":59}},{"start":{},"end":{}}],"line":18},"3":{"loc":{"start":{"line":19,"column":2},"end":{"line":19,"column":61}},"type":"if","locations":[{"start":{"line":19,"column":2},"end":{"line":19,"column":61}},{"start":{},"end":{}}],"line":19},"4":{"loc":{"start":{"line":20,"column":2},"end":{"line":20,"column":59}},"type":"if","locations":[{"start":{"line":20,"column":2},"end":{"line":20,"column":59}},{"start":{},"end":{}}],"line":20},"5":{"loc":{"start":{"line":30,"column":17},"end":{"line":30,"column":34}},"type":"binary-expr","locations":[{"start":{"line":30,"column":17},"end":{"line":30,"column":26}},{"start":{"line":30,"column":30},"end":{"line":30,"column":34}}],"line":30},"6":{"loc":{"start":{"line":31,"column":13},"end":{"line":31,"column":26}},"type":"binary-expr","locations":[{"start":{"line":31,"column":13},"end":{"line":31,"column":18}},{"start":{"line":31,"column":22},"end":{"line":31,"column":26}}],"line":31},"7":{"loc":{"start":{"line":48,"column":2},"end":{"line":50,"column":3}},"type":"if","locations":[{"start":{"line":48,"column":2},"end":{"line":50,"column":3}},{"start":{},"end":{}}],"line":48},"8":{"loc":{"start":{"line":67,"column":2},"end":{"line":69,"column":3}},"type":"if","locations":[{"start":{"line":67,"column":2},"end":{"line":69,"column":3}},{"start":{},"end":{}}],"line":67},"9":{"loc":{"start":{"line":75,"column":10},"end":{"line":75,"column":56}},"type":"binary-expr","locations":[{"start":{"line":75,"column":10},"end":{"line":75,"column":33}},{"start":{"line":75,"column":37},"end":{"line":75,"column":56}}],"line":75},"10":{"loc":{"start":{"line":76,"column":10},"end":{"line":76,"column":62}},"type":"binary-expr","locations":[{"start":{"line":76,"column":10},"end":{"line":76,"column":35}},{"start":{"line":76,"column":39},"end":{"line":76,"column":62}}],"line":76},"11":{"loc":{"start":{"line":77,"column":10},"end":{"line":77,"column":59}},"type":"binary-expr","locations":[{"start":{"line":77,"column":10},"end":{"line":77,"column":34}},{"start":{"line":77,"column":38},"end":{"line":77,"column":59}}],"line":77},"12":{"loc":{"start":{"line":78,"column":10},"end":{"line":78,"column":59}},"type":"binary-expr","locations":[{"start":{"line":78,"column":10},"end":{"line":78,"column":34}},{"start":{"line":78,"column":38},"end":{"line":78,"column":59}}],"line":78},"13":{"loc":{"start":{"line":79,"column":10},"end":{"line":79,"column":71}},"type":"binary-expr","locations":[{"start":{"line":79,"column":10},"end":{"line":79,"column":38}},{"start":{"line":79,"column":42},"end":{"line":79,"column":71}}],"line":79},"14":{"loc":{"start":{"line":97,"column":2},"end":{"line":99,"column":3}},"type":"if","locations":[{"start":{"line":97,"column":2},"end":{"line":99,"column":3}},{"start":{},"end":{}}],"line":97},"15":{"loc":{"start":{"line":112,"column":37},"end":{"line":112,"column":49}},"type":"default-arg","locations":[{"start":{"line":112,"column":47},"end":{"line":112,"column":49}}],"line":112},"16":{"loc":{"start":{"line":117,"column":10},"end":{"line":117,"column":44}},"type":"binary-expr","locations":[{"start":{"line":117,"column":10},"end":{"line":117,"column":30}},{"start":{"line":117,"column":34},"end":{"line":117,"column":44}}],"line":117},"17":{"loc":{"start":{"line":118,"column":10},"end":{"line":118,"column":42}},"type":"binary-expr","locations":[{"start":{"line":118,"column":10},"end":{"line":118,"column":29}},{"start":{"line":118,"column":33},"end":{"line":118,"column":42}}],"line":118},"18":{"loc":{"start":{"line":146,"column":2},"end":{"line":148,"column":3}},"type":"if","locations":[{"start":{"line":146,"column":2},"end":{"line":148,"column":3}},{"start":{},"end":{}}],"line":146},"19":{"loc":{"start":{"line":174,"column":2},"end":{"line":176,"column":3}},"type":"if","locations":[{"start":{"line":174,"column":2},"end":{"line":176,"column":3}},{"start":{},"end":{}}],"line":174},"20":{"loc":{"start":{"line":194,"column":2},"end":{"line":196,"column":3}},"type":"if","locations":[{"start":{"line":194,"column":2},"end":{"line":196,"column":3}},{"start":{},"end":{}}],"line":194},"21":{"loc":{"start":{"line":223,"column":2},"end":{"line":225,"column":3}},"type":"if","locations":[{"start":{"line":223,"column":2},"end":{"line":225,"column":3}},{"start":{},"end":{}}],"line":223},"22":{"loc":{"start":{"line":243,"column":48},"end":{"line":243,"column":60}},"type":"default-arg","locations":[{"start":{"line":243,"column":58},"end":{"line":243,"column":60}}],"line":243},"23":{"loc":{"start":{"line":249,"column":2},"end":{"line":255,"column":3}},"type":"if","locations":[{"start":{"line":249,"column":2},"end":{"line":255,"column":3}},{"start":{"line":253,"column":9},"end":{"line":255,"column":3}}],"line":249},"24":{"loc":{"start":{"line":253,"column":9},"end":{"line":255,"column":3}},"type":"if","locations":[{"start":{"line":253,"column":9},"end":{"line":255,"column":3}},{"start":{},"end":{}}],"line":253},"25":{"loc":{"start":{"line":258,"column":2},"end":{"line":260,"column":3}},"type":"if","locations":[{"start":{"line":258,"column":2},"end":{"line":260,"column":3}},{"start":{},"end":{}}],"line":258},"26":{"loc":{"start":{"line":262,"column":2},"end":{"line":264,"column":3}},"type":"if","locations":[{"start":{"line":262,"column":2},"end":{"line":264,"column":3}},{"start":{},"end":{}}],"line":262}},"s":{"0":32,"1":32,"2":1,"3":31,"4":1,"5":30,"6":1,"7":29,"8":28,"9":2,"10":2,"11":1,"12":1,"13":2,"14":2,"15":1,"16":1,"17":1,"18":2,"19":2,"20":1,"21":1,"22":4,"23":4,"24":4,"25":8,"26":8,"27":1,"28":7,"29":7,"30":7,"31":3,"32":3,"33":1,"34":2,"35":2,"36":2,"37":1,"38":1,"39":1,"40":1,"41":3,"42":3,"43":1,"44":2,"45":2,"46":5,"47":5,"48":5,"49":3,"50":2,"51":1,"52":5,"53":2,"54":5,"55":1,"56":5,"57":5},"f":{"0":32,"1":2,"2":2,"3":2,"4":4,"5":8,"6":3,"7":2,"8":3,"9":5},"b":{"0":[26],"1":[27],"2":[1,31],"3":[1,30],"4":[1,29],"5":[29,29],"6":[29,28],"7":[1,1],"8":[1,1],"9":[1,0],"10":[1,1],"11":[1,1],"12":[1,1],"13":[1,0],"14":[1,1],"15":[1],"16":[4,2],"17":[4,1],"18":[1,7],"19":[1,2],"20":[1,1],"21":[1,2],"22":[0],"23":[3,2],"24":[1,1],"25":[2,3],"26":[1,4]},"inputSourceMap":null,"_coverageSchema":"1a1c01bbd47fc00a2c39e90264f33305004495a9","hash":"2adaea162faf789961b55c2f9573716a93684d24"}
,"/Users/oliver/OliverRepo/workspaces/work/projects/vtwo-ops/server/services/resumeUploadService.js": {"path":"/Users/oliver/OliverRepo/workspaces/work/projects/vtwo-ops/server/services/resumeUploadService.js","statementMap":{"0":{"start":{"line":6,"column":19},"end":{"line":6,"column":49}},"1":{"start":{"line":7,"column":18},"end":{"line":7,"column":42}},"2":{"start":{"line":10,"column":19},"end":{"line":10,"column":67}},"3":{"start":{"line":11,"column":27},"end":{"line":11,"column":44}},"4":{"start":{"line":12,"column":27},"end":{"line":15,"column":1}},"5":{"start":{"line":16,"column":22},"end":{"line":16,"column":38}},"6":{"start":{"line":25,"column":15},"end":{"line":25,"column":52}},"7":{"start":{"line":26,"column":2},"end":{"line":26,"column":35}},"8":{"start":{"line":39,"column":2},"end":{"line":41,"column":3}},"9":{"start":{"line":40,"column":4},"end":{"line":40,"column":60}},"10":{"start":{"line":44,"column":14},"end":{"line":44,"column":59}},"11":{"start":{"line":47,"column":2},"end":{"line":52,"column":3}},"12":{"start":{"line":48,"column":4},"end":{"line":51,"column":6}},"13":{"start":{"line":55,"column":2},"end":{"line":60,"column":3}},"14":{"start":{"line":56,"column":4},"end":{"line":59,"column":6}},"15":{"start":{"line":63,"column":2},"end":{"line":68,"column":3}},"16":{"start":{"line":64,"column":4},"end":{"line":67,"column":6}},"17":{"start":{"line":70,"column":2},"end":{"line":70,"column":25}},"18":{"start":{"line":81,"column":2},"end":{"line":83,"column":3}},"19":{"start":{"line":82,"column":4},"end":{"line":82,"column":50}},"20":{"start":{"line":86,"column":19},"end":{"line":86,"column":49}},"21":{"start":{"line":87,"column":19},"end":{"line":87,"column":50}},"22":{"start":{"line":90,"column":2},"end":{"line":90,"column":52}},"23":{"start":{"line":93,"column":2},"end":{"line":96,"column":4}},"24":{"start":{"line":105,"column":2},"end":{"line":134,"column":3}},"25":{"start":{"line":107,"column":4},"end":{"line":109,"column":5}},"26":{"start":{"line":108,"column":6},"end":{"line":108,"column":33}},"27":{"start":{"line":111,"column":18},"end":{"line":111,"column":44}},"28":{"start":{"line":112,"column":16},"end":{"line":112,"column":26}},"29":{"start":{"line":113,"column":24},"end":{"line":113,"column":59}},"30":{"start":{"line":114,"column":23},"end":{"line":114,"column":24}},"31":{"start":{"line":116,"column":4},"end":{"line":126,"column":5}},"32":{"start":{"line":117,"column":23},"end":{"line":117,"column":50}},"33":{"start":{"line":118,"column":20},"end":{"line":118,"column":41}},"34":{"start":{"line":119,"column":22},"end":{"line":119,"column":41}},"35":{"start":{"line":122,"column":6},"end":{"line":125,"column":7}},"36":{"start":{"line":123,"column":8},"end":{"line":123,"column":32}},"37":{"start":{"line":124,"column":8},"end":{"line":124,"column":23}},"38":{"start":{"line":128,"column":4},"end":{"line":128,"column":28}},"39":{"start":{"line":130,"column":4},"end":{"line":133,"column":6}},"40":{"start":{"line":143,"column":19},"end":{"line":143,"column":50}},"41":{"start":{"line":146,"column":2},"end":{"line":148,"column":3}},"42":{"start":{"line":147,"column":4},"end":{"line":147,"column":41}},"43":{"start":{"line":150,"column":2},"end":{"line":152,"column":3}},"44":{"start":{"line":151,"column":4},"end":{"line":151,"column":38}},"45":{"start":{"line":154,"column":2},"end":{"line":154,"column":40}},"46":{"start":{"line":163,"column":19},"end":{"line":163,"column":50}},"47":{"start":{"line":166,"column":2},"end":{"line":168,"column":3}},"48":{"start":{"line":167,"column":4},"end":{"line":167,"column":41}},"49":{"start":{"line":170,"column":2},"end":{"line":172,"column":3}},"50":{"start":{"line":171,"column":4},"end":{"line":171,"column":38}},"51":{"start":{"line":174,"column":2},"end":{"line":174,"column":37}},"52":{"start":{"line":182,"column":2},"end":{"line":182,"column":20}},"53":{"start":{"line":190,"column":2},"end":{"line":190,"column":28}},"54":{"start":{"line":198,"column":2},"end":{"line":198,"column":23}}},"fnMap":{"0":{"name":"generateFileName","decl":{"start":{"line":23,"column":16},"end":{"line":23,"column":32}},"loc":{"start":{"line":23,"column":47},"end":{"line":27,"column":1}},"line":23},"1":{"name":"validateResumeFile","decl":{"start":{"line":37,"column":16},"end":{"line":37,"column":34}},"loc":{"start":{"line":37,"column":41},"end":{"line":71,"column":1}},"line":37},"2":{"name":"saveResumeFile","decl":{"start":{"line":79,"column":22},"end":{"line":79,"column":36}},"loc":{"start":{"line":79,"column":63},"end":{"line":97,"column":1}},"line":79},"3":{"name":"cleanupOldUploads","decl":{"start":{"line":104,"column":22},"end":{"line":104,"column":39}},"loc":{"start":{"line":104,"column":60},"end":{"line":135,"column":1}},"line":104},"4":{"name":"getResumeFile","decl":{"start":{"line":142,"column":22},"end":{"line":142,"column":35}},"loc":{"start":{"line":142,"column":46},"end":{"line":155,"column":1}},"line":142},"5":{"name":"deleteResumeFile","decl":{"start":{"line":162,"column":22},"end":{"line":162,"column":38}},"loc":{"start":{"line":162,"column":49},"end":{"line":175,"column":1}},"line":162},"6":{"name":"getUploadDir","decl":{"start":{"line":181,"column":16},"end":{"line":181,"column":28}},"loc":{"start":{"line":181,"column":31},"end":{"line":183,"column":1}},"line":181},"7":{"name":"getAllowedExtensions","decl":{"start":{"line":189,"column":16},"end":{"line":189,"column":36}},"loc":{"start":{"line":189,"column":39},"end":{"line":191,"column":1}},"line":189},"8":{"name":"getMaxFileSize","decl":{"start":{"line":197,"column":16},"end":{"line":197,"column":30}},"loc":{"start":{"line":197,"column":33},"end":{"line":199,"column":1}},"line":197}},"branchMap":{"0":{"loc":{"start":{"line":39,"column":2},"end":{"line":41,"column":3}},"type":"if","locations":[{"start":{"line":39,"column":2},"end":{"line":41,"column":3}},{"start":{},"end":{}}],"line":39},"1":{"loc":{"start":{"line":39,"column":6},"end":{"line":39,"column":33}},"type":"binary-expr","locations":[{"start":{"line":39,"column":6},"end":{"line":39,"column":11}},{"start":{"line":39,"column":15},"end":{"line":39,"column":33}}],"line":39},"2":{"loc":{"start":{"line":47,"column":2},"end":{"line":52,"column":3}},"type":"if","locations":[{"start":{"line":47,"column":2},"end":{"line":52,"column":3}},{"start":{},"end":{}}],"line":47},"3":{"loc":{"start":{"line":55,"column":2},"end":{"line":60,"column":3}},"type":"if","locations":[{"start":{"line":55,"column":2},"end":{"line":60,"column":3}},{"start":{},"end":{}}],"line":55},"4":{"loc":{"start":{"line":63,"column":2},"end":{"line":68,"column":3}},"type":"if","locations":[{"start":{"line":63,"column":2},"end":{"line":68,"column":3}},{"start":{},"end":{}}],"line":63},"5":{"loc":{"start":{"line":81,"column":2},"end":{"line":83,"column":3}},"type":"if","locations":[{"start":{"line":81,"column":2},"end":{"line":83,"column":3}},{"start":{},"end":{}}],"line":81},"6":{"loc":{"start":{"line":104,"column":40},"end":{"line":104,"column":58}},"type":"default-arg","locations":[{"start":{"line":104,"column":56},"end":{"line":104,"column":58}}],"line":104},"7":{"loc":{"start":{"line":107,"column":4},"end":{"line":109,"column":5}},"type":"if","locations":[{"start":{"line":107,"column":4},"end":{"line":109,"column":5}},{"start":{},"end":{}}],"line":107},"8":{"loc":{"start":{"line":122,"column":6},"end":{"line":125,"column":7}},"type":"if","locations":[{"start":{"line":122,"column":6},"end":{"line":125,"column":7}},{"start":{},"end":{}}],"line":122},"9":{"loc":{"start":{"line":146,"column":2},"end":{"line":148,"column":3}},"type":"if","locations":[{"start":{"line":146,"column":2},"end":{"line":148,"column":3}},{"start":{},"end":{}}],"line":146},"10":{"loc":{"start":{"line":150,"column":2},"end":{"line":152,"column":3}},"type":"if","locations":[{"start":{"line":150,"column":2},"end":{"line":152,"column":3}},{"start":{},"end":{}}],"line":150},"11":{"loc":{"start":{"line":166,"column":2},"end":{"line":168,"column":3}},"type":"if","locations":[{"start":{"line":166,"column":2},"end":{"line":168,"column":3}},{"start":{},"end":{}}],"line":166},"12":{"loc":{"start":{"line":170,"column":2},"end":{"line":172,"column":3}},"type":"if","locations":[{"start":{"line":170,"column":2},"end":{"line":172,"column":3}},{"start":{},"end":{}}],"line":170}},"s":{"0":1,"1":1,"2":1,"3":1,"4":1,"5":1,"6":8,"7":8,"8":0,"9":0,"10":0,"11":0,"12":0,"13":0,"14":0,"15":0,"16":0,"17":0,"18":8,"19":0,"20":8,"21":8,"22":8,"23":8,"24":0,"25":0,"26":0,"27":0,"28":0,"29":0,"30":0,"31":0,"32":0,"33":0,"34":0,"35":0,"36":0,"37":0,"38":0,"39":0,"40":0,"41":0,"42":0,"43":0,"44":0,"45":0,"46":0,"47":0,"48":0,"49":0,"50":0,"51":0,"52":0,"53":0,"54":0},"f":{"0":8,"1":0,"2":8,"3":0,"4":0,"5":0,"6":0,"7":0,"8":0},"b":{"0":[0,0],"1":[0,0],"2":[0,0],"3":[0,0],"4":[0,0],"5":[0,8],"6":[0],"7":[0,0],"8":[0,0],"9":[0,0],"10":[0,0],"11":[0,0],"12":[0,0]},"inputSourceMap":null,"_coverageSchema":"1a1c01bbd47fc00a2c39e90264f33305004495a9","hash":"b1803302f272a22d6ea992c3276194309261d104"}
}
