TN:
SF:server/db.js
FNF:0
FNH:0
DA:5,1
DA:6,0
DA:8,1
DA:9,1
DA:11,1
LF:5
LH:4
BRDA:5,0,0,0
BRDA:5,0,1,1
BRDA:8,1,0,1
BRDA:8,1,1,0
BRF:4
BRH:2
end_of_record
TN:
SF:server/services/onboardingService.js
FN:15,createTemplate
FN:42,(anonymous_1)
FN:64,getTemplate
FN:86,listTemplates
FN:108,updateTemplate
FN:143,(anonymous_5)
FN:167,deleteTemplate
FN:188,createChecklistFromTemplate
FN:217,(anonymous_8)
FN:240,getChecklist
FN:264,listChecklistsByEmployee
FN:293,getChecklistProgress
FN:297,(anonymous_12)
FN:313,markItemComplete
FNF:14
FNH:14
FNDA:50,createTemplate
FNDA:58,(anonymous_1)
FNDA:3,getTemplate
FNDA:4,listTemplates
FNDA:5,updateTemplate
FNDA:2,(anonymous_5)
FNDA:2,deleteTemplate
FNDA:22,createChecklistFromTemplate
FNDA:42,(anonymous_8)
FNDA:7,getChecklist
FNDA:2,listChecklistsByEmployee
FNDA:5,getChecklistProgress
FNDA:12,(anonymous_12)
FNDA:12,markItemComplete
DA:16,50
DA:19,50
DA:20,49
DA:23,48
DA:24,48
DA:25,62
DA:26,61
DA:27,60
DA:28,1
DA:30,59
DA:31,1
DA:37,44
DA:42,58
DA:56,44
DA:65,3
DA:74,3
DA:75,2
DA:78,1
DA:87,4
DA:89,4
DA:99,4
DA:109,5
DA:112,5
DA:116,5
DA:117,1
DA:121,4
DA:122,2
DA:123,3
DA:124,3
DA:125,3
DA:126,1
DA:128,2
DA:129,0
DA:135,3
DA:143,2
DA:160,3
DA:168,2
DA:172,2
DA:173,1
DA:177,1
DA:190,22
DA:194,22
DA:195,1
DA:199,21
DA:206,21
DA:207,1
DA:211,20
DA:217,42
DA:232,20
DA:241,7
DA:252,7
DA:253,2
DA:256,5
DA:266,2
DA:270,2
DA:271,1
DA:274,1
DA:285,1
DA:294,5
DA:296,4
DA:297,12
DA:298,4
DA:300,4
DA:314,12
DA:315,1
DA:318,11
DA:322,11
DA:323,1
DA:326,10
DA:335,10
LF:70
LH:69
BRDA:16,0,0,0
BRDA:19,1,0,1
BRDA:19,1,1,49
BRDA:20,2,0,1
BRDA:20,2,1,48
BRDA:23,3,0,48
BRDA:23,3,1,0
BRDA:25,4,0,1
BRDA:25,4,1,61
BRDA:26,5,0,1
BRDA:26,5,1,60
BRDA:27,6,0,1
BRDA:27,6,1,59
BRDA:27,7,0,60
BRDA:27,7,1,59
BRDA:30,8,0,1
BRDA:30,8,1,58
BRDA:74,9,0,2
BRDA:74,9,1,1
BRDA:86,10,0,1
BRDA:90,11,0,3
BRDA:90,11,1,1
BRDA:116,12,0,1
BRDA:116,12,1,4
BRDA:121,13,0,2
BRDA:121,13,1,2
BRDA:123,14,0,0
BRDA:123,14,1,3
BRDA:124,15,0,0
BRDA:124,15,1,3
BRDA:125,16,0,1
BRDA:125,16,1,2
BRDA:125,17,0,3
BRDA:125,17,1,2
BRDA:128,18,0,0
BRDA:128,18,1,2
BRDA:138,19,0,1
BRDA:138,19,1,2
BRDA:139,20,0,1
BRDA:139,20,1,2
BRDA:140,21,0,1
BRDA:140,21,1,2
BRDA:172,22,0,1
BRDA:172,22,1,1
BRDA:194,23,0,1
BRDA:194,23,1,21
BRDA:206,24,0,1
BRDA:206,24,1,20
BRDA:252,25,0,2
BRDA:252,25,1,5
BRDA:270,26,0,1
BRDA:270,26,1,1
BRDA:298,27,0,1
BRDA:298,27,1,3
BRDA:314,28,0,1
BRDA:314,28,1,11
BRDA:322,29,0,1
BRDA:322,29,1,10
BRF:58
BRH:53
end_of_record
