TN:
SF:server/db.js
FNF:0
FNH:0
DA:5,1
DA:6,0
DA:8,1
DA:9,1
DA:11,1
LF:5
LH:4
BRDA:5,0,0,0
BRDA:5,0,1,1
BRDA:8,1,0,1
BRDA:8,1,1,0
BRF:4
BRH:2
end_of_record
TN:
SF:server/services/candidateService.js
FN:14,createCandidate
FN:43,getCandidateById
FN:61,updateCandidate
FN:91,deleteCandidate
FN:112,listCandidates
FN:136,associateResumeWithCandidate
FN:169,getCandidateWithResume
FN:188,updateCandidateResume
FN:217,deleteCandidateResume
FN:243,listCandidatesWithResumes
FNF:10
FNH:10
FNDA:32,createCandidate
FNDA:2,getCandidateById
FNDA:2,updateCandidate
FNDA:2,deleteCandidate
FNDA:4,listCandidates
FNDA:8,associateResumeWithCandidate
FNDA:3,getCandidateWithResume
FNDA:2,updateCandidateResume
FNDA:3,deleteCandidateResume
FNDA:5,listCandidatesWithResumes
DA:15,32
DA:18,32
DA:19,31
DA:20,30
DA:23,29
DA:35,28
DA:44,2
DA:48,2
DA:49,1
DA:52,1
DA:63,2
DA:67,2
DA:68,1
DA:72,1
DA:83,1
DA:93,2
DA:97,2
DA:98,1
DA:102,1
DA:113,4
DA:115,4
DA:125,4
DA:142,8
DA:146,8
DA:147,1
DA:151,7
DA:154,7
DA:161,7
DA:170,3
DA:174,3
DA:175,1
DA:178,2
DA:190,2
DA:194,2
DA:195,1
DA:199,1
DA:202,1
DA:209,1
DA:219,3
DA:223,3
DA:224,1
DA:228,2
DA:235,2
DA:244,5
DA:246,5
DA:249,5
DA:250,3
DA:253,2
DA:254,1
DA:258,5
DA:259,2
DA:262,5
DA:263,1
DA:266,5
DA:273,5
LF:55
LH:55
BRDA:15,0,0,26
BRDA:15,1,0,27
BRDA:18,2,0,1
BRDA:18,2,1,31
BRDA:19,3,0,1
BRDA:19,3,1,30
BRDA:20,4,0,1
BRDA:20,4,1,29
BRDA:30,5,0,29
BRDA:30,5,1,29
BRDA:31,6,0,29
BRDA:31,6,1,28
BRDA:48,7,0,1
BRDA:48,7,1,1
BRDA:67,8,0,1
BRDA:67,8,1,1
BRDA:75,9,0,1
BRDA:75,9,1,0
BRDA:76,10,0,1
BRDA:76,10,1,1
BRDA:77,11,0,1
BRDA:77,11,1,1
BRDA:78,12,0,1
BRDA:78,12,1,1
BRDA:79,13,0,1
BRDA:79,13,1,0
BRDA:97,14,0,1
BRDA:97,14,1,1
BRDA:112,15,0,1
BRDA:117,16,0,4
BRDA:117,16,1,2
BRDA:118,17,0,4
BRDA:118,17,1,1
BRDA:146,18,0,1
BRDA:146,18,1,7
BRDA:174,19,0,1
BRDA:174,19,1,2
BRDA:194,20,0,1
BRDA:194,20,1,1
BRDA:223,21,0,1
BRDA:223,21,1,2
BRDA:243,22,0,0
BRDA:249,23,0,3
BRDA:249,23,1,2
BRDA:253,24,0,1
BRDA:253,24,1,1
BRDA:258,25,0,2
BRDA:258,25,1,3
BRDA:262,26,0,1
BRDA:262,26,1,4
BRF:50
BRH:47
end_of_record
TN:
SF:server/services/resumeUploadService.js
FN:23,generateFileName
FN:37,validateResumeFile
FN:79,saveResumeFile
FN:104,cleanupOldUploads
FN:142,getResumeFile
FN:162,deleteResumeFile
FN:181,getUploadDir
FN:189,getAllowedExtensions
FN:197,getMaxFileSize
FNF:9
FNH:2
FNDA:8,generateFileName
FNDA:0,validateResumeFile
FNDA:8,saveResumeFile
FNDA:0,cleanupOldUploads
FNDA:0,getResumeFile
FNDA:0,deleteResumeFile
FNDA:0,getUploadDir
FNDA:0,getAllowedExtensions
FNDA:0,getMaxFileSize
DA:6,1
DA:7,1
DA:10,1
DA:11,1
DA:12,1
DA:16,1
DA:25,8
DA:26,8
DA:39,0
DA:40,0
DA:44,0
DA:47,0
DA:48,0
DA:55,0
DA:56,0
DA:63,0
DA:64,0
DA:70,0
DA:81,8
DA:82,0
DA:86,8
DA:87,8
DA:90,8
DA:93,8
DA:105,0
DA:107,0
DA:108,0
DA:111,0
DA:112,0
DA:113,0
DA:114,0
DA:116,0
DA:117,0
DA:118,0
DA:119,0
DA:122,0
DA:123,0
DA:124,0
DA:128,0
DA:130,0
DA:143,0
DA:146,0
DA:147,0
DA:150,0
DA:151,0
DA:154,0
DA:163,0
DA:166,0
DA:167,0
DA:170,0
DA:171,0
DA:174,0
DA:182,0
DA:190,0
DA:198,0
LF:55
LH:13
BRDA:39,0,0,0
BRDA:39,0,1,0
BRDA:39,1,0,0
BRDA:39,1,1,0
BRDA:47,2,0,0
BRDA:47,2,1,0
BRDA:55,3,0,0
BRDA:55,3,1,0
BRDA:63,4,0,0
BRDA:63,4,1,0
BRDA:81,5,0,0
BRDA:81,5,1,8
BRDA:104,6,0,0
BRDA:107,7,0,0
BRDA:107,7,1,0
BRDA:122,8,0,0
BRDA:122,8,1,0
BRDA:146,9,0,0
BRDA:146,9,1,0
BRDA:150,10,0,0
BRDA:150,10,1,0
BRDA:166,11,0,0
BRDA:166,11,1,0
BRDA:170,12,0,0
BRDA:170,12,1,0
BRF:25
BRH:1
end_of_record
